2025-05-25 19:36:21,258 - my_logger - INFO - Using 100 classes
2025-05-25 19:36:21,980 - my_logger - INFO - Learning rate set to 0.1
Using fine labels
Training for 33 epochs with 6 repeats
2025-05-25 19:36:23,821 - my_logger - INFO - Train Epoch: [0][0/391]	Time 1.839 (1.839)	Data 0.195 (0.195)	Loss 3.0730 (3.7686)	Prec@1 29.688 (17.839)	Prec@5 58.594 (45.312)
2025-05-25 19:37:24,796 - my_logger - INFO - Train Epoch: [0][50/391]	Time 1.219 (1.232)	Data 0.000 (0.004)	Loss 4.4350 (4.5394)	Prec@1 6.250 (4.141)	Prec@5 17.188 (13.996)
2025-05-25 19:38:25,736 - my_logger - INFO - Train Epoch: [0][100/391]	Time 1.217 (1.225)	Data 0.001 (0.002)	Loss 4.3461 (4.4321)	Prec@1 3.906 (4.709)	Prec@5 15.625 (15.651)
2025-05-25 19:39:26,711 - my_logger - INFO - Train Epoch: [0][150/391]	Time 1.215 (1.223)	Data 0.000 (0.002)	Loss 4.2529 (4.3759)	Prec@1 4.688 (5.053)	Prec@5 20.312 (16.825)
2025-05-25 19:40:27,734 - my_logger - INFO - Train Epoch: [0][200/391]	Time 1.221 (1.223)	Data 0.000 (0.002)	Loss 4.3857 (4.3329)	Prec@1 3.125 (5.479)	Prec@5 14.062 (18.160)
2025-05-25 19:41:28,763 - my_logger - INFO - Train Epoch: [0][250/391]	Time 1.215 (1.222)	Data 0.000 (0.001)	Loss 4.2128 (4.3006)	Prec@1 6.250 (5.884)	Prec@5 24.219 (19.108)
2025-05-25 19:42:29,797 - my_logger - INFO - Train Epoch: [0][300/391]	Time 1.224 (1.222)	Data 0.000 (0.001)	Loss 4.1515 (4.2712)	Prec@1 7.031 (6.195)	Prec@5 19.531 (19.988)
2025-05-25 19:43:30,815 - my_logger - INFO - Train Epoch: [0][350/391]	Time 1.220 (1.222)	Data 0.000 (0.001)	Loss 4.2585 (4.2482)	Prec@1 3.906 (6.477)	Prec@5 20.312 (20.674)
2025-05-25 19:44:19,551 - my_logger - INFO - Test: [0/79]	Time 0.213 (0.213)	Loss 3.9182 (3.9182)	Prec@1 8.594 (8.594)	Prec@5 32.812 (32.812)
2025-05-25 19:44:20,238 - my_logger - INFO - Test: [10/79]	Time 0.069 (0.082)	Loss 3.8380 (3.8296)	Prec@1 12.500 (11.790)	Prec@5 32.812 (34.162)
2025-05-25 19:44:20,924 - my_logger - INFO - Test: [20/79]	Time 0.069 (0.076)	Loss 3.8810 (3.8183)	Prec@1 11.719 (12.388)	Prec@5 33.594 (35.007)
2025-05-25 19:44:21,610 - my_logger - INFO - Test: [30/79]	Time 0.069 (0.073)	Loss 3.8126 (3.8143)	Prec@1 14.844 (12.399)	Prec@5 32.812 (35.106)
2025-05-25 19:44:22,296 - my_logger - INFO - Test: [40/79]	Time 0.069 (0.072)	Loss 3.8677 (3.8160)	Prec@1 14.062 (12.614)	Prec@5 31.250 (35.042)
2025-05-25 19:44:22,983 - my_logger - INFO - Test: [50/79]	Time 0.069 (0.071)	Loss 3.9029 (3.8160)	Prec@1 9.375 (12.577)	Prec@5 35.156 (35.172)
2025-05-25 19:44:23,669 - my_logger - INFO - Test: [60/79]	Time 0.069 (0.071)	Loss 3.9397 (3.8198)	Prec@1 17.188 (12.756)	Prec@5 34.375 (35.284)
2025-05-25 19:44:24,355 - my_logger - INFO - Test: [70/79]	Time 0.069 (0.071)	Loss 3.9585 (3.8192)	Prec@1 5.469 (12.698)	Prec@5 32.812 (35.442)
2025-05-25 19:44:24,910 - my_logger - INFO -  * Prec@1 12.690 Prec@5 35.340
2025-05-25 19:44:33,433 - my_logger - INFO - Saved best model with accuracy 12.69%
2025-05-25 19:44:33,434 - my_logger - INFO - Learning rate set to 0.1
2025-05-25 19:44:34,772 - my_logger - INFO - Train Epoch: [1][0/391]	Time 1.336 (1.336)	Data 0.220 (0.220)	Loss 4.1589 (4.0731)	Prec@1 10.156 (8.724)	Prec@5 22.656 (25.521)
2025-05-25 19:45:35,677 - my_logger - INFO - Train Epoch: [1][50/391]	Time 1.218 (1.220)	Data 0.001 (0.005)	Loss 4.1348 (4.0770)	Prec@1 14.844 (8.984)	Prec@5 25.781 (26.021)
2025-05-25 19:46:36,597 - my_logger - INFO - Train Epoch: [1][100/391]	Time 1.213 (1.219)	Data 0.000 (0.003)	Loss 4.1959 (4.0650)	Prec@1 4.688 (8.992)	Prec@5 19.531 (26.528)
2025-05-25 19:47:37,512 - my_logger - INFO - Train Epoch: [1][150/391]	Time 1.218 (1.219)	Data 0.000 (0.002)	Loss 4.2165 (4.0588)	Prec@1 7.031 (9.010)	Prec@5 21.875 (26.487)
2025-05-25 19:48:38,420 - my_logger - INFO - Train Epoch: [1][200/391]	Time 1.217 (1.219)	Data 0.000 (0.002)	Loss 4.2200 (4.0481)	Prec@1 6.250 (9.265)	Prec@5 22.656 (27.069)
2025-05-25 19:49:39,297 - my_logger - INFO - Train Epoch: [1][250/391]	Time 1.213 (1.219)	Data 0.000 (0.001)	Loss 4.0529 (4.0412)	Prec@1 10.156 (9.342)	Prec@5 25.000 (27.278)
2025-05-25 19:50:40,173 - my_logger - INFO - Train Epoch: [1][300/391]	Time 1.217 (1.218)	Data 0.001 (0.001)	Loss 4.0624 (4.0303)	Prec@1 7.812 (9.536)	Prec@5 25.000 (27.633)
2025-05-25 19:51:41,050 - my_logger - INFO - Train Epoch: [1][350/391]	Time 1.218 (1.218)	Data 0.000 (0.001)	Loss 4.1055 (4.0223)	Prec@1 14.062 (9.707)	Prec@5 25.781 (27.918)
2025-05-25 19:52:29,697 - my_logger - INFO - Test: [0/79]	Time 0.227 (0.227)	Loss 3.6080 (3.6080)	Prec@1 11.719 (11.719)	Prec@5 39.844 (39.844)
2025-05-25 19:52:30,383 - my_logger - INFO - Test: [10/79]	Time 0.069 (0.083)	Loss 3.5747 (3.6103)	Prec@1 21.094 (15.625)	Prec@5 42.969 (38.920)
2025-05-25 19:52:31,068 - my_logger - INFO - Test: [20/79]	Time 0.069 (0.076)	Loss 3.7498 (3.5864)	Prec@1 10.156 (16.146)	Prec@5 38.281 (40.439)
2025-05-25 19:52:31,754 - my_logger - INFO - Test: [30/79]	Time 0.069 (0.074)	Loss 3.4901 (3.5910)	Prec@1 19.531 (16.028)	Prec@5 39.062 (40.474)
2025-05-25 19:52:32,440 - my_logger - INFO - Test: [40/79]	Time 0.069 (0.072)	Loss 3.5913 (3.5911)	Prec@1 17.188 (16.178)	Prec@5 45.312 (40.739)
2025-05-25 19:52:33,125 - my_logger - INFO - Test: [50/79]	Time 0.069 (0.072)	Loss 3.6556 (3.5907)	Prec@1 7.812 (15.947)	Prec@5 39.062 (40.288)
2025-05-25 19:52:33,811 - my_logger - INFO - Test: [60/79]	Time 0.069 (0.071)	Loss 3.7059 (3.5946)	Prec@1 15.625 (15.817)	Prec@5 39.844 (40.177)
2025-05-25 19:52:34,496 - my_logger - INFO - Test: [70/79]	Time 0.068 (0.071)	Loss 3.6028 (3.5912)	Prec@1 13.281 (16.010)	Prec@5 37.500 (40.262)
2025-05-25 19:52:35,026 - my_logger - INFO -  * Prec@1 16.080 Prec@5 40.220
2025-05-25 19:52:43,498 - my_logger - INFO - Saved best model with accuracy 16.08%
2025-05-25 19:52:43,498 - my_logger - INFO - Learning rate set to 0.1
2025-05-25 19:52:44,838 - my_logger - INFO - Train Epoch: [2][0/391]	Time 1.337 (1.337)	Data 0.223 (0.223)	Loss 4.2282 (4.0769)	Prec@1 7.031 (10.026)	Prec@5 19.531 (26.302)
2025-05-25 19:53:45,716 - my_logger - INFO - Train Epoch: [2][50/391]	Time 1.215 (1.220)	Data 0.000 (0.005)	Loss 4.0933 (3.9223)	Prec@1 6.250 (11.157)	Prec@5 25.000 (29.907)
2025-05-25 19:54:46,715 - my_logger - INFO - Train Epoch: [2][100/391]	Time 1.220 (1.220)	Data 0.001 (0.003)	Loss 4.1309 (3.9309)	Prec@1 9.375 (11.083)	Prec@5 18.750 (30.225)
2025-05-25 19:55:47,771 - my_logger - INFO - Train Epoch: [2][150/391]	Time 1.223 (1.220)	Data 0.000 (0.002)	Loss 4.0429 (3.9264)	Prec@1 7.031 (11.270)	Prec@5 22.656 (30.389)
2025-05-25 19:56:48,826 - my_logger - INFO - Train Epoch: [2][200/391]	Time 1.223 (1.221)	Data 0.000 (0.001)	Loss 3.9669 (3.9185)	Prec@1 10.938 (11.434)	Prec@5 27.344 (30.837)
2025-05-25 19:57:49,958 - my_logger - INFO - Train Epoch: [2][250/391]	Time 1.223 (1.221)	Data 0.000 (0.001)	Loss 4.0197 (3.9118)	Prec@1 7.031 (11.469)	Prec@5 25.781 (31.126)
2025-05-25 19:58:51,086 - my_logger - INFO - Train Epoch: [2][300/391]	Time 1.221 (1.221)	Data 0.000 (0.001)	Loss 4.1503 (3.9047)	Prec@1 10.938 (11.675)	Prec@5 25.781 (31.402)
2025-05-25 19:59:52,220 - my_logger - INFO - Train Epoch: [2][350/391]	Time 1.222 (1.221)	Data 0.000 (0.001)	Loss 4.1792 (3.8989)	Prec@1 10.938 (11.843)	Prec@5 25.000 (31.562)
2025-05-25 20:00:41,069 - my_logger - INFO - Test: [0/79]	Time 0.220 (0.220)	Loss 3.5434 (3.5434)	Prec@1 17.969 (17.969)	Prec@5 45.312 (45.312)
2025-05-25 20:00:41,757 - my_logger - INFO - Test: [10/79]	Time 0.069 (0.083)	Loss 3.7144 (3.6128)	Prec@1 13.281 (16.051)	Prec@5 39.062 (40.909)
2025-05-25 20:00:42,444 - my_logger - INFO - Test: [20/79]	Time 0.069 (0.076)	Loss 3.6286 (3.5892)	Prec@1 17.188 (16.406)	Prec@5 43.750 (43.080)
2025-05-25 20:00:43,130 - my_logger - INFO - Test: [30/79]	Time 0.069 (0.074)	Loss 3.6361 (3.6004)	Prec@1 17.188 (16.381)	Prec@5 39.062 (42.440)
2025-05-25 20:00:43,816 - my_logger - INFO - Test: [40/79]	Time 0.069 (0.072)	Loss 3.5310 (3.5988)	Prec@1 16.406 (16.463)	Prec@5 47.656 (42.569)
2025-05-25 20:00:44,502 - my_logger - INFO - Test: [50/79]	Time 0.069 (0.072)	Loss 3.6147 (3.5913)	Prec@1 14.844 (16.360)	Prec@5 42.969 (42.555)
2025-05-25 20:00:45,189 - my_logger - INFO - Test: [60/79]	Time 0.069 (0.071)	Loss 3.8332 (3.5914)	Prec@1 12.500 (16.060)	Prec@5 36.719 (42.520)
2025-05-25 20:00:45,875 - my_logger - INFO - Test: [70/79]	Time 0.069 (0.071)	Loss 3.7166 (3.5909)	Prec@1 11.719 (16.098)	Prec@5 40.625 (42.507)
2025-05-25 20:00:46,401 - my_logger - INFO -  * Prec@1 16.200 Prec@5 42.630
2025-05-25 20:00:55,243 - my_logger - INFO - Saved best model with accuracy 16.20%
2025-05-25 20:00:55,244 - my_logger - INFO - Learning rate set to 0.1
2025-05-25 20:00:56,596 - my_logger - INFO - Train Epoch: [3][0/391]	Time 1.351 (1.351)	Data 0.231 (0.231)	Loss 4.1809 (4.0105)	Prec@1 5.469 (8.203)	Prec@5 21.875 (26.172)
2025-05-25 20:01:57,723 - my_logger - INFO - Train Epoch: [3][50/391]	Time 1.223 (1.225)	Data 0.000 (0.005)	Loss 4.0163 (3.8343)	Prec@1 12.500 (12.666)	Prec@5 31.250 (33.333)
2025-05-25 20:02:58,863 - my_logger - INFO - Train Epoch: [3][100/391]	Time 1.223 (1.224)	Data 0.000 (0.003)	Loss 3.7514 (3.8359)	Prec@1 17.188 (12.617)	Prec@5 36.719 (33.560)
2025-05-25 20:03:59,995 - my_logger - INFO - Train Epoch: [3][150/391]	Time 1.223 (1.223)	Data 0.000 (0.002)	Loss 4.0177 (3.8354)	Prec@1 11.719 (12.745)	Prec@5 29.688 (33.591)
2025-05-25 20:05:01,148 - my_logger - INFO - Train Epoch: [3][200/391]	Time 1.224 (1.223)	Data 0.000 (0.002)	Loss 3.7745 (3.8284)	Prec@1 16.406 (12.819)	Prec@5 36.719 (33.853)
2025-05-25 20:06:02,280 - my_logger - INFO - Train Epoch: [3][250/391]	Time 1.221 (1.223)	Data 0.000 (0.001)	Loss 4.0257 (3.8266)	Prec@1 12.500 (12.908)	Prec@5 31.250 (33.870)
2025-05-25 20:07:03,410 - my_logger - INFO - Train Epoch: [3][300/391]	Time 1.223 (1.223)	Data 0.000 (0.001)	Loss 3.9526 (3.8233)	Prec@1 8.594 (12.974)	Prec@5 27.344 (33.882)
2025-05-25 20:08:04,540 - my_logger - INFO - Train Epoch: [3][350/391]	Time 1.219 (1.223)	Data 0.001 (0.001)	Loss 3.9104 (3.8142)	Prec@1 9.375 (13.123)	Prec@5 27.344 (34.111)
2025-05-25 20:08:53,352 - my_logger - INFO - Test: [0/79]	Time 0.220 (0.220)	Loss 3.2160 (3.2160)	Prec@1 23.438 (23.438)	Prec@5 57.031 (57.031)
2025-05-25 20:08:54,038 - my_logger - INFO - Test: [10/79]	Time 0.069 (0.082)	Loss 3.3304 (3.3551)	Prec@1 17.969 (19.815)	Prec@5 47.656 (48.793)
2025-05-25 20:08:54,723 - my_logger - INFO - Test: [20/79]	Time 0.068 (0.076)	Loss 3.4076 (3.3383)	Prec@1 19.531 (20.759)	Prec@5 50.781 (49.330)
2025-05-25 20:08:55,409 - my_logger - INFO - Test: [30/79]	Time 0.069 (0.073)	Loss 3.2888 (3.3310)	Prec@1 17.188 (21.195)	Prec@5 46.875 (48.841)
2025-05-25 20:08:56,094 - my_logger - INFO - Test: [40/79]	Time 0.069 (0.072)	Loss 3.3099 (3.3353)	Prec@1 26.562 (21.608)	Prec@5 51.562 (48.761)
2025-05-25 20:08:56,780 - my_logger - INFO - Test: [50/79]	Time 0.068 (0.072)	Loss 3.3218 (3.3345)	Prec@1 22.656 (21.400)	Prec@5 50.781 (48.606)
2025-05-25 20:08:57,465 - my_logger - INFO - Test: [60/79]	Time 0.069 (0.071)	Loss 3.4701 (3.3381)	Prec@1 20.312 (21.171)	Prec@5 45.312 (48.322)
2025-05-25 20:08:58,150 - my_logger - INFO - Test: [70/79]	Time 0.068 (0.071)	Loss 3.3256 (3.3333)	Prec@1 19.531 (21.215)	Prec@5 48.438 (48.658)
2025-05-25 20:08:58,675 - my_logger - INFO -  * Prec@1 21.300 Prec@5 48.670
2025-05-25 20:09:07,273 - my_logger - INFO - Saved best model with accuracy 21.30%
2025-05-25 20:09:07,274 - my_logger - INFO - Learning rate set to 0.1
2025-05-25 20:09:08,623 - my_logger - INFO - Train Epoch: [4][0/391]	Time 1.347 (1.347)	Data 0.231 (0.231)	Loss 3.9944 (3.8300)	Prec@1 9.375 (9.635)	Prec@5 25.781 (30.599)
2025-05-25 20:10:09,666 - my_logger - INFO - Train Epoch: [4][50/391]	Time 1.222 (1.223)	Data 0.000 (0.005)	Loss 3.9377 (3.7584)	Prec@1 13.281 (14.062)	Prec@5 32.812 (35.718)
2025-05-25 20:11:10,711 - my_logger - INFO - Train Epoch: [4][100/391]	Time 1.223 (1.222)	Data 0.000 (0.003)	Loss 4.0675 (3.7531)	Prec@1 7.812 (14.108)	Prec@5 27.344 (35.997)
2025-05-25 20:12:11,752 - my_logger - INFO - Train Epoch: [4][150/391]	Time 1.224 (1.222)	Data 0.000 (0.002)	Loss 4.2068 (3.7499)	Prec@1 5.469 (14.065)	Prec@5 25.781 (36.201)
2025-05-25 20:13:12,795 - my_logger - INFO - Train Epoch: [4][200/391]	Time 1.218 (1.221)	Data 0.000 (0.001)	Loss 3.9923 (3.7487)	Prec@1 13.281 (13.994)	Prec@5 30.469 (36.092)
2025-05-25 20:14:13,839 - my_logger - INFO - Train Epoch: [4][250/391]	Time 1.220 (1.221)	Data 0.000 (0.001)	Loss 3.9310 (3.7495)	Prec@1 12.500 (14.138)	Prec@5 29.688 (36.189)
2025-05-25 20:15:14,883 - my_logger - INFO - Train Epoch: [4][300/391]	Time 1.222 (1.221)	Data 0.000 (0.001)	Loss 3.9153 (3.7503)	Prec@1 12.500 (14.187)	Prec@5 28.125 (36.213)
2025-05-25 20:16:15,992 - my_logger - INFO - Train Epoch: [4][350/391]	Time 1.224 (1.221)	Data 0.000 (0.001)	Loss 4.0318 (3.7465)	Prec@1 8.594 (14.329)	Prec@5 29.688 (36.336)
2025-05-25 20:17:04,836 - my_logger - INFO - Test: [0/79]	Time 0.226 (0.226)	Loss 3.1722 (3.1722)	Prec@1 26.562 (26.562)	Prec@5 56.250 (56.250)
2025-05-25 20:17:05,522 - my_logger - INFO - Test: [10/79]	Time 0.068 (0.083)	Loss 3.3336 (3.2707)	Prec@1 18.750 (21.236)	Prec@5 48.438 (50.071)
2025-05-25 20:17:06,207 - my_logger - INFO - Test: [20/79]	Time 0.069 (0.076)	Loss 3.3094 (3.2440)	Prec@1 24.219 (22.284)	Prec@5 46.094 (50.893)
2025-05-25 20:17:06,893 - my_logger - INFO - Test: [30/79]	Time 0.069 (0.074)	Loss 3.2269 (3.2556)	Prec@1 21.875 (21.573)	Prec@5 46.094 (50.328)
2025-05-25 20:17:07,579 - my_logger - INFO - Test: [40/79]	Time 0.069 (0.072)	Loss 3.2250 (3.2706)	Prec@1 25.781 (21.399)	Prec@5 48.438 (49.905)
2025-05-25 20:17:08,266 - my_logger - INFO - Test: [50/79]	Time 0.069 (0.072)	Loss 3.3130 (3.2638)	Prec@1 20.312 (21.477)	Prec@5 45.312 (50.015)
2025-05-25 20:17:08,952 - my_logger - INFO - Test: [60/79]	Time 0.069 (0.071)	Loss 3.5645 (3.2705)	Prec@1 17.969 (21.324)	Prec@5 40.625 (49.821)
2025-05-25 20:17:09,638 - my_logger - INFO - Test: [70/79]	Time 0.069 (0.071)	Loss 3.2804 (3.2741)	Prec@1 19.531 (21.325)	Prec@5 45.312 (49.802)
2025-05-25 20:17:10,167 - my_logger - INFO -  * Prec@1 21.410 Prec@5 49.900
2025-05-25 20:17:18,710 - my_logger - INFO - Saved best model with accuracy 21.41%
2025-05-25 20:17:18,711 - my_logger - INFO - Learning rate set to 0.1
2025-05-25 20:17:20,062 - my_logger - INFO - Train Epoch: [5][0/391]	Time 1.350 (1.350)	Data 0.226 (0.226)	Loss 4.1012 (3.9135)	Prec@1 9.375 (10.417)	Prec@5 26.562 (30.208)
2025-05-25 20:18:21,212 - my_logger - INFO - Train Epoch: [5][50/391]	Time 1.221 (1.225)	Data 0.000 (0.005)	Loss 3.8206 (3.6789)	Prec@1 12.500 (14.808)	Prec@5 33.594 (37.505)
2025-05-25 20:19:22,364 - my_logger - INFO - Train Epoch: [5][100/391]	Time 1.222 (1.224)	Data 0.000 (0.003)	Loss 3.8817 (3.6879)	Prec@1 13.281 (14.982)	Prec@5 33.594 (37.617)
2025-05-25 20:20:23,517 - my_logger - INFO - Train Epoch: [5][150/391]	Time 1.216 (1.224)	Data 0.000 (0.002)	Loss 3.7669 (3.6952)	Prec@1 15.625 (15.031)	Prec@5 36.719 (37.648)
2025-05-25 20:21:24,675 - my_logger - INFO - Train Epoch: [5][200/391]	Time 1.223 (1.224)	Data 0.000 (0.001)	Loss 3.6235 (3.6973)	Prec@1 16.406 (15.096)	Prec@5 40.625 (37.793)
2025-05-25 20:22:25,828 - my_logger - INFO - Train Epoch: [5][250/391]	Time 1.224 (1.224)	Data 0.000 (0.001)	Loss 3.6811 (3.6954)	Prec@1 14.844 (15.148)	Prec@5 35.938 (37.817)
2025-05-25 20:23:26,968 - my_logger - INFO - Train Epoch: [5][300/391]	Time 1.222 (1.223)	Data 0.000 (0.001)	Loss 3.9397 (3.6973)	Prec@1 9.375 (15.197)	Prec@5 32.812 (37.750)
2025-05-25 20:24:28,091 - my_logger - INFO - Train Epoch: [5][350/391]	Time 1.223 (1.223)	Data 0.000 (0.001)	Loss 3.8871 (3.6914)	Prec@1 11.719 (15.320)	Prec@5 34.375 (37.953)
2025-05-25 20:25:16,924 - my_logger - INFO - Test: [0/79]	Time 0.222 (0.222)	Loss 3.0793 (3.0793)	Prec@1 28.125 (28.125)	Prec@5 54.688 (54.688)
2025-05-25 20:25:17,611 - my_logger - INFO - Test: [10/79]	Time 0.069 (0.083)	Loss 3.0741 (3.1385)	Prec@1 19.531 (23.224)	Prec@5 56.250 (53.338)
2025-05-25 20:25:18,298 - my_logger - INFO - Test: [20/79]	Time 0.069 (0.076)	Loss 3.2012 (3.1049)	Prec@1 25.000 (24.442)	Prec@5 53.906 (54.576)
2025-05-25 20:25:18,984 - my_logger - INFO - Test: [30/79]	Time 0.069 (0.074)	Loss 3.0175 (3.1078)	Prec@1 29.688 (24.723)	Prec@5 54.688 (54.259)
2025-05-25 20:25:19,670 - my_logger - INFO - Test: [40/79]	Time 0.069 (0.072)	Loss 2.9471 (3.1141)	Prec@1 29.688 (25.000)	Prec@5 53.906 (53.697)
2025-05-25 20:25:20,356 - my_logger - INFO - Test: [50/79]	Time 0.069 (0.072)	Loss 3.2542 (3.1195)	Prec@1 22.656 (24.816)	Prec@5 53.906 (53.539)
2025-05-25 20:25:21,043 - my_logger - INFO - Test: [60/79]	Time 0.069 (0.071)	Loss 3.3219 (3.1241)	Prec@1 21.875 (24.821)	Prec@5 50.000 (53.356)
2025-05-25 20:25:21,729 - my_logger - INFO - Test: [70/79]	Time 0.069 (0.071)	Loss 3.1033 (3.1258)	Prec@1 22.656 (24.692)	Prec@5 53.906 (53.246)
2025-05-25 20:25:22,257 - my_logger - INFO -  * Prec@1 24.720 Prec@5 53.240
2025-05-25 20:25:31,144 - my_logger - INFO - Saved best model with accuracy 24.72%
2025-05-25 20:25:31,145 - my_logger - INFO - Learning rate set to 0.1
2025-05-25 20:25:32,495 - my_logger - INFO - Train Epoch: [6][0/391]	Time 1.349 (1.349)	Data 0.230 (0.230)	Loss 3.8892 (3.7395)	Prec@1 17.188 (17.318)	Prec@5 32.812 (36.589)
2025-05-25 20:26:33,623 - my_logger - INFO - Train Epoch: [6][50/391]	Time 1.219 (1.225)	Data 0.000 (0.005)	Loss 3.7672 (3.6907)	Prec@1 15.625 (15.104)	Prec@5 31.250 (37.426)
2025-05-25 20:27:34,748 - my_logger - INFO - Train Epoch: [6][100/391]	Time 1.222 (1.224)	Data 0.000 (0.003)	Loss 3.9094 (3.6668)	Prec@1 8.594 (15.714)	Prec@5 30.469 (38.401)
2025-05-25 20:28:35,896 - my_logger - INFO - Train Epoch: [6][150/391]	Time 1.223 (1.224)	Data 0.000 (0.002)	Loss 3.7488 (3.6667)	Prec@1 15.625 (15.763)	Prec@5 38.281 (38.493)
2025-05-25 20:29:37,043 - my_logger - INFO - Train Epoch: [6][200/391]	Time 1.223 (1.223)	Data 0.000 (0.001)	Loss 3.9622 (3.6603)	Prec@1 11.719 (15.843)	Prec@5 28.906 (38.557)
2025-05-25 20:30:38,187 - my_logger - INFO - Train Epoch: [6][250/391]	Time 1.223 (1.223)	Data 0.000 (0.001)	Loss 3.4392 (3.6581)	Prec@1 23.438 (15.845)	Prec@5 42.969 (38.616)
2025-05-25 20:31:39,311 - my_logger - INFO - Train Epoch: [6][300/391]	Time 1.226 (1.223)	Data 0.000 (0.001)	Loss 3.9219 (3.6523)	Prec@1 12.500 (16.004)	Prec@5 31.250 (38.763)
2025-05-25 20:32:40,431 - my_logger - INFO - Train Epoch: [6][350/391]	Time 1.223 (1.223)	Data 0.000 (0.001)	Loss 3.8726 (3.6513)	Prec@1 20.312 (16.066)	Prec@5 30.469 (38.802)
2025-05-25 20:33:29,254 - my_logger - INFO - Test: [0/79]	Time 0.218 (0.218)	Loss 3.0177 (3.0177)	Prec@1 28.906 (28.906)	Prec@5 58.594 (58.594)
2025-05-25 20:33:29,937 - my_logger - INFO - Test: [10/79]	Time 0.068 (0.082)	Loss 3.0873 (3.0882)	Prec@1 24.219 (24.290)	Prec@5 54.688 (54.403)
2025-05-25 20:33:30,619 - my_logger - INFO - Test: [20/79]	Time 0.068 (0.075)	Loss 3.2147 (3.0671)	Prec@1 21.875 (25.707)	Prec@5 55.469 (55.246)
2025-05-25 20:33:31,302 - my_logger - INFO - Test: [30/79]	Time 0.068 (0.073)	Loss 3.0276 (3.0797)	Prec@1 25.781 (25.580)	Prec@5 51.562 (54.662)
2025-05-25 20:33:31,984 - my_logger - INFO - Test: [40/79]	Time 0.068 (0.072)	Loss 2.9332 (3.0809)	Prec@1 33.594 (25.591)	Prec@5 60.156 (54.535)
2025-05-25 20:33:32,667 - my_logger - INFO - Test: [50/79]	Time 0.068 (0.071)	Loss 3.1236 (3.0740)	Prec@1 25.000 (25.567)	Prec@5 51.562 (54.626)
2025-05-25 20:33:33,349 - my_logger - INFO - Test: [60/79]	Time 0.068 (0.071)	Loss 3.3334 (3.0820)	Prec@1 24.219 (25.410)	Prec@5 43.750 (54.226)
2025-05-25 20:33:34,031 - my_logger - INFO - Test: [70/79]	Time 0.068 (0.070)	Loss 3.1127 (3.0812)	Prec@1 30.469 (25.594)	Prec@5 53.906 (54.126)
2025-05-25 20:33:34,558 - my_logger - INFO -  * Prec@1 25.490 Prec@5 53.940
2025-05-25 20:33:43,353 - my_logger - INFO - Saved best model with accuracy 25.49%
2025-05-25 20:33:43,354 - my_logger - INFO - Learning rate set to 0.1
2025-05-25 20:33:44,703 - my_logger - INFO - Train Epoch: [7][0/391]	Time 1.347 (1.347)	Data 0.223 (0.223)	Loss 3.7127 (3.5352)	Prec@1 14.844 (17.969)	Prec@5 34.375 (41.797)
2025-05-25 20:34:45,760 - my_logger - INFO - Train Epoch: [7][50/391]	Time 1.222 (1.224)	Data 0.000 (0.005)	Loss 3.8108 (3.6178)	Prec@1 13.281 (16.695)	Prec@5 34.375 (40.176)
2025-05-25 20:35:46,884 - my_logger - INFO - Train Epoch: [7][100/391]	Time 1.221 (1.223)	Data 0.000 (0.003)	Loss 3.7275 (3.6218)	Prec@1 12.500 (16.776)	Prec@5 35.938 (39.998)
2025-05-25 20:36:48,011 - my_logger - INFO - Train Epoch: [7][150/391]	Time 1.223 (1.223)	Data 0.000 (0.002)	Loss 3.8543 (3.6185)	Prec@1 13.281 (16.629)	Prec@5 35.938 (40.004)
2025-05-25 20:37:49,139 - my_logger - INFO - Train Epoch: [7][200/391]	Time 1.223 (1.223)	Data 0.000 (0.001)	Loss 3.8243 (3.6190)	Prec@1 11.719 (16.677)	Prec@5 34.375 (39.912)
2025-05-25 20:38:50,264 - my_logger - INFO - Train Epoch: [7][250/391]	Time 1.221 (1.223)	Data 0.000 (0.001)	Loss 4.0105 (3.6285)	Prec@1 13.281 (16.591)	Prec@5 34.375 (39.737)
2025-05-25 20:39:51,354 - my_logger - INFO - Train Epoch: [7][300/391]	Time 1.226 (1.223)	Data 0.000 (0.001)	Loss 3.8577 (3.6301)	Prec@1 14.062 (16.496)	Prec@5 34.375 (39.683)
2025-05-25 20:40:52,362 - my_logger - INFO - Train Epoch: [7][350/391]	Time 1.220 (1.222)	Data 0.000 (0.001)	Loss 3.5690 (3.6247)	Prec@1 21.875 (16.475)	Prec@5 40.625 (39.810)
2025-05-25 20:41:41,114 - my_logger - INFO - Test: [0/79]	Time 0.225 (0.225)	Loss 2.8632 (2.8632)	Prec@1 30.469 (30.469)	Prec@5 60.938 (60.938)
2025-05-25 20:41:41,801 - my_logger - INFO - Test: [10/79]	Time 0.069 (0.083)	Loss 3.0235 (3.0609)	Prec@1 27.344 (24.645)	Prec@5 53.906 (54.759)
2025-05-25 20:41:42,487 - my_logger - INFO - Test: [20/79]	Time 0.069 (0.076)	Loss 3.0938 (3.0121)	Prec@1 27.344 (26.302)	Prec@5 53.125 (55.692)
2025-05-25 20:41:43,174 - my_logger - INFO - Test: [30/79]	Time 0.069 (0.074)	Loss 3.0674 (3.0243)	Prec@1 25.781 (26.084)	Prec@5 54.688 (55.670)
2025-05-25 20:41:43,859 - my_logger - INFO - Test: [40/79]	Time 0.069 (0.072)	Loss 2.8117 (3.0377)	Prec@1 33.594 (26.200)	Prec@5 57.031 (55.030)
2025-05-25 20:41:44,545 - my_logger - INFO - Test: [50/79]	Time 0.069 (0.072)	Loss 3.0752 (3.0384)	Prec@1 26.562 (25.950)	Prec@5 57.031 (54.917)
2025-05-25 20:41:45,231 - my_logger - INFO - Test: [60/79]	Time 0.069 (0.071)	Loss 3.3357 (3.0470)	Prec@1 20.312 (25.640)	Prec@5 47.656 (54.764)
2025-05-25 20:41:45,917 - my_logger - INFO - Test: [70/79]	Time 0.069 (0.071)	Loss 3.0845 (3.0488)	Prec@1 28.906 (25.682)	Prec@5 55.469 (54.732)
2025-05-25 20:41:46,445 - my_logger - INFO -  * Prec@1 25.800 Prec@5 54.580
2025-05-25 20:41:54,972 - my_logger - INFO - Saved best model with accuracy 25.80%
2025-05-25 20:41:54,973 - my_logger - INFO - Learning rate set to 0.1
2025-05-25 20:41:56,318 - my_logger - INFO - Train Epoch: [8][0/391]	Time 1.344 (1.344)	Data 0.221 (0.221)	Loss 3.8160 (3.6548)	Prec@1 15.625 (16.276)	Prec@5 37.500 (38.411)
2025-05-25 20:42:57,441 - my_logger - INFO - Train Epoch: [8][50/391]	Time 1.218 (1.225)	Data 0.000 (0.005)	Loss 3.7219 (3.6081)	Prec@1 14.062 (16.748)	Prec@5 39.062 (40.390)
2025-05-25 20:43:58,557 - my_logger - INFO - Train Epoch: [8][100/391]	Time 1.223 (1.224)	Data 0.000 (0.003)	Loss 3.7015 (3.6044)	Prec@1 14.844 (16.922)	Prec@5 38.281 (40.647)
2025-05-25 20:44:59,586 - my_logger - INFO - Train Epoch: [8][150/391]	Time 1.222 (1.223)	Data 0.000 (0.002)	Loss 3.7202 (3.6040)	Prec@1 15.625 (16.838)	Prec@5 38.281 (40.566)
2025-05-25 20:46:00,617 - my_logger - INFO - Train Epoch: [8][200/391]	Time 1.217 (1.222)	Data 0.000 (0.002)	Loss 3.5002 (3.5992)	Prec@1 17.969 (16.901)	Prec@5 39.062 (40.600)
2025-05-25 20:47:01,767 - my_logger - INFO - Train Epoch: [8][250/391]	Time 1.224 (1.222)	Data 0.000 (0.001)	Loss 3.5365 (3.5975)	Prec@1 14.844 (16.983)	Prec@5 48.438 (40.668)
2025-05-25 20:48:02,923 - my_logger - INFO - Train Epoch: [8][300/391]	Time 1.223 (1.222)	Data 0.000 (0.001)	Loss 3.6438 (3.5958)	Prec@1 17.188 (17.019)	Prec@5 39.062 (40.674)
2025-05-25 20:49:04,059 - my_logger - INFO - Train Epoch: [8][350/391]	Time 1.221 (1.222)	Data 0.000 (0.001)	Loss 3.8297 (3.5963)	Prec@1 11.719 (17.124)	Prec@5 35.156 (40.693)
2025-05-25 20:49:52,889 - my_logger - INFO - Test: [0/79]	Time 0.221 (0.221)	Loss 3.0579 (3.0579)	Prec@1 27.344 (27.344)	Prec@5 56.250 (56.250)
2025-05-25 20:49:53,576 - my_logger - INFO - Test: [10/79]	Time 0.069 (0.082)	Loss 3.0533 (3.0251)	Prec@1 28.125 (27.344)	Prec@5 57.031 (55.611)
2025-05-25 20:49:54,262 - my_logger - INFO - Test: [20/79]	Time 0.069 (0.076)	Loss 3.0728 (2.9977)	Prec@1 31.250 (27.902)	Prec@5 55.469 (56.324)
2025-05-25 20:49:54,949 - my_logger - INFO - Test: [30/79]	Time 0.069 (0.074)	Loss 2.9690 (3.0004)	Prec@1 26.562 (27.873)	Prec@5 55.469 (56.074)
2025-05-25 20:49:55,635 - my_logger - INFO - Test: [40/79]	Time 0.069 (0.072)	Loss 2.9061 (3.0031)	Prec@1 28.906 (27.877)	Prec@5 59.375 (55.945)
2025-05-25 20:49:56,321 - my_logger - INFO - Test: [50/79]	Time 0.069 (0.072)	Loss 3.0920 (3.0107)	Prec@1 25.781 (27.497)	Prec@5 53.906 (55.484)
2025-05-25 20:49:57,008 - my_logger - INFO - Test: [60/79]	Time 0.069 (0.071)	Loss 3.3995 (3.0158)	Prec@1 20.312 (27.305)	Prec@5 49.219 (55.533)
2025-05-25 20:49:57,694 - my_logger - INFO - Test: [70/79]	Time 0.069 (0.071)	Loss 2.9752 (3.0152)	Prec@1 30.469 (27.399)	Prec@5 58.594 (55.722)
2025-05-25 20:49:58,220 - my_logger - INFO -  * Prec@1 27.570 Prec@5 55.790
2025-05-25 20:50:06,537 - my_logger - INFO - Saved best model with accuracy 27.57%
2025-05-25 20:50:06,538 - my_logger - INFO - Learning rate set to 0.010000000000000002
2025-05-25 20:50:07,875 - my_logger - INFO - Train Epoch: [9][0/391]	Time 1.336 (1.336)	Data 0.219 (0.219)	Loss 4.0256 (3.6459)	Prec@1 11.719 (17.057)	Prec@5 30.469 (39.062)
2025-05-25 20:51:08,960 - my_logger - INFO - Train Epoch: [9][50/391]	Time 1.221 (1.224)	Data 0.000 (0.005)	Loss 3.9275 (3.4874)	Prec@1 11.719 (19.753)	Prec@5 35.156 (43.405)
2025-05-25 20:52:09,967 - my_logger - INFO - Train Epoch: [9][100/391]	Time 1.220 (1.222)	Data 0.000 (0.003)	Loss 3.6981 (3.4577)	Prec@1 15.625 (20.312)	Prec@5 38.281 (44.159)
2025-05-25 20:53:11,064 - my_logger - INFO - Train Epoch: [9][150/391]	Time 1.222 (1.222)	Data 0.000 (0.002)	Loss 3.8305 (3.4371)	Prec@1 12.500 (20.634)	Prec@5 34.375 (44.883)
2025-05-25 20:54:12,149 - my_logger - INFO - Train Epoch: [9][200/391]	Time 1.218 (1.222)	Data 0.000 (0.001)	Loss 3.9531 (3.4220)	Prec@1 11.719 (20.908)	Prec@5 29.688 (45.306)
2025-05-25 20:55:13,255 - my_logger - INFO - Train Epoch: [9][250/391]	Time 1.216 (1.222)	Data 0.000 (0.001)	Loss 3.7408 (3.4063)	Prec@1 13.281 (21.066)	Prec@5 39.844 (45.650)
2025-05-25 20:56:14,348 - my_logger - INFO - Train Epoch: [9][300/391]	Time 1.221 (1.222)	Data 0.000 (0.001)	Loss 3.6203 (3.3965)	Prec@1 17.969 (21.304)	Prec@5 38.281 (45.886)
2025-05-25 20:57:15,412 - my_logger - INFO - Train Epoch: [9][350/391]	Time 1.221 (1.222)	Data 0.000 (0.001)	Loss 3.8664 (3.3856)	Prec@1 20.312 (21.491)	Prec@5 35.938 (46.207)
2025-05-25 20:58:04,173 - my_logger - INFO - Test: [0/79]	Time 0.222 (0.222)	Loss 2.4258 (2.4258)	Prec@1 42.188 (42.188)	Prec@5 73.438 (73.438)
2025-05-25 20:58:04,860 - my_logger - INFO - Test: [10/79]	Time 0.069 (0.083)	Loss 2.4379 (2.5049)	Prec@1 39.844 (38.210)	Prec@5 70.312 (68.253)
2025-05-25 20:58:05,546 - my_logger - INFO - Test: [20/79]	Time 0.069 (0.076)	Loss 2.5583 (2.4558)	Prec@1 39.062 (39.583)	Prec@5 68.750 (69.420)
2025-05-25 20:58:06,232 - my_logger - INFO - Test: [30/79]	Time 0.069 (0.074)	Loss 2.4832 (2.4559)	Prec@1 39.062 (39.415)	Prec@5 68.750 (69.405)
2025-05-25 20:58:06,919 - my_logger - INFO - Test: [40/79]	Time 0.069 (0.072)	Loss 2.2951 (2.4697)	Prec@1 39.844 (39.177)	Prec@5 74.219 (68.807)
2025-05-25 20:58:07,605 - my_logger - INFO - Test: [50/79]	Time 0.069 (0.072)	Loss 2.4443 (2.4576)	Prec@1 40.625 (39.246)	Prec@5 71.094 (69.409)
2025-05-25 20:58:08,291 - my_logger - INFO - Test: [60/79]	Time 0.069 (0.071)	Loss 2.7146 (2.4646)	Prec@1 33.594 (38.922)	Prec@5 67.969 (69.211)
2025-05-25 20:58:08,977 - my_logger - INFO - Test: [70/79]	Time 0.069 (0.071)	Loss 2.4605 (2.4624)	Prec@1 39.062 (39.107)	Prec@5 67.969 (69.267)
2025-05-25 20:58:09,505 - my_logger - INFO -  * Prec@1 39.120 Prec@5 69.100
2025-05-25 20:58:18,262 - my_logger - INFO - Saved best model with accuracy 39.12%
2025-05-25 20:58:18,263 - my_logger - INFO - Learning rate set to 0.010000000000000002
2025-05-25 20:58:19,599 - my_logger - INFO - Train Epoch: [10][0/391]	Time 1.335 (1.335)	Data 0.213 (0.213)	Loss 3.8683 (3.4149)	Prec@1 13.281 (20.573)	Prec@5 36.719 (48.698)
2025-05-25 20:59:20,632 - my_logger - INFO - Train Epoch: [10][50/391]	Time 1.225 (1.223)	Data 0.000 (0.005)	Loss 3.6290 (3.2932)	Prec@1 16.406 (23.215)	Prec@5 42.188 (49.045)
2025-05-25 21:00:21,686 - my_logger - INFO - Train Epoch: [10][100/391]	Time 1.218 (1.222)	Data 0.000 (0.003)	Loss 4.1450 (3.2840)	Prec@1 10.156 (23.127)	Prec@5 26.562 (48.814)
2025-05-25 21:01:22,761 - my_logger - INFO - Train Epoch: [10][150/391]	Time 1.218 (1.222)	Data 0.000 (0.002)	Loss 3.8194 (3.2848)	Prec@1 14.844 (23.164)	Prec@5 38.281 (48.950)
2025-05-25 21:02:23,840 - my_logger - INFO - Train Epoch: [10][200/391]	Time 1.217 (1.222)	Data 0.000 (0.001)	Loss 3.4788 (3.2880)	Prec@1 23.438 (23.207)	Prec@5 47.656 (48.850)
2025-05-25 21:03:24,923 - my_logger - INFO - Train Epoch: [10][250/391]	Time 1.226 (1.222)	Data 0.000 (0.001)	Loss 3.7981 (3.2826)	Prec@1 17.188 (23.333)	Prec@5 39.062 (48.989)
2025-05-25 21:04:25,998 - my_logger - INFO - Train Epoch: [10][300/391]	Time 1.218 (1.222)	Data 0.000 (0.001)	Loss 3.9064 (3.2838)	Prec@1 14.844 (23.230)	Prec@5 33.594 (48.958)
2025-05-25 21:05:27,055 - my_logger - INFO - Train Epoch: [10][350/391]	Time 1.218 (1.222)	Data 0.001 (0.001)	Loss 3.7342 (3.2796)	Prec@1 11.719 (23.387)	Prec@5 40.625 (49.146)
2025-05-25 21:06:15,842 - my_logger - INFO - Test: [0/79]	Time 0.223 (0.223)	Loss 2.2882 (2.2882)	Prec@1 43.750 (43.750)	Prec@5 71.875 (71.875)
2025-05-25 21:06:16,528 - my_logger - INFO - Test: [10/79]	Time 0.069 (0.083)	Loss 2.3137 (2.3852)	Prec@1 42.188 (40.128)	Prec@5 67.969 (69.247)
2025-05-25 21:06:17,215 - my_logger - INFO - Test: [20/79]	Time 0.069 (0.076)	Loss 2.4144 (2.3511)	Prec@1 44.531 (41.146)	Prec@5 69.531 (70.647)
2025-05-25 21:06:17,901 - my_logger - INFO - Test: [30/79]	Time 0.069 (0.074)	Loss 2.3265 (2.3502)	Prec@1 43.750 (40.877)	Prec@5 69.531 (70.338)
2025-05-25 21:06:18,587 - my_logger - INFO - Test: [40/79]	Time 0.069 (0.072)	Loss 2.1466 (2.3604)	Prec@1 42.188 (40.835)	Prec@5 78.125 (70.312)
2025-05-25 21:06:19,274 - my_logger - INFO - Test: [50/79]	Time 0.069 (0.072)	Loss 2.3446 (2.3494)	Prec@1 40.625 (41.085)	Prec@5 72.656 (70.741)
2025-05-25 21:06:19,960 - my_logger - INFO - Test: [60/79]	Time 0.069 (0.071)	Loss 2.5856 (2.3566)	Prec@1 37.500 (40.856)	Prec@5 67.188 (70.633)
2025-05-25 21:06:20,646 - my_logger - INFO - Test: [70/79]	Time 0.069 (0.071)	Loss 2.3428 (2.3520)	Prec@1 41.406 (41.087)	Prec@5 70.312 (70.698)
2025-05-25 21:06:21,180 - my_logger - INFO -  * Prec@1 41.050 Prec@5 70.540
2025-05-25 21:06:30,060 - my_logger - INFO - Saved best model with accuracy 41.05%
2025-05-25 21:06:30,061 - my_logger - INFO - Learning rate set to 0.010000000000000002
2025-05-25 21:06:31,408 - my_logger - INFO - Train Epoch: [11][0/391]	Time 1.345 (1.345)	Data 0.225 (0.225)	Loss 3.9286 (3.4772)	Prec@1 13.281 (22.266)	Prec@5 36.719 (48.177)
2025-05-25 21:07:32,536 - my_logger - INFO - Train Epoch: [11][50/391]	Time 1.225 (1.225)	Data 0.000 (0.005)	Loss 3.9215 (3.2416)	Prec@1 14.844 (24.152)	Prec@5 34.375 (49.520)
2025-05-25 21:08:33,672 - my_logger - INFO - Train Epoch: [11][100/391]	Time 1.223 (1.224)	Data 0.000 (0.003)	Loss 3.8161 (3.2437)	Prec@1 14.062 (24.261)	Prec@5 35.156 (49.680)
2025-05-25 21:09:34,816 - my_logger - INFO - Train Epoch: [11][150/391]	Time 1.223 (1.224)	Data 0.000 (0.002)	Loss 3.7018 (3.2525)	Prec@1 17.188 (23.802)	Prec@5 42.188 (49.496)
2025-05-25 21:10:35,968 - my_logger - INFO - Train Epoch: [11][200/391]	Time 1.223 (1.223)	Data 0.000 (0.001)	Loss 3.7708 (3.2444)	Prec@1 17.969 (23.982)	Prec@5 33.594 (49.681)
2025-05-25 21:11:37,126 - my_logger - INFO - Train Epoch: [11][250/391]	Time 1.223 (1.223)	Data 0.000 (0.001)	Loss 3.8186 (3.2352)	Prec@1 13.281 (24.167)	Prec@5 36.719 (49.988)
2025-05-25 21:12:38,276 - my_logger - INFO - Train Epoch: [11][300/391]	Time 1.224 (1.223)	Data 0.000 (0.001)	Loss 3.5374 (3.2327)	Prec@1 15.625 (24.259)	Prec@5 43.750 (50.053)
2025-05-25 21:13:39,434 - my_logger - INFO - Train Epoch: [11][350/391]	Time 1.223 (1.223)	Data 0.000 (0.001)	Loss 3.4193 (3.2293)	Prec@1 19.531 (24.256)	Prec@5 44.531 (50.195)
2025-05-25 21:14:28,288 - my_logger - INFO - Test: [0/79]	Time 0.226 (0.226)	Loss 2.3066 (2.3066)	Prec@1 47.656 (47.656)	Prec@5 73.438 (73.438)
2025-05-25 21:14:28,974 - my_logger - INFO - Test: [10/79]	Time 0.069 (0.083)	Loss 2.2795 (2.3497)	Prec@1 47.656 (42.330)	Prec@5 75.781 (71.236)
2025-05-25 21:14:29,659 - my_logger - INFO - Test: [20/79]	Time 0.068 (0.076)	Loss 2.4551 (2.3126)	Prec@1 43.750 (43.304)	Prec@5 72.656 (72.210)
2025-05-25 21:14:30,344 - my_logger - INFO - Test: [30/79]	Time 0.069 (0.074)	Loss 2.2796 (2.3036)	Prec@1 44.531 (43.120)	Prec@5 72.656 (72.455)
2025-05-25 21:14:31,030 - my_logger - INFO - Test: [40/79]	Time 0.069 (0.072)	Loss 2.1090 (2.3190)	Prec@1 40.625 (42.912)	Prec@5 77.344 (72.104)
2025-05-25 21:14:31,715 - my_logger - INFO - Test: [50/79]	Time 0.069 (0.072)	Loss 2.2810 (2.3106)	Prec@1 43.750 (43.275)	Prec@5 72.656 (72.472)
2025-05-25 21:14:32,400 - my_logger - INFO - Test: [60/79]	Time 0.068 (0.071)	Loss 2.4968 (2.3139)	Prec@1 39.844 (42.777)	Prec@5 69.531 (72.439)
2025-05-25 21:14:33,086 - my_logger - INFO - Test: [70/79]	Time 0.068 (0.071)	Loss 2.2567 (2.3110)	Prec@1 39.062 (42.837)	Prec@5 73.438 (72.458)
2025-05-25 21:14:33,614 - my_logger - INFO -  * Prec@1 42.760 Prec@5 72.280
2025-05-25 21:14:42,275 - my_logger - INFO - Saved best model with accuracy 42.76%
2025-05-25 21:14:42,276 - my_logger - INFO - Learning rate set to 0.010000000000000002
2025-05-25 21:14:43,619 - my_logger - INFO - Train Epoch: [12][0/391]	Time 1.341 (1.341)	Data 0.223 (0.223)	Loss 3.6311 (3.1972)	Prec@1 21.875 (29.688)	Prec@5 42.188 (51.823)
2025-05-25 21:15:44,442 - my_logger - INFO - Train Epoch: [12][50/391]	Time 1.218 (1.219)	Data 0.000 (0.005)	Loss 3.5268 (3.1983)	Prec@1 16.406 (25.511)	Prec@5 43.750 (51.192)
2025-05-25 21:16:45,509 - my_logger - INFO - Train Epoch: [12][100/391]	Time 1.221 (1.220)	Data 0.000 (0.002)	Loss 3.8211 (3.1840)	Prec@1 19.531 (25.552)	Prec@5 40.625 (51.369)
2025-05-25 21:17:46,565 - my_logger - INFO - Train Epoch: [12][150/391]	Time 1.221 (1.220)	Data 0.000 (0.002)	Loss 3.5910 (3.1956)	Prec@1 19.531 (25.269)	Prec@5 41.406 (50.994)
2025-05-25 21:18:47,608 - my_logger - INFO - Train Epoch: [12][200/391]	Time 1.224 (1.221)	Data 0.000 (0.001)	Loss 3.8882 (3.1975)	Prec@1 16.406 (25.115)	Prec@5 36.719 (50.939)
2025-05-25 21:19:48,649 - my_logger - INFO - Train Epoch: [12][250/391]	Time 1.220 (1.221)	Data 0.000 (0.001)	Loss 3.7185 (3.1964)	Prec@1 14.844 (25.059)	Prec@5 41.406 (51.056)
2025-05-25 21:20:49,676 - my_logger - INFO - Train Epoch: [12][300/391]	Time 1.219 (1.221)	Data 0.000 (0.001)	Loss 3.6519 (3.1962)	Prec@1 16.406 (25.093)	Prec@5 39.844 (51.123)
2025-05-25 21:21:50,692 - my_logger - INFO - Train Epoch: [12][350/391]	Time 1.220 (1.221)	Data 0.000 (0.001)	Loss 3.6768 (3.1964)	Prec@1 20.312 (25.037)	Prec@5 43.750 (51.062)
2025-05-25 21:22:39,449 - my_logger - INFO - Test: [0/79]	Time 0.255 (0.255)	Loss 2.2375 (2.2375)	Prec@1 46.875 (46.875)	Prec@5 73.438 (73.438)
2025-05-25 21:22:40,135 - my_logger - INFO - Test: [10/79]	Time 0.069 (0.086)	Loss 2.2685 (2.3124)	Prec@1 46.094 (41.903)	Prec@5 70.312 (70.099)
2025-05-25 21:22:40,822 - my_logger - INFO - Test: [20/79]	Time 0.069 (0.078)	Loss 2.3427 (2.2660)	Prec@1 42.969 (42.820)	Prec@5 73.438 (71.317)
2025-05-25 21:22:41,508 - my_logger - INFO - Test: [30/79]	Time 0.069 (0.075)	Loss 2.2184 (2.2587)	Prec@1 45.312 (43.145)	Prec@5 72.656 (71.472)
2025-05-25 21:22:42,193 - my_logger - INFO - Test: [40/79]	Time 0.069 (0.073)	Loss 1.9860 (2.2758)	Prec@1 42.188 (42.797)	Prec@5 75.781 (71.265)
2025-05-25 21:22:42,879 - my_logger - INFO - Test: [50/79]	Time 0.069 (0.072)	Loss 2.2471 (2.2648)	Prec@1 41.406 (42.953)	Prec@5 71.094 (71.798)
2025-05-25 21:22:43,565 - my_logger - INFO - Test: [60/79]	Time 0.069 (0.072)	Loss 2.4367 (2.2718)	Prec@1 42.969 (42.687)	Prec@5 70.312 (71.683)
2025-05-25 21:22:44,251 - my_logger - INFO - Test: [70/79]	Time 0.068 (0.071)	Loss 2.3203 (2.2703)	Prec@1 42.969 (42.837)	Prec@5 69.531 (71.688)
2025-05-25 21:22:44,786 - my_logger - INFO -  * Prec@1 42.960 Prec@5 71.690
2025-05-25 21:22:53,761 - my_logger - INFO - Saved best model with accuracy 42.96%
2025-05-25 21:22:53,762 - my_logger - INFO - Learning rate set to 0.010000000000000002
2025-05-25 21:22:55,163 - my_logger - INFO - Train Epoch: [13][0/391]	Time 1.399 (1.399)	Data 0.282 (0.282)	Loss 3.7576 (3.3001)	Prec@1 14.844 (20.964)	Prec@5 35.938 (48.828)
2025-05-25 21:23:56,150 - my_logger - INFO - Train Epoch: [13][50/391]	Time 1.219 (1.223)	Data 0.000 (0.006)	Loss 3.4952 (3.1723)	Prec@1 14.844 (25.156)	Prec@5 40.625 (51.259)
2025-05-25 21:24:57,161 - my_logger - INFO - Train Epoch: [13][100/391]	Time 1.216 (1.222)	Data 0.000 (0.003)	Loss 3.7351 (3.1792)	Prec@1 18.750 (24.782)	Prec@5 40.625 (51.293)
2025-05-25 21:25:58,181 - my_logger - INFO - Train Epoch: [13][150/391]	Time 1.217 (1.221)	Data 0.000 (0.002)	Loss 3.6416 (3.1750)	Prec@1 15.625 (24.920)	Prec@5 39.844 (51.418)
2025-05-25 21:26:59,222 - my_logger - INFO - Train Epoch: [13][200/391]	Time 1.222 (1.221)	Data 0.001 (0.002)	Loss 3.4516 (3.1722)	Prec@1 23.438 (25.040)	Prec@5 45.312 (51.351)
2025-05-25 21:28:00,256 - my_logger - INFO - Train Epoch: [13][250/391]	Time 1.215 (1.221)	Data 0.000 (0.002)	Loss 3.3058 (3.1732)	Prec@1 17.969 (25.126)	Prec@5 46.875 (51.312)
2025-05-25 21:29:01,285 - my_logger - INFO - Train Epoch: [13][300/391]	Time 1.220 (1.221)	Data 0.000 (0.001)	Loss 3.3653 (3.1723)	Prec@1 21.875 (25.153)	Prec@5 44.531 (51.444)
2025-05-25 21:30:02,329 - my_logger - INFO - Train Epoch: [13][350/391]	Time 1.220 (1.221)	Data 0.000 (0.001)	Loss 3.5860 (3.1741)	Prec@1 21.875 (25.249)	Prec@5 41.406 (51.361)
2025-05-25 21:30:51,149 - my_logger - INFO - Test: [0/79]	Time 0.282 (0.282)	Loss 2.1510 (2.1510)	Prec@1 45.312 (45.312)	Prec@5 79.688 (79.688)
2025-05-25 21:30:51,836 - my_logger - INFO - Test: [10/79]	Time 0.069 (0.088)	Loss 2.2412 (2.2693)	Prec@1 44.531 (42.827)	Prec@5 73.438 (73.438)
2025-05-25 21:30:52,522 - my_logger - INFO - Test: [20/79]	Time 0.069 (0.079)	Loss 2.3090 (2.2348)	Prec@1 42.969 (43.452)	Prec@5 73.438 (74.070)
2025-05-25 21:30:53,208 - my_logger - INFO - Test: [30/79]	Time 0.069 (0.076)	Loss 2.1609 (2.2253)	Prec@1 46.875 (43.296)	Prec@5 71.875 (74.093)
2025-05-25 21:30:53,894 - my_logger - INFO - Test: [40/79]	Time 0.069 (0.074)	Loss 1.9328 (2.2316)	Prec@1 46.094 (43.674)	Prec@5 75.781 (73.495)
2025-05-25 21:30:54,580 - my_logger - INFO - Test: [50/79]	Time 0.069 (0.073)	Loss 2.2141 (2.2170)	Prec@1 47.656 (44.026)	Prec@5 69.531 (73.943)
2025-05-25 21:30:55,265 - my_logger - INFO - Test: [60/79]	Time 0.069 (0.072)	Loss 2.4016 (2.2255)	Prec@1 41.406 (43.801)	Prec@5 70.312 (73.514)
2025-05-25 21:30:55,951 - my_logger - INFO - Test: [70/79]	Time 0.068 (0.072)	Loss 2.2500 (2.2234)	Prec@1 42.188 (43.904)	Prec@5 75.781 (73.426)
2025-05-25 21:30:56,483 - my_logger - INFO -  * Prec@1 43.820 Prec@5 73.260
2025-05-25 21:31:05,073 - my_logger - INFO - Saved best model with accuracy 43.82%
2025-05-25 21:31:05,075 - my_logger - INFO - Learning rate set to 0.010000000000000002
2025-05-25 21:31:06,459 - my_logger - INFO - Train Epoch: [14][0/391]	Time 1.382 (1.382)	Data 0.266 (0.266)	Loss 3.5987 (3.1257)	Prec@1 13.281 (22.917)	Prec@5 43.750 (53.646)
2025-05-25 21:32:07,435 - my_logger - INFO - Train Epoch: [14][50/391]	Time 1.219 (1.223)	Data 0.001 (0.006)	Loss 3.6557 (3.1186)	Prec@1 15.625 (26.121)	Prec@5 42.188 (53.339)
2025-05-25 21:33:08,396 - my_logger - INFO - Train Epoch: [14][100/391]	Time 1.220 (1.221)	Data 0.000 (0.003)	Loss 3.6677 (3.1469)	Prec@1 14.844 (25.784)	Prec@5 42.188 (52.366)
2025-05-25 21:34:09,365 - my_logger - INFO - Train Epoch: [14][150/391]	Time 1.218 (1.220)	Data 0.000 (0.002)	Loss 3.3464 (3.1412)	Prec@1 22.656 (25.948)	Prec@5 49.219 (52.320)
2025-05-25 21:35:10,400 - my_logger - INFO - Train Epoch: [14][200/391]	Time 1.219 (1.221)	Data 0.001 (0.002)	Loss 3.5980 (3.1372)	Prec@1 15.625 (25.943)	Prec@5 41.406 (52.458)
2025-05-25 21:36:11,389 - my_logger - INFO - Train Epoch: [14][250/391]	Time 1.219 (1.220)	Data 0.001 (0.002)	Loss 3.2839 (3.1379)	Prec@1 22.656 (25.900)	Prec@5 45.312 (52.442)
2025-05-25 21:37:12,370 - my_logger - INFO - Train Epoch: [14][300/391]	Time 1.219 (1.220)	Data 0.001 (0.001)	Loss 3.6012 (3.1396)	Prec@1 22.656 (25.995)	Prec@5 40.625 (52.406)
2025-05-25 21:38:13,337 - my_logger - INFO - Train Epoch: [14][350/391]	Time 1.219 (1.220)	Data 0.001 (0.001)	Loss 3.4430 (3.1384)	Prec@1 18.750 (26.045)	Prec@5 48.438 (52.409)
2025-05-25 21:39:02,091 - my_logger - INFO - Test: [0/79]	Time 0.267 (0.267)	Loss 2.2253 (2.2253)	Prec@1 47.656 (47.656)	Prec@5 75.781 (75.781)
2025-05-25 21:39:02,774 - my_logger - INFO - Test: [10/79]	Time 0.068 (0.086)	Loss 2.1866 (2.2609)	Prec@1 46.875 (42.898)	Prec@5 71.875 (72.230)
2025-05-25 21:39:03,459 - my_logger - INFO - Test: [20/79]	Time 0.069 (0.078)	Loss 2.2571 (2.2249)	Prec@1 45.312 (44.196)	Prec@5 68.750 (72.247)
2025-05-25 21:39:04,145 - my_logger - INFO - Test: [30/79]	Time 0.069 (0.075)	Loss 2.1407 (2.2183)	Prec@1 45.312 (43.725)	Prec@5 73.438 (72.757)
2025-05-25 21:39:04,832 - my_logger - INFO - Test: [40/79]	Time 0.069 (0.073)	Loss 2.0381 (2.2321)	Prec@1 42.969 (43.883)	Prec@5 75.000 (72.389)
2025-05-25 21:39:05,518 - my_logger - INFO - Test: [50/79]	Time 0.069 (0.072)	Loss 2.2215 (2.2185)	Prec@1 45.312 (44.332)	Prec@5 67.969 (72.855)
2025-05-25 21:39:06,204 - my_logger - INFO - Test: [60/79]	Time 0.069 (0.072)	Loss 2.4782 (2.2250)	Prec@1 42.188 (44.057)	Prec@5 67.188 (72.797)
2025-05-25 21:39:06,891 - my_logger - INFO - Test: [70/79]	Time 0.069 (0.071)	Loss 2.2781 (2.2219)	Prec@1 42.188 (44.113)	Prec@5 72.656 (72.810)
2025-05-25 21:39:07,421 - my_logger - INFO -  * Prec@1 44.020 Prec@5 72.750
2025-05-25 21:39:16,113 - my_logger - INFO - Saved best model with accuracy 44.02%
2025-05-25 21:39:16,113 - my_logger - INFO - Learning rate set to 0.010000000000000002
2025-05-25 21:39:17,489 - my_logger - INFO - Train Epoch: [15][0/391]	Time 1.375 (1.375)	Data 0.261 (0.261)	Loss 3.6227 (3.1843)	Prec@1 21.875 (27.214)	Prec@5 39.844 (51.953)
2025-05-25 21:40:18,493 - my_logger - INFO - Train Epoch: [15][50/391]	Time 1.220 (1.223)	Data 0.000 (0.005)	Loss 3.3988 (3.1029)	Prec@1 22.656 (26.925)	Prec@5 47.656 (53.199)
2025-05-25 21:41:19,523 - my_logger - INFO - Train Epoch: [15][100/391]	Time 1.222 (1.222)	Data 0.000 (0.003)	Loss 3.6356 (3.0975)	Prec@1 17.188 (27.170)	Prec@5 42.969 (53.364)
2025-05-25 21:42:20,563 - my_logger - INFO - Train Epoch: [15][150/391]	Time 1.221 (1.222)	Data 0.000 (0.002)	Loss 3.6799 (3.1061)	Prec@1 17.188 (26.974)	Prec@5 39.844 (53.264)
2025-05-25 21:43:21,617 - my_logger - INFO - Train Epoch: [15][200/391]	Time 1.220 (1.221)	Data 0.000 (0.002)	Loss 3.4518 (3.1077)	Prec@1 15.625 (26.704)	Prec@5 41.406 (53.113)
2025-05-25 21:44:22,670 - my_logger - INFO - Train Epoch: [15][250/391]	Time 1.221 (1.221)	Data 0.000 (0.001)	Loss 3.4282 (3.1068)	Prec@1 21.094 (26.649)	Prec@5 43.750 (53.075)
2025-05-25 21:45:23,730 - my_logger - INFO - Train Epoch: [15][300/391]	Time 1.224 (1.221)	Data 0.000 (0.001)	Loss 3.8267 (3.1110)	Prec@1 16.406 (26.640)	Prec@5 39.062 (53.047)
2025-05-25 21:46:24,776 - my_logger - INFO - Train Epoch: [15][350/391]	Time 1.221 (1.221)	Data 0.000 (0.001)	Loss 3.3402 (3.1110)	Prec@1 25.000 (26.590)	Prec@5 46.094 (53.025)
2025-05-25 21:47:13,582 - my_logger - INFO - Test: [0/79]	Time 0.262 (0.262)	Loss 2.1030 (2.1030)	Prec@1 51.562 (51.562)	Prec@5 78.906 (78.906)
2025-05-25 21:47:14,269 - my_logger - INFO - Test: [10/79]	Time 0.069 (0.086)	Loss 2.1724 (2.2099)	Prec@1 42.969 (44.105)	Prec@5 74.219 (74.148)
2025-05-25 21:47:14,954 - my_logger - INFO - Test: [20/79]	Time 0.069 (0.078)	Loss 2.3019 (2.1861)	Prec@1 45.312 (44.680)	Prec@5 73.438 (74.293)
2025-05-25 21:47:15,640 - my_logger - INFO - Test: [30/79]	Time 0.069 (0.075)	Loss 2.1529 (2.1870)	Prec@1 51.562 (44.481)	Prec@5 73.438 (74.370)
2025-05-25 21:47:16,326 - my_logger - INFO - Test: [40/79]	Time 0.069 (0.073)	Loss 1.8866 (2.1945)	Prec@1 45.312 (44.379)	Prec@5 81.250 (74.162)
2025-05-25 21:47:17,012 - my_logger - INFO - Test: [50/79]	Time 0.069 (0.072)	Loss 2.2383 (2.1842)	Prec@1 41.406 (44.746)	Prec@5 70.312 (74.387)
2025-05-25 21:47:17,698 - my_logger - INFO - Test: [60/79]	Time 0.069 (0.072)	Loss 2.3846 (2.1910)	Prec@1 42.188 (44.518)	Prec@5 73.438 (74.270)
2025-05-25 21:47:18,383 - my_logger - INFO - Test: [70/79]	Time 0.068 (0.071)	Loss 2.2612 (2.1840)	Prec@1 40.625 (44.762)	Prec@5 70.312 (74.274)
2025-05-25 21:47:18,919 - my_logger - INFO -  * Prec@1 44.750 Prec@5 74.140
2025-05-25 21:47:27,597 - my_logger - INFO - Saved best model with accuracy 44.75%
2025-05-25 21:47:27,598 - my_logger - INFO - Learning rate set to 0.010000000000000002
2025-05-25 21:47:28,976 - my_logger - INFO - Train Epoch: [16][0/391]	Time 1.377 (1.377)	Data 0.258 (0.258)	Loss 3.5713 (3.1270)	Prec@1 20.312 (28.255)	Prec@5 46.875 (56.901)
2025-05-25 21:48:29,997 - my_logger - INFO - Train Epoch: [16][50/391]	Time 1.221 (1.223)	Data 0.000 (0.005)	Loss 3.2604 (3.0780)	Prec@1 27.344 (27.188)	Prec@5 51.562 (54.486)
2025-05-25 21:49:30,987 - my_logger - INFO - Train Epoch: [16][100/391]	Time 1.222 (1.222)	Data 0.000 (0.003)	Loss 3.7372 (3.0831)	Prec@1 14.062 (27.011)	Prec@5 40.625 (53.860)
2025-05-25 21:50:32,052 - my_logger - INFO - Train Epoch: [16][150/391]	Time 1.218 (1.222)	Data 0.000 (0.002)	Loss 3.7022 (3.0905)	Prec@1 17.969 (26.898)	Prec@5 39.844 (53.551)
2025-05-25 21:51:33,115 - my_logger - INFO - Train Epoch: [16][200/391]	Time 1.221 (1.221)	Data 0.001 (0.002)	Loss 3.6449 (3.0925)	Prec@1 21.875 (26.842)	Prec@5 42.969 (53.667)
2025-05-25 21:52:34,176 - my_logger - INFO - Train Epoch: [16][250/391]	Time 1.221 (1.221)	Data 0.000 (0.001)	Loss 3.5238 (3.0928)	Prec@1 18.750 (26.796)	Prec@5 43.750 (53.644)
2025-05-25 21:53:35,221 - my_logger - INFO - Train Epoch: [16][300/391]	Time 1.221 (1.221)	Data 0.000 (0.001)	Loss 3.4485 (3.1019)	Prec@1 18.750 (26.639)	Prec@5 49.219 (53.335)
2025-05-25 21:54:36,250 - my_logger - INFO - Train Epoch: [16][350/391]	Time 1.220 (1.221)	Data 0.000 (0.001)	Loss 3.2726 (3.1011)	Prec@1 22.656 (26.690)	Prec@5 49.219 (53.371)
2025-05-25 21:55:25,049 - my_logger - INFO - Test: [0/79]	Time 0.262 (0.262)	Loss 2.1497 (2.1497)	Prec@1 46.875 (46.875)	Prec@5 74.219 (74.219)
2025-05-25 21:55:25,733 - my_logger - INFO - Test: [10/79]	Time 0.069 (0.086)	Loss 2.1626 (2.2694)	Prec@1 46.094 (41.690)	Prec@5 73.438 (71.804)
2025-05-25 21:55:26,420 - my_logger - INFO - Test: [20/79]	Time 0.069 (0.078)	Loss 2.2139 (2.2229)	Prec@1 48.438 (43.973)	Prec@5 72.656 (72.284)
2025-05-25 21:55:27,106 - my_logger - INFO - Test: [30/79]	Time 0.069 (0.075)	Loss 2.1726 (2.2133)	Prec@1 46.094 (43.876)	Prec@5 77.344 (72.858)
2025-05-25 21:55:27,793 - my_logger - INFO - Test: [40/79]	Time 0.069 (0.073)	Loss 1.8973 (2.2230)	Prec@1 47.656 (43.883)	Prec@5 78.125 (72.771)
2025-05-25 21:55:28,479 - my_logger - INFO - Test: [50/79]	Time 0.069 (0.072)	Loss 2.2289 (2.2077)	Prec@1 42.188 (44.210)	Prec@5 75.000 (73.514)
2025-05-25 21:55:29,165 - my_logger - INFO - Test: [60/79]	Time 0.069 (0.072)	Loss 2.4513 (2.2163)	Prec@1 41.406 (43.814)	Prec@5 70.312 (73.194)
2025-05-25 21:55:29,851 - my_logger - INFO - Test: [70/79]	Time 0.069 (0.071)	Loss 2.2621 (2.2156)	Prec@1 42.188 (43.794)	Prec@5 71.875 (73.294)
2025-05-25 21:55:30,387 - my_logger - INFO -  * Prec@1 43.800 Prec@5 73.200
2025-05-25 21:55:30,388 - my_logger - INFO - Learning rate set to 0.010000000000000002
2025-05-25 21:55:31,733 - my_logger - INFO - Train Epoch: [17][0/391]	Time 1.344 (1.344)	Data 0.236 (0.236)	Loss 3.6589 (3.2143)	Prec@1 18.750 (25.000)	Prec@5 39.062 (47.526)
2025-05-25 21:56:32,749 - my_logger - INFO - Train Epoch: [17][50/391]	Time 1.223 (1.223)	Data 0.001 (0.005)	Loss 3.3653 (3.0623)	Prec@1 21.875 (27.704)	Prec@5 46.094 (54.460)
2025-05-25 21:57:33,716 - my_logger - INFO - Train Epoch: [17][100/391]	Time 1.219 (1.221)	Data 0.001 (0.003)	Loss 3.4013 (3.0673)	Prec@1 23.438 (27.605)	Prec@5 46.094 (54.101)
2025-05-25 21:58:34,704 - my_logger - INFO - Train Epoch: [17][150/391]	Time 1.223 (1.221)	Data 0.000 (0.002)	Loss 3.4689 (3.0671)	Prec@1 24.219 (27.717)	Prec@5 42.969 (54.069)
2025-05-25 21:59:35,716 - my_logger - INFO - Train Epoch: [17][200/391]	Time 1.220 (1.221)	Data 0.000 (0.002)	Loss 3.8792 (3.0650)	Prec@1 15.625 (27.498)	Prec@5 43.750 (54.145)
2025-05-25 22:00:36,764 - my_logger - INFO - Train Epoch: [17][250/391]	Time 1.220 (1.221)	Data 0.000 (0.001)	Loss 3.4378 (3.0731)	Prec@1 21.875 (27.402)	Prec@5 44.531 (53.989)
2025-05-25 22:01:37,801 - my_logger - INFO - Train Epoch: [17][300/391]	Time 1.221 (1.221)	Data 0.000 (0.001)	Loss 3.4977 (3.0793)	Prec@1 17.969 (27.202)	Prec@5 49.219 (53.794)
2025-05-25 22:02:38,847 - my_logger - INFO - Train Epoch: [17][350/391]	Time 1.222 (1.221)	Data 0.000 (0.001)	Loss 3.5347 (3.0788)	Prec@1 18.750 (27.186)	Prec@5 44.531 (53.828)
2025-05-25 22:03:27,651 - my_logger - INFO - Test: [0/79]	Time 0.266 (0.266)	Loss 2.1132 (2.1132)	Prec@1 53.125 (53.125)	Prec@5 74.219 (74.219)
2025-05-25 22:03:28,337 - my_logger - INFO - Test: [10/79]	Time 0.069 (0.087)	Loss 2.0893 (2.1966)	Prec@1 46.094 (44.460)	Prec@5 78.906 (73.793)
2025-05-25 22:03:29,023 - my_logger - INFO - Test: [20/79]	Time 0.069 (0.078)	Loss 2.2727 (2.1553)	Prec@1 43.750 (45.871)	Prec@5 73.438 (74.070)
2025-05-25 22:03:29,709 - my_logger - INFO - Test: [30/79]	Time 0.069 (0.075)	Loss 2.1004 (2.1444)	Prec@1 48.438 (46.018)	Prec@5 77.344 (74.672)
2025-05-25 22:03:30,395 - my_logger - INFO - Test: [40/79]	Time 0.069 (0.073)	Loss 1.9344 (2.1542)	Prec@1 50.000 (46.208)	Prec@5 79.688 (74.276)
2025-05-25 22:03:31,081 - my_logger - INFO - Test: [50/79]	Time 0.069 (0.072)	Loss 2.1933 (2.1446)	Prec@1 44.531 (46.339)	Prec@5 71.094 (74.939)
2025-05-25 22:03:31,766 - my_logger - INFO - Test: [60/79]	Time 0.069 (0.072)	Loss 2.4003 (2.1530)	Prec@1 42.188 (45.940)	Prec@5 68.750 (74.693)
2025-05-25 22:03:32,452 - my_logger - INFO - Test: [70/79]	Time 0.068 (0.071)	Loss 2.2417 (2.1531)	Prec@1 40.625 (45.962)	Prec@5 75.000 (74.725)
2025-05-25 22:03:32,991 - my_logger - INFO -  * Prec@1 45.720 Prec@5 74.690
2025-05-25 22:03:41,696 - my_logger - INFO - Saved best model with accuracy 45.72%
2025-05-25 22:03:41,696 - my_logger - INFO - Learning rate set to 0.0010000000000000002
2025-05-25 22:03:43,072 - my_logger - INFO - Train Epoch: [18][0/391]	Time 1.374 (1.374)	Data 0.258 (0.258)	Loss 3.7097 (3.1524)	Prec@1 16.406 (25.651)	Prec@5 36.719 (51.172)
2025-05-25 22:04:44,069 - my_logger - INFO - Train Epoch: [18][50/391]	Time 1.220 (1.223)	Data 0.000 (0.005)	Loss 3.4147 (3.0214)	Prec@1 24.219 (28.671)	Prec@5 43.750 (55.081)
2025-05-25 22:05:45,111 - my_logger - INFO - Train Epoch: [18][100/391]	Time 1.222 (1.222)	Data 0.000 (0.003)	Loss 3.5860 (3.0226)	Prec@1 22.656 (28.638)	Prec@5 46.094 (55.163)
2025-05-25 22:06:46,112 - my_logger - INFO - Train Epoch: [18][150/391]	Time 1.215 (1.221)	Data 0.000 (0.002)	Loss 3.5301 (3.0031)	Prec@1 16.406 (29.145)	Prec@5 39.062 (55.642)
2025-05-25 22:07:47,124 - my_logger - INFO - Train Epoch: [18][200/391]	Time 1.218 (1.221)	Data 0.000 (0.002)	Loss 3.6363 (2.9994)	Prec@1 17.188 (29.210)	Prec@5 40.625 (55.645)
2025-05-25 22:08:48,153 - my_logger - INFO - Train Epoch: [18][250/391]	Time 1.220 (1.221)	Data 0.000 (0.001)	Loss 3.5413 (2.9985)	Prec@1 17.969 (29.194)	Prec@5 41.406 (55.640)
2025-05-25 22:09:49,153 - my_logger - INFO - Train Epoch: [18][300/391]	Time 1.218 (1.221)	Data 0.000 (0.001)	Loss 3.5269 (2.9957)	Prec@1 20.312 (29.265)	Prec@5 42.188 (55.657)
2025-05-25 22:10:50,157 - my_logger - INFO - Train Epoch: [18][350/391]	Time 1.220 (1.221)	Data 0.000 (0.001)	Loss 3.6368 (2.9879)	Prec@1 21.094 (29.360)	Prec@5 39.062 (55.815)
2025-05-25 22:11:38,959 - my_logger - INFO - Test: [0/79]	Time 0.259 (0.259)	Loss 1.8473 (1.8473)	Prec@1 56.250 (56.250)	Prec@5 77.344 (77.344)
2025-05-25 22:11:39,645 - my_logger - INFO - Test: [10/79]	Time 0.069 (0.086)	Loss 1.8974 (1.9772)	Prec@1 53.125 (49.503)	Prec@5 78.906 (77.415)
2025-05-25 22:11:40,331 - my_logger - INFO - Test: [20/79]	Time 0.069 (0.078)	Loss 2.0200 (1.9394)	Prec@1 51.562 (50.781)	Prec@5 78.125 (77.939)
2025-05-25 22:11:41,017 - my_logger - INFO - Test: [30/79]	Time 0.069 (0.075)	Loss 1.8763 (1.9321)	Prec@1 52.344 (50.554)	Prec@5 80.469 (78.201)
2025-05-25 22:11:41,703 - my_logger - INFO - Test: [40/79]	Time 0.069 (0.073)	Loss 1.6225 (1.9401)	Prec@1 55.469 (50.781)	Prec@5 83.594 (78.049)
2025-05-25 22:11:42,389 - my_logger - INFO - Test: [50/79]	Time 0.069 (0.072)	Loss 1.9885 (1.9270)	Prec@1 49.219 (50.980)	Prec@5 75.000 (78.585)
2025-05-25 22:11:43,075 - my_logger - INFO - Test: [60/79]	Time 0.069 (0.072)	Loss 2.1677 (1.9354)	Prec@1 50.000 (50.832)	Prec@5 74.219 (78.458)
2025-05-25 22:11:43,761 - my_logger - INFO - Test: [70/79]	Time 0.069 (0.071)	Loss 1.9554 (1.9308)	Prec@1 52.344 (51.001)	Prec@5 76.562 (78.532)
2025-05-25 22:11:44,295 - my_logger - INFO -  * Prec@1 50.940 Prec@5 78.550
2025-05-25 22:11:52,945 - my_logger - INFO - Saved best model with accuracy 50.94%
2025-05-25 22:11:52,946 - my_logger - INFO - Learning rate set to 0.0010000000000000002
2025-05-25 22:11:54,324 - my_logger - INFO - Train Epoch: [19][0/391]	Time 1.377 (1.377)	Data 0.261 (0.261)	Loss 3.5103 (2.9639)	Prec@1 20.312 (31.641)	Prec@5 49.219 (57.682)
2025-05-25 22:12:55,344 - my_logger - INFO - Train Epoch: [19][50/391]	Time 1.221 (1.223)	Data 0.000 (0.006)	Loss 3.4824 (2.9619)	Prec@1 25.000 (29.639)	Prec@5 46.875 (57.350)
2025-05-25 22:13:56,336 - my_logger - INFO - Train Epoch: [19][100/391]	Time 1.224 (1.222)	Data 0.000 (0.003)	Loss 3.4062 (2.9421)	Prec@1 18.750 (30.237)	Prec@5 40.625 (57.036)
2025-05-25 22:14:57,308 - my_logger - INFO - Train Epoch: [19][150/391]	Time 1.225 (1.221)	Data 0.001 (0.002)	Loss 3.3276 (2.9327)	Prec@1 17.969 (30.374)	Prec@5 45.312 (57.204)
2025-05-25 22:15:58,308 - my_logger - INFO - Train Epoch: [19][200/391]	Time 1.220 (1.221)	Data 0.000 (0.002)	Loss 3.5535 (2.9327)	Prec@1 22.656 (30.329)	Prec@5 39.062 (57.105)
2025-05-25 22:16:59,293 - my_logger - INFO - Train Epoch: [19][250/391]	Time 1.222 (1.220)	Data 0.001 (0.001)	Loss 3.4360 (2.9337)	Prec@1 24.219 (30.331)	Prec@5 43.750 (57.169)
2025-05-25 22:18:00,274 - my_logger - INFO - Train Epoch: [19][300/391]	Time 1.217 (1.220)	Data 0.000 (0.001)	Loss 3.3916 (2.9264)	Prec@1 24.219 (30.564)	Prec@5 45.312 (57.340)
2025-05-25 22:19:01,312 - my_logger - INFO - Train Epoch: [19][350/391]	Time 1.223 (1.220)	Data 0.000 (0.001)	Loss 3.8731 (2.9250)	Prec@1 17.969 (30.565)	Prec@5 39.062 (57.361)
2025-05-25 22:19:50,124 - my_logger - INFO - Test: [0/79]	Time 0.249 (0.249)	Loss 1.8011 (1.8011)	Prec@1 57.812 (57.812)	Prec@5 78.906 (78.906)
2025-05-25 22:19:50,809 - my_logger - INFO - Test: [10/79]	Time 0.069 (0.085)	Loss 1.8680 (1.9283)	Prec@1 56.250 (50.639)	Prec@5 78.125 (77.841)
2025-05-25 22:19:51,495 - my_logger - INFO - Test: [20/79]	Time 0.069 (0.077)	Loss 1.9502 (1.8955)	Prec@1 53.906 (51.562)	Prec@5 77.344 (78.609)
2025-05-25 22:19:52,181 - my_logger - INFO - Test: [30/79]	Time 0.069 (0.074)	Loss 1.8458 (1.8875)	Prec@1 54.688 (51.663)	Prec@5 80.469 (78.931)
2025-05-25 22:19:52,868 - my_logger - INFO - Test: [40/79]	Time 0.069 (0.073)	Loss 1.5885 (1.9001)	Prec@1 53.125 (51.524)	Prec@5 88.281 (78.906)
2025-05-25 22:19:53,554 - my_logger - INFO - Test: [50/79]	Time 0.069 (0.072)	Loss 1.9296 (1.8867)	Prec@1 49.219 (52.037)	Prec@5 78.125 (79.534)
2025-05-25 22:19:54,241 - my_logger - INFO - Test: [60/79]	Time 0.069 (0.072)	Loss 2.1336 (1.8954)	Prec@1 51.562 (51.755)	Prec@5 76.562 (79.470)
2025-05-25 22:19:54,927 - my_logger - INFO - Test: [70/79]	Time 0.069 (0.071)	Loss 1.9031 (1.8904)	Prec@1 53.906 (51.948)	Prec@5 79.688 (79.555)
2025-05-25 22:19:55,462 - my_logger - INFO -  * Prec@1 52.010 Prec@5 79.500
2025-05-25 22:20:04,597 - my_logger - INFO - Saved best model with accuracy 52.01%
2025-05-25 22:20:04,598 - my_logger - INFO - Learning rate set to 0.0010000000000000002
2025-05-25 22:20:05,971 - my_logger - INFO - Train Epoch: [20][0/391]	Time 1.371 (1.371)	Data 0.261 (0.261)	Loss 3.4101 (2.8275)	Prec@1 25.000 (35.156)	Prec@5 51.562 (60.156)
2025-05-25 22:21:06,929 - my_logger - INFO - Train Epoch: [20][50/391]	Time 1.224 (1.222)	Data 0.000 (0.005)	Loss 3.7716 (2.9186)	Prec@1 21.875 (31.388)	Prec@5 39.062 (57.790)
2025-05-25 22:22:07,952 - my_logger - INFO - Train Epoch: [20][100/391]	Time 1.221 (1.221)	Data 0.000 (0.003)	Loss 3.4301 (2.9020)	Prec@1 17.188 (31.109)	Prec@5 43.750 (58.185)
2025-05-25 22:23:08,979 - my_logger - INFO - Train Epoch: [20][150/391]	Time 1.218 (1.221)	Data 0.000 (0.002)	Loss 3.4492 (2.8999)	Prec@1 18.750 (31.180)	Prec@5 46.094 (58.227)
2025-05-25 22:24:10,034 - my_logger - INFO - Train Epoch: [20][200/391]	Time 1.224 (1.221)	Data 0.000 (0.002)	Loss 3.7833 (2.9003)	Prec@1 14.844 (31.195)	Prec@5 42.188 (58.059)
2025-05-25 22:25:11,053 - my_logger - INFO - Train Epoch: [20][250/391]	Time 1.223 (1.221)	Data 0.000 (0.001)	Loss 3.5972 (2.9002)	Prec@1 21.094 (31.231)	Prec@5 40.625 (58.094)
2025-05-25 22:26:12,052 - my_logger - INFO - Train Epoch: [20][300/391]	Time 1.216 (1.221)	Data 0.000 (0.001)	Loss 3.1971 (2.9026)	Prec@1 25.000 (31.181)	Prec@5 51.562 (57.953)
2025-05-25 22:27:13,074 - my_logger - INFO - Train Epoch: [20][350/391]	Time 1.222 (1.221)	Data 0.000 (0.001)	Loss 3.6755 (2.8993)	Prec@1 17.969 (31.167)	Prec@5 37.500 (57.984)
2025-05-25 22:28:01,857 - my_logger - INFO - Test: [0/79]	Time 0.279 (0.279)	Loss 1.7789 (1.7789)	Prec@1 57.812 (57.812)	Prec@5 81.250 (81.250)
2025-05-25 22:28:02,543 - my_logger - INFO - Test: [10/79]	Time 0.069 (0.088)	Loss 1.8868 (1.9429)	Prec@1 52.344 (50.568)	Prec@5 80.469 (77.912)
2025-05-25 22:28:03,229 - my_logger - INFO - Test: [20/79]	Time 0.069 (0.079)	Loss 1.9759 (1.9065)	Prec@1 52.344 (51.562)	Prec@5 78.906 (78.274)
2025-05-25 22:28:03,915 - my_logger - INFO - Test: [30/79]	Time 0.069 (0.075)	Loss 1.8498 (1.8979)	Prec@1 54.688 (51.260)	Prec@5 82.031 (78.654)
2025-05-25 22:28:04,600 - my_logger - INFO - Test: [40/79]	Time 0.069 (0.074)	Loss 1.6042 (1.9082)	Prec@1 54.688 (51.334)	Prec@5 87.500 (78.449)
2025-05-25 22:28:05,287 - my_logger - INFO - Test: [50/79]	Time 0.069 (0.073)	Loss 1.9531 (1.8946)	Prec@1 48.438 (51.654)	Prec@5 77.344 (79.059)
2025-05-25 22:28:05,972 - my_logger - INFO - Test: [60/79]	Time 0.069 (0.072)	Loss 2.1391 (1.9021)	Prec@1 51.562 (51.678)	Prec@5 78.906 (78.957)
2025-05-25 22:28:06,658 - my_logger - INFO - Test: [70/79]	Time 0.069 (0.072)	Loss 1.9361 (1.8974)	Prec@1 53.125 (51.937)	Prec@5 77.344 (79.049)
2025-05-25 22:28:07,196 - my_logger - INFO -  * Prec@1 51.900 Prec@5 79.020
2025-05-25 22:28:07,197 - my_logger - INFO - Learning rate set to 0.0010000000000000002
2025-05-25 22:28:08,552 - my_logger - INFO - Train Epoch: [21][0/391]	Time 1.354 (1.354)	Data 0.244 (0.244)	Loss 3.3116 (2.7515)	Prec@1 25.781 (33.333)	Prec@5 46.094 (59.115)
2025-05-25 22:29:09,547 - my_logger - INFO - Train Epoch: [21][50/391]	Time 1.215 (1.223)	Data 0.000 (0.005)	Loss 3.5794 (2.8789)	Prec@1 18.750 (31.740)	Prec@5 45.312 (58.640)
2025-05-25 22:30:10,581 - my_logger - INFO - Train Epoch: [21][100/391]	Time 1.220 (1.222)	Data 0.000 (0.003)	Loss 3.4744 (2.8826)	Prec@1 21.875 (31.345)	Prec@5 48.438 (58.286)
2025-05-25 22:31:11,610 - my_logger - INFO - Train Epoch: [21][150/391]	Time 1.221 (1.221)	Data 0.000 (0.002)	Loss 3.3764 (2.8750)	Prec@1 20.312 (31.388)	Prec@5 47.656 (58.468)
2025-05-25 22:32:12,629 - my_logger - INFO - Train Epoch: [21][200/391]	Time 1.216 (1.221)	Data 0.000 (0.002)	Loss 3.4478 (2.8806)	Prec@1 25.781 (31.315)	Prec@5 44.531 (58.305)
2025-05-25 22:33:13,641 - my_logger - INFO - Train Epoch: [21][250/391]	Time 1.216 (1.221)	Data 0.000 (0.001)	Loss 3.3340 (2.8833)	Prec@1 23.438 (31.327)	Prec@5 49.219 (58.270)
2025-05-25 22:34:14,677 - my_logger - INFO - Train Epoch: [21][300/391]	Time 1.220 (1.221)	Data 0.000 (0.001)	Loss 3.5929 (2.8775)	Prec@1 16.406 (31.537)	Prec@5 39.844 (58.322)
2025-05-25 22:35:15,704 - my_logger - INFO - Train Epoch: [21][350/391]	Time 1.223 (1.221)	Data 0.000 (0.001)	Loss 3.2728 (2.8731)	Prec@1 28.125 (31.615)	Prec@5 53.125 (58.429)
2025-05-25 22:36:04,475 - my_logger - INFO - Test: [0/79]	Time 0.258 (0.258)	Loss 1.7589 (1.7589)	Prec@1 57.812 (57.812)	Prec@5 80.469 (80.469)
2025-05-25 22:36:05,161 - my_logger - INFO - Test: [10/79]	Time 0.069 (0.086)	Loss 1.8337 (1.8694)	Prec@1 53.906 (52.912)	Prec@5 80.469 (78.977)
2025-05-25 22:36:05,847 - my_logger - INFO - Test: [20/79]	Time 0.069 (0.078)	Loss 1.9359 (1.8425)	Prec@1 51.562 (52.827)	Prec@5 78.906 (79.241)
2025-05-25 22:36:06,534 - my_logger - INFO - Test: [30/79]	Time 0.069 (0.075)	Loss 1.7527 (1.8291)	Prec@1 57.031 (52.646)	Prec@5 81.250 (79.688)
2025-05-25 22:36:07,220 - my_logger - INFO - Test: [40/79]	Time 0.069 (0.073)	Loss 1.5446 (1.8430)	Prec@1 57.812 (52.591)	Prec@5 89.062 (79.535)
2025-05-25 22:36:07,907 - my_logger - INFO - Test: [50/79]	Time 0.069 (0.072)	Loss 1.8774 (1.8285)	Prec@1 50.781 (52.757)	Prec@5 73.438 (79.856)
2025-05-25 22:36:08,594 - my_logger - INFO - Test: [60/79]	Time 0.069 (0.072)	Loss 2.0671 (1.8373)	Prec@1 53.906 (52.600)	Prec@5 77.344 (79.713)
2025-05-25 22:36:09,280 - my_logger - INFO - Test: [70/79]	Time 0.069 (0.071)	Loss 1.8865 (1.8321)	Prec@1 46.875 (52.674)	Prec@5 79.688 (79.853)
2025-05-25 22:36:09,817 - my_logger - INFO -  * Prec@1 52.590 Prec@5 79.900
2025-05-25 22:36:18,656 - my_logger - INFO - Saved best model with accuracy 52.59%
2025-05-25 22:36:18,657 - my_logger - INFO - Learning rate set to 0.0010000000000000002
2025-05-25 22:36:20,037 - my_logger - INFO - Train Epoch: [22][0/391]	Time 1.377 (1.377)	Data 0.261 (0.261)	Loss 3.4827 (2.8516)	Prec@1 21.875 (32.812)	Prec@5 42.969 (58.073)
2025-05-25 22:37:21,039 - my_logger - INFO - Train Epoch: [22][50/391]	Time 1.218 (1.223)	Data 0.000 (0.006)	Loss 3.4140 (2.8391)	Prec@1 21.094 (32.478)	Prec@5 51.562 (59.390)
2025-05-25 22:38:22,080 - my_logger - INFO - Train Epoch: [22][100/391]	Time 1.227 (1.222)	Data 0.000 (0.003)	Loss 3.3910 (2.8574)	Prec@1 26.562 (32.060)	Prec@5 53.125 (58.782)
2025-05-25 22:39:23,135 - my_logger - INFO - Train Epoch: [22][150/391]	Time 1.218 (1.222)	Data 0.000 (0.002)	Loss 3.5492 (2.8506)	Prec@1 18.750 (32.234)	Prec@5 42.188 (59.013)
2025-05-25 22:40:24,186 - my_logger - INFO - Train Epoch: [22][200/391]	Time 1.224 (1.222)	Data 0.000 (0.002)	Loss 3.4570 (2.8554)	Prec@1 23.438 (32.066)	Prec@5 49.219 (58.843)
2025-05-25 22:41:25,225 - my_logger - INFO - Train Epoch: [22][250/391]	Time 1.220 (1.221)	Data 0.000 (0.001)	Loss 3.9518 (2.8599)	Prec@1 12.500 (31.891)	Prec@5 37.500 (58.815)
2025-05-25 22:42:26,248 - my_logger - INFO - Train Epoch: [22][300/391]	Time 1.220 (1.221)	Data 0.000 (0.001)	Loss 3.3376 (2.8630)	Prec@1 28.125 (31.773)	Prec@5 53.125 (58.755)
2025-05-25 22:43:27,329 - my_logger - INFO - Train Epoch: [22][350/391]	Time 1.220 (1.221)	Data 0.000 (0.001)	Loss 3.1146 (2.8578)	Prec@1 24.219 (31.850)	Prec@5 56.250 (58.827)
2025-05-25 22:44:16,154 - my_logger - INFO - Test: [0/79]	Time 0.257 (0.257)	Loss 1.7745 (1.7745)	Prec@1 58.594 (58.594)	Prec@5 81.250 (81.250)
2025-05-25 22:44:16,841 - my_logger - INFO - Test: [10/79]	Time 0.069 (0.086)	Loss 1.8244 (1.8913)	Prec@1 54.688 (52.699)	Prec@5 80.469 (78.409)
2025-05-25 22:44:17,527 - my_logger - INFO - Test: [20/79]	Time 0.069 (0.078)	Loss 1.8965 (1.8490)	Prec@1 52.344 (53.609)	Prec@5 79.688 (79.129)
2025-05-25 22:44:18,214 - my_logger - INFO - Test: [30/79]	Time 0.069 (0.075)	Loss 1.7990 (1.8380)	Prec@1 53.125 (52.823)	Prec@5 80.469 (79.788)
2025-05-25 22:44:18,900 - my_logger - INFO - Test: [40/79]	Time 0.069 (0.073)	Loss 1.5585 (1.8495)	Prec@1 54.688 (52.649)	Prec@5 86.719 (79.611)
2025-05-25 22:44:19,587 - my_logger - INFO - Test: [50/79]	Time 0.069 (0.072)	Loss 1.9000 (1.8362)	Prec@1 52.344 (52.941)	Prec@5 77.344 (80.025)
2025-05-25 22:44:20,273 - my_logger - INFO - Test: [60/79]	Time 0.069 (0.072)	Loss 2.0947 (1.8432)	Prec@1 50.781 (52.779)	Prec@5 75.000 (79.918)
2025-05-25 22:44:20,960 - my_logger - INFO - Test: [70/79]	Time 0.069 (0.071)	Loss 1.8894 (1.8395)	Prec@1 53.906 (53.037)	Prec@5 78.125 (79.996)
2025-05-25 22:44:21,495 - my_logger - INFO -  * Prec@1 52.880 Prec@5 79.980
2025-05-25 22:44:30,377 - my_logger - INFO - Saved best model with accuracy 52.88%
2025-05-25 22:44:30,377 - my_logger - INFO - Learning rate set to 0.0010000000000000002
2025-05-25 22:44:31,756 - my_logger - INFO - Train Epoch: [23][0/391]	Time 1.377 (1.377)	Data 0.259 (0.259)	Loss 3.6834 (3.0372)	Prec@1 17.969 (29.036)	Prec@5 42.188 (54.167)
2025-05-25 22:45:32,788 - my_logger - INFO - Train Epoch: [23][50/391]	Time 1.219 (1.224)	Data 0.000 (0.005)	Loss 3.3488 (2.8293)	Prec@1 25.000 (32.621)	Prec@5 50.781 (59.204)
2025-05-25 22:46:33,839 - my_logger - INFO - Train Epoch: [23][100/391]	Time 1.218 (1.222)	Data 0.000 (0.003)	Loss 3.6254 (2.8275)	Prec@1 19.531 (32.633)	Prec@5 42.969 (59.450)
2025-05-25 22:47:34,889 - my_logger - INFO - Train Epoch: [23][150/391]	Time 1.221 (1.222)	Data 0.000 (0.002)	Loss 3.1355 (2.8262)	Prec@1 28.125 (32.794)	Prec@5 50.781 (59.443)
2025-05-25 22:48:35,926 - my_logger - INFO - Train Epoch: [23][200/391]	Time 1.219 (1.222)	Data 0.001 (0.002)	Loss 3.5631 (2.8372)	Prec@1 20.312 (32.400)	Prec@5 40.625 (59.225)
2025-05-25 22:49:36,974 - my_logger - INFO - Train Epoch: [23][250/391]	Time 1.220 (1.221)	Data 0.000 (0.001)	Loss 3.5171 (2.8359)	Prec@1 24.219 (32.448)	Prec@5 42.188 (59.302)
2025-05-25 22:50:38,021 - my_logger - INFO - Train Epoch: [23][300/391]	Time 1.221 (1.221)	Data 0.000 (0.001)	Loss 3.6580 (2.8416)	Prec@1 17.188 (32.300)	Prec@5 42.188 (59.199)
2025-05-25 22:51:39,094 - my_logger - INFO - Train Epoch: [23][350/391]	Time 1.225 (1.221)	Data 0.000 (0.001)	Loss 3.3435 (2.8456)	Prec@1 22.656 (32.266)	Prec@5 46.875 (59.098)
2025-05-25 22:52:27,920 - my_logger - INFO - Test: [0/79]	Time 0.262 (0.262)	Loss 1.7204 (1.7204)	Prec@1 61.719 (61.719)	Prec@5 80.469 (80.469)
2025-05-25 22:52:28,607 - my_logger - INFO - Test: [10/79]	Time 0.069 (0.086)	Loss 1.8571 (1.8776)	Prec@1 56.250 (52.841)	Prec@5 80.469 (78.977)
2025-05-25 22:52:29,294 - my_logger - INFO - Test: [20/79]	Time 0.069 (0.078)	Loss 1.9015 (1.8425)	Prec@1 54.688 (53.423)	Prec@5 77.344 (79.315)
2025-05-25 22:52:29,981 - my_logger - INFO - Test: [30/79]	Time 0.069 (0.075)	Loss 1.7679 (1.8313)	Prec@1 56.250 (52.949)	Prec@5 82.812 (79.864)
2025-05-25 22:52:30,668 - my_logger - INFO - Test: [40/79]	Time 0.069 (0.073)	Loss 1.5487 (1.8422)	Prec@1 54.688 (52.725)	Prec@5 87.500 (79.688)
2025-05-25 22:52:31,355 - my_logger - INFO - Test: [50/79]	Time 0.069 (0.072)	Loss 1.8287 (1.8282)	Prec@1 53.125 (52.895)	Prec@5 78.906 (80.101)
2025-05-25 22:52:32,041 - my_logger - INFO - Test: [60/79]	Time 0.069 (0.072)	Loss 2.0479 (1.8356)	Prec@1 52.344 (52.766)	Prec@5 75.000 (79.931)
2025-05-25 22:52:32,728 - my_logger - INFO - Test: [70/79]	Time 0.069 (0.071)	Loss 1.8829 (1.8289)	Prec@1 52.344 (53.081)	Prec@5 78.906 (80.194)
2025-05-25 22:52:33,262 - my_logger - INFO -  * Prec@1 53.080 Prec@5 80.250
2025-05-25 22:52:42,164 - my_logger - INFO - Saved best model with accuracy 53.08%
2025-05-25 22:52:42,164 - my_logger - INFO - Learning rate set to 0.0010000000000000002
2025-05-25 22:52:43,550 - my_logger - INFO - Train Epoch: [24][0/391]	Time 1.384 (1.384)	Data 0.265 (0.265)	Loss 3.2634 (2.6725)	Prec@1 25.000 (36.719)	Prec@5 46.094 (62.630)
2025-05-25 22:53:44,609 - my_logger - INFO - Train Epoch: [24][50/391]	Time 1.221 (1.224)	Data 0.001 (0.006)	Loss 3.4263 (2.8276)	Prec@1 17.969 (32.317)	Prec@5 50.000 (59.112)
2025-05-25 22:54:45,693 - my_logger - INFO - Train Epoch: [24][100/391]	Time 1.221 (1.223)	Data 0.000 (0.003)	Loss 3.1673 (2.8510)	Prec@1 24.219 (31.893)	Prec@5 48.438 (58.598)
2025-05-25 22:55:46,749 - my_logger - INFO - Train Epoch: [24][150/391]	Time 1.219 (1.222)	Data 0.001 (0.002)	Loss 3.4233 (2.8430)	Prec@1 25.781 (31.957)	Prec@5 47.656 (58.935)
2025-05-25 22:56:47,800 - my_logger - INFO - Train Epoch: [24][200/391]	Time 1.224 (1.222)	Data 0.001 (0.002)	Loss 3.4000 (2.8496)	Prec@1 25.781 (31.968)	Prec@5 45.312 (58.810)
2025-05-25 22:57:48,857 - my_logger - INFO - Train Epoch: [24][250/391]	Time 1.223 (1.222)	Data 0.001 (0.001)	Loss 3.2787 (2.8407)	Prec@1 26.562 (32.259)	Prec@5 46.875 (59.121)
2025-05-25 22:58:49,855 - my_logger - INFO - Train Epoch: [24][300/391]	Time 1.219 (1.222)	Data 0.001 (0.001)	Loss 3.3369 (2.8372)	Prec@1 25.781 (32.320)	Prec@5 49.219 (59.145)
2025-05-25 22:59:50,837 - my_logger - INFO - Train Epoch: [24][350/391]	Time 1.220 (1.221)	Data 0.000 (0.001)	Loss 3.2181 (2.8352)	Prec@1 25.781 (32.365)	Prec@5 47.656 (59.140)
2025-05-25 23:00:39,616 - my_logger - INFO - Test: [0/79]	Time 0.270 (0.270)	Loss 1.7277 (1.7277)	Prec@1 59.375 (59.375)	Prec@5 82.812 (82.812)
2025-05-25 23:00:40,300 - my_logger - INFO - Test: [10/79]	Time 0.068 (0.087)	Loss 1.8207 (1.8581)	Prec@1 53.906 (52.202)	Prec@5 80.469 (79.474)
2025-05-25 23:00:40,982 - my_logger - INFO - Test: [20/79]	Time 0.068 (0.078)	Loss 1.8660 (1.8257)	Prec@1 53.125 (52.827)	Prec@5 80.469 (79.762)
2025-05-25 23:00:41,665 - my_logger - INFO - Test: [30/79]	Time 0.068 (0.075)	Loss 1.7637 (1.8166)	Prec@1 53.906 (52.671)	Prec@5 83.594 (80.267)
2025-05-25 23:00:42,348 - my_logger - INFO - Test: [40/79]	Time 0.068 (0.073)	Loss 1.4835 (1.8294)	Prec@1 60.156 (52.611)	Prec@5 88.281 (79.878)
2025-05-25 23:00:43,030 - my_logger - INFO - Test: [50/79]	Time 0.068 (0.072)	Loss 1.8459 (1.8131)	Prec@1 53.125 (53.002)	Prec@5 81.250 (80.484)
2025-05-25 23:00:43,713 - my_logger - INFO - Test: [60/79]	Time 0.068 (0.072)	Loss 2.0206 (1.8191)	Prec@1 53.125 (52.907)	Prec@5 78.906 (80.264)
2025-05-25 23:00:44,395 - my_logger - INFO - Test: [70/79]	Time 0.068 (0.071)	Loss 1.8806 (1.8133)	Prec@1 53.125 (53.290)	Prec@5 77.344 (80.315)
2025-05-25 23:00:44,928 - my_logger - INFO -  * Prec@1 53.260 Prec@5 80.330
2025-05-25 23:00:53,821 - my_logger - INFO - Saved best model with accuracy 53.26%
2025-05-25 23:00:53,822 - my_logger - INFO - Learning rate set to 0.0010000000000000002
2025-05-25 23:00:55,192 - my_logger - INFO - Train Epoch: [25][0/391]	Time 1.368 (1.368)	Data 0.257 (0.257)	Loss 3.5931 (2.9749)	Prec@1 17.969 (28.906)	Prec@5 39.062 (54.818)
2025-05-25 23:01:56,070 - my_logger - INFO - Train Epoch: [25][50/391]	Time 1.217 (1.221)	Data 0.001 (0.006)	Loss 3.1245 (2.7918)	Prec@1 28.125 (33.213)	Prec@5 46.875 (60.761)
2025-05-25 23:02:57,013 - my_logger - INFO - Train Epoch: [25][100/391]	Time 1.219 (1.220)	Data 0.001 (0.003)	Loss 3.4650 (2.8144)	Prec@1 21.094 (32.752)	Prec@5 50.000 (59.880)
2025-05-25 23:03:57,961 - my_logger - INFO - Train Epoch: [25][150/391]	Time 1.218 (1.219)	Data 0.000 (0.002)	Loss 3.7314 (2.8218)	Prec@1 15.625 (32.656)	Prec@5 40.625 (59.684)
2025-05-25 23:04:58,953 - my_logger - INFO - Train Epoch: [25][200/391]	Time 1.220 (1.220)	Data 0.001 (0.002)	Loss 3.0490 (2.8236)	Prec@1 27.344 (32.650)	Prec@5 58.594 (59.551)
2025-05-25 23:05:59,974 - my_logger - INFO - Train Epoch: [25][250/391]	Time 1.220 (1.220)	Data 0.000 (0.002)	Loss 3.5739 (2.8212)	Prec@1 23.438 (32.694)	Prec@5 43.750 (59.667)
2025-05-25 23:07:01,013 - my_logger - INFO - Train Epoch: [25][300/391]	Time 1.220 (1.220)	Data 0.000 (0.001)	Loss 3.5719 (2.8129)	Prec@1 21.094 (32.841)	Prec@5 46.875 (59.792)
2025-05-25 23:08:02,043 - my_logger - INFO - Train Epoch: [25][350/391]	Time 1.220 (1.220)	Data 0.001 (0.001)	Loss 3.6088 (2.8140)	Prec@1 17.969 (32.816)	Prec@5 42.969 (59.700)
2025-05-25 23:08:50,830 - my_logger - INFO - Test: [0/79]	Time 0.260 (0.260)	Loss 1.7168 (1.7168)	Prec@1 59.375 (59.375)	Prec@5 84.375 (84.375)
2025-05-25 23:08:51,517 - my_logger - INFO - Test: [10/79]	Time 0.069 (0.086)	Loss 1.8288 (1.8563)	Prec@1 56.250 (53.196)	Prec@5 80.469 (78.977)
2025-05-25 23:08:52,203 - my_logger - INFO - Test: [20/79]	Time 0.069 (0.078)	Loss 1.8527 (1.8226)	Prec@1 53.125 (53.832)	Prec@5 80.469 (79.315)
2025-05-25 23:08:52,889 - my_logger - INFO - Test: [30/79]	Time 0.069 (0.075)	Loss 1.7447 (1.8112)	Prec@1 54.688 (53.453)	Prec@5 82.031 (80.116)
2025-05-25 23:08:53,575 - my_logger - INFO - Test: [40/79]	Time 0.069 (0.073)	Loss 1.5069 (1.8224)	Prec@1 60.156 (53.392)	Prec@5 85.938 (79.897)
2025-05-25 23:08:54,261 - my_logger - INFO - Test: [50/79]	Time 0.069 (0.072)	Loss 1.8311 (1.8077)	Prec@1 51.562 (53.477)	Prec@5 75.781 (80.362)
2025-05-25 23:08:54,947 - my_logger - INFO - Test: [60/79]	Time 0.069 (0.072)	Loss 2.0552 (1.8152)	Prec@1 53.125 (53.420)	Prec@5 77.344 (80.251)
2025-05-25 23:08:55,633 - my_logger - INFO - Test: [70/79]	Time 0.069 (0.071)	Loss 1.8677 (1.8095)	Prec@1 52.344 (53.521)	Prec@5 80.469 (80.370)
2025-05-25 23:08:56,173 - my_logger - INFO -  * Prec@1 53.510 Prec@5 80.450
2025-05-25 23:09:04,777 - my_logger - INFO - Saved best model with accuracy 53.51%
2025-05-25 23:09:04,777 - my_logger - INFO - Learning rate set to 0.0010000000000000002
2025-05-25 23:09:06,162 - my_logger - INFO - Train Epoch: [26][0/391]	Time 1.383 (1.383)	Data 0.262 (0.262)	Loss 3.6126 (3.0021)	Prec@1 19.531 (30.469)	Prec@5 48.438 (58.854)
2025-05-25 23:10:07,244 - my_logger - INFO - Train Epoch: [26][50/391]	Time 1.223 (1.225)	Data 0.000 (0.006)	Loss 3.2339 (2.8242)	Prec@1 17.188 (32.672)	Prec@5 50.781 (59.653)
2025-05-25 23:11:08,328 - my_logger - INFO - Train Epoch: [26][100/391]	Time 1.223 (1.223)	Data 0.000 (0.003)	Loss 3.3637 (2.8171)	Prec@1 20.312 (32.958)	Prec@5 46.875 (60.005)
2025-05-25 23:12:09,389 - my_logger - INFO - Train Epoch: [26][150/391]	Time 1.220 (1.223)	Data 0.000 (0.002)	Loss 3.5497 (2.8223)	Prec@1 19.531 (32.684)	Prec@5 48.438 (59.805)
2025-05-25 23:13:10,438 - my_logger - INFO - Train Epoch: [26][200/391]	Time 1.216 (1.222)	Data 0.000 (0.002)	Loss 3.7202 (2.8117)	Prec@1 20.312 (32.731)	Prec@5 40.625 (59.926)
2025-05-25 23:14:11,489 - my_logger - INFO - Train Epoch: [26][250/391]	Time 1.221 (1.222)	Data 0.000 (0.001)	Loss 3.0271 (2.8085)	Prec@1 28.125 (32.740)	Prec@5 58.594 (59.885)
2025-05-25 23:15:12,549 - my_logger - INFO - Train Epoch: [26][300/391]	Time 1.220 (1.222)	Data 0.000 (0.001)	Loss 3.4770 (2.8058)	Prec@1 19.531 (32.739)	Prec@5 42.969 (59.892)
2025-05-25 23:16:13,588 - my_logger - INFO - Train Epoch: [26][350/391]	Time 1.219 (1.222)	Data 0.001 (0.001)	Loss 3.3956 (2.8129)	Prec@1 24.219 (32.628)	Prec@5 50.000 (59.777)
2025-05-25 23:17:02,402 - my_logger - INFO - Test: [0/79]	Time 0.255 (0.255)	Loss 1.7142 (1.7142)	Prec@1 57.031 (57.031)	Prec@5 79.688 (79.688)
2025-05-25 23:17:03,086 - my_logger - INFO - Test: [10/79]	Time 0.069 (0.085)	Loss 1.7999 (1.8394)	Prec@1 57.812 (53.906)	Prec@5 80.469 (79.119)
2025-05-25 23:17:03,772 - my_logger - INFO - Test: [20/79]	Time 0.069 (0.077)	Loss 1.8815 (1.8067)	Prec@1 52.344 (54.129)	Prec@5 79.688 (79.315)
2025-05-25 23:17:04,458 - my_logger - INFO - Test: [30/79]	Time 0.069 (0.075)	Loss 1.7220 (1.7943)	Prec@1 54.688 (53.427)	Prec@5 82.812 (80.091)
2025-05-25 23:17:05,145 - my_logger - INFO - Test: [40/79]	Time 0.069 (0.073)	Loss 1.4848 (1.8023)	Prec@1 61.719 (53.239)	Prec@5 85.938 (79.973)
2025-05-25 23:17:05,831 - my_logger - INFO - Test: [50/79]	Time 0.069 (0.072)	Loss 1.8681 (1.7916)	Prec@1 54.688 (53.631)	Prec@5 74.219 (80.316)
2025-05-25 23:17:06,518 - my_logger - INFO - Test: [60/79]	Time 0.069 (0.072)	Loss 2.0050 (1.7954)	Prec@1 49.219 (53.560)	Prec@5 77.344 (80.277)
2025-05-25 23:17:07,204 - my_logger - INFO - Test: [70/79]	Time 0.069 (0.071)	Loss 1.8315 (1.7899)	Prec@1 52.344 (53.774)	Prec@5 79.688 (80.392)
2025-05-25 23:17:07,737 - my_logger - INFO -  * Prec@1 53.700 Prec@5 80.470
2025-05-25 23:17:16,668 - my_logger - INFO - Saved best model with accuracy 53.70%
2025-05-25 23:17:16,668 - my_logger - INFO - Learning rate set to 0.00010000000000000003
2025-05-25 23:17:18,048 - my_logger - INFO - Train Epoch: [27][0/391]	Time 1.378 (1.378)	Data 0.263 (0.263)	Loss 3.3331 (2.7094)	Prec@1 21.094 (34.505)	Prec@5 46.094 (62.760)
2025-05-25 23:18:19,021 - my_logger - INFO - Train Epoch: [27][50/391]	Time 1.217 (1.223)	Data 0.000 (0.006)	Loss 3.4722 (2.7831)	Prec@1 21.875 (33.218)	Prec@5 45.312 (60.399)
2025-05-25 23:19:19,973 - my_logger - INFO - Train Epoch: [27][100/391]	Time 1.219 (1.221)	Data 0.001 (0.003)	Loss 3.2438 (2.7885)	Prec@1 25.000 (33.081)	Prec@5 43.750 (60.203)
2025-05-25 23:20:20,923 - my_logger - INFO - Train Epoch: [27][150/391]	Time 1.222 (1.220)	Data 0.001 (0.002)	Loss 3.4584 (2.7881)	Prec@1 24.219 (33.392)	Prec@5 49.219 (60.111)
2025-05-25 23:21:21,876 - my_logger - INFO - Train Epoch: [27][200/391]	Time 1.220 (1.220)	Data 0.000 (0.002)	Loss 3.0993 (2.7838)	Prec@1 28.125 (33.524)	Prec@5 52.344 (60.347)
2025-05-25 23:22:22,813 - my_logger - INFO - Train Epoch: [27][250/391]	Time 1.219 (1.220)	Data 0.000 (0.002)	Loss 3.3837 (2.7851)	Prec@1 21.875 (33.535)	Prec@5 45.312 (60.318)
2025-05-25 23:23:23,826 - my_logger - INFO - Train Epoch: [27][300/391]	Time 1.224 (1.220)	Data 0.000 (0.001)	Loss 3.2392 (2.7821)	Prec@1 17.969 (33.554)	Prec@5 50.781 (60.457)
2025-05-25 23:24:24,862 - my_logger - INFO - Train Epoch: [27][350/391]	Time 1.219 (1.220)	Data 0.000 (0.001)	Loss 3.4002 (2.7833)	Prec@1 27.344 (33.570)	Prec@5 47.656 (60.447)
2025-05-25 23:25:13,672 - my_logger - INFO - Test: [0/79]	Time 0.262 (0.262)	Loss 1.6671 (1.6671)	Prec@1 58.594 (58.594)	Prec@5 81.250 (81.250)
2025-05-25 23:25:14,359 - my_logger - INFO - Test: [10/79]	Time 0.069 (0.086)	Loss 1.7672 (1.7990)	Prec@1 57.812 (54.545)	Prec@5 80.469 (80.114)
2025-05-25 23:25:15,045 - my_logger - INFO - Test: [20/79]	Time 0.069 (0.078)	Loss 1.8250 (1.7718)	Prec@1 57.031 (54.985)	Prec@5 82.812 (80.469)
2025-05-25 23:25:15,731 - my_logger - INFO - Test: [30/79]	Time 0.069 (0.075)	Loss 1.6833 (1.7596)	Prec@1 57.812 (54.763)	Prec@5 82.812 (80.973)
2025-05-25 23:25:16,417 - my_logger - INFO - Test: [40/79]	Time 0.069 (0.073)	Loss 1.4581 (1.7715)	Prec@1 57.812 (54.345)	Prec@5 87.500 (80.716)
2025-05-25 23:25:17,103 - my_logger - INFO - Test: [50/79]	Time 0.069 (0.072)	Loss 1.8121 (1.7597)	Prec@1 53.125 (54.504)	Prec@5 75.781 (81.097)
2025-05-25 23:25:17,788 - my_logger - INFO - Test: [60/79]	Time 0.069 (0.072)	Loss 1.9756 (1.7651)	Prec@1 50.781 (54.303)	Prec@5 77.344 (81.084)
2025-05-25 23:25:18,474 - my_logger - INFO - Test: [70/79]	Time 0.069 (0.071)	Loss 1.7810 (1.7586)	Prec@1 53.125 (54.577)	Prec@5 81.250 (81.250)
2025-05-25 23:25:19,010 - my_logger - INFO -  * Prec@1 54.520 Prec@5 81.180
2025-05-25 23:25:27,634 - my_logger - INFO - Saved best model with accuracy 54.52%
2025-05-25 23:25:27,635 - my_logger - INFO - Learning rate set to 0.00010000000000000003
2025-05-25 23:25:29,011 - my_logger - INFO - Train Epoch: [28][0/391]	Time 1.375 (1.375)	Data 0.263 (0.263)	Loss 3.5584 (2.9095)	Prec@1 19.531 (31.380)	Prec@5 46.875 (59.115)
2025-05-25 23:26:30,089 - my_logger - INFO - Train Epoch: [28][50/391]	Time 1.220 (1.225)	Data 0.000 (0.006)	Loss 3.3102 (2.7676)	Prec@1 24.219 (33.844)	Prec@5 49.219 (60.521)
2025-05-25 23:27:31,152 - my_logger - INFO - Train Epoch: [28][100/391]	Time 1.216 (1.223)	Data 0.000 (0.003)	Loss 3.5776 (2.7620)	Prec@1 17.969 (34.147)	Prec@5 40.625 (60.582)
2025-05-25 23:28:32,192 - my_logger - INFO - Train Epoch: [28][150/391]	Time 1.225 (1.222)	Data 0.001 (0.002)	Loss 3.0705 (2.7706)	Prec@1 30.469 (33.892)	Prec@5 57.031 (60.386)
2025-05-25 23:29:33,217 - my_logger - INFO - Train Epoch: [28][200/391]	Time 1.217 (1.222)	Data 0.000 (0.002)	Loss 3.4732 (2.7754)	Prec@1 21.875 (33.755)	Prec@5 46.875 (60.364)
2025-05-25 23:30:34,263 - my_logger - INFO - Train Epoch: [28][250/391]	Time 1.222 (1.222)	Data 0.000 (0.001)	Loss 3.3641 (2.7719)	Prec@1 17.969 (33.815)	Prec@5 43.750 (60.511)
2025-05-25 23:31:35,316 - my_logger - INFO - Train Epoch: [28][300/391]	Time 1.222 (1.222)	Data 0.001 (0.001)	Loss 3.5076 (2.7697)	Prec@1 25.000 (33.938)	Prec@5 42.188 (60.548)
2025-05-25 23:32:36,378 - my_logger - INFO - Train Epoch: [28][350/391]	Time 1.224 (1.221)	Data 0.000 (0.001)	Loss 3.5169 (2.7684)	Prec@1 17.969 (33.958)	Prec@5 42.969 (60.564)
2025-05-25 23:33:25,201 - my_logger - INFO - Test: [0/79]	Time 0.257 (0.257)	Loss 1.6512 (1.6512)	Prec@1 59.375 (59.375)	Prec@5 82.031 (82.031)
2025-05-25 23:33:25,889 - my_logger - INFO - Test: [10/79]	Time 0.069 (0.086)	Loss 1.7605 (1.7976)	Prec@1 56.250 (54.759)	Prec@5 80.469 (79.545)
2025-05-25 23:33:26,575 - my_logger - INFO - Test: [20/79]	Time 0.069 (0.078)	Loss 1.8076 (1.7660)	Prec@1 56.250 (55.208)	Prec@5 81.250 (80.357)
2025-05-25 23:33:27,262 - my_logger - INFO - Test: [30/79]	Time 0.069 (0.075)	Loss 1.6875 (1.7544)	Prec@1 57.031 (54.889)	Prec@5 85.156 (80.822)
2025-05-25 23:33:27,948 - my_logger - INFO - Test: [40/79]	Time 0.069 (0.073)	Loss 1.4540 (1.7649)	Prec@1 58.594 (54.535)	Prec@5 87.500 (80.736)
2025-05-25 23:33:28,635 - my_logger - INFO - Test: [50/79]	Time 0.069 (0.072)	Loss 1.8071 (1.7511)	Prec@1 55.469 (54.810)	Prec@5 75.781 (81.173)
2025-05-25 23:33:29,321 - my_logger - INFO - Test: [60/79]	Time 0.069 (0.072)	Loss 1.9719 (1.7565)	Prec@1 52.344 (54.559)	Prec@5 75.781 (81.007)
2025-05-25 23:33:30,008 - my_logger - INFO - Test: [70/79]	Time 0.069 (0.071)	Loss 1.7881 (1.7506)	Prec@1 51.562 (54.842)	Prec@5 82.031 (81.173)
2025-05-25 23:33:30,542 - my_logger - INFO -  * Prec@1 54.780 Prec@5 81.140
2025-05-25 23:33:38,905 - my_logger - INFO - Saved best model with accuracy 54.78%
2025-05-25 23:33:38,906 - my_logger - INFO - Learning rate set to 0.00010000000000000003
2025-05-25 23:33:40,280 - my_logger - INFO - Train Epoch: [29][0/391]	Time 1.372 (1.372)	Data 0.260 (0.260)	Loss 3.5998 (2.9611)	Prec@1 21.094 (30.339)	Prec@5 39.062 (54.297)
2025-05-25 23:34:41,294 - my_logger - INFO - Train Epoch: [29][50/391]	Time 1.224 (1.223)	Data 0.000 (0.006)	Loss 3.5919 (2.7531)	Prec@1 20.312 (33.642)	Prec@5 41.406 (61.050)
2025-05-25 23:35:42,348 - my_logger - INFO - Train Epoch: [29][100/391]	Time 1.223 (1.222)	Data 0.000 (0.003)	Loss 3.3934 (2.7691)	Prec@1 19.531 (33.634)	Prec@5 50.781 (60.668)
2025-05-25 23:36:43,413 - my_logger - INFO - Train Epoch: [29][150/391]	Time 1.221 (1.222)	Data 0.000 (0.002)	Loss 3.2755 (2.7675)	Prec@1 19.531 (33.805)	Prec@5 53.125 (60.636)
2025-05-25 23:37:44,477 - my_logger - INFO - Train Epoch: [29][200/391]	Time 1.220 (1.222)	Data 0.000 (0.002)	Loss 3.2240 (2.7671)	Prec@1 27.344 (33.753)	Prec@5 46.094 (60.645)
2025-05-25 23:38:45,545 - my_logger - INFO - Train Epoch: [29][250/391]	Time 1.224 (1.222)	Data 0.000 (0.001)	Loss 3.0801 (2.7611)	Prec@1 21.875 (33.826)	Prec@5 57.031 (60.871)
2025-05-25 23:39:46,602 - my_logger - INFO - Train Epoch: [29][300/391]	Time 1.221 (1.222)	Data 0.000 (0.001)	Loss 3.5800 (2.7628)	Prec@1 21.875 (33.854)	Prec@5 40.625 (60.835)
2025-05-25 23:40:47,665 - my_logger - INFO - Train Epoch: [29][350/391]	Time 1.221 (1.222)	Data 0.000 (0.001)	Loss 3.1867 (2.7633)	Prec@1 19.531 (33.801)	Prec@5 53.125 (60.849)
2025-05-25 23:41:36,475 - my_logger - INFO - Test: [0/79]	Time 0.257 (0.257)	Loss 1.6502 (1.6502)	Prec@1 58.594 (58.594)	Prec@5 79.688 (79.688)
2025-05-25 23:41:37,158 - my_logger - INFO - Test: [10/79]	Time 0.068 (0.085)	Loss 1.7669 (1.7781)	Prec@1 60.156 (54.403)	Prec@5 78.125 (80.043)
2025-05-25 23:41:37,841 - my_logger - INFO - Test: [20/79]	Time 0.069 (0.077)	Loss 1.7952 (1.7512)	Prec@1 53.125 (54.799)	Prec@5 82.812 (80.729)
2025-05-25 23:41:38,527 - my_logger - INFO - Test: [30/79]	Time 0.069 (0.075)	Loss 1.6557 (1.7393)	Prec@1 62.500 (54.914)	Prec@5 82.812 (81.376)
2025-05-25 23:41:39,213 - my_logger - INFO - Test: [40/79]	Time 0.069 (0.073)	Loss 1.4690 (1.7506)	Prec@1 57.812 (54.802)	Prec@5 88.281 (81.307)
2025-05-25 23:41:39,900 - my_logger - INFO - Test: [50/79]	Time 0.069 (0.072)	Loss 1.7854 (1.7385)	Prec@1 53.125 (54.979)	Prec@5 78.125 (81.618)
2025-05-25 23:41:40,586 - my_logger - INFO - Test: [60/79]	Time 0.069 (0.072)	Loss 1.9340 (1.7438)	Prec@1 57.812 (54.867)	Prec@5 77.344 (81.481)
2025-05-25 23:41:41,272 - my_logger - INFO - Test: [70/79]	Time 0.069 (0.071)	Loss 1.7689 (1.7378)	Prec@1 53.125 (55.062)	Prec@5 81.250 (81.690)
2025-05-25 23:41:41,806 - my_logger - INFO -  * Prec@1 54.920 Prec@5 81.660
2025-05-25 23:41:50,586 - my_logger - INFO - Saved best model with accuracy 54.92%
2025-05-25 23:41:50,587 - my_logger - INFO - Learning rate set to 0.00010000000000000003
2025-05-25 23:41:51,964 - my_logger - INFO - Train Epoch: [30][0/391]	Time 1.376 (1.376)	Data 0.261 (0.261)	Loss 3.4349 (2.7578)	Prec@1 20.312 (34.375)	Prec@5 50.000 (63.802)
2025-05-25 23:42:52,861 - my_logger - INFO - Train Epoch: [30][50/391]	Time 1.220 (1.221)	Data 0.000 (0.006)	Loss 3.2711 (2.7341)	Prec@1 24.219 (34.500)	Prec@5 50.781 (61.116)
2025-05-25 23:43:53,838 - my_logger - INFO - Train Epoch: [30][100/391]	Time 1.220 (1.220)	Data 0.000 (0.003)	Loss 3.6321 (2.7367)	Prec@1 21.094 (34.606)	Prec@5 40.625 (61.255)
2025-05-25 23:44:54,818 - my_logger - INFO - Train Epoch: [30][150/391]	Time 1.218 (1.220)	Data 0.001 (0.002)	Loss 3.7534 (2.7487)	Prec@1 15.625 (34.339)	Prec@5 35.938 (60.968)
2025-05-25 23:45:55,799 - my_logger - INFO - Train Epoch: [30][200/391]	Time 1.218 (1.220)	Data 0.001 (0.002)	Loss 3.3228 (2.7546)	Prec@1 24.219 (34.302)	Prec@5 50.781 (60.882)
2025-05-25 23:46:56,775 - my_logger - INFO - Train Epoch: [30][250/391]	Time 1.222 (1.220)	Data 0.000 (0.001)	Loss 3.6351 (2.7600)	Prec@1 20.312 (33.984)	Prec@5 42.969 (60.806)
2025-05-25 23:47:57,763 - my_logger - INFO - Train Epoch: [30][300/391]	Time 1.218 (1.220)	Data 0.001 (0.001)	Loss 3.5956 (2.7629)	Prec@1 20.312 (33.854)	Prec@5 41.406 (60.809)
2025-05-25 23:48:58,740 - my_logger - INFO - Train Epoch: [30][350/391]	Time 1.220 (1.220)	Data 0.000 (0.001)	Loss 3.2492 (2.7676)	Prec@1 25.781 (33.816)	Prec@5 53.906 (60.751)
2025-05-25 23:49:47,483 - my_logger - INFO - Test: [0/79]	Time 0.260 (0.260)	Loss 1.6254 (1.6254)	Prec@1 58.594 (58.594)	Prec@5 83.594 (83.594)
2025-05-25 23:49:48,174 - my_logger - INFO - Test: [10/79]	Time 0.069 (0.087)	Loss 1.7464 (1.7735)	Prec@1 58.594 (54.545)	Prec@5 81.250 (81.108)
2025-05-25 23:49:48,860 - my_logger - INFO - Test: [20/79]	Time 0.069 (0.078)	Loss 1.7910 (1.7445)	Prec@1 53.125 (55.320)	Prec@5 82.812 (81.101)
2025-05-25 23:49:49,546 - my_logger - INFO - Test: [30/79]	Time 0.069 (0.075)	Loss 1.6671 (1.7325)	Prec@1 58.594 (55.217)	Prec@5 85.156 (81.729)
2025-05-25 23:49:50,232 - my_logger - INFO - Test: [40/79]	Time 0.069 (0.073)	Loss 1.4346 (1.7429)	Prec@1 58.594 (55.011)	Prec@5 87.500 (81.498)
2025-05-25 23:49:50,917 - my_logger - INFO - Test: [50/79]	Time 0.069 (0.072)	Loss 1.7856 (1.7306)	Prec@1 54.688 (55.239)	Prec@5 76.562 (81.725)
2025-05-25 23:49:51,604 - my_logger - INFO - Test: [60/79]	Time 0.069 (0.072)	Loss 1.9342 (1.7360)	Prec@1 53.906 (55.136)	Prec@5 76.562 (81.609)
2025-05-25 23:49:52,290 - my_logger - INFO - Test: [70/79]	Time 0.069 (0.071)	Loss 1.7804 (1.7308)	Prec@1 53.906 (55.392)	Prec@5 82.031 (81.712)
2025-05-25 23:49:52,826 - my_logger - INFO -  * Prec@1 55.360 Prec@5 81.660
2025-05-25 23:50:01,677 - my_logger - INFO - Saved best model with accuracy 55.36%
2025-05-25 23:50:01,677 - my_logger - INFO - Learning rate set to 0.00010000000000000003
2025-05-25 23:50:03,061 - my_logger - INFO - Train Epoch: [31][0/391]	Time 1.382 (1.382)	Data 0.263 (0.263)	Loss 3.0932 (2.5341)	Prec@1 24.219 (38.151)	Prec@5 53.125 (64.323)
2025-05-25 23:51:04,050 - my_logger - INFO - Train Epoch: [31][50/391]	Time 1.217 (1.223)	Data 0.000 (0.006)	Loss 3.3459 (2.7722)	Prec@1 24.219 (33.543)	Prec@5 50.000 (60.440)
2025-05-25 23:52:05,081 - my_logger - INFO - Train Epoch: [31][100/391]	Time 1.220 (1.222)	Data 0.000 (0.003)	Loss 3.6938 (2.7806)	Prec@1 18.750 (33.235)	Prec@5 41.406 (60.177)
2025-05-25 23:53:06,090 - my_logger - INFO - Train Epoch: [31][150/391]	Time 1.219 (1.221)	Data 0.001 (0.002)	Loss 3.3343 (2.7653)	Prec@1 21.875 (33.630)	Prec@5 51.562 (60.688)
2025-05-25 23:54:07,054 - my_logger - INFO - Train Epoch: [31][200/391]	Time 1.224 (1.221)	Data 0.000 (0.002)	Loss 3.5448 (2.7658)	Prec@1 17.188 (33.663)	Prec@5 47.656 (60.649)
2025-05-25 23:55:08,029 - my_logger - INFO - Train Epoch: [31][250/391]	Time 1.214 (1.221)	Data 0.000 (0.001)	Loss 3.1892 (2.7678)	Prec@1 21.875 (33.766)	Prec@5 51.562 (60.549)
2025-05-25 23:56:08,988 - my_logger - INFO - Train Epoch: [31][300/391]	Time 1.216 (1.220)	Data 0.000 (0.001)	Loss 3.3800 (2.7661)	Prec@1 20.312 (33.783)	Prec@5 51.562 (60.655)
2025-05-25 23:57:09,974 - my_logger - INFO - Train Epoch: [31][350/391]	Time 1.218 (1.220)	Data 0.001 (0.001)	Loss 3.3545 (2.7632)	Prec@1 22.656 (33.925)	Prec@5 47.656 (60.761)
2025-05-25 23:57:58,754 - my_logger - INFO - Test: [0/79]	Time 0.276 (0.276)	Loss 1.6373 (1.6373)	Prec@1 58.594 (58.594)	Prec@5 81.250 (81.250)
2025-05-25 23:57:59,440 - my_logger - INFO - Test: [10/79]	Time 0.069 (0.087)	Loss 1.7638 (1.7775)	Prec@1 58.594 (54.688)	Prec@5 80.469 (80.753)
2025-05-25 23:58:00,126 - my_logger - INFO - Test: [20/79]	Time 0.069 (0.078)	Loss 1.7834 (1.7447)	Prec@1 54.688 (55.357)	Prec@5 82.031 (81.250)
2025-05-25 23:58:00,811 - my_logger - INFO - Test: [30/79]	Time 0.069 (0.075)	Loss 1.6772 (1.7317)	Prec@1 57.031 (55.091)	Prec@5 84.375 (81.754)
2025-05-25 23:58:01,497 - my_logger - INFO - Test: [40/79]	Time 0.069 (0.074)	Loss 1.4276 (1.7428)	Prec@1 59.375 (54.859)	Prec@5 89.062 (81.574)
2025-05-25 23:58:02,183 - my_logger - INFO - Test: [50/79]	Time 0.069 (0.073)	Loss 1.7821 (1.7301)	Prec@1 54.688 (55.116)	Prec@5 77.344 (81.786)
2025-05-25 23:58:02,868 - my_logger - INFO - Test: [60/79]	Time 0.069 (0.072)	Loss 1.9561 (1.7353)	Prec@1 52.344 (54.956)	Prec@5 77.344 (81.698)
2025-05-25 23:58:03,554 - my_logger - INFO - Test: [70/79]	Time 0.069 (0.071)	Loss 1.7905 (1.7291)	Prec@1 55.469 (55.282)	Prec@5 82.812 (81.822)
2025-05-25 23:58:04,086 - my_logger - INFO -  * Prec@1 55.240 Prec@5 81.840
2025-05-25 23:58:04,087 - my_logger - INFO - Learning rate set to 0.00010000000000000003
2025-05-25 23:58:05,430 - my_logger - INFO - Train Epoch: [32][0/391]	Time 1.342 (1.342)	Data 0.231 (0.231)	Loss 3.3846 (2.7788)	Prec@1 25.781 (37.109)	Prec@5 44.531 (60.547)
2025-05-25 23:59:06,444 - my_logger - INFO - Train Epoch: [32][50/391]	Time 1.219 (1.223)	Data 0.000 (0.005)	Loss 3.2660 (2.7334)	Prec@1 27.344 (34.829)	Prec@5 44.531 (61.366)
2025-05-26 00:00:07,477 - my_logger - INFO - Train Epoch: [32][100/391]	Time 1.220 (1.222)	Data 0.000 (0.003)	Loss 3.5445 (2.7470)	Prec@1 22.656 (34.330)	Prec@5 44.531 (61.032)
2025-05-26 00:01:08,512 - my_logger - INFO - Train Epoch: [32][150/391]	Time 1.220 (1.221)	Data 0.000 (0.002)	Loss 3.1187 (2.7421)	Prec@1 28.125 (34.432)	Prec@5 53.125 (61.089)
2025-05-26 00:02:09,563 - my_logger - INFO - Train Epoch: [32][200/391]	Time 1.215 (1.221)	Data 0.000 (0.002)	Loss 3.4307 (2.7522)	Prec@1 20.312 (34.286)	Prec@5 43.750 (60.791)
2025-05-26 00:03:10,626 - my_logger - INFO - Train Epoch: [32][250/391]	Time 1.221 (1.221)	Data 0.000 (0.001)	Loss 3.2090 (2.7505)	Prec@1 23.438 (34.270)	Prec@5 52.344 (60.876)
2025-05-26 00:04:11,680 - my_logger - INFO - Train Epoch: [32][300/391]	Time 1.220 (1.221)	Data 0.000 (0.001)	Loss 3.5318 (2.7553)	Prec@1 22.656 (34.160)	Prec@5 42.969 (60.806)
2025-05-26 00:05:12,736 - my_logger - INFO - Train Epoch: [32][350/391]	Time 1.220 (1.221)	Data 0.000 (0.001)	Loss 3.3445 (2.7535)	Prec@1 20.312 (34.166)	Prec@5 47.656 (60.839)
2025-05-26 00:06:01,504 - my_logger - INFO - Test: [0/79]	Time 0.254 (0.254)	Loss 1.6783 (1.6783)	Prec@1 59.375 (59.375)	Prec@5 82.812 (82.812)
2025-05-26 00:06:02,191 - my_logger - INFO - Test: [10/79]	Time 0.069 (0.086)	Loss 1.7948 (1.8113)	Prec@1 57.812 (54.332)	Prec@5 78.906 (80.469)
2025-05-26 00:06:02,877 - my_logger - INFO - Test: [20/79]	Time 0.069 (0.077)	Loss 1.8318 (1.7812)	Prec@1 55.469 (54.762)	Prec@5 81.250 (80.618)
2025-05-26 00:06:03,563 - my_logger - INFO - Test: [30/79]	Time 0.069 (0.075)	Loss 1.6895 (1.7674)	Prec@1 57.031 (54.561)	Prec@5 83.594 (81.225)
2025-05-26 00:06:04,249 - my_logger - INFO - Test: [40/79]	Time 0.069 (0.073)	Loss 1.4730 (1.7777)	Prec@1 57.031 (54.440)	Prec@5 88.281 (81.059)
2025-05-26 00:06:04,936 - my_logger - INFO - Test: [50/79]	Time 0.069 (0.072)	Loss 1.7966 (1.7632)	Prec@1 54.688 (54.810)	Prec@5 78.125 (81.388)
2025-05-26 00:06:05,622 - my_logger - INFO - Test: [60/79]	Time 0.069 (0.072)	Loss 1.9593 (1.7686)	Prec@1 53.125 (54.777)	Prec@5 76.562 (81.263)
2025-05-26 00:06:06,308 - my_logger - INFO - Test: [70/79]	Time 0.069 (0.071)	Loss 1.7968 (1.7625)	Prec@1 53.906 (54.985)	Prec@5 80.469 (81.404)
2025-05-26 00:06:06,841 - my_logger - INFO -  * Prec@1 54.970 Prec@5 81.390
2025-05-26 00:06:06,841 - my_logger - INFO - Training completed!
2025-05-26 00:06:06,842 - my_logger - INFO - Best top-1 accuracy: 55.36%
