2025-05-25 12:43:40,656 - my_logger - INFO - Using 100 classes
2025-05-25 12:43:41,365 - my_logger - INFO - Learning rate set to 0.1
Using fine labels
Training for 25 epochs with 8 repeats
2025-05-25 12:43:43,766 - my_logger - INFO - Train Epoch: [0][0/391]	Time 2.400 (2.400)	Data 0.257 (0.257)	Loss 2.9026 (3.6500)	Prec@1 29.688 (17.969)	Prec@5 59.375 (45.508)
2025-05-25 12:45:05,065 - my_logger - INFO - Train Epoch: [0][50/391]	Time 1.621 (1.641)	Data 0.000 (0.006)	Loss 4.3569 (4.4374)	Prec@1 3.906 (4.661)	Prec@5 14.844 (15.776)
2025-05-25 12:46:26,344 - my_logger - INFO - Train Epoch: [0][100/391]	Time 1.624 (1.633)	Data 0.001 (0.004)	Loss 4.2910 (4.3749)	Prec@1 7.812 (5.049)	Prec@5 16.406 (16.647)
2025-05-25 12:47:47,629 - my_logger - INFO - Train Epoch: [0][150/391]	Time 1.628 (1.631)	Data 0.000 (0.003)	Loss 4.1510 (4.3350)	Prec@1 9.375 (5.538)	Prec@5 22.656 (17.665)
2025-05-25 12:49:08,921 - my_logger - INFO - Train Epoch: [0][200/391]	Time 1.621 (1.630)	Data 0.000 (0.002)	Loss 4.2830 (4.3044)	Prec@1 9.375 (5.853)	Prec@5 17.969 (18.589)
2025-05-25 12:50:30,205 - my_logger - INFO - Train Epoch: [0][250/391]	Time 1.620 (1.629)	Data 0.000 (0.002)	Loss 4.1682 (4.2803)	Prec@1 12.500 (6.193)	Prec@5 21.875 (19.465)
2025-05-25 12:51:51,481 - my_logger - INFO - Train Epoch: [0][300/391]	Time 1.624 (1.628)	Data 0.000 (0.002)	Loss 4.2445 (4.2565)	Prec@1 6.250 (6.529)	Prec@5 17.969 (20.300)
2025-05-25 12:53:12,777 - my_logger - INFO - Train Epoch: [0][350/391]	Time 1.625 (1.628)	Data 0.000 (0.001)	Loss 4.3774 (4.2374)	Prec@1 4.688 (6.750)	Prec@5 20.312 (20.923)
2025-05-25 12:54:17,642 - my_logger - INFO - Test: [0/79]	Time 0.259 (0.259)	Loss 3.8492 (3.8492)	Prec@1 9.375 (9.375)	Prec@5 34.375 (34.375)
2025-05-25 12:54:18,329 - my_logger - INFO - Test: [10/79]	Time 0.069 (0.086)	Loss 3.8391 (3.8529)	Prec@1 14.844 (11.364)	Prec@5 31.250 (32.457)
2025-05-25 12:54:19,015 - my_logger - INFO - Test: [20/79]	Time 0.069 (0.078)	Loss 3.9389 (3.8457)	Prec@1 10.938 (12.091)	Prec@5 31.250 (33.668)
2025-05-25 12:54:19,702 - my_logger - INFO - Test: [30/79]	Time 0.069 (0.075)	Loss 3.8012 (3.8404)	Prec@1 12.500 (12.198)	Prec@5 36.719 (33.972)
2025-05-25 12:54:20,388 - my_logger - INFO - Test: [40/79]	Time 0.069 (0.073)	Loss 3.9177 (3.8379)	Prec@1 9.375 (12.576)	Prec@5 29.688 (34.223)
2025-05-25 12:54:21,073 - my_logger - INFO - Test: [50/79]	Time 0.069 (0.072)	Loss 3.8620 (3.8376)	Prec@1 11.719 (12.393)	Prec@5 34.375 (34.298)
2025-05-25 12:54:21,759 - my_logger - INFO - Test: [60/79]	Time 0.069 (0.072)	Loss 3.9904 (3.8423)	Prec@1 5.469 (12.269)	Prec@5 28.125 (34.004)
2025-05-25 12:54:22,445 - my_logger - INFO - Test: [70/79]	Time 0.069 (0.071)	Loss 3.7798 (3.8365)	Prec@1 13.281 (12.511)	Prec@5 34.375 (34.155)
2025-05-25 12:54:23,001 - my_logger - INFO -  * Prec@1 12.490 Prec@5 34.130
2025-05-25 12:54:31,779 - my_logger - INFO - Saved best model with accuracy 12.49%
2025-05-25 12:54:31,779 - my_logger - INFO - Learning rate set to 0.1
2025-05-25 12:54:33,508 - my_logger - INFO - Train Epoch: [1][0/391]	Time 1.728 (1.728)	Data 0.208 (0.208)	Loss 4.4119 (4.2962)	Prec@1 3.906 (5.469)	Prec@5 15.625 (17.285)
2025-05-25 12:55:54,776 - my_logger - INFO - Train Epoch: [1][50/391]	Time 1.624 (1.627)	Data 0.001 (0.005)	Loss 4.2230 (4.0749)	Prec@1 5.469 (8.910)	Prec@5 17.188 (25.936)
2025-05-25 12:57:16,045 - my_logger - INFO - Train Epoch: [1][100/391]	Time 1.625 (1.626)	Data 0.001 (0.003)	Loss 4.2183 (4.0725)	Prec@1 6.250 (9.059)	Prec@5 21.875 (26.009)
2025-05-25 12:58:37,365 - my_logger - INFO - Train Epoch: [1][150/391]	Time 1.625 (1.626)	Data 0.001 (0.002)	Loss 4.1445 (4.0692)	Prec@1 9.375 (9.309)	Prec@5 24.219 (26.136)
2025-05-25 12:59:58,673 - my_logger - INFO - Train Epoch: [1][200/391]	Time 1.628 (1.626)	Data 0.001 (0.002)	Loss 4.1840 (4.0611)	Prec@1 7.812 (9.390)	Prec@5 20.312 (26.473)
2025-05-25 13:01:19,992 - my_logger - INFO - Train Epoch: [1][250/391]	Time 1.625 (1.626)	Data 0.001 (0.001)	Loss 4.0877 (4.0534)	Prec@1 7.031 (9.372)	Prec@5 28.906 (26.794)
2025-05-25 13:02:41,285 - my_logger - INFO - Train Epoch: [1][300/391]	Time 1.622 (1.626)	Data 0.000 (0.001)	Loss 4.1634 (4.0471)	Prec@1 8.594 (9.464)	Prec@5 26.562 (27.006)
2025-05-25 13:04:02,580 - my_logger - INFO - Train Epoch: [1][350/391]	Time 1.631 (1.626)	Data 0.000 (0.001)	Loss 4.1093 (4.0397)	Prec@1 12.500 (9.521)	Prec@5 27.344 (27.234)
2025-05-25 13:05:07,704 - my_logger - INFO - Test: [0/79]	Time 0.519 (0.519)	Loss 3.6894 (3.6894)	Prec@1 17.188 (17.188)	Prec@5 39.062 (39.062)
2025-05-25 13:05:08,390 - my_logger - INFO - Test: [10/79]	Time 0.069 (0.110)	Loss 3.7077 (3.6990)	Prec@1 14.844 (13.352)	Prec@5 41.406 (40.341)
2025-05-25 13:05:09,076 - my_logger - INFO - Test: [20/79]	Time 0.069 (0.090)	Loss 3.6536 (3.6868)	Prec@1 19.531 (13.914)	Prec@5 39.844 (41.443)
2025-05-25 13:05:09,762 - my_logger - INFO - Test: [30/79]	Time 0.069 (0.083)	Loss 3.7931 (3.6985)	Prec@1 11.719 (13.684)	Prec@5 38.281 (40.650)
2025-05-25 13:05:10,448 - my_logger - INFO - Test: [40/79]	Time 0.069 (0.080)	Loss 3.8010 (3.7003)	Prec@1 12.500 (13.777)	Prec@5 39.844 (40.720)
2025-05-25 13:05:11,134 - my_logger - INFO - Test: [50/79]	Time 0.069 (0.077)	Loss 3.7987 (3.6998)	Prec@1 13.281 (13.771)	Prec@5 36.719 (40.625)
2025-05-25 13:05:11,819 - my_logger - INFO - Test: [60/79]	Time 0.069 (0.076)	Loss 3.8785 (3.7030)	Prec@1 12.500 (13.614)	Prec@5 39.844 (40.510)
2025-05-25 13:05:12,505 - my_logger - INFO - Test: [70/79]	Time 0.069 (0.075)	Loss 3.6553 (3.6986)	Prec@1 18.750 (13.963)	Prec@5 37.500 (40.636)
2025-05-25 13:05:13,045 - my_logger - INFO -  * Prec@1 13.990 Prec@5 40.730
2025-05-25 13:05:21,428 - my_logger - INFO - Saved best model with accuracy 13.99%
2025-05-25 13:05:21,429 - my_logger - INFO - Learning rate set to 0.1
2025-05-25 13:05:23,156 - my_logger - INFO - Train Epoch: [2][0/391]	Time 1.727 (1.727)	Data 0.208 (0.208)	Loss 4.1540 (4.0358)	Prec@1 8.594 (9.375)	Prec@5 24.219 (27.539)
2025-05-25 13:06:44,448 - my_logger - INFO - Train Epoch: [2][50/391]	Time 1.626 (1.628)	Data 0.000 (0.005)	Loss 3.9671 (3.9713)	Prec@1 18.750 (11.211)	Prec@5 31.250 (29.975)
2025-05-25 13:08:05,752 - my_logger - INFO - Train Epoch: [2][100/391]	Time 1.627 (1.627)	Data 0.000 (0.003)	Loss 4.0791 (3.9731)	Prec@1 10.938 (11.083)	Prec@5 28.906 (29.645)
2025-05-25 13:09:27,059 - my_logger - INFO - Train Epoch: [2][150/391]	Time 1.624 (1.627)	Data 0.000 (0.002)	Loss 4.0247 (3.9632)	Prec@1 10.938 (10.991)	Prec@5 31.250 (29.868)
2025-05-25 13:10:48,319 - my_logger - INFO - Train Epoch: [2][200/391]	Time 1.624 (1.626)	Data 0.001 (0.002)	Loss 3.9607 (3.9614)	Prec@1 10.156 (11.024)	Prec@5 27.344 (29.852)
2025-05-25 13:12:09,591 - my_logger - INFO - Train Epoch: [2][250/391]	Time 1.626 (1.626)	Data 0.000 (0.001)	Loss 3.9635 (3.9543)	Prec@1 14.062 (11.074)	Prec@5 32.031 (30.128)
2025-05-25 13:13:30,885 - my_logger - INFO - Train Epoch: [2][300/391]	Time 1.628 (1.626)	Data 0.000 (0.001)	Loss 3.8794 (3.9508)	Prec@1 14.844 (11.148)	Prec@5 32.031 (30.228)
2025-05-25 13:14:52,180 - my_logger - INFO - Train Epoch: [2][350/391]	Time 1.622 (1.626)	Data 0.001 (0.001)	Loss 3.8985 (3.9467)	Prec@1 7.031 (11.170)	Prec@5 25.781 (30.354)
2025-05-25 13:15:57,062 - my_logger - INFO - Test: [0/79]	Time 0.252 (0.252)	Loss 3.5061 (3.5061)	Prec@1 19.531 (19.531)	Prec@5 45.312 (45.312)
2025-05-25 13:15:57,748 - my_logger - INFO - Test: [10/79]	Time 0.069 (0.085)	Loss 3.6236 (3.5512)	Prec@1 16.406 (17.401)	Prec@5 40.625 (42.259)
2025-05-25 13:15:58,434 - my_logger - INFO - Test: [20/79]	Time 0.069 (0.077)	Loss 3.6677 (3.5336)	Prec@1 20.312 (18.155)	Prec@5 40.625 (43.452)
2025-05-25 13:15:59,120 - my_logger - INFO - Test: [30/79]	Time 0.069 (0.075)	Loss 3.5210 (3.5403)	Prec@1 20.312 (18.145)	Prec@5 44.531 (42.868)
2025-05-25 13:15:59,805 - my_logger - INFO - Test: [40/79]	Time 0.069 (0.073)	Loss 3.4975 (3.5501)	Prec@1 15.625 (18.007)	Prec@5 46.094 (42.721)
2025-05-25 13:16:00,491 - my_logger - INFO - Test: [50/79]	Time 0.068 (0.072)	Loss 3.5667 (3.5467)	Prec@1 14.062 (17.662)	Prec@5 44.531 (42.816)
2025-05-25 13:16:01,177 - my_logger - INFO - Test: [60/79]	Time 0.068 (0.072)	Loss 3.7932 (3.5507)	Prec@1 14.844 (17.738)	Prec@5 37.500 (42.431)
2025-05-25 13:16:01,862 - my_logger - INFO - Test: [70/79]	Time 0.069 (0.071)	Loss 3.5310 (3.5499)	Prec@1 15.625 (17.804)	Prec@5 42.969 (42.364)
2025-05-25 13:16:02,401 - my_logger - INFO -  * Prec@1 17.850 Prec@5 42.490
2025-05-25 13:16:11,227 - my_logger - INFO - Saved best model with accuracy 17.85%
2025-05-25 13:16:11,228 - my_logger - INFO - Learning rate set to 0.1
2025-05-25 13:16:12,982 - my_logger - INFO - Train Epoch: [3][0/391]	Time 1.752 (1.752)	Data 0.241 (0.241)	Loss 3.9283 (3.8446)	Prec@1 10.938 (11.328)	Prec@5 30.469 (30.957)
2025-05-25 13:17:34,288 - my_logger - INFO - Train Epoch: [3][50/391]	Time 1.622 (1.629)	Data 0.000 (0.005)	Loss 4.0434 (3.8992)	Prec@1 10.938 (11.615)	Prec@5 29.688 (30.961)
2025-05-25 13:18:55,580 - my_logger - INFO - Train Epoch: [3][100/391]	Time 1.627 (1.627)	Data 0.000 (0.003)	Loss 4.0399 (3.8970)	Prec@1 13.281 (11.882)	Prec@5 31.250 (31.236)
2025-05-25 13:20:16,886 - my_logger - INFO - Train Epoch: [3][150/391]	Time 1.622 (1.627)	Data 0.000 (0.002)	Loss 3.9351 (3.8835)	Prec@1 10.938 (12.227)	Prec@5 29.688 (31.692)
2025-05-25 13:21:38,205 - my_logger - INFO - Train Epoch: [3][200/391]	Time 1.625 (1.627)	Data 0.000 (0.002)	Loss 4.0457 (3.8877)	Prec@1 10.156 (12.168)	Prec@5 25.781 (31.833)
2025-05-25 13:22:59,528 - my_logger - INFO - Train Epoch: [3][250/391]	Time 1.626 (1.627)	Data 0.001 (0.001)	Loss 4.1299 (3.8818)	Prec@1 9.375 (12.201)	Prec@5 21.094 (31.853)
2025-05-25 13:24:20,841 - my_logger - INFO - Train Epoch: [3][300/391]	Time 1.624 (1.627)	Data 0.000 (0.001)	Loss 3.7882 (3.8752)	Prec@1 14.062 (12.300)	Prec@5 32.812 (32.180)
2025-05-25 13:25:42,144 - my_logger - INFO - Train Epoch: [3][350/391]	Time 1.626 (1.627)	Data 0.000 (0.001)	Loss 3.8788 (3.8699)	Prec@1 9.375 (12.427)	Prec@5 31.250 (32.428)
2025-05-25 13:26:47,018 - my_logger - INFO - Test: [0/79]	Time 0.254 (0.254)	Loss 3.4120 (3.4120)	Prec@1 18.750 (18.750)	Prec@5 48.438 (48.438)
2025-05-25 13:26:47,704 - my_logger - INFO - Test: [10/79]	Time 0.069 (0.085)	Loss 3.4160 (3.4327)	Prec@1 21.875 (18.750)	Prec@5 44.531 (45.312)
2025-05-25 13:26:48,390 - my_logger - INFO - Test: [20/79]	Time 0.069 (0.077)	Loss 3.5166 (3.4036)	Prec@1 17.969 (18.750)	Prec@5 42.969 (46.726)
2025-05-25 13:26:49,075 - my_logger - INFO - Test: [30/79]	Time 0.069 (0.075)	Loss 3.4164 (3.4082)	Prec@1 17.969 (18.674)	Prec@5 44.531 (46.497)
2025-05-25 13:26:49,761 - my_logger - INFO - Test: [40/79]	Time 0.069 (0.073)	Loss 3.3804 (3.4152)	Prec@1 17.188 (18.845)	Prec@5 49.219 (46.437)
2025-05-25 13:26:50,446 - my_logger - INFO - Test: [50/79]	Time 0.069 (0.072)	Loss 3.5180 (3.4203)	Prec@1 19.531 (18.873)	Prec@5 42.188 (45.925)
2025-05-25 13:26:51,132 - my_logger - INFO - Test: [60/79]	Time 0.069 (0.072)	Loss 3.6640 (3.4293)	Prec@1 13.281 (18.558)	Prec@5 36.719 (45.351)
2025-05-25 13:26:51,817 - my_logger - INFO - Test: [70/79]	Time 0.069 (0.071)	Loss 3.4434 (3.4333)	Prec@1 24.219 (18.629)	Prec@5 40.625 (45.412)
2025-05-25 13:26:52,356 - my_logger - INFO -  * Prec@1 18.680 Prec@5 45.350
2025-05-25 13:27:00,800 - my_logger - INFO - Saved best model with accuracy 18.68%
2025-05-25 13:27:00,801 - my_logger - INFO - Learning rate set to 0.1
2025-05-25 13:27:02,561 - my_logger - INFO - Train Epoch: [4][0/391]	Time 1.759 (1.759)	Data 0.239 (0.239)	Loss 4.1050 (3.9519)	Prec@1 13.281 (13.574)	Prec@5 29.688 (30.957)
2025-05-25 13:28:23,897 - my_logger - INFO - Train Epoch: [4][50/391]	Time 1.629 (1.629)	Data 0.000 (0.005)	Loss 4.0300 (3.8194)	Prec@1 14.062 (13.381)	Prec@5 32.812 (34.231)
2025-05-25 13:29:45,229 - my_logger - INFO - Train Epoch: [4][100/391]	Time 1.624 (1.628)	Data 0.000 (0.003)	Loss 3.7793 (3.8187)	Prec@1 13.281 (13.433)	Prec@5 35.938 (34.013)
2025-05-25 13:31:06,524 - my_logger - INFO - Train Epoch: [4][150/391]	Time 1.625 (1.627)	Data 0.001 (0.002)	Loss 3.7985 (3.8095)	Prec@1 14.844 (13.519)	Prec@5 33.594 (34.440)
2025-05-25 13:32:27,830 - my_logger - INFO - Train Epoch: [4][200/391]	Time 1.626 (1.627)	Data 0.001 (0.002)	Loss 4.0370 (3.8128)	Prec@1 9.375 (13.517)	Prec@5 29.688 (34.276)
2025-05-25 13:33:49,160 - my_logger - INFO - Train Epoch: [4][250/391]	Time 1.627 (1.627)	Data 0.000 (0.001)	Loss 4.0263 (3.8168)	Prec@1 10.156 (13.489)	Prec@5 27.344 (34.191)
2025-05-25 13:35:10,497 - my_logger - INFO - Train Epoch: [4][300/391]	Time 1.628 (1.627)	Data 0.000 (0.001)	Loss 3.9110 (3.8149)	Prec@1 13.281 (13.633)	Prec@5 29.688 (34.309)
2025-05-25 13:36:31,836 - my_logger - INFO - Train Epoch: [4][350/391]	Time 1.627 (1.627)	Data 0.000 (0.001)	Loss 3.8012 (3.8136)	Prec@1 15.625 (13.593)	Prec@5 38.281 (34.301)
2025-05-25 13:37:36,702 - my_logger - INFO - Test: [0/79]	Time 0.229 (0.229)	Loss 3.3394 (3.3394)	Prec@1 21.094 (21.094)	Prec@5 47.656 (47.656)
2025-05-25 13:37:37,388 - my_logger - INFO - Test: [10/79]	Time 0.069 (0.083)	Loss 3.5136 (3.4745)	Prec@1 14.844 (18.608)	Prec@5 51.562 (44.460)
2025-05-25 13:37:38,075 - my_logger - INFO - Test: [20/79]	Time 0.069 (0.076)	Loss 3.5832 (3.4379)	Prec@1 14.844 (18.750)	Prec@5 45.312 (46.317)
2025-05-25 13:37:38,761 - my_logger - INFO - Test: [30/79]	Time 0.069 (0.074)	Loss 3.4473 (3.4314)	Prec@1 18.750 (18.926)	Prec@5 43.750 (46.018)
2025-05-25 13:37:39,446 - my_logger - INFO - Test: [40/79]	Time 0.069 (0.073)	Loss 3.4400 (3.4302)	Prec@1 20.312 (19.055)	Prec@5 45.312 (46.399)
2025-05-25 13:37:40,132 - my_logger - INFO - Test: [50/79]	Time 0.069 (0.072)	Loss 3.6325 (3.4384)	Prec@1 12.500 (18.719)	Prec@5 44.531 (46.278)
2025-05-25 13:37:40,818 - my_logger - INFO - Test: [60/79]	Time 0.069 (0.071)	Loss 3.7067 (3.4472)	Prec@1 12.500 (18.673)	Prec@5 41.406 (46.004)
2025-05-25 13:37:41,504 - my_logger - INFO - Test: [70/79]	Time 0.069 (0.071)	Loss 3.4354 (3.4500)	Prec@1 19.531 (18.695)	Prec@5 47.656 (45.962)
2025-05-25 13:37:42,038 - my_logger - INFO -  * Prec@1 18.450 Prec@5 45.830
2025-05-25 13:37:46,234 - my_logger - INFO - Learning rate set to 0.1
2025-05-25 13:37:47,990 - my_logger - INFO - Train Epoch: [5][0/391]	Time 1.754 (1.754)	Data 0.240 (0.240)	Loss 3.9938 (3.8514)	Prec@1 14.062 (14.062)	Prec@5 31.250 (36.035)
2025-05-25 13:39:09,345 - my_logger - INFO - Train Epoch: [5][50/391]	Time 1.625 (1.630)	Data 0.000 (0.005)	Loss 3.9966 (3.7778)	Prec@1 10.938 (14.262)	Prec@5 31.250 (35.830)
2025-05-25 13:40:30,688 - my_logger - INFO - Train Epoch: [5][100/391]	Time 1.632 (1.628)	Data 0.000 (0.003)	Loss 3.9462 (3.7762)	Prec@1 12.500 (13.800)	Prec@5 36.719 (35.421)
2025-05-25 13:41:52,032 - my_logger - INFO - Train Epoch: [5][150/391]	Time 1.631 (1.628)	Data 0.000 (0.002)	Loss 3.9593 (3.7837)	Prec@1 13.281 (13.693)	Prec@5 31.250 (35.297)
2025-05-25 13:43:13,369 - my_logger - INFO - Train Epoch: [5][200/391]	Time 1.629 (1.628)	Data 0.001 (0.002)	Loss 3.9456 (3.7757)	Prec@1 13.281 (13.864)	Prec@5 32.031 (35.579)
2025-05-25 13:44:34,708 - my_logger - INFO - Train Epoch: [5][250/391]	Time 1.631 (1.627)	Data 0.000 (0.001)	Loss 3.7850 (3.7809)	Prec@1 15.625 (13.900)	Prec@5 42.188 (35.517)
2025-05-25 13:45:56,036 - my_logger - INFO - Train Epoch: [5][300/391]	Time 1.623 (1.627)	Data 0.000 (0.001)	Loss 3.7365 (3.7791)	Prec@1 11.719 (13.994)	Prec@5 35.156 (35.348)
2025-05-25 13:47:17,376 - my_logger - INFO - Train Epoch: [5][350/391]	Time 1.627 (1.627)	Data 0.000 (0.001)	Loss 3.7578 (3.7767)	Prec@1 17.188 (14.008)	Prec@5 36.719 (35.375)
2025-05-25 13:48:22,257 - my_logger - INFO - Test: [0/79]	Time 0.242 (0.242)	Loss 3.1768 (3.1768)	Prec@1 24.219 (24.219)	Prec@5 52.344 (52.344)
2025-05-25 13:48:22,944 - my_logger - INFO - Test: [10/79]	Time 0.069 (0.084)	Loss 3.3895 (3.3598)	Prec@1 17.969 (19.531)	Prec@5 53.125 (48.153)
2025-05-25 13:48:23,630 - my_logger - INFO - Test: [20/79]	Time 0.069 (0.077)	Loss 3.2809 (3.2957)	Prec@1 17.969 (21.057)	Prec@5 50.781 (49.814)
2025-05-25 13:48:24,317 - my_logger - INFO - Test: [30/79]	Time 0.069 (0.074)	Loss 3.2776 (3.3146)	Prec@1 17.969 (20.766)	Prec@5 43.750 (48.261)
2025-05-25 13:48:25,003 - my_logger - INFO - Test: [40/79]	Time 0.069 (0.073)	Loss 3.2282 (3.3121)	Prec@1 22.656 (21.132)	Prec@5 52.344 (48.590)
2025-05-25 13:48:25,689 - my_logger - INFO - Test: [50/79]	Time 0.069 (0.072)	Loss 3.2502 (3.3136)	Prec@1 22.656 (20.772)	Prec@5 47.656 (48.223)
2025-05-25 13:48:26,375 - my_logger - INFO - Test: [60/79]	Time 0.069 (0.071)	Loss 3.5442 (3.3209)	Prec@1 17.188 (20.607)	Prec@5 39.844 (47.759)
2025-05-25 13:48:27,061 - my_logger - INFO - Test: [70/79]	Time 0.069 (0.071)	Loss 3.2442 (3.3195)	Prec@1 22.656 (20.654)	Prec@5 47.656 (47.865)
2025-05-25 13:48:27,600 - my_logger - INFO -  * Prec@1 20.740 Prec@5 48.120
2025-05-25 13:48:36,346 - my_logger - INFO - Saved best model with accuracy 20.74%
2025-05-25 13:48:36,347 - my_logger - INFO - Learning rate set to 0.1
2025-05-25 13:48:38,111 - my_logger - INFO - Train Epoch: [6][0/391]	Time 1.763 (1.763)	Data 0.247 (0.247)	Loss 3.8823 (3.7084)	Prec@1 15.625 (17.578)	Prec@5 33.594 (38.477)
2025-05-25 13:49:59,416 - my_logger - INFO - Train Epoch: [6][50/391]	Time 1.631 (1.629)	Data 0.000 (0.005)	Loss 3.9613 (3.7701)	Prec@1 9.375 (14.003)	Prec@5 31.250 (35.825)
2025-05-25 13:51:20,692 - my_logger - INFO - Train Epoch: [6][100/391]	Time 1.620 (1.627)	Data 0.000 (0.003)	Loss 3.5605 (3.7554)	Prec@1 21.094 (14.296)	Prec@5 42.188 (36.732)
2025-05-25 13:52:41,978 - my_logger - INFO - Train Epoch: [6][150/391]	Time 1.625 (1.627)	Data 0.000 (0.002)	Loss 3.8289 (3.7513)	Prec@1 10.156 (14.570)	Prec@5 27.344 (36.734)
2025-05-25 13:54:03,258 - my_logger - INFO - Train Epoch: [6][200/391]	Time 1.625 (1.626)	Data 0.001 (0.002)	Loss 3.8893 (3.7523)	Prec@1 11.719 (14.415)	Prec@5 35.156 (36.551)
2025-05-25 13:55:24,524 - my_logger - INFO - Train Epoch: [6][250/391]	Time 1.625 (1.626)	Data 0.000 (0.001)	Loss 3.7230 (3.7541)	Prec@1 13.281 (14.516)	Prec@5 42.188 (36.554)
2025-05-25 13:56:45,811 - my_logger - INFO - Train Epoch: [6][300/391]	Time 1.623 (1.626)	Data 0.000 (0.001)	Loss 3.6996 (3.7559)	Prec@1 15.625 (14.469)	Prec@5 40.625 (36.449)
2025-05-25 13:58:07,102 - my_logger - INFO - Train Epoch: [6][350/391]	Time 1.629 (1.626)	Data 0.000 (0.001)	Loss 3.8497 (3.7517)	Prec@1 10.938 (14.516)	Prec@5 32.031 (36.438)
2025-05-25 13:59:11,939 - my_logger - INFO - Test: [0/79]	Time 0.233 (0.233)	Loss 3.2951 (3.2951)	Prec@1 21.875 (21.875)	Prec@5 52.344 (52.344)
2025-05-25 13:59:12,625 - my_logger - INFO - Test: [10/79]	Time 0.069 (0.084)	Loss 3.3033 (3.3310)	Prec@1 17.969 (20.810)	Prec@5 47.656 (48.509)
2025-05-25 13:59:13,312 - my_logger - INFO - Test: [20/79]	Time 0.069 (0.076)	Loss 3.3701 (3.2930)	Prec@1 23.438 (21.019)	Prec@5 50.000 (50.558)
2025-05-25 13:59:13,998 - my_logger - INFO - Test: [30/79]	Time 0.069 (0.074)	Loss 3.1770 (3.3095)	Prec@1 22.656 (20.691)	Prec@5 49.219 (49.849)
2025-05-25 13:59:14,684 - my_logger - INFO - Test: [40/79]	Time 0.069 (0.073)	Loss 3.3475 (3.3172)	Prec@1 20.312 (20.789)	Prec@5 49.219 (49.543)
2025-05-25 13:59:15,370 - my_logger - INFO - Test: [50/79]	Time 0.069 (0.072)	Loss 3.4137 (3.3192)	Prec@1 22.656 (20.588)	Prec@5 46.875 (49.341)
2025-05-25 13:59:16,056 - my_logger - INFO - Test: [60/79]	Time 0.069 (0.071)	Loss 3.6618 (3.3286)	Prec@1 12.500 (20.389)	Prec@5 43.750 (49.116)
2025-05-25 13:59:16,742 - my_logger - INFO - Test: [70/79]	Time 0.069 (0.071)	Loss 3.3735 (3.3290)	Prec@1 17.969 (20.445)	Prec@5 50.000 (48.988)
2025-05-25 13:59:17,281 - my_logger - INFO -  * Prec@1 20.380 Prec@5 49.160
2025-05-25 13:59:17,281 - my_logger - INFO - Learning rate set to 0.010000000000000002
2025-05-25 13:59:19,004 - my_logger - INFO - Train Epoch: [7][0/391]	Time 1.721 (1.721)	Data 0.210 (0.210)	Loss 4.0343 (3.7042)	Prec@1 11.719 (15.234)	Prec@5 28.906 (36.719)
2025-05-25 14:00:40,289 - my_logger - INFO - Train Epoch: [7][50/391]	Time 1.623 (1.628)	Data 0.000 (0.005)	Loss 4.0188 (3.7288)	Prec@1 12.500 (14.930)	Prec@5 31.250 (37.157)
2025-05-25 14:02:01,576 - my_logger - INFO - Train Epoch: [7][100/391]	Time 1.624 (1.627)	Data 0.001 (0.003)	Loss 4.1514 (3.6679)	Prec@1 8.594 (16.272)	Prec@5 28.906 (39.072)
2025-05-25 14:03:22,862 - my_logger - INFO - Train Epoch: [7][150/391]	Time 1.629 (1.626)	Data 0.000 (0.002)	Loss 4.0940 (3.6441)	Prec@1 11.719 (16.889)	Prec@5 28.906 (39.678)
2025-05-25 14:04:44,149 - my_logger - INFO - Train Epoch: [7][200/391]	Time 1.628 (1.626)	Data 0.001 (0.001)	Loss 4.1143 (3.6173)	Prec@1 12.500 (17.475)	Prec@5 32.031 (40.310)
2025-05-25 14:06:05,432 - my_logger - INFO - Train Epoch: [7][250/391]	Time 1.627 (1.626)	Data 0.000 (0.001)	Loss 3.9757 (3.6018)	Prec@1 13.281 (17.814)	Prec@5 34.375 (40.655)
2025-05-25 14:07:26,715 - my_logger - INFO - Train Epoch: [7][300/391]	Time 1.626 (1.626)	Data 0.000 (0.001)	Loss 4.0251 (3.5850)	Prec@1 13.281 (18.162)	Prec@5 32.031 (41.181)
2025-05-25 14:08:48,000 - my_logger - INFO - Train Epoch: [7][350/391]	Time 1.627 (1.626)	Data 0.000 (0.001)	Loss 4.0536 (3.5745)	Prec@1 14.062 (18.300)	Prec@5 29.688 (41.474)
2025-05-25 14:09:52,854 - my_logger - INFO - Test: [0/79]	Time 0.236 (0.236)	Loss 2.6211 (2.6211)	Prec@1 35.938 (35.938)	Prec@5 67.188 (67.188)
2025-05-25 14:09:53,541 - my_logger - INFO - Test: [10/79]	Time 0.069 (0.084)	Loss 2.6389 (2.6907)	Prec@1 35.156 (34.872)	Prec@5 67.188 (64.560)
2025-05-25 14:09:54,227 - my_logger - INFO - Test: [20/79]	Time 0.069 (0.077)	Loss 2.7697 (2.6515)	Prec@1 34.375 (36.310)	Prec@5 65.625 (65.439)
2025-05-25 14:09:54,913 - my_logger - INFO - Test: [30/79]	Time 0.069 (0.074)	Loss 2.6252 (2.6556)	Prec@1 37.500 (35.963)	Prec@5 64.062 (65.146)
2025-05-25 14:09:55,599 - my_logger - INFO - Test: [40/79]	Time 0.069 (0.073)	Loss 2.5062 (2.6636)	Prec@1 34.375 (35.938)	Prec@5 69.531 (64.806)
2025-05-25 14:09:56,285 - my_logger - INFO - Test: [50/79]	Time 0.069 (0.072)	Loss 2.6578 (2.6559)	Prec@1 32.031 (36.060)	Prec@5 68.750 (65.119)
2025-05-25 14:09:56,970 - my_logger - INFO - Test: [60/79]	Time 0.068 (0.071)	Loss 2.9296 (2.6629)	Prec@1 30.469 (35.771)	Prec@5 64.844 (65.074)
2025-05-25 14:09:57,656 - my_logger - INFO - Test: [70/79]	Time 0.069 (0.071)	Loss 2.6849 (2.6635)	Prec@1 33.594 (35.673)	Prec@5 64.062 (64.877)
2025-05-25 14:09:58,194 - my_logger - INFO -  * Prec@1 35.760 Prec@5 64.810
2025-05-25 14:10:06,476 - my_logger - INFO - Saved best model with accuracy 35.76%
2025-05-25 14:10:06,477 - my_logger - INFO - Learning rate set to 0.010000000000000002
2025-05-25 14:10:08,212 - my_logger - INFO - Train Epoch: [8][0/391]	Time 1.734 (1.734)	Data 0.214 (0.214)	Loss 4.0169 (3.5455)	Prec@1 15.625 (19.922)	Prec@5 33.594 (44.922)
2025-05-25 14:11:29,525 - my_logger - INFO - Train Epoch: [8][50/391]	Time 1.629 (1.628)	Data 0.000 (0.005)	Loss 3.5800 (3.5138)	Prec@1 12.500 (19.566)	Prec@5 37.500 (43.133)
2025-05-25 14:12:50,861 - my_logger - INFO - Train Epoch: [8][100/391]	Time 1.629 (1.628)	Data 0.001 (0.003)	Loss 3.8387 (3.4963)	Prec@1 7.812 (19.812)	Prec@5 37.500 (43.756)
2025-05-25 14:14:12,180 - my_logger - INFO - Train Epoch: [8][150/391]	Time 1.623 (1.627)	Data 0.000 (0.002)	Loss 3.9581 (3.4848)	Prec@1 14.844 (19.959)	Prec@5 32.031 (44.097)
2025-05-25 14:15:33,516 - my_logger - INFO - Train Epoch: [8][200/391]	Time 1.629 (1.627)	Data 0.001 (0.002)	Loss 3.7638 (3.4786)	Prec@1 14.062 (20.082)	Prec@5 28.125 (43.950)
2025-05-25 14:16:54,822 - my_logger - INFO - Train Epoch: [8][250/391]	Time 1.626 (1.627)	Data 0.000 (0.001)	Loss 3.8932 (3.4654)	Prec@1 13.281 (20.388)	Prec@5 36.719 (44.301)
2025-05-25 14:18:16,165 - my_logger - INFO - Train Epoch: [8][300/391]	Time 1.628 (1.627)	Data 0.001 (0.001)	Loss 3.7016 (3.4639)	Prec@1 14.062 (20.408)	Prec@5 43.750 (44.287)
2025-05-25 14:19:37,496 - my_logger - INFO - Train Epoch: [8][350/391]	Time 1.624 (1.627)	Data 0.000 (0.001)	Loss 3.9982 (3.4646)	Prec@1 10.938 (20.292)	Prec@5 29.688 (44.276)
2025-05-25 14:20:42,362 - my_logger - INFO - Test: [0/79]	Time 0.234 (0.234)	Loss 2.4824 (2.4824)	Prec@1 43.750 (43.750)	Prec@5 71.094 (71.094)
2025-05-25 14:20:43,049 - my_logger - INFO - Test: [10/79]	Time 0.069 (0.084)	Loss 2.5718 (2.6330)	Prec@1 38.281 (35.369)	Prec@5 67.188 (65.270)
2025-05-25 14:20:43,735 - my_logger - INFO - Test: [20/79]	Time 0.069 (0.077)	Loss 2.7590 (2.6013)	Prec@1 35.156 (36.347)	Prec@5 64.844 (65.885)
2025-05-25 14:20:44,421 - my_logger - INFO - Test: [30/79]	Time 0.069 (0.074)	Loss 2.5636 (2.6000)	Prec@1 36.719 (35.887)	Prec@5 65.625 (65.524)
2025-05-25 14:20:45,107 - my_logger - INFO - Test: [40/79]	Time 0.069 (0.073)	Loss 2.4188 (2.6009)	Prec@1 38.281 (36.204)	Prec@5 72.656 (65.549)
2025-05-25 14:20:45,793 - my_logger - INFO - Test: [50/79]	Time 0.069 (0.072)	Loss 2.6181 (2.5953)	Prec@1 33.594 (36.137)	Prec@5 66.406 (65.702)
2025-05-25 14:20:46,480 - my_logger - INFO - Test: [60/79]	Time 0.069 (0.071)	Loss 2.8807 (2.6002)	Prec@1 27.344 (35.899)	Prec@5 63.281 (65.702)
2025-05-25 14:20:47,166 - my_logger - INFO - Test: [70/79]	Time 0.069 (0.071)	Loss 2.6287 (2.5945)	Prec@1 36.719 (36.004)	Prec@5 63.281 (65.680)
2025-05-25 14:20:47,705 - my_logger - INFO -  * Prec@1 36.020 Prec@5 65.520
2025-05-25 14:20:56,557 - my_logger - INFO - Saved best model with accuracy 36.02%
2025-05-25 14:20:56,558 - my_logger - INFO - Learning rate set to 0.010000000000000002
2025-05-25 14:20:58,346 - my_logger - INFO - Train Epoch: [9][0/391]	Time 1.786 (1.786)	Data 0.270 (0.270)	Loss 3.9260 (3.4938)	Prec@1 9.375 (15.723)	Prec@5 32.031 (43.555)
2025-05-25 14:22:19,690 - my_logger - INFO - Train Epoch: [9][50/391]	Time 1.622 (1.630)	Data 0.006 (0.006)	Loss 3.7654 (3.4256)	Prec@1 14.844 (20.835)	Prec@5 32.812 (45.330)
2025-05-25 14:23:41,000 - my_logger - INFO - Train Epoch: [9][100/391]	Time 1.627 (1.628)	Data 0.000 (0.003)	Loss 3.6424 (3.4272)	Prec@1 17.969 (20.675)	Prec@5 46.875 (45.513)
2025-05-25 14:25:02,341 - my_logger - INFO - Train Epoch: [9][150/391]	Time 1.632 (1.628)	Data 0.001 (0.002)	Loss 3.7981 (3.4212)	Prec@1 15.625 (20.913)	Prec@5 39.062 (45.569)
2025-05-25 14:26:23,659 - my_logger - INFO - Train Epoch: [9][200/391]	Time 1.628 (1.627)	Data 0.000 (0.002)	Loss 3.8654 (3.4208)	Prec@1 13.281 (21.113)	Prec@5 35.938 (45.472)
2025-05-25 14:27:44,972 - my_logger - INFO - Train Epoch: [9][250/391]	Time 1.626 (1.627)	Data 0.000 (0.002)	Loss 3.8633 (3.4167)	Prec@1 15.625 (21.147)	Prec@5 32.812 (45.635)
2025-05-25 14:29:06,306 - my_logger - INFO - Train Epoch: [9][300/391]	Time 1.626 (1.627)	Data 0.001 (0.001)	Loss 4.0220 (3.4180)	Prec@1 10.156 (21.107)	Prec@5 28.906 (45.651)
2025-05-25 14:30:27,632 - my_logger - INFO - Train Epoch: [9][350/391]	Time 1.627 (1.627)	Data 0.000 (0.001)	Loss 3.6579 (3.4162)	Prec@1 17.969 (21.147)	Prec@5 39.062 (45.740)
2025-05-25 14:31:32,542 - my_logger - INFO - Test: [0/79]	Time 0.243 (0.243)	Loss 2.4643 (2.4643)	Prec@1 39.844 (39.844)	Prec@5 68.750 (68.750)
2025-05-25 14:31:33,228 - my_logger - INFO - Test: [10/79]	Time 0.068 (0.085)	Loss 2.5172 (2.5670)	Prec@1 43.750 (37.287)	Prec@5 68.750 (67.259)
2025-05-25 14:31:33,915 - my_logger - INFO - Test: [20/79]	Time 0.068 (0.077)	Loss 2.6158 (2.5332)	Prec@1 35.938 (38.839)	Prec@5 69.531 (67.597)
2025-05-25 14:31:34,600 - my_logger - INFO - Test: [30/79]	Time 0.068 (0.074)	Loss 2.5298 (2.5368)	Prec@1 37.500 (38.256)	Prec@5 69.531 (67.490)
2025-05-25 14:31:35,285 - my_logger - INFO - Test: [40/79]	Time 0.069 (0.073)	Loss 2.3869 (2.5486)	Prec@1 37.500 (37.995)	Prec@5 71.094 (67.073)
2025-05-25 14:31:35,970 - my_logger - INFO - Test: [50/79]	Time 0.069 (0.072)	Loss 2.5056 (2.5397)	Prec@1 40.625 (38.327)	Prec@5 71.094 (67.570)
2025-05-25 14:31:36,655 - my_logger - INFO - Test: [60/79]	Time 0.068 (0.071)	Loss 2.8177 (2.5482)	Prec@1 33.594 (37.974)	Prec@5 63.281 (67.290)
2025-05-25 14:31:37,340 - my_logger - INFO - Test: [70/79]	Time 0.068 (0.071)	Loss 2.5095 (2.5439)	Prec@1 36.719 (38.094)	Prec@5 67.188 (67.375)
2025-05-25 14:31:37,874 - my_logger - INFO -  * Prec@1 38.110 Prec@5 67.350
2025-05-25 14:31:46,780 - my_logger - INFO - Saved best model with accuracy 38.11%
2025-05-25 14:31:46,781 - my_logger - INFO - Learning rate set to 0.010000000000000002
2025-05-25 14:31:48,548 - my_logger - INFO - Train Epoch: [10][0/391]	Time 1.765 (1.765)	Data 0.241 (0.241)	Loss 3.8584 (3.4473)	Prec@1 14.844 (19.922)	Prec@5 30.469 (42.090)
2025-05-25 14:33:09,772 - my_logger - INFO - Train Epoch: [10][50/391]	Time 1.626 (1.627)	Data 0.001 (0.005)	Loss 3.6732 (3.3618)	Prec@1 13.281 (22.325)	Prec@5 42.969 (46.796)
2025-05-25 14:34:31,108 - my_logger - INFO - Train Epoch: [10][100/391]	Time 1.626 (1.627)	Data 0.000 (0.003)	Loss 3.9767 (3.3668)	Prec@1 14.062 (22.062)	Prec@5 34.375 (46.912)
2025-05-25 14:35:52,451 - my_logger - INFO - Train Epoch: [10][150/391]	Time 1.629 (1.627)	Data 0.000 (0.002)	Loss 3.9394 (3.3701)	Prec@1 13.281 (22.031)	Prec@5 36.719 (46.758)
2025-05-25 14:37:13,797 - my_logger - INFO - Train Epoch: [10][200/391]	Time 1.626 (1.627)	Data 0.001 (0.002)	Loss 4.0305 (3.3757)	Prec@1 14.062 (21.991)	Prec@5 33.594 (46.633)
2025-05-25 14:38:35,166 - my_logger - INFO - Train Epoch: [10][250/391]	Time 1.622 (1.627)	Data 0.000 (0.001)	Loss 3.3836 (3.3781)	Prec@1 18.750 (21.914)	Prec@5 43.750 (46.474)
2025-05-25 14:39:56,552 - my_logger - INFO - Train Epoch: [10][300/391]	Time 1.625 (1.627)	Data 0.001 (0.001)	Loss 3.5091 (3.3789)	Prec@1 17.969 (21.861)	Prec@5 40.625 (46.514)
2025-05-25 14:41:17,905 - my_logger - INFO - Train Epoch: [10][350/391]	Time 1.630 (1.627)	Data 0.000 (0.001)	Loss 3.7740 (3.3780)	Prec@1 13.281 (21.896)	Prec@5 38.281 (46.589)
2025-05-25 14:42:22,795 - my_logger - INFO - Test: [0/79]	Time 0.235 (0.235)	Loss 2.4220 (2.4220)	Prec@1 42.969 (42.969)	Prec@5 68.750 (68.750)
2025-05-25 14:42:23,482 - my_logger - INFO - Test: [10/79]	Time 0.069 (0.084)	Loss 2.4943 (2.5455)	Prec@1 40.625 (38.565)	Prec@5 67.969 (65.909)
2025-05-25 14:42:24,169 - my_logger - INFO - Test: [20/79]	Time 0.069 (0.077)	Loss 2.5591 (2.5052)	Prec@1 40.625 (39.583)	Prec@5 70.312 (67.374)
2025-05-25 14:42:24,855 - my_logger - INFO - Test: [30/79]	Time 0.069 (0.074)	Loss 2.5468 (2.5124)	Prec@1 36.719 (38.936)	Prec@5 67.969 (67.162)
2025-05-25 14:42:25,541 - my_logger - INFO - Test: [40/79]	Time 0.069 (0.073)	Loss 2.2897 (2.5178)	Prec@1 43.750 (38.948)	Prec@5 73.438 (67.016)
2025-05-25 14:42:26,227 - my_logger - INFO - Test: [50/79]	Time 0.069 (0.072)	Loss 2.5125 (2.5079)	Prec@1 40.625 (39.032)	Prec@5 68.750 (67.570)
2025-05-25 14:42:26,913 - my_logger - INFO - Test: [60/79]	Time 0.069 (0.071)	Loss 2.7169 (2.5146)	Prec@1 36.719 (38.819)	Prec@5 64.062 (67.508)
2025-05-25 14:42:27,599 - my_logger - INFO - Test: [70/79]	Time 0.069 (0.071)	Loss 2.4791 (2.5142)	Prec@1 35.156 (38.875)	Prec@5 69.531 (67.650)
2025-05-25 14:42:28,136 - my_logger - INFO -  * Prec@1 38.870 Prec@5 67.550
2025-05-25 14:42:36,730 - my_logger - INFO - Saved best model with accuracy 38.87%
2025-05-25 14:42:36,732 - my_logger - INFO - Learning rate set to 0.010000000000000002
2025-05-25 14:42:38,504 - my_logger - INFO - Train Epoch: [11][0/391]	Time 1.770 (1.770)	Data 0.251 (0.251)	Loss 3.6474 (3.2602)	Prec@1 14.844 (22.266)	Prec@5 42.969 (50.586)
2025-05-25 14:43:59,861 - my_logger - INFO - Train Epoch: [11][50/391]	Time 1.630 (1.630)	Data 0.001 (0.005)	Loss 3.7296 (3.3392)	Prec@1 16.406 (22.178)	Prec@5 39.062 (47.783)
2025-05-25 14:45:21,201 - my_logger - INFO - Train Epoch: [11][100/391]	Time 1.628 (1.628)	Data 0.000 (0.003)	Loss 4.1453 (3.3533)	Prec@1 10.156 (21.857)	Prec@5 32.812 (47.512)
2025-05-25 14:46:42,538 - my_logger - INFO - Train Epoch: [11][150/391]	Time 1.632 (1.628)	Data 0.001 (0.002)	Loss 4.0115 (3.3525)	Prec@1 13.281 (21.936)	Prec@5 32.031 (47.343)
2025-05-25 14:48:03,825 - my_logger - INFO - Train Epoch: [11][200/391]	Time 1.625 (1.627)	Data 0.001 (0.002)	Loss 3.7985 (3.3507)	Prec@1 14.844 (22.083)	Prec@5 36.719 (47.383)
2025-05-25 14:49:25,141 - my_logger - INFO - Train Epoch: [11][250/391]	Time 1.625 (1.627)	Data 0.000 (0.002)	Loss 3.7592 (3.3467)	Prec@1 17.969 (22.180)	Prec@5 42.188 (47.483)
2025-05-25 14:50:46,477 - my_logger - INFO - Train Epoch: [11][300/391]	Time 1.630 (1.627)	Data 0.001 (0.001)	Loss 3.8381 (3.3547)	Prec@1 17.188 (22.073)	Prec@5 39.062 (47.224)
2025-05-25 14:52:07,783 - my_logger - INFO - Train Epoch: [11][350/391]	Time 1.626 (1.627)	Data 0.000 (0.001)	Loss 3.9096 (3.3526)	Prec@1 14.062 (22.124)	Prec@5 37.500 (47.253)
2025-05-25 14:53:12,651 - my_logger - INFO - Test: [0/79]	Time 0.238 (0.238)	Loss 2.4078 (2.4078)	Prec@1 42.969 (42.969)	Prec@5 68.750 (68.750)
2025-05-25 14:53:13,338 - my_logger - INFO - Test: [10/79]	Time 0.069 (0.084)	Loss 2.3729 (2.4710)	Prec@1 41.406 (38.778)	Prec@5 71.094 (68.324)
2025-05-25 14:53:14,025 - my_logger - INFO - Test: [20/79]	Time 0.069 (0.077)	Loss 2.5917 (2.4439)	Prec@1 39.844 (39.546)	Prec@5 69.531 (69.159)
2025-05-25 14:53:14,711 - my_logger - INFO - Test: [30/79]	Time 0.069 (0.074)	Loss 2.4890 (2.4532)	Prec@1 38.281 (38.810)	Prec@5 68.750 (68.876)
2025-05-25 14:53:15,397 - my_logger - INFO - Test: [40/79]	Time 0.069 (0.073)	Loss 2.1752 (2.4607)	Prec@1 42.969 (38.777)	Prec@5 75.781 (68.712)
2025-05-25 14:53:16,084 - my_logger - INFO - Test: [50/79]	Time 0.069 (0.072)	Loss 2.5318 (2.4526)	Prec@1 38.281 (38.925)	Prec@5 66.406 (69.087)
2025-05-25 14:53:16,770 - my_logger - INFO - Test: [60/79]	Time 0.069 (0.071)	Loss 2.7181 (2.4614)	Prec@1 34.375 (38.691)	Prec@5 65.625 (68.737)
2025-05-25 14:53:17,455 - my_logger - INFO - Test: [70/79]	Time 0.069 (0.071)	Loss 2.5639 (2.4581)	Prec@1 33.594 (38.798)	Prec@5 65.625 (68.728)
2025-05-25 14:53:17,991 - my_logger - INFO -  * Prec@1 38.920 Prec@5 68.710
2025-05-25 14:53:26,609 - my_logger - INFO - Saved best model with accuracy 38.92%
2025-05-25 14:53:26,610 - my_logger - INFO - Learning rate set to 0.010000000000000002
2025-05-25 14:53:28,376 - my_logger - INFO - Train Epoch: [12][0/391]	Time 1.764 (1.764)	Data 0.241 (0.241)	Loss 3.5100 (3.1458)	Prec@1 18.750 (27.344)	Prec@5 43.750 (53.320)
2025-05-25 14:54:49,682 - my_logger - INFO - Train Epoch: [12][50/391]	Time 1.626 (1.629)	Data 0.001 (0.005)	Loss 3.8960 (3.3373)	Prec@1 14.844 (22.526)	Prec@5 35.156 (47.652)
2025-05-25 14:56:11,013 - my_logger - INFO - Train Epoch: [12][100/391]	Time 1.631 (1.628)	Data 0.000 (0.003)	Loss 3.6755 (3.3253)	Prec@1 13.281 (22.888)	Prec@5 42.188 (48.012)
2025-05-25 14:57:32,317 - my_logger - INFO - Train Epoch: [12][150/391]	Time 1.625 (1.627)	Data 0.001 (0.002)	Loss 3.8909 (3.3288)	Prec@1 14.844 (22.718)	Prec@5 35.938 (48.013)
2025-05-25 14:58:53,616 - my_logger - INFO - Train Epoch: [12][200/391]	Time 1.623 (1.627)	Data 0.000 (0.002)	Loss 3.8472 (3.3310)	Prec@1 17.188 (22.660)	Prec@5 33.594 (47.851)
2025-05-25 15:00:14,930 - my_logger - INFO - Train Epoch: [12][250/391]	Time 1.626 (1.627)	Data 0.000 (0.001)	Loss 3.5129 (3.3261)	Prec@1 18.750 (22.828)	Prec@5 42.969 (47.898)
2025-05-25 15:01:36,224 - my_logger - INFO - Train Epoch: [12][300/391]	Time 1.625 (1.627)	Data 0.001 (0.001)	Loss 3.7185 (3.3239)	Prec@1 17.188 (22.792)	Prec@5 33.594 (47.873)
2025-05-25 15:02:57,569 - my_logger - INFO - Train Epoch: [12][350/391]	Time 1.625 (1.627)	Data 0.001 (0.001)	Loss 3.7769 (3.3248)	Prec@1 16.406 (22.748)	Prec@5 42.188 (47.879)
2025-05-25 15:04:02,444 - my_logger - INFO - Test: [0/79]	Time 0.239 (0.239)	Loss 2.3791 (2.3791)	Prec@1 46.094 (46.094)	Prec@5 72.656 (72.656)
2025-05-25 15:04:03,131 - my_logger - INFO - Test: [10/79]	Time 0.069 (0.084)	Loss 2.5512 (2.4792)	Prec@1 38.281 (38.920)	Prec@5 67.188 (67.614)
2025-05-25 15:04:03,817 - my_logger - INFO - Test: [20/79]	Time 0.069 (0.077)	Loss 2.5126 (2.4611)	Prec@1 41.406 (39.025)	Prec@5 67.969 (68.862)
2025-05-25 15:04:04,504 - my_logger - INFO - Test: [30/79]	Time 0.069 (0.074)	Loss 2.4547 (2.4654)	Prec@1 40.625 (38.710)	Prec@5 68.750 (68.674)
2025-05-25 15:04:05,189 - my_logger - INFO - Test: [40/79]	Time 0.069 (0.073)	Loss 2.2784 (2.4729)	Prec@1 39.844 (38.510)	Prec@5 71.094 (68.407)
2025-05-25 15:04:05,875 - my_logger - INFO - Test: [50/79]	Time 0.069 (0.072)	Loss 2.5238 (2.4621)	Prec@1 39.062 (38.664)	Prec@5 64.844 (68.811)
2025-05-25 15:04:06,561 - my_logger - INFO - Test: [60/79]	Time 0.069 (0.071)	Loss 2.7057 (2.4701)	Prec@1 35.938 (38.435)	Prec@5 64.062 (68.712)
2025-05-25 15:04:07,247 - my_logger - INFO - Test: [70/79]	Time 0.069 (0.071)	Loss 2.4587 (2.4713)	Prec@1 38.281 (38.259)	Prec@5 67.188 (68.629)
2025-05-25 15:04:07,783 - my_logger - INFO -  * Prec@1 38.290 Prec@5 68.530
2025-05-25 15:04:07,784 - my_logger - INFO - Learning rate set to 0.010000000000000002
2025-05-25 15:04:09,515 - my_logger - INFO - Train Epoch: [13][0/391]	Time 1.730 (1.730)	Data 0.215 (0.215)	Loss 3.6812 (3.2746)	Prec@1 16.406 (24.414)	Prec@5 38.281 (49.316)
2025-05-25 15:05:30,810 - my_logger - INFO - Train Epoch: [13][50/391]	Time 1.624 (1.628)	Data 0.001 (0.005)	Loss 3.4426 (3.2901)	Prec@1 24.219 (23.859)	Prec@5 42.969 (48.704)
2025-05-25 15:06:52,111 - my_logger - INFO - Train Epoch: [13][100/391]	Time 1.625 (1.627)	Data 0.001 (0.003)	Loss 3.9636 (3.2974)	Prec@1 13.281 (23.753)	Prec@5 35.938 (48.666)
2025-05-25 15:08:13,416 - my_logger - INFO - Train Epoch: [13][150/391]	Time 1.623 (1.627)	Data 0.000 (0.002)	Loss 3.5966 (3.2959)	Prec@1 19.531 (23.312)	Prec@5 44.531 (48.555)
2025-05-25 15:09:34,729 - my_logger - INFO - Train Epoch: [13][200/391]	Time 1.630 (1.627)	Data 0.001 (0.002)	Loss 3.7240 (3.2945)	Prec@1 16.406 (23.249)	Prec@5 39.844 (48.557)
2025-05-25 15:10:56,056 - my_logger - INFO - Train Epoch: [13][250/391]	Time 1.625 (1.627)	Data 0.000 (0.001)	Loss 3.6747 (3.2891)	Prec@1 16.406 (23.336)	Prec@5 40.625 (48.695)
2025-05-25 15:12:17,392 - my_logger - INFO - Train Epoch: [13][300/391]	Time 1.622 (1.627)	Data 0.000 (0.001)	Loss 3.6515 (3.2933)	Prec@1 17.188 (23.339)	Prec@5 39.844 (48.655)
2025-05-25 15:13:38,730 - my_logger - INFO - Train Epoch: [13][350/391]	Time 1.624 (1.627)	Data 0.000 (0.001)	Loss 3.6495 (3.2956)	Prec@1 15.625 (23.266)	Prec@5 44.531 (48.593)
2025-05-25 15:14:43,607 - my_logger - INFO - Test: [0/79]	Time 0.240 (0.240)	Loss 2.2424 (2.2424)	Prec@1 43.750 (43.750)	Prec@5 71.875 (71.875)
2025-05-25 15:14:44,291 - my_logger - INFO - Test: [10/79]	Time 0.069 (0.084)	Loss 2.4183 (2.4202)	Prec@1 42.188 (40.412)	Prec@5 70.312 (69.460)
2025-05-25 15:14:44,979 - my_logger - INFO - Test: [20/79]	Time 0.069 (0.077)	Loss 2.4659 (2.3913)	Prec@1 42.969 (40.885)	Prec@5 71.875 (70.833)
2025-05-25 15:14:45,665 - my_logger - INFO - Test: [30/79]	Time 0.069 (0.074)	Loss 2.4197 (2.3946)	Prec@1 42.188 (40.423)	Prec@5 66.406 (70.237)
2025-05-25 15:14:46,352 - my_logger - INFO - Test: [40/79]	Time 0.069 (0.073)	Loss 2.1993 (2.4055)	Prec@1 42.969 (40.587)	Prec@5 75.781 (69.760)
2025-05-25 15:14:47,038 - my_logger - INFO - Test: [50/79]	Time 0.069 (0.072)	Loss 2.3877 (2.3966)	Prec@1 45.312 (40.686)	Prec@5 66.406 (70.052)
2025-05-25 15:14:47,724 - my_logger - INFO - Test: [60/79]	Time 0.069 (0.071)	Loss 2.6265 (2.4082)	Prec@1 34.375 (40.343)	Prec@5 67.969 (69.864)
2025-05-25 15:14:48,410 - my_logger - INFO - Test: [70/79]	Time 0.069 (0.071)	Loss 2.4599 (2.4068)	Prec@1 39.062 (40.416)	Prec@5 66.406 (69.795)
2025-05-25 15:14:49,080 - my_logger - INFO -  * Prec@1 40.330 Prec@5 69.680
2025-05-25 15:15:00,565 - my_logger - INFO - Saved best model with accuracy 40.33%
2025-05-25 15:15:00,566 - my_logger - INFO - Learning rate set to 0.0010000000000000002
2025-05-25 15:15:02,324 - my_logger - INFO - Train Epoch: [14][0/391]	Time 1.757 (1.757)	Data 0.245 (0.245)	Loss 4.0047 (3.3809)	Prec@1 10.938 (22.266)	Prec@5 31.250 (45.117)
2025-05-25 15:16:23,612 - my_logger - INFO - Train Epoch: [14][50/391]	Time 1.622 (1.628)	Data 0.000 (0.005)	Loss 3.6520 (3.3102)	Prec@1 17.969 (23.554)	Prec@5 37.500 (47.936)
2025-05-25 15:17:44,889 - my_logger - INFO - Train Epoch: [14][100/391]	Time 1.631 (1.627)	Data 0.000 (0.003)	Loss 4.1069 (3.2767)	Prec@1 9.375 (23.936)	Prec@5 28.906 (48.920)
2025-05-25 15:19:06,177 - my_logger - INFO - Train Epoch: [14][150/391]	Time 1.628 (1.627)	Data 0.001 (0.002)	Loss 3.7647 (3.2625)	Prec@1 14.844 (24.336)	Prec@5 39.062 (49.356)
2025-05-25 15:20:27,460 - my_logger - INFO - Train Epoch: [14][200/391]	Time 1.620 (1.626)	Data 0.000 (0.002)	Loss 3.7276 (3.2472)	Prec@1 15.625 (24.671)	Prec@5 36.719 (49.885)
2025-05-25 15:21:48,777 - my_logger - INFO - Train Epoch: [14][250/391]	Time 1.625 (1.626)	Data 0.001 (0.001)	Loss 3.5834 (3.2428)	Prec@1 14.844 (24.754)	Prec@5 41.406 (50.047)
2025-05-25 15:23:10,076 - my_logger - INFO - Train Epoch: [14][300/391]	Time 1.629 (1.626)	Data 0.000 (0.001)	Loss 3.6821 (3.2364)	Prec@1 17.188 (24.969)	Prec@5 36.719 (50.151)
2025-05-25 15:24:31,373 - my_logger - INFO - Train Epoch: [14][350/391]	Time 1.621 (1.626)	Data 0.000 (0.001)	Loss 3.9651 (3.2261)	Prec@1 15.625 (25.247)	Prec@5 35.156 (50.389)
2025-05-25 15:25:36,240 - my_logger - INFO - Test: [0/79]	Time 0.234 (0.234)	Loss 2.0594 (2.0594)	Prec@1 50.000 (50.000)	Prec@5 75.000 (75.000)
2025-05-25 15:25:36,926 - my_logger - INFO - Test: [10/79]	Time 0.069 (0.084)	Loss 2.1882 (2.1894)	Prec@1 49.219 (45.384)	Prec@5 73.438 (73.438)
2025-05-25 15:25:37,612 - my_logger - INFO - Test: [20/79]	Time 0.069 (0.077)	Loss 2.2443 (2.1568)	Prec@1 48.438 (46.429)	Prec@5 75.781 (74.851)
2025-05-25 15:25:38,298 - my_logger - INFO - Test: [30/79]	Time 0.069 (0.074)	Loss 2.1187 (2.1521)	Prec@1 46.094 (46.069)	Prec@5 75.781 (75.076)
2025-05-25 15:25:38,984 - my_logger - INFO - Test: [40/79]	Time 0.069 (0.073)	Loss 1.9391 (2.1616)	Prec@1 45.312 (45.846)	Prec@5 80.469 (74.867)
2025-05-25 15:25:39,670 - my_logger - INFO - Test: [50/79]	Time 0.069 (0.072)	Loss 2.2541 (2.1540)	Prec@1 41.406 (46.140)	Prec@5 75.000 (75.322)
2025-05-25 15:25:40,356 - my_logger - INFO - Test: [60/79]	Time 0.069 (0.071)	Loss 2.3991 (2.1615)	Prec@1 40.625 (46.094)	Prec@5 73.438 (75.141)
2025-05-25 15:25:41,042 - my_logger - INFO - Test: [70/79]	Time 0.069 (0.071)	Loss 2.1757 (2.1581)	Prec@1 46.875 (46.215)	Prec@5 74.219 (75.198)
2025-05-25 15:25:41,576 - my_logger - INFO -  * Prec@1 46.190 Prec@5 75.030
2025-05-25 15:25:50,345 - my_logger - INFO - Saved best model with accuracy 46.19%
2025-05-25 15:25:50,346 - my_logger - INFO - Learning rate set to 0.0010000000000000002
2025-05-25 15:25:52,101 - my_logger - INFO - Train Epoch: [15][0/391]	Time 1.754 (1.754)	Data 0.227 (0.227)	Loss 3.9354 (3.3101)	Prec@1 12.500 (22.070)	Prec@5 35.156 (48.926)
2025-05-25 15:27:13,416 - my_logger - INFO - Train Epoch: [15][50/391]	Time 1.622 (1.629)	Data 0.000 (0.005)	Loss 3.4500 (3.1837)	Prec@1 24.219 (25.609)	Prec@5 39.062 (50.693)
2025-05-25 15:28:34,697 - my_logger - INFO - Train Epoch: [15][100/391]	Time 1.625 (1.627)	Data 0.000 (0.003)	Loss 3.8220 (3.1825)	Prec@1 15.625 (25.562)	Prec@5 34.375 (51.010)
2025-05-25 15:29:56,008 - my_logger - INFO - Train Epoch: [15][150/391]	Time 1.628 (1.627)	Data 0.000 (0.002)	Loss 3.9786 (3.1737)	Prec@1 10.938 (25.829)	Prec@5 36.719 (51.437)
2025-05-25 15:31:17,311 - my_logger - INFO - Train Epoch: [15][200/391]	Time 1.630 (1.627)	Data 0.000 (0.002)	Loss 3.5814 (3.1691)	Prec@1 19.531 (26.023)	Prec@5 46.875 (51.678)
2025-05-25 15:32:38,584 - my_logger - INFO - Train Epoch: [15][250/391]	Time 1.630 (1.626)	Data 0.000 (0.001)	Loss 3.6303 (3.1657)	Prec@1 16.406 (26.022)	Prec@5 41.406 (51.780)
2025-05-25 15:33:59,887 - my_logger - INFO - Train Epoch: [15][300/391]	Time 1.625 (1.626)	Data 0.000 (0.001)	Loss 3.7634 (3.1625)	Prec@1 21.094 (26.162)	Prec@5 37.500 (51.817)
2025-05-25 15:35:21,185 - my_logger - INFO - Train Epoch: [15][350/391]	Time 1.629 (1.626)	Data 0.001 (0.001)	Loss 3.7891 (3.1629)	Prec@1 16.406 (26.159)	Prec@5 35.156 (51.759)
2025-05-25 15:36:26,028 - my_logger - INFO - Test: [0/79]	Time 0.238 (0.238)	Loss 2.0125 (2.0125)	Prec@1 53.125 (53.125)	Prec@5 78.125 (78.125)
2025-05-25 15:36:26,713 - my_logger - INFO - Test: [10/79]	Time 0.069 (0.084)	Loss 2.1274 (2.1549)	Prec@1 50.000 (46.307)	Prec@5 74.219 (74.432)
2025-05-25 15:36:27,399 - my_logger - INFO - Test: [20/79]	Time 0.069 (0.077)	Loss 2.1754 (2.1231)	Prec@1 46.875 (47.061)	Prec@5 76.562 (75.000)
2025-05-25 15:36:28,085 - my_logger - INFO - Test: [30/79]	Time 0.069 (0.074)	Loss 2.0585 (2.1165)	Prec@1 47.656 (46.749)	Prec@5 78.125 (75.202)
2025-05-25 15:36:28,771 - my_logger - INFO - Test: [40/79]	Time 0.069 (0.073)	Loss 1.8383 (2.1231)	Prec@1 50.781 (46.970)	Prec@5 82.031 (75.248)
2025-05-25 15:36:29,457 - my_logger - INFO - Test: [50/79]	Time 0.069 (0.072)	Loss 2.1879 (2.1131)	Prec@1 45.312 (47.013)	Prec@5 72.656 (75.659)
2025-05-25 15:36:30,143 - my_logger - INFO - Test: [60/79]	Time 0.069 (0.071)	Loss 2.3642 (2.1206)	Prec@1 42.188 (46.824)	Prec@5 72.656 (75.397)
2025-05-25 15:36:30,829 - my_logger - INFO - Test: [70/79]	Time 0.069 (0.071)	Loss 2.1714 (2.1177)	Prec@1 42.188 (46.974)	Prec@5 77.344 (75.572)
2025-05-25 15:36:31,368 - my_logger - INFO -  * Prec@1 46.920 Prec@5 75.430
2025-05-25 15:36:40,116 - my_logger - INFO - Saved best model with accuracy 46.92%
2025-05-25 15:36:40,117 - my_logger - INFO - Learning rate set to 0.0010000000000000002
2025-05-25 15:36:41,887 - my_logger - INFO - Train Epoch: [16][0/391]	Time 1.769 (1.769)	Data 0.244 (0.244)	Loss 3.6544 (3.0558)	Prec@1 19.531 (29.395)	Prec@5 39.844 (53.027)
2025-05-25 15:38:03,217 - my_logger - INFO - Train Epoch: [16][50/391]	Time 1.625 (1.629)	Data 0.000 (0.005)	Loss 3.7299 (3.1383)	Prec@1 13.281 (26.463)	Prec@5 35.938 (52.807)
2025-05-25 15:39:24,528 - my_logger - INFO - Train Epoch: [16][100/391]	Time 1.623 (1.628)	Data 0.000 (0.003)	Loss 3.6122 (3.1330)	Prec@1 20.312 (27.016)	Prec@5 40.625 (52.900)
2025-05-25 15:40:45,817 - my_logger - INFO - Train Epoch: [16][150/391]	Time 1.629 (1.627)	Data 0.000 (0.002)	Loss 3.7245 (3.1280)	Prec@1 19.531 (27.097)	Prec@5 41.406 (52.856)
2025-05-25 15:42:07,121 - my_logger - INFO - Train Epoch: [16][200/391]	Time 1.627 (1.627)	Data 0.000 (0.002)	Loss 3.9293 (3.1293)	Prec@1 16.406 (27.058)	Prec@5 37.500 (52.897)
2025-05-25 15:43:28,413 - my_logger - INFO - Train Epoch: [16][250/391]	Time 1.629 (1.627)	Data 0.001 (0.001)	Loss 3.6500 (3.1339)	Prec@1 23.438 (26.890)	Prec@5 40.625 (52.792)
2025-05-25 15:44:49,696 - my_logger - INFO - Train Epoch: [16][300/391]	Time 1.622 (1.626)	Data 0.000 (0.001)	Loss 3.7664 (3.1395)	Prec@1 16.406 (26.759)	Prec@5 35.938 (52.560)
2025-05-25 15:46:11,004 - my_logger - INFO - Train Epoch: [16][350/391]	Time 1.632 (1.626)	Data 0.001 (0.001)	Loss 3.7909 (3.1322)	Prec@1 19.531 (26.873)	Prec@5 38.281 (52.759)
2025-05-25 15:47:15,872 - my_logger - INFO - Test: [0/79]	Time 0.235 (0.235)	Loss 1.9781 (1.9781)	Prec@1 51.562 (51.562)	Prec@5 77.344 (77.344)
2025-05-25 15:47:16,558 - my_logger - INFO - Test: [10/79]	Time 0.069 (0.084)	Loss 2.1000 (2.1281)	Prec@1 46.875 (46.094)	Prec@5 74.219 (74.787)
2025-05-25 15:47:17,245 - my_logger - INFO - Test: [20/79]	Time 0.069 (0.077)	Loss 2.1548 (2.0942)	Prec@1 48.438 (47.396)	Prec@5 78.125 (75.781)
2025-05-25 15:47:17,931 - my_logger - INFO - Test: [30/79]	Time 0.069 (0.074)	Loss 2.0650 (2.0892)	Prec@1 51.562 (47.354)	Prec@5 76.562 (75.907)
2025-05-25 15:47:18,617 - my_logger - INFO - Test: [40/79]	Time 0.069 (0.073)	Loss 1.8099 (2.0961)	Prec@1 50.781 (47.389)	Prec@5 81.250 (75.667)
2025-05-25 15:47:19,303 - my_logger - INFO - Test: [50/79]	Time 0.069 (0.072)	Loss 2.1700 (2.0861)	Prec@1 47.656 (47.656)	Prec@5 72.656 (76.042)
2025-05-25 15:47:19,989 - my_logger - INFO - Test: [60/79]	Time 0.069 (0.071)	Loss 2.3107 (2.0936)	Prec@1 40.625 (47.503)	Prec@5 71.094 (75.858)
2025-05-25 15:47:20,675 - my_logger - INFO - Test: [70/79]	Time 0.069 (0.071)	Loss 2.0991 (2.0904)	Prec@1 44.531 (47.590)	Prec@5 76.562 (75.891)
2025-05-25 15:47:21,211 - my_logger - INFO -  * Prec@1 47.570 Prec@5 75.760
2025-05-25 15:47:30,053 - my_logger - INFO - Saved best model with accuracy 47.57%
2025-05-25 15:47:30,054 - my_logger - INFO - Learning rate set to 0.0010000000000000002
2025-05-25 15:47:31,810 - my_logger - INFO - Train Epoch: [17][0/391]	Time 1.755 (1.755)	Data 0.242 (0.242)	Loss 3.8800 (3.2716)	Prec@1 17.188 (26.074)	Prec@5 34.375 (49.707)
2025-05-25 15:48:53,092 - my_logger - INFO - Train Epoch: [17][50/391]	Time 1.624 (1.628)	Data 0.000 (0.005)	Loss 3.7909 (3.1410)	Prec@1 13.281 (26.469)	Prec@5 36.719 (52.108)
2025-05-25 15:50:14,377 - my_logger - INFO - Train Epoch: [17][100/391]	Time 1.625 (1.627)	Data 0.000 (0.003)	Loss 3.6521 (3.1234)	Prec@1 19.531 (26.860)	Prec@5 42.969 (52.792)
2025-05-25 15:51:35,670 - my_logger - INFO - Train Epoch: [17][150/391]	Time 1.627 (1.627)	Data 0.001 (0.002)	Loss 3.7125 (3.1293)	Prec@1 19.531 (26.799)	Prec@5 34.375 (52.704)
2025-05-25 15:52:57,244 - my_logger - INFO - Train Epoch: [17][200/391]	Time 1.627 (1.628)	Data 0.000 (0.004)	Loss 3.7315 (3.1292)	Prec@1 13.281 (26.868)	Prec@5 35.156 (52.725)
2025-05-25 15:54:18,516 - my_logger - INFO - Train Epoch: [17][250/391]	Time 1.625 (1.627)	Data 0.000 (0.003)	Loss 3.6066 (3.1230)	Prec@1 17.188 (26.955)	Prec@5 43.750 (52.805)
2025-05-25 15:55:39,761 - my_logger - INFO - Train Epoch: [17][300/391]	Time 1.622 (1.627)	Data 0.001 (0.003)	Loss 3.8751 (3.1197)	Prec@1 15.625 (27.007)	Prec@5 37.500 (52.842)
2025-05-25 15:57:01,014 - my_logger - INFO - Train Epoch: [17][350/391]	Time 1.621 (1.627)	Data 0.000 (0.003)	Loss 3.7973 (3.1199)	Prec@1 15.625 (27.055)	Prec@5 38.281 (52.774)
2025-05-25 15:58:05,940 - my_logger - INFO - Test: [0/79]	Time 0.237 (0.237)	Loss 1.9891 (1.9891)	Prec@1 51.562 (51.562)	Prec@5 78.125 (78.125)
2025-05-25 15:58:06,626 - my_logger - INFO - Test: [10/79]	Time 0.069 (0.084)	Loss 2.0935 (2.1068)	Prec@1 49.219 (46.449)	Prec@5 74.219 (74.574)
2025-05-25 15:58:07,312 - my_logger - INFO - Test: [20/79]	Time 0.069 (0.077)	Loss 2.1292 (2.0767)	Prec@1 51.562 (47.470)	Prec@5 76.562 (75.484)
2025-05-25 15:58:07,998 - my_logger - INFO - Test: [30/79]	Time 0.069 (0.074)	Loss 2.0316 (2.0688)	Prec@1 50.000 (47.732)	Prec@5 76.562 (75.832)
2025-05-25 15:58:08,683 - my_logger - INFO - Test: [40/79]	Time 0.068 (0.073)	Loss 1.7911 (2.0779)	Prec@1 50.000 (47.942)	Prec@5 81.250 (75.743)
2025-05-25 15:58:09,369 - my_logger - INFO - Test: [50/79]	Time 0.068 (0.072)	Loss 2.1343 (2.0673)	Prec@1 44.531 (48.116)	Prec@5 74.219 (76.302)
2025-05-25 15:58:10,054 - my_logger - INFO - Test: [60/79]	Time 0.069 (0.071)	Loss 2.3193 (2.0745)	Prec@1 40.625 (47.925)	Prec@5 73.438 (76.165)
2025-05-25 15:58:10,742 - my_logger - INFO - Test: [70/79]	Time 0.068 (0.071)	Loss 2.1314 (2.0715)	Prec@1 45.312 (48.151)	Prec@5 78.125 (76.276)
2025-05-25 15:58:11,282 - my_logger - INFO -  * Prec@1 47.960 Prec@5 76.230
2025-05-25 15:58:21,997 - my_logger - INFO - Saved best model with accuracy 47.96%
2025-05-25 15:58:21,998 - my_logger - INFO - Learning rate set to 0.0010000000000000002
2025-05-25 15:58:23,747 - my_logger - INFO - Train Epoch: [18][0/391]	Time 1.748 (1.748)	Data 0.234 (0.234)	Loss 3.9265 (3.3016)	Prec@1 14.062 (23.047)	Prec@5 32.812 (46.582)
2025-05-25 15:59:45,078 - my_logger - INFO - Train Epoch: [18][50/391]	Time 1.629 (1.629)	Data 0.000 (0.005)	Loss 3.6657 (3.1096)	Prec@1 18.750 (27.053)	Prec@5 38.281 (53.024)
2025-05-25 16:01:06,384 - my_logger - INFO - Train Epoch: [18][100/391]	Time 1.623 (1.628)	Data 0.000 (0.003)	Loss 3.9292 (3.1087)	Prec@1 14.844 (27.168)	Prec@5 35.938 (52.867)
2025-05-25 16:02:27,703 - my_logger - INFO - Train Epoch: [18][150/391]	Time 1.627 (1.627)	Data 0.001 (0.002)	Loss 3.8312 (3.1128)	Prec@1 16.406 (27.052)	Prec@5 42.188 (53.025)
2025-05-25 16:03:48,988 - my_logger - INFO - Train Epoch: [18][200/391]	Time 1.625 (1.627)	Data 0.001 (0.002)	Loss 3.7643 (3.1086)	Prec@1 14.062 (27.252)	Prec@5 41.406 (53.137)
2025-05-25 16:05:10,288 - my_logger - INFO - Train Epoch: [18][250/391]	Time 1.627 (1.627)	Data 0.000 (0.001)	Loss 3.5122 (3.1010)	Prec@1 27.344 (27.450)	Prec@5 42.969 (53.323)
2025-05-25 16:06:31,573 - my_logger - INFO - Train Epoch: [18][300/391]	Time 1.624 (1.626)	Data 0.000 (0.001)	Loss 3.6471 (3.1048)	Prec@1 17.969 (27.366)	Prec@5 41.406 (53.189)
2025-05-25 16:07:52,871 - my_logger - INFO - Train Epoch: [18][350/391]	Time 1.626 (1.626)	Data 0.000 (0.001)	Loss 3.6333 (3.1064)	Prec@1 17.969 (27.373)	Prec@5 40.625 (53.171)
2025-05-25 16:08:57,714 - my_logger - INFO - Test: [0/79]	Time 0.237 (0.237)	Loss 1.9939 (1.9939)	Prec@1 53.125 (53.125)	Prec@5 78.906 (78.906)
2025-05-25 16:08:58,400 - my_logger - INFO - Test: [10/79]	Time 0.069 (0.084)	Loss 2.0922 (2.1132)	Prec@1 50.781 (47.372)	Prec@5 72.656 (75.355)
2025-05-25 16:08:59,086 - my_logger - INFO - Test: [20/79]	Time 0.069 (0.077)	Loss 2.1096 (2.0828)	Prec@1 51.562 (48.475)	Prec@5 75.000 (76.004)
2025-05-25 16:08:59,772 - my_logger - INFO - Test: [30/79]	Time 0.069 (0.074)	Loss 2.0446 (2.0777)	Prec@1 45.312 (48.059)	Prec@5 78.906 (76.285)
2025-05-25 16:09:00,457 - my_logger - INFO - Test: [40/79]	Time 0.069 (0.073)	Loss 1.7795 (2.0849)	Prec@1 54.688 (48.247)	Prec@5 82.812 (76.048)
2025-05-25 16:09:01,143 - my_logger - INFO - Test: [50/79]	Time 0.069 (0.072)	Loss 2.1377 (2.0739)	Prec@1 50.000 (48.468)	Prec@5 75.000 (76.578)
2025-05-25 16:09:01,828 - my_logger - INFO - Test: [60/79]	Time 0.068 (0.071)	Loss 2.2973 (2.0811)	Prec@1 45.312 (48.297)	Prec@5 73.438 (76.383)
2025-05-25 16:09:02,514 - my_logger - INFO - Test: [70/79]	Time 0.068 (0.071)	Loss 2.1438 (2.0775)	Prec@1 44.531 (48.592)	Prec@5 79.688 (76.485)
2025-05-25 16:09:03,052 - my_logger - INFO -  * Prec@1 48.610 Prec@5 76.300
2025-05-25 16:09:11,376 - my_logger - INFO - Saved best model with accuracy 48.61%
2025-05-25 16:09:11,377 - my_logger - INFO - Learning rate set to 0.0010000000000000002
2025-05-25 16:09:13,129 - my_logger - INFO - Train Epoch: [19][0/391]	Time 1.751 (1.751)	Data 0.228 (0.228)	Loss 3.7145 (3.0995)	Prec@1 16.406 (23.730)	Prec@5 39.062 (54.492)
2025-05-25 16:10:34,436 - my_logger - INFO - Train Epoch: [19][50/391]	Time 1.628 (1.629)	Data 0.000 (0.005)	Loss 3.4743 (3.0828)	Prec@1 14.062 (27.413)	Prec@5 46.094 (53.665)
2025-05-25 16:11:55,760 - my_logger - INFO - Train Epoch: [19][100/391]	Time 1.624 (1.628)	Data 0.000 (0.003)	Loss 3.9973 (3.0780)	Prec@1 11.719 (27.534)	Prec@5 29.688 (53.992)
2025-05-25 16:13:17,046 - my_logger - INFO - Train Epoch: [19][150/391]	Time 1.626 (1.627)	Data 0.000 (0.002)	Loss 3.5344 (3.0877)	Prec@1 20.312 (27.564)	Prec@5 46.094 (53.779)
2025-05-25 16:14:38,331 - my_logger - INFO - Train Epoch: [19][200/391]	Time 1.624 (1.627)	Data 0.001 (0.002)	Loss 3.4798 (3.0924)	Prec@1 22.656 (27.518)	Prec@5 41.406 (53.724)
2025-05-25 16:15:59,615 - my_logger - INFO - Train Epoch: [19][250/391]	Time 1.622 (1.626)	Data 0.000 (0.001)	Loss 3.7048 (3.0915)	Prec@1 17.188 (27.553)	Prec@5 39.844 (53.753)
2025-05-25 16:17:20,886 - my_logger - INFO - Train Epoch: [19][300/391]	Time 1.626 (1.626)	Data 0.000 (0.001)	Loss 3.8216 (3.0929)	Prec@1 21.094 (27.558)	Prec@5 39.844 (53.763)
2025-05-25 16:18:42,128 - my_logger - INFO - Train Epoch: [19][350/391]	Time 1.623 (1.626)	Data 0.001 (0.001)	Loss 3.8035 (3.0917)	Prec@1 14.062 (27.668)	Prec@5 35.938 (53.770)
2025-05-25 16:19:46,971 - my_logger - INFO - Test: [0/79]	Time 0.237 (0.237)	Loss 1.9263 (1.9263)	Prec@1 54.688 (54.688)	Prec@5 82.031 (82.031)
2025-05-25 16:19:47,658 - my_logger - INFO - Test: [10/79]	Time 0.069 (0.084)	Loss 2.0493 (2.0737)	Prec@1 50.000 (48.295)	Prec@5 75.000 (75.355)
2025-05-25 16:19:48,344 - my_logger - INFO - Test: [20/79]	Time 0.069 (0.077)	Loss 2.1066 (2.0507)	Prec@1 48.438 (49.144)	Prec@5 78.906 (76.302)
2025-05-25 16:19:49,031 - my_logger - INFO - Test: [30/79]	Time 0.069 (0.074)	Loss 2.0027 (2.0429)	Prec@1 50.781 (48.715)	Prec@5 82.031 (76.537)
2025-05-25 16:19:49,717 - my_logger - INFO - Test: [40/79]	Time 0.069 (0.073)	Loss 1.7268 (2.0509)	Prec@1 54.688 (48.800)	Prec@5 81.250 (76.239)
2025-05-25 16:19:50,403 - my_logger - INFO - Test: [50/79]	Time 0.069 (0.072)	Loss 2.1207 (2.0375)	Prec@1 46.094 (49.035)	Prec@5 71.094 (76.608)
2025-05-25 16:19:51,089 - my_logger - INFO - Test: [60/79]	Time 0.069 (0.071)	Loss 2.2776 (2.0446)	Prec@1 43.750 (48.937)	Prec@5 74.219 (76.396)
2025-05-25 16:19:51,775 - my_logger - INFO - Test: [70/79]	Time 0.069 (0.071)	Loss 2.0665 (2.0393)	Prec@1 46.094 (49.076)	Prec@5 78.125 (76.474)
2025-05-25 16:19:52,306 - my_logger - INFO -  * Prec@1 49.000 Prec@5 76.520
2025-05-25 16:20:01,762 - my_logger - INFO - Saved best model with accuracy 49.00%
2025-05-25 16:20:01,763 - my_logger - INFO - Learning rate set to 0.0010000000000000002
2025-05-25 16:20:03,488 - my_logger - INFO - Train Epoch: [20][0/391]	Time 1.724 (1.724)	Data 0.212 (0.212)	Loss 4.0425 (3.3616)	Prec@1 16.406 (22.656)	Prec@5 32.812 (46.484)
2025-05-25 16:21:24,790 - my_logger - INFO - Train Epoch: [20][50/391]	Time 1.626 (1.628)	Data 0.000 (0.005)	Loss 3.7003 (3.0576)	Prec@1 13.281 (27.851)	Prec@5 39.062 (54.532)
2025-05-25 16:22:46,084 - my_logger - INFO - Train Epoch: [20][100/391]	Time 1.624 (1.627)	Data 0.000 (0.003)	Loss 3.7068 (3.0694)	Prec@1 11.719 (27.793)	Prec@5 41.406 (54.181)
2025-05-25 16:24:07,385 - my_logger - INFO - Train Epoch: [20][150/391]	Time 1.626 (1.627)	Data 0.000 (0.002)	Loss 3.8264 (3.0564)	Prec@1 17.969 (28.264)	Prec@5 35.938 (54.558)
2025-05-25 16:25:28,672 - my_logger - INFO - Train Epoch: [20][200/391]	Time 1.627 (1.626)	Data 0.000 (0.002)	Loss 3.7869 (3.0622)	Prec@1 16.406 (28.134)	Prec@5 39.062 (54.430)
2025-05-25 16:26:49,940 - my_logger - INFO - Train Epoch: [20][250/391]	Time 1.626 (1.626)	Data 0.000 (0.001)	Loss 3.7701 (3.0671)	Prec@1 16.406 (28.122)	Prec@5 38.281 (54.236)
2025-05-25 16:28:11,217 - my_logger - INFO - Train Epoch: [20][300/391]	Time 1.625 (1.626)	Data 0.000 (0.001)	Loss 3.6912 (3.0710)	Prec@1 18.750 (27.951)	Prec@5 39.062 (54.176)
2025-05-25 16:29:32,565 - my_logger - INFO - Train Epoch: [20][350/391]	Time 1.633 (1.626)	Data 0.000 (0.001)	Loss 3.6621 (3.0704)	Prec@1 19.531 (27.981)	Prec@5 42.188 (54.125)
2025-05-25 16:30:37,708 - my_logger - INFO - Test: [0/79]	Time 0.236 (0.236)	Loss 1.9404 (1.9404)	Prec@1 54.688 (54.688)	Prec@5 79.688 (79.688)
2025-05-25 16:30:38,396 - my_logger - INFO - Test: [10/79]	Time 0.069 (0.084)	Loss 2.0398 (2.0678)	Prec@1 50.781 (47.940)	Prec@5 76.562 (76.491)
2025-05-25 16:30:39,082 - my_logger - INFO - Test: [20/79]	Time 0.069 (0.077)	Loss 2.0772 (2.0313)	Prec@1 53.125 (48.958)	Prec@5 78.906 (77.269)
2025-05-25 16:30:39,768 - my_logger - INFO - Test: [30/79]	Time 0.069 (0.074)	Loss 1.9949 (2.0263)	Prec@1 51.562 (49.143)	Prec@5 78.125 (77.293)
2025-05-25 16:30:40,454 - my_logger - INFO - Test: [40/79]	Time 0.069 (0.073)	Loss 1.7518 (2.0328)	Prec@1 54.688 (49.352)	Prec@5 82.812 (77.096)
2025-05-25 16:30:41,140 - my_logger - INFO - Test: [50/79]	Time 0.069 (0.072)	Loss 2.1258 (2.0219)	Prec@1 46.875 (49.571)	Prec@5 72.656 (77.390)
2025-05-25 16:30:41,826 - my_logger - INFO - Test: [60/79]	Time 0.069 (0.071)	Loss 2.2989 (2.0290)	Prec@1 43.750 (49.475)	Prec@5 74.219 (77.088)
2025-05-25 16:30:42,512 - my_logger - INFO - Test: [70/79]	Time 0.069 (0.071)	Loss 2.1002 (2.0268)	Prec@1 46.094 (49.582)	Prec@5 78.906 (77.069)
2025-05-25 16:30:43,057 - my_logger - INFO -  * Prec@1 49.550 Prec@5 76.980
2025-05-25 16:30:51,837 - my_logger - INFO - Saved best model with accuracy 49.55%
2025-05-25 16:30:51,838 - my_logger - INFO - Learning rate set to 0.00010000000000000003
2025-05-25 16:30:53,597 - my_logger - INFO - Train Epoch: [21][0/391]	Time 1.758 (1.758)	Data 0.242 (0.242)	Loss 3.8393 (3.1431)	Prec@1 12.500 (24.414)	Prec@5 38.281 (54.297)
2025-05-25 16:32:14,900 - my_logger - INFO - Train Epoch: [21][50/391]	Time 1.625 (1.629)	Data 0.001 (0.005)	Loss 3.6607 (3.0633)	Prec@1 15.625 (28.001)	Prec@5 36.719 (54.176)
2025-05-25 16:33:36,190 - my_logger - INFO - Train Epoch: [21][100/391]	Time 1.622 (1.627)	Data 0.000 (0.003)	Loss 3.7166 (3.0741)	Prec@1 21.094 (27.946)	Prec@5 36.719 (53.882)
2025-05-25 16:34:57,472 - my_logger - INFO - Train Epoch: [21][150/391]	Time 1.625 (1.627)	Data 0.001 (0.002)	Loss 3.7683 (3.0759)	Prec@1 14.062 (27.978)	Prec@5 43.750 (53.964)
2025-05-25 16:36:18,776 - my_logger - INFO - Train Epoch: [21][200/391]	Time 1.629 (1.627)	Data 0.001 (0.002)	Loss 3.8134 (3.0760)	Prec@1 16.406 (28.007)	Prec@5 35.156 (53.895)
2025-05-25 16:37:40,062 - my_logger - INFO - Train Epoch: [21][250/391]	Time 1.625 (1.626)	Data 0.001 (0.001)	Loss 3.8683 (3.0708)	Prec@1 15.625 (28.156)	Prec@5 39.062 (54.021)
2025-05-25 16:39:01,315 - my_logger - INFO - Train Epoch: [21][300/391]	Time 1.631 (1.626)	Data 0.000 (0.001)	Loss 3.7862 (3.0672)	Prec@1 17.188 (28.238)	Prec@5 39.844 (54.113)
2025-05-25 16:40:22,556 - my_logger - INFO - Train Epoch: [21][350/391]	Time 1.622 (1.626)	Data 0.001 (0.001)	Loss 3.8414 (3.0626)	Prec@1 17.969 (28.313)	Prec@5 36.719 (54.225)
2025-05-25 16:41:27,428 - my_logger - INFO - Test: [0/79]	Time 0.246 (0.246)	Loss 1.9020 (1.9020)	Prec@1 57.031 (57.031)	Prec@5 82.031 (82.031)
2025-05-25 16:41:28,112 - my_logger - INFO - Test: [10/79]	Time 0.069 (0.085)	Loss 2.0515 (2.0459)	Prec@1 50.000 (48.509)	Prec@5 74.219 (76.634)
2025-05-25 16:41:28,798 - my_logger - INFO - Test: [20/79]	Time 0.069 (0.077)	Loss 2.0470 (2.0122)	Prec@1 51.562 (49.256)	Prec@5 78.906 (77.381)
2025-05-25 16:41:29,484 - my_logger - INFO - Test: [30/79]	Time 0.069 (0.074)	Loss 1.9686 (2.0063)	Prec@1 52.344 (49.370)	Prec@5 81.250 (77.268)
2025-05-25 16:41:30,170 - my_logger - INFO - Test: [40/79]	Time 0.069 (0.073)	Loss 1.6858 (2.0126)	Prec@1 53.906 (49.505)	Prec@5 84.375 (77.039)
2025-05-25 16:41:30,856 - my_logger - INFO - Test: [50/79]	Time 0.069 (0.072)	Loss 2.1072 (2.0013)	Prec@1 49.219 (49.816)	Prec@5 73.438 (77.420)
2025-05-25 16:41:31,542 - my_logger - INFO - Test: [60/79]	Time 0.069 (0.071)	Loss 2.2416 (2.0085)	Prec@1 46.094 (49.616)	Prec@5 75.781 (77.305)
2025-05-25 16:41:32,228 - my_logger - INFO - Test: [70/79]	Time 0.069 (0.071)	Loss 2.0735 (2.0049)	Prec@1 43.750 (49.703)	Prec@5 80.469 (77.432)
2025-05-25 16:41:32,765 - my_logger - INFO -  * Prec@1 49.640 Prec@5 77.350
2025-05-25 16:41:41,555 - my_logger - INFO - Saved best model with accuracy 49.64%
2025-05-25 16:41:41,556 - my_logger - INFO - Learning rate set to 0.00010000000000000003
2025-05-25 16:41:43,327 - my_logger - INFO - Train Epoch: [22][0/391]	Time 1.770 (1.770)	Data 0.258 (0.258)	Loss 3.7659 (3.1234)	Prec@1 15.625 (25.098)	Prec@5 34.375 (49.414)
2025-05-25 16:43:04,567 - my_logger - INFO - Train Epoch: [22][50/391]	Time 1.625 (1.628)	Data 0.001 (0.006)	Loss 3.5041 (3.0526)	Prec@1 23.438 (28.698)	Prec@5 42.188 (54.333)
2025-05-25 16:44:25,873 - my_logger - INFO - Train Epoch: [22][100/391]	Time 1.632 (1.627)	Data 0.000 (0.003)	Loss 3.5918 (3.0448)	Prec@1 22.656 (28.781)	Prec@5 39.062 (54.582)
2025-05-25 16:45:47,148 - my_logger - INFO - Train Epoch: [22][150/391]	Time 1.625 (1.626)	Data 0.000 (0.002)	Loss 3.7039 (3.0377)	Prec@1 11.719 (28.739)	Prec@5 35.938 (54.762)
2025-05-25 16:47:08,421 - my_logger - INFO - Train Epoch: [22][200/391]	Time 1.629 (1.626)	Data 0.000 (0.002)	Loss 3.7718 (3.0378)	Prec@1 14.062 (28.764)	Prec@5 42.188 (54.746)
2025-05-25 16:48:29,720 - my_logger - INFO - Train Epoch: [22][250/391]	Time 1.628 (1.626)	Data 0.000 (0.001)	Loss 3.6936 (3.0383)	Prec@1 17.188 (28.710)	Prec@5 43.750 (54.819)
2025-05-25 16:49:51,036 - my_logger - INFO - Train Epoch: [22][300/391]	Time 1.628 (1.626)	Data 0.000 (0.001)	Loss 3.5760 (3.0339)	Prec@1 18.750 (28.881)	Prec@5 42.969 (54.883)
2025-05-25 16:51:12,344 - my_logger - INFO - Train Epoch: [22][350/391]	Time 1.626 (1.626)	Data 0.000 (0.001)	Loss 3.9033 (3.0306)	Prec@1 14.844 (28.954)	Prec@5 37.500 (54.998)
2025-05-25 16:52:17,188 - my_logger - INFO - Test: [0/79]	Time 0.240 (0.240)	Loss 1.8935 (1.8935)	Prec@1 54.688 (54.688)	Prec@5 82.031 (82.031)
2025-05-25 16:52:17,875 - my_logger - INFO - Test: [10/79]	Time 0.069 (0.084)	Loss 2.0377 (2.0533)	Prec@1 48.438 (47.940)	Prec@5 75.781 (76.278)
2025-05-25 16:52:18,561 - my_logger - INFO - Test: [20/79]	Time 0.069 (0.077)	Loss 2.0662 (2.0186)	Prec@1 52.344 (49.033)	Prec@5 79.688 (77.009)
2025-05-25 16:52:19,247 - my_logger - INFO - Test: [30/79]	Time 0.069 (0.074)	Loss 1.9775 (2.0128)	Prec@1 50.000 (49.042)	Prec@5 81.250 (77.117)
2025-05-25 16:52:19,933 - my_logger - INFO - Test: [40/79]	Time 0.069 (0.073)	Loss 1.6805 (2.0191)	Prec@1 55.469 (49.390)	Prec@5 82.812 (76.810)
2025-05-25 16:52:20,619 - my_logger - INFO - Test: [50/79]	Time 0.069 (0.072)	Loss 2.0888 (2.0062)	Prec@1 46.875 (49.694)	Prec@5 73.438 (77.237)
2025-05-25 16:52:21,305 - my_logger - INFO - Test: [60/79]	Time 0.069 (0.071)	Loss 2.2799 (2.0140)	Prec@1 46.875 (49.718)	Prec@5 72.656 (77.075)
2025-05-25 16:52:21,991 - my_logger - INFO - Test: [70/79]	Time 0.069 (0.071)	Loss 2.0671 (2.0094)	Prec@1 46.094 (49.868)	Prec@5 78.125 (77.179)
2025-05-25 16:52:22,525 - my_logger - INFO -  * Prec@1 49.760 Prec@5 77.120
2025-05-25 16:52:31,470 - my_logger - INFO - Saved best model with accuracy 49.76%
2025-05-25 16:52:31,470 - my_logger - INFO - Learning rate set to 0.00010000000000000003
2025-05-25 16:52:33,248 - my_logger - INFO - Train Epoch: [23][0/391]	Time 1.776 (1.776)	Data 0.257 (0.257)	Loss 3.5860 (2.9442)	Prec@1 17.188 (29.785)	Prec@5 42.188 (57.617)
2025-05-25 16:53:54,540 - my_logger - INFO - Train Epoch: [23][50/391]	Time 1.620 (1.629)	Data 0.000 (0.006)	Loss 3.6812 (3.0400)	Prec@1 14.062 (28.801)	Prec@5 44.531 (54.391)
2025-05-25 16:55:15,805 - my_logger - INFO - Train Epoch: [23][100/391]	Time 1.624 (1.627)	Data 0.001 (0.003)	Loss 3.8611 (3.0422)	Prec@1 12.500 (28.789)	Prec@5 34.375 (54.564)
2025-05-25 16:56:37,110 - my_logger - INFO - Train Epoch: [23][150/391]	Time 1.627 (1.627)	Data 0.001 (0.002)	Loss 3.7190 (3.0540)	Prec@1 14.062 (28.471)	Prec@5 35.156 (54.417)
2025-05-25 16:57:58,366 - my_logger - INFO - Train Epoch: [23][200/391]	Time 1.625 (1.626)	Data 0.000 (0.002)	Loss 3.7104 (3.0438)	Prec@1 17.188 (28.613)	Prec@5 38.281 (54.632)
2025-05-25 16:59:19,615 - my_logger - INFO - Train Epoch: [23][250/391]	Time 1.622 (1.626)	Data 0.000 (0.002)	Loss 3.6803 (3.0396)	Prec@1 19.531 (28.755)	Prec@5 39.062 (54.779)
2025-05-25 17:00:40,859 - my_logger - INFO - Train Epoch: [23][300/391]	Time 1.626 (1.626)	Data 0.000 (0.001)	Loss 3.6337 (3.0428)	Prec@1 18.750 (28.702)	Prec@5 39.062 (54.789)
2025-05-25 17:02:02,118 - my_logger - INFO - Train Epoch: [23][350/391]	Time 1.625 (1.626)	Data 0.000 (0.001)	Loss 3.4422 (3.0347)	Prec@1 19.531 (28.856)	Prec@5 42.188 (54.947)
2025-05-25 17:03:06,932 - my_logger - INFO - Test: [0/79]	Time 0.239 (0.239)	Loss 1.8870 (1.8870)	Prec@1 55.469 (55.469)	Prec@5 82.031 (82.031)
2025-05-25 17:03:07,619 - my_logger - INFO - Test: [10/79]	Time 0.069 (0.084)	Loss 2.0039 (2.0164)	Prec@1 50.781 (49.077)	Prec@5 75.000 (76.491)
2025-05-25 17:03:08,305 - my_logger - INFO - Test: [20/79]	Time 0.069 (0.077)	Loss 2.0710 (1.9925)	Prec@1 50.781 (50.074)	Prec@5 78.125 (77.269)
2025-05-25 17:03:08,991 - my_logger - INFO - Test: [30/79]	Time 0.069 (0.074)	Loss 1.9590 (1.9852)	Prec@1 51.562 (50.050)	Prec@5 81.250 (77.697)
2025-05-25 17:03:09,677 - my_logger - INFO - Test: [40/79]	Time 0.069 (0.073)	Loss 1.6787 (1.9926)	Prec@1 54.688 (50.114)	Prec@5 83.594 (77.287)
2025-05-25 17:03:10,363 - my_logger - INFO - Test: [50/79]	Time 0.069 (0.072)	Loss 2.0313 (1.9783)	Prec@1 47.656 (50.398)	Prec@5 76.562 (77.696)
2025-05-25 17:03:11,049 - my_logger - INFO - Test: [60/79]	Time 0.069 (0.071)	Loss 2.2110 (1.9852)	Prec@1 44.531 (50.205)	Prec@5 75.000 (77.523)
2025-05-25 17:03:11,735 - my_logger - INFO - Test: [70/79]	Time 0.069 (0.071)	Loss 2.0277 (1.9809)	Prec@1 49.219 (50.374)	Prec@5 78.906 (77.707)
2025-05-25 17:03:12,271 - my_logger - INFO -  * Prec@1 50.370 Prec@5 77.670
2025-05-25 17:03:20,527 - my_logger - INFO - Saved best model with accuracy 50.37%
2025-05-25 17:03:20,528 - my_logger - INFO - Learning rate set to 0.00010000000000000003
2025-05-25 17:03:22,280 - my_logger - INFO - Train Epoch: [24][0/391]	Time 1.750 (1.750)	Data 0.231 (0.231)	Loss 3.7760 (3.1479)	Prec@1 16.406 (26.562)	Prec@5 39.844 (53.711)
2025-05-25 17:04:43,529 - my_logger - INFO - Train Epoch: [24][50/391]	Time 1.625 (1.627)	Data 0.001 (0.005)	Loss 3.6853 (3.0876)	Prec@1 22.656 (27.660)	Prec@5 40.625 (53.485)
2025-05-25 17:06:04,773 - my_logger - INFO - Train Epoch: [24][100/391]	Time 1.624 (1.626)	Data 0.001 (0.003)	Loss 3.4205 (3.0688)	Prec@1 22.656 (28.034)	Prec@5 47.656 (54.099)
2025-05-25 17:07:26,020 - my_logger - INFO - Train Epoch: [24][150/391]	Time 1.624 (1.626)	Data 0.000 (0.002)	Loss 3.7018 (3.0530)	Prec@1 21.094 (28.261)	Prec@5 38.281 (54.487)
2025-05-25 17:08:47,269 - my_logger - INFO - Train Epoch: [24][200/391]	Time 1.624 (1.626)	Data 0.001 (0.002)	Loss 3.5904 (3.0446)	Prec@1 16.406 (28.583)	Prec@5 39.844 (54.714)
2025-05-25 17:10:08,552 - my_logger - INFO - Train Epoch: [24][250/391]	Time 1.626 (1.626)	Data 0.001 (0.001)	Loss 3.9077 (3.0410)	Prec@1 14.062 (28.763)	Prec@5 35.938 (54.758)
2025-05-25 17:11:29,810 - my_logger - INFO - Train Epoch: [24][300/391]	Time 1.625 (1.626)	Data 0.000 (0.001)	Loss 3.8518 (3.0408)	Prec@1 15.625 (28.791)	Prec@5 33.594 (54.803)
2025-05-25 17:12:51,099 - my_logger - INFO - Train Epoch: [24][350/391]	Time 1.623 (1.626)	Data 0.000 (0.001)	Loss 3.4013 (3.0404)	Prec@1 21.094 (28.851)	Prec@5 53.906 (54.792)
2025-05-25 17:13:55,979 - my_logger - INFO - Test: [0/79]	Time 0.251 (0.251)	Loss 1.8721 (1.8721)	Prec@1 54.688 (54.688)	Prec@5 83.594 (83.594)
2025-05-25 17:13:56,665 - my_logger - INFO - Test: [10/79]	Time 0.069 (0.085)	Loss 1.9967 (2.0159)	Prec@1 50.781 (48.651)	Prec@5 76.562 (76.562)
2025-05-25 17:13:57,352 - my_logger - INFO - Test: [20/79]	Time 0.069 (0.077)	Loss 2.0418 (1.9854)	Prec@1 53.125 (49.665)	Prec@5 78.125 (77.158)
2025-05-25 17:13:58,038 - my_logger - INFO - Test: [30/79]	Time 0.069 (0.075)	Loss 1.9375 (1.9782)	Prec@1 53.125 (49.698)	Prec@5 82.812 (77.646)
2025-05-25 17:13:58,724 - my_logger - INFO - Test: [40/79]	Time 0.069 (0.073)	Loss 1.6856 (1.9876)	Prec@1 53.125 (49.867)	Prec@5 84.375 (77.306)
2025-05-25 17:13:59,410 - my_logger - INFO - Test: [50/79]	Time 0.069 (0.072)	Loss 2.0478 (1.9756)	Prec@1 49.219 (50.138)	Prec@5 73.438 (77.742)
2025-05-25 17:14:00,096 - my_logger - INFO - Test: [60/79]	Time 0.069 (0.072)	Loss 2.2292 (1.9833)	Prec@1 46.875 (49.987)	Prec@5 75.000 (77.587)
2025-05-25 17:14:00,781 - my_logger - INFO - Test: [70/79]	Time 0.069 (0.071)	Loss 2.0310 (1.9790)	Prec@1 50.000 (50.275)	Prec@5 80.469 (77.696)
2025-05-25 17:14:01,318 - my_logger - INFO -  * Prec@1 50.230 Prec@5 77.660
2025-05-25 17:14:05,568 - my_logger - INFO - Training completed!
2025-05-25 17:14:05,568 - my_logger - INFO - Best top-1 accuracy: 50.37%
