2025-06-02 12:37:21,947 - my_logger - INFO - Using CIFAR-10 with 10 classes
2025-06-02 12:37:22,442 - my_logger - INFO - Learning rate set to 0.1
Training for 20 epochs with 10 repeats
2025-06-02 12:37:24,369 - my_logger - INFO - Train Epoch: [0][0/391]	Time 1.926 (1.926)	Data 0.176 (0.176)	Loss 1.5699 (1.8447)	Prec@1 41.406 (34.922)	Prec@5 89.844 (81.953)
2025-06-02 12:38:31,110 - my_logger - INFO - Train Epoch: [0][50/391]	Time 1.333 (1.346)	Data 0.000 (0.004)	Loss 2.1292 (2.1696)	Prec@1 20.312 (20.306)	Prec@5 79.688 (71.215)
2025-06-02 12:39:37,866 - my_logger - INFO - Train Epoch: [0][100/391]	Time 1.332 (1.341)	Data 0.000 (0.002)	Loss 2.0968 (2.1423)	Prec@1 21.094 (20.983)	Prec@5 76.562 (71.993)
2025-06-02 12:40:44,638 - my_logger - INFO - Train Epoch: [0][150/391]	Time 1.330 (1.339)	Data 0.000 (0.002)	Loss 2.1794 (2.1226)	Prec@1 21.875 (21.475)	Prec@5 68.750 (72.826)
2025-06-02 12:41:51,420 - my_logger - INFO - Train Epoch: [0][200/391]	Time 1.334 (1.338)	Data 0.000 (0.001)	Loss 2.2116 (2.1102)	Prec@1 14.844 (21.840)	Prec@5 69.531 (73.346)
2025-06-02 12:42:58,215 - my_logger - INFO - Train Epoch: [0][250/391]	Time 1.331 (1.338)	Data 0.000 (0.001)	Loss 2.1212 (2.1010)	Prec@1 22.656 (22.117)	Prec@5 75.000 (73.768)
2025-06-02 12:44:04,986 - my_logger - INFO - Train Epoch: [0][300/391]	Time 1.340 (1.337)	Data 0.000 (0.001)	Loss 2.1142 (2.0912)	Prec@1 17.969 (22.428)	Prec@5 71.094 (74.286)
2025-06-02 12:45:11,778 - my_logger - INFO - Train Epoch: [0][350/391]	Time 1.332 (1.337)	Data 0.000 (0.001)	Loss 2.1137 (2.0849)	Prec@1 17.969 (22.698)	Prec@5 71.094 (74.552)
2025-06-02 12:46:04,994 - my_logger - INFO - Test: [0/79]	Time 0.178 (0.178)	Loss 1.7195 (1.7195)	Prec@1 38.281 (38.281)	Prec@5 88.281 (88.281)
2025-06-02 12:46:05,352 - my_logger - INFO - Test: [10/79]	Time 0.036 (0.049)	Loss 1.8330 (1.7856)	Prec@1 32.812 (36.506)	Prec@5 83.594 (86.790)
2025-06-02 12:46:05,709 - my_logger - INFO - Test: [20/79]	Time 0.036 (0.043)	Loss 1.8193 (1.7879)	Prec@1 38.281 (35.677)	Prec@5 85.938 (86.458)
2025-06-02 12:46:06,067 - my_logger - INFO - Test: [30/79]	Time 0.036 (0.040)	Loss 1.7621 (1.7892)	Prec@1 32.031 (35.333)	Prec@5 90.625 (86.668)
2025-06-02 12:46:06,424 - my_logger - INFO - Test: [40/79]	Time 0.036 (0.039)	Loss 1.8412 (1.7890)	Prec@1 32.812 (35.309)	Prec@5 82.812 (87.043)
2025-06-02 12:46:06,781 - my_logger - INFO - Test: [50/79]	Time 0.036 (0.039)	Loss 1.7797 (1.7910)	Prec@1 37.500 (35.524)	Prec@5 89.844 (86.826)
2025-06-02 12:46:07,139 - my_logger - INFO - Test: [60/79]	Time 0.036 (0.038)	Loss 1.6754 (1.7895)	Prec@1 39.844 (35.540)	Prec@5 86.719 (86.603)
2025-06-02 12:46:07,496 - my_logger - INFO - Test: [70/79]	Time 0.036 (0.038)	Loss 1.7222 (1.7909)	Prec@1 40.625 (35.464)	Prec@5 89.062 (86.587)
2025-06-02 12:46:07,811 - my_logger - INFO -  * Prec@1 35.700 Prec@5 86.770
2025-06-02 12:46:16,422 - my_logger - INFO - Saved best model with accuracy 35.70%
2025-06-02 12:46:16,424 - my_logger - INFO - Learning rate set to 0.1
2025-06-02 12:46:17,900 - my_logger - INFO - Train Epoch: [1][0/391]	Time 1.474 (1.474)	Data 0.211 (0.211)	Loss 2.0401 (1.9835)	Prec@1 20.312 (23.672)	Prec@5 70.312 (78.516)
2025-06-02 12:47:24,792 - my_logger - INFO - Train Epoch: [1][50/391]	Time 1.339 (1.341)	Data 0.000 (0.005)	Loss 2.0391 (2.0214)	Prec@1 25.000 (25.043)	Prec@5 75.781 (77.145)
2025-06-02 12:48:31,720 - my_logger - INFO - Train Epoch: [1][100/391]	Time 1.334 (1.340)	Data 0.000 (0.002)	Loss 2.0257 (2.0206)	Prec@1 28.125 (25.226)	Prec@5 73.438 (77.471)
2025-06-02 12:49:38,653 - my_logger - INFO - Train Epoch: [1][150/391]	Time 1.341 (1.339)	Data 0.000 (0.002)	Loss 2.1604 (2.0250)	Prec@1 20.312 (25.361)	Prec@5 71.875 (77.114)
2025-06-02 12:50:45,588 - my_logger - INFO - Train Epoch: [1][200/391]	Time 1.339 (1.339)	Data 0.000 (0.001)	Loss 2.1844 (2.0198)	Prec@1 20.312 (25.505)	Prec@5 65.625 (77.230)
2025-06-02 12:51:52,505 - my_logger - INFO - Train Epoch: [1][250/391]	Time 1.337 (1.339)	Data 0.000 (0.001)	Loss 1.9610 (2.0127)	Prec@1 28.125 (25.620)	Prec@5 78.906 (77.642)
2025-06-02 12:52:59,452 - my_logger - INFO - Train Epoch: [1][300/391]	Time 1.343 (1.339)	Data 0.000 (0.001)	Loss 2.0670 (2.0117)	Prec@1 22.656 (25.583)	Prec@5 75.781 (77.672)
2025-06-02 12:54:06,405 - my_logger - INFO - Train Epoch: [1][350/391]	Time 1.337 (1.339)	Data 0.000 (0.001)	Loss 2.0690 (2.0046)	Prec@1 20.312 (25.786)	Prec@5 75.000 (77.954)
2025-06-02 12:54:59,728 - my_logger - INFO - Test: [0/79]	Time 0.174 (0.174)	Loss 1.6272 (1.6272)	Prec@1 48.438 (48.438)	Prec@5 88.281 (88.281)
2025-06-02 12:55:00,085 - my_logger - INFO - Test: [10/79]	Time 0.036 (0.048)	Loss 1.6730 (1.6575)	Prec@1 35.938 (40.767)	Prec@5 88.281 (89.560)
2025-06-02 12:55:00,442 - my_logger - INFO - Test: [20/79]	Time 0.036 (0.042)	Loss 1.7304 (1.6639)	Prec@1 42.188 (39.360)	Prec@5 89.844 (89.509)
2025-06-02 12:55:00,799 - my_logger - INFO - Test: [30/79]	Time 0.036 (0.040)	Loss 1.5972 (1.6696)	Prec@1 41.406 (39.062)	Prec@5 89.062 (89.163)
2025-06-02 12:55:01,155 - my_logger - INFO - Test: [40/79]	Time 0.036 (0.039)	Loss 1.7200 (1.6708)	Prec@1 36.719 (39.043)	Prec@5 85.938 (89.062)
2025-06-02 12:55:01,512 - my_logger - INFO - Test: [50/79]	Time 0.036 (0.038)	Loss 1.6294 (1.6795)	Prec@1 38.281 (38.327)	Prec@5 92.188 (88.909)
2025-06-02 12:55:01,868 - my_logger - INFO - Test: [60/79]	Time 0.036 (0.038)	Loss 1.6044 (1.6781)	Prec@1 42.188 (38.358)	Prec@5 90.625 (88.947)
2025-06-02 12:55:02,224 - my_logger - INFO - Test: [70/79]	Time 0.036 (0.038)	Loss 1.5650 (1.6800)	Prec@1 39.062 (38.281)	Prec@5 91.406 (88.754)
2025-06-02 12:55:02,519 - my_logger - INFO -  * Prec@1 38.380 Prec@5 88.850
2025-06-02 12:55:10,737 - my_logger - INFO - Saved best model with accuracy 38.38%
2025-06-02 12:55:10,738 - my_logger - INFO - Learning rate set to 0.1
2025-06-02 12:55:12,198 - my_logger - INFO - Train Epoch: [2][0/391]	Time 1.458 (1.458)	Data 0.191 (0.191)	Loss 2.1747 (2.0932)	Prec@1 17.969 (23.672)	Prec@5 71.875 (76.406)
2025-06-02 12:56:19,074 - my_logger - INFO - Train Epoch: [2][50/391]	Time 1.339 (1.340)	Data 0.000 (0.004)	Loss 2.0298 (1.9907)	Prec@1 26.562 (25.953)	Prec@5 75.000 (78.572)
2025-06-02 12:57:25,811 - my_logger - INFO - Train Epoch: [2][100/391]	Time 1.333 (1.337)	Data 0.000 (0.002)	Loss 2.0423 (1.9728)	Prec@1 23.438 (26.646)	Prec@5 75.000 (79.623)
2025-06-02 12:58:32,518 - my_logger - INFO - Train Epoch: [2][150/391]	Time 1.330 (1.336)	Data 0.000 (0.002)	Loss 2.0569 (1.9698)	Prec@1 24.219 (26.768)	Prec@5 78.906 (79.548)
2025-06-02 12:59:39,301 - my_logger - INFO - Train Epoch: [2][200/391]	Time 1.335 (1.336)	Data 0.000 (0.001)	Loss 2.1411 (1.9706)	Prec@1 22.656 (26.883)	Prec@5 78.125 (79.398)
2025-06-02 13:00:46,038 - my_logger - INFO - Train Epoch: [2][250/391]	Time 1.334 (1.336)	Data 0.000 (0.001)	Loss 2.1051 (1.9675)	Prec@1 25.781 (27.216)	Prec@5 71.875 (79.475)
2025-06-02 13:01:52,830 - my_logger - INFO - Train Epoch: [2][300/391]	Time 1.341 (1.336)	Data 0.000 (0.001)	Loss 2.1539 (1.9643)	Prec@1 16.406 (27.340)	Prec@5 72.656 (79.543)
2025-06-02 13:02:59,638 - my_logger - INFO - Train Epoch: [2][350/391]	Time 1.335 (1.336)	Data 0.000 (0.001)	Loss 1.9862 (1.9641)	Prec@1 25.000 (27.398)	Prec@5 81.250 (79.482)
2025-06-02 13:03:52,848 - my_logger - INFO - Test: [0/79]	Time 0.175 (0.175)	Loss 1.5564 (1.5564)	Prec@1 44.531 (44.531)	Prec@5 90.625 (90.625)
2025-06-02 13:03:53,207 - my_logger - INFO - Test: [10/79]	Time 0.036 (0.048)	Loss 1.6303 (1.5845)	Prec@1 39.844 (43.750)	Prec@5 86.719 (90.767)
2025-06-02 13:03:53,564 - my_logger - INFO - Test: [20/79]	Time 0.036 (0.042)	Loss 1.6243 (1.5707)	Prec@1 42.188 (44.940)	Prec@5 91.406 (90.290)
2025-06-02 13:03:53,921 - my_logger - INFO - Test: [30/79]	Time 0.036 (0.040)	Loss 1.5535 (1.5709)	Prec@1 45.312 (45.161)	Prec@5 92.188 (90.423)
2025-06-02 13:03:54,278 - my_logger - INFO - Test: [40/79]	Time 0.036 (0.039)	Loss 1.6736 (1.5725)	Prec@1 39.062 (45.332)	Prec@5 87.500 (90.454)
2025-06-02 13:03:54,634 - my_logger - INFO - Test: [50/79]	Time 0.036 (0.038)	Loss 1.5803 (1.5780)	Prec@1 39.844 (44.884)	Prec@5 89.844 (90.273)
2025-06-02 13:03:54,991 - my_logger - INFO - Test: [60/79]	Time 0.036 (0.038)	Loss 1.4186 (1.5738)	Prec@1 50.000 (45.031)	Prec@5 93.750 (90.497)
2025-06-02 13:03:55,348 - my_logger - INFO - Test: [70/79]	Time 0.036 (0.038)	Loss 1.4357 (1.5772)	Prec@1 52.344 (44.641)	Prec@5 94.531 (90.460)
2025-06-02 13:03:55,644 - my_logger - INFO -  * Prec@1 44.720 Prec@5 90.450
2025-06-02 13:04:04,017 - my_logger - INFO - Saved best model with accuracy 44.72%
2025-06-02 13:04:04,018 - my_logger - INFO - Learning rate set to 0.010000000000000002
2025-06-02 13:04:05,482 - my_logger - INFO - Train Epoch: [3][0/391]	Time 1.463 (1.463)	Data 0.204 (0.204)	Loss 2.3045 (2.0776)	Prec@1 19.531 (24.609)	Prec@5 65.625 (73.906)
2025-06-02 13:05:12,333 - my_logger - INFO - Train Epoch: [3][50/391]	Time 1.338 (1.339)	Data 0.001 (0.004)	Loss 2.1021 (1.9210)	Prec@1 19.531 (29.749)	Prec@5 74.219 (80.910)
2025-06-02 13:06:19,125 - my_logger - INFO - Train Epoch: [3][100/391]	Time 1.338 (1.338)	Data 0.000 (0.002)	Loss 2.1447 (1.9107)	Prec@1 18.750 (30.189)	Prec@5 74.219 (81.179)
2025-06-02 13:07:25,977 - my_logger - INFO - Train Epoch: [3][150/391]	Time 1.337 (1.337)	Data 0.000 (0.002)	Loss 2.1140 (1.8967)	Prec@1 21.875 (30.715)	Prec@5 75.781 (81.559)
2025-06-02 13:08:32,817 - my_logger - INFO - Train Epoch: [3][200/391]	Time 1.340 (1.337)	Data 0.000 (0.001)	Loss 2.0112 (1.8893)	Prec@1 28.906 (31.015)	Prec@5 75.781 (81.758)
2025-06-02 13:09:39,587 - my_logger - INFO - Train Epoch: [3][250/391]	Time 1.332 (1.337)	Data 0.000 (0.001)	Loss 2.0953 (1.8828)	Prec@1 23.438 (31.236)	Prec@5 76.562 (81.876)
2025-06-02 13:10:46,356 - my_logger - INFO - Train Epoch: [3][300/391]	Time 1.341 (1.337)	Data 0.000 (0.001)	Loss 1.9938 (1.8780)	Prec@1 25.781 (31.426)	Prec@5 78.125 (82.022)
2025-06-02 13:11:53,109 - my_logger - INFO - Train Epoch: [3][350/391]	Time 1.339 (1.336)	Data 0.000 (0.001)	Loss 2.1590 (1.8742)	Prec@1 21.094 (31.596)	Prec@5 72.656 (82.169)
2025-06-02 13:12:46,282 - my_logger - INFO - Test: [0/79]	Time 0.182 (0.182)	Loss 1.2967 (1.2967)	Prec@1 59.375 (59.375)	Prec@5 97.656 (97.656)
2025-06-02 13:12:46,640 - my_logger - INFO - Test: [10/79]	Time 0.036 (0.049)	Loss 1.2811 (1.2881)	Prec@1 53.906 (57.386)	Prec@5 93.750 (96.094)
2025-06-02 13:12:46,998 - my_logger - INFO - Test: [20/79]	Time 0.036 (0.043)	Loss 1.2882 (1.3012)	Prec@1 64.844 (57.292)	Prec@5 94.531 (95.164)
2025-06-02 13:12:47,355 - my_logger - INFO - Test: [30/79]	Time 0.036 (0.040)	Loss 1.1782 (1.2951)	Prec@1 64.062 (57.510)	Prec@5 96.875 (95.464)
2025-06-02 13:12:47,712 - my_logger - INFO - Test: [40/79]	Time 0.036 (0.039)	Loss 1.3344 (1.2929)	Prec@1 51.562 (57.374)	Prec@5 95.312 (95.522)
2025-06-02 13:12:48,069 - my_logger - INFO - Test: [50/79]	Time 0.036 (0.039)	Loss 1.3531 (1.3019)	Prec@1 52.344 (56.847)	Prec@5 92.969 (95.282)
2025-06-02 13:12:48,426 - my_logger - INFO - Test: [60/79]	Time 0.036 (0.038)	Loss 1.2499 (1.3021)	Prec@1 60.156 (56.852)	Prec@5 95.312 (95.300)
2025-06-02 13:12:48,784 - my_logger - INFO - Test: [70/79]	Time 0.036 (0.038)	Loss 1.2459 (1.3069)	Prec@1 60.156 (56.536)	Prec@5 96.875 (95.357)
2025-06-02 13:12:49,081 - my_logger - INFO -  * Prec@1 56.690 Prec@5 95.340
2025-06-02 13:12:57,709 - my_logger - INFO - Saved best model with accuracy 56.69%
2025-06-02 13:12:57,710 - my_logger - INFO - Learning rate set to 0.010000000000000002
2025-06-02 13:12:59,171 - my_logger - INFO - Train Epoch: [4][0/391]	Time 1.459 (1.459)	Data 0.194 (0.194)	Loss 2.2468 (1.9830)	Prec@1 14.844 (22.031)	Prec@5 74.219 (80.938)
2025-06-02 13:14:05,985 - my_logger - INFO - Train Epoch: [4][50/391]	Time 1.336 (1.339)	Data 0.000 (0.004)	Loss 2.0190 (1.8355)	Prec@1 20.312 (33.208)	Prec@5 77.344 (83.395)
2025-06-02 13:15:12,780 - my_logger - INFO - Train Epoch: [4][100/391]	Time 1.331 (1.337)	Data 0.000 (0.002)	Loss 2.1237 (1.8388)	Prec@1 25.000 (33.245)	Prec@5 72.656 (83.101)
2025-06-02 13:16:19,563 - my_logger - INFO - Train Epoch: [4][150/391]	Time 1.335 (1.337)	Data 0.000 (0.002)	Loss 2.0284 (1.8333)	Prec@1 26.562 (33.287)	Prec@5 77.344 (83.255)
2025-06-02 13:17:26,342 - my_logger - INFO - Train Epoch: [4][200/391]	Time 1.335 (1.336)	Data 0.000 (0.001)	Loss 2.0140 (1.8286)	Prec@1 26.562 (33.512)	Prec@5 84.375 (83.413)
2025-06-02 13:18:33,135 - my_logger - INFO - Train Epoch: [4][250/391]	Time 1.334 (1.336)	Data 0.000 (0.001)	Loss 1.9539 (1.8291)	Prec@1 28.906 (33.491)	Prec@5 79.688 (83.376)
2025-06-02 13:19:39,933 - my_logger - INFO - Train Epoch: [4][300/391]	Time 1.336 (1.336)	Data 0.000 (0.001)	Loss 2.0866 (1.8273)	Prec@1 25.781 (33.447)	Prec@5 77.344 (83.425)
2025-06-02 13:20:46,679 - my_logger - INFO - Train Epoch: [4][350/391]	Time 1.337 (1.336)	Data 0.004 (0.001)	Loss 1.7766 (1.8223)	Prec@1 34.375 (33.593)	Prec@5 80.469 (83.594)
2025-06-02 13:21:39,910 - my_logger - INFO - Test: [0/79]	Time 0.178 (0.178)	Loss 1.3175 (1.3175)	Prec@1 64.062 (64.062)	Prec@5 96.875 (96.875)
2025-06-02 13:21:40,268 - my_logger - INFO - Test: [10/79]	Time 0.036 (0.049)	Loss 1.2681 (1.2775)	Prec@1 57.031 (60.582)	Prec@5 96.094 (96.804)
2025-06-02 13:21:40,625 - my_logger - INFO - Test: [20/79]	Time 0.036 (0.043)	Loss 1.3108 (1.2902)	Prec@1 57.812 (59.598)	Prec@5 95.312 (95.796)
2025-06-02 13:21:40,982 - my_logger - INFO - Test: [30/79]	Time 0.036 (0.040)	Loss 1.2125 (1.2899)	Prec@1 64.062 (59.451)	Prec@5 95.312 (95.338)
2025-06-02 13:21:41,338 - my_logger - INFO - Test: [40/79]	Time 0.036 (0.039)	Loss 1.3246 (1.2890)	Prec@1 57.031 (59.413)	Prec@5 92.969 (95.332)
2025-06-02 13:21:41,694 - my_logger - INFO - Test: [50/79]	Time 0.036 (0.038)	Loss 1.2735 (1.2958)	Prec@1 56.250 (58.931)	Prec@5 96.094 (95.236)
2025-06-02 13:21:42,051 - my_logger - INFO - Test: [60/79]	Time 0.036 (0.038)	Loss 1.2177 (1.2941)	Prec@1 65.625 (58.863)	Prec@5 93.750 (95.287)
2025-06-02 13:21:42,407 - my_logger - INFO - Test: [70/79]	Time 0.036 (0.038)	Loss 1.2281 (1.2977)	Prec@1 62.500 (58.495)	Prec@5 98.438 (95.235)
2025-06-02 13:21:42,706 - my_logger - INFO -  * Prec@1 58.550 Prec@5 95.240
2025-06-02 13:21:51,288 - my_logger - INFO - Saved best model with accuracy 58.55%
2025-06-02 13:21:51,290 - my_logger - INFO - Learning rate set to 0.010000000000000002
2025-06-02 13:21:52,761 - my_logger - INFO - Train Epoch: [5][0/391]	Time 1.469 (1.469)	Data 0.211 (0.211)	Loss 2.0286 (1.8200)	Prec@1 23.438 (33.125)	Prec@5 80.469 (86.016)
2025-06-02 13:22:59,560 - my_logger - INFO - Train Epoch: [5][50/391]	Time 1.335 (1.339)	Data 0.000 (0.005)	Loss 2.0281 (1.8140)	Prec@1 25.781 (34.256)	Prec@5 82.031 (83.157)
2025-06-02 13:24:06,328 - my_logger - INFO - Train Epoch: [5][100/391]	Time 1.340 (1.337)	Data 0.000 (0.002)	Loss 2.0916 (1.8017)	Prec@1 20.312 (34.503)	Prec@5 81.250 (83.724)
2025-06-02 13:25:13,131 - my_logger - INFO - Train Epoch: [5][150/391]	Time 1.336 (1.337)	Data 0.000 (0.002)	Loss 2.0145 (1.7973)	Prec@1 21.875 (34.695)	Prec@5 79.688 (84.057)
2025-06-02 13:26:20,059 - my_logger - INFO - Train Epoch: [5][200/391]	Time 1.331 (1.337)	Data 0.000 (0.003)	Loss 1.8764 (1.7912)	Prec@1 29.688 (34.833)	Prec@5 82.812 (84.213)
2025-06-02 13:27:26,872 - my_logger - INFO - Train Epoch: [5][250/391]	Time 1.334 (1.337)	Data 0.000 (0.002)	Loss 1.9596 (1.7911)	Prec@1 24.219 (34.903)	Prec@5 84.375 (84.232)
2025-06-02 13:28:33,724 - my_logger - INFO - Train Epoch: [5][300/391]	Time 1.340 (1.337)	Data 0.000 (0.002)	Loss 1.8898 (1.7881)	Prec@1 25.000 (35.003)	Prec@5 83.594 (84.343)
2025-06-02 13:29:40,536 - my_logger - INFO - Train Epoch: [5][350/391]	Time 1.336 (1.337)	Data 0.000 (0.002)	Loss 1.9591 (1.7860)	Prec@1 26.562 (35.160)	Prec@5 84.375 (84.442)
2025-06-02 13:30:33,768 - my_logger - INFO - Test: [0/79]	Time 0.188 (0.188)	Loss 1.1984 (1.1984)	Prec@1 61.719 (61.719)	Prec@5 97.656 (97.656)
2025-06-02 13:30:34,127 - my_logger - INFO - Test: [10/79]	Time 0.036 (0.050)	Loss 1.1757 (1.1852)	Prec@1 58.594 (61.435)	Prec@5 96.875 (96.946)
2025-06-02 13:30:34,484 - my_logger - INFO - Test: [20/79]	Time 0.036 (0.043)	Loss 1.2024 (1.2016)	Prec@1 62.500 (61.086)	Prec@5 96.094 (96.429)
2025-06-02 13:30:34,841 - my_logger - INFO - Test: [30/79]	Time 0.036 (0.041)	Loss 1.0950 (1.1991)	Prec@1 60.938 (61.366)	Prec@5 96.094 (96.321)
2025-06-02 13:30:35,198 - my_logger - INFO - Test: [40/79]	Time 0.036 (0.039)	Loss 1.2638 (1.1992)	Prec@1 59.375 (61.052)	Prec@5 93.750 (96.151)
2025-06-02 13:30:35,556 - my_logger - INFO - Test: [50/79]	Time 0.036 (0.039)	Loss 1.2332 (1.2061)	Prec@1 60.938 (60.677)	Prec@5 95.312 (96.017)
2025-06-02 13:30:35,914 - my_logger - INFO - Test: [60/79]	Time 0.036 (0.038)	Loss 1.1397 (1.2052)	Prec@1 65.625 (60.925)	Prec@5 95.312 (95.991)
2025-06-02 13:30:36,272 - my_logger - INFO - Test: [70/79]	Time 0.036 (0.038)	Loss 1.1553 (1.2102)	Prec@1 61.719 (60.684)	Prec@5 97.656 (96.028)
2025-06-02 13:30:36,990 - my_logger - INFO -  * Prec@1 60.840 Prec@5 95.970
2025-06-02 13:30:54,254 - my_logger - INFO - Saved best model with accuracy 60.84%
2025-06-02 13:30:54,256 - my_logger - INFO - Learning rate set to 0.0010000000000000002
2025-06-02 13:30:55,743 - my_logger - INFO - Train Epoch: [6][0/391]	Time 1.485 (1.485)	Data 0.220 (0.220)	Loss 2.0601 (1.7621)	Prec@1 23.438 (35.938)	Prec@5 79.688 (85.625)
2025-06-02 13:32:02,586 - my_logger - INFO - Train Epoch: [6][50/391]	Time 1.338 (1.340)	Data 0.000 (0.005)	Loss 2.1276 (1.7663)	Prec@1 24.219 (36.532)	Prec@5 77.344 (84.859)
2025-06-02 13:33:09,412 - my_logger - INFO - Train Epoch: [6][100/391]	Time 1.336 (1.338)	Data 0.000 (0.003)	Loss 2.0180 (1.7644)	Prec@1 21.094 (36.453)	Prec@5 79.688 (84.778)
2025-06-02 13:34:16,212 - my_logger - INFO - Train Epoch: [6][150/391]	Time 1.336 (1.337)	Data 0.000 (0.002)	Loss 2.0840 (1.7591)	Prec@1 28.906 (36.680)	Prec@5 74.219 (84.709)
2025-06-02 13:35:23,029 - my_logger - INFO - Train Epoch: [6][200/391]	Time 1.340 (1.337)	Data 0.000 (0.002)	Loss 2.1109 (1.7512)	Prec@1 21.875 (36.880)	Prec@5 75.781 (84.937)
2025-06-02 13:36:29,825 - my_logger - INFO - Train Epoch: [6][250/391]	Time 1.330 (1.337)	Data 0.000 (0.001)	Loss 1.9909 (1.7486)	Prec@1 26.562 (37.022)	Prec@5 79.688 (85.085)
2025-06-02 13:37:36,581 - my_logger - INFO - Train Epoch: [6][300/391]	Time 1.336 (1.337)	Data 0.000 (0.001)	Loss 2.1662 (1.7454)	Prec@1 19.531 (37.140)	Prec@5 73.438 (85.148)
2025-06-02 13:38:43,427 - my_logger - INFO - Train Epoch: [6][350/391]	Time 1.336 (1.337)	Data 0.000 (0.001)	Loss 2.0261 (1.7439)	Prec@1 25.000 (37.172)	Prec@5 75.781 (85.136)
2025-06-02 13:39:36,611 - my_logger - INFO - Test: [0/79]	Time 0.175 (0.175)	Loss 1.1112 (1.1112)	Prec@1 66.406 (66.406)	Prec@5 97.656 (97.656)
2025-06-02 13:39:36,968 - my_logger - INFO - Test: [10/79]	Time 0.036 (0.048)	Loss 1.1249 (1.1139)	Prec@1 62.500 (64.062)	Prec@5 95.312 (97.372)
2025-06-02 13:39:37,325 - my_logger - INFO - Test: [20/79]	Time 0.036 (0.042)	Loss 1.1215 (1.1298)	Prec@1 61.719 (63.467)	Prec@5 96.875 (96.652)
2025-06-02 13:39:37,682 - my_logger - INFO - Test: [30/79]	Time 0.036 (0.040)	Loss 1.0358 (1.1308)	Prec@1 71.094 (63.710)	Prec@5 97.656 (96.522)
2025-06-02 13:39:38,038 - my_logger - INFO - Test: [40/79]	Time 0.036 (0.039)	Loss 1.1739 (1.1271)	Prec@1 61.719 (64.024)	Prec@5 94.531 (96.551)
2025-06-02 13:39:38,395 - my_logger - INFO - Test: [50/79]	Time 0.036 (0.038)	Loss 1.1035 (1.1327)	Prec@1 62.500 (63.725)	Prec@5 95.312 (96.385)
2025-06-02 13:39:38,751 - my_logger - INFO - Test: [60/79]	Time 0.036 (0.038)	Loss 1.1416 (1.1339)	Prec@1 64.844 (63.794)	Prec@5 94.531 (96.350)
2025-06-02 13:39:39,107 - my_logger - INFO - Test: [70/79]	Time 0.036 (0.038)	Loss 1.0553 (1.1370)	Prec@1 67.188 (63.523)	Prec@5 97.656 (96.402)
2025-06-02 13:39:39,489 - my_logger - INFO -  * Prec@1 63.580 Prec@5 96.380
2025-06-02 13:39:50,398 - my_logger - INFO - Saved best model with accuracy 63.58%
2025-06-02 13:39:50,399 - my_logger - INFO - Learning rate set to 0.0010000000000000002
2025-06-02 13:39:51,890 - my_logger - INFO - Train Epoch: [7][0/391]	Time 1.489 (1.489)	Data 0.211 (0.211)	Loss 1.9256 (1.6014)	Prec@1 32.812 (44.141)	Prec@5 78.906 (87.344)
2025-06-02 13:40:58,730 - my_logger - INFO - Train Epoch: [7][50/391]	Time 1.338 (1.340)	Data 0.000 (0.005)	Loss 2.0161 (1.6983)	Prec@1 25.000 (39.070)	Prec@5 81.250 (85.924)
2025-06-02 13:42:05,590 - my_logger - INFO - Train Epoch: [7][100/391]	Time 1.336 (1.338)	Data 0.000 (0.002)	Loss 2.0669 (1.7060)	Prec@1 25.781 (38.447)	Prec@5 79.688 (86.017)
2025-06-02 13:43:12,402 - my_logger - INFO - Train Epoch: [7][150/391]	Time 1.335 (1.338)	Data 0.000 (0.002)	Loss 2.0385 (1.7190)	Prec@1 24.219 (38.023)	Prec@5 77.344 (85.658)
2025-06-02 13:44:19,196 - my_logger - INFO - Train Epoch: [7][200/391]	Time 1.334 (1.337)	Data 0.000 (0.001)	Loss 1.8557 (1.7204)	Prec@1 28.125 (37.982)	Prec@5 82.812 (85.635)
2025-06-02 13:45:26,029 - my_logger - INFO - Train Epoch: [7][250/391]	Time 1.340 (1.337)	Data 0.000 (0.001)	Loss 1.9481 (1.7200)	Prec@1 32.031 (37.986)	Prec@5 78.125 (85.787)
2025-06-02 13:46:32,852 - my_logger - INFO - Train Epoch: [7][300/391]	Time 1.340 (1.337)	Data 0.000 (0.001)	Loss 2.0357 (1.7189)	Prec@1 22.656 (37.990)	Prec@5 80.469 (85.739)
2025-06-02 13:47:39,645 - my_logger - INFO - Train Epoch: [7][350/391]	Time 1.336 (1.337)	Data 0.000 (0.001)	Loss 1.7960 (1.7183)	Prec@1 27.344 (38.067)	Prec@5 88.281 (85.663)
2025-06-02 13:48:32,967 - my_logger - INFO - Test: [0/79]	Time 0.277 (0.277)	Loss 1.0500 (1.0500)	Prec@1 67.188 (67.188)	Prec@5 98.438 (98.438)
2025-06-02 13:48:33,325 - my_logger - INFO - Test: [10/79]	Time 0.036 (0.058)	Loss 1.0057 (1.0350)	Prec@1 64.844 (67.116)	Prec@5 96.094 (98.011)
2025-06-02 13:48:33,682 - my_logger - INFO - Test: [20/79]	Time 0.036 (0.047)	Loss 1.0493 (1.0537)	Prec@1 63.281 (66.555)	Prec@5 98.438 (97.284)
2025-06-02 13:48:34,039 - my_logger - INFO - Test: [30/79]	Time 0.036 (0.044)	Loss 0.9410 (1.0522)	Prec@1 75.781 (66.835)	Prec@5 97.656 (97.228)
2025-06-02 13:48:34,396 - my_logger - INFO - Test: [40/79]	Time 0.036 (0.042)	Loss 1.0861 (1.0516)	Prec@1 61.719 (66.444)	Prec@5 97.656 (97.294)
2025-06-02 13:48:34,753 - my_logger - INFO - Test: [50/79]	Time 0.036 (0.040)	Loss 1.0711 (1.0583)	Prec@1 67.188 (66.268)	Prec@5 96.094 (97.135)
2025-06-02 13:48:35,111 - my_logger - INFO - Test: [60/79]	Time 0.036 (0.040)	Loss 1.0678 (1.0592)	Prec@1 67.188 (66.265)	Prec@5 96.094 (97.054)
2025-06-02 13:48:35,468 - my_logger - INFO - Test: [70/79]	Time 0.036 (0.039)	Loss 0.9886 (1.0623)	Prec@1 69.531 (66.032)	Prec@5 99.219 (97.106)
2025-06-02 13:48:35,765 - my_logger - INFO -  * Prec@1 66.220 Prec@5 97.150
2025-06-02 13:48:46,747 - my_logger - INFO - Saved best model with accuracy 66.22%
2025-06-02 13:48:46,748 - my_logger - INFO - Learning rate set to 0.0010000000000000002
2025-06-02 13:48:48,240 - my_logger - INFO - Train Epoch: [8][0/391]	Time 1.490 (1.490)	Data 0.218 (0.218)	Loss 2.0168 (1.7144)	Prec@1 32.031 (42.344)	Prec@5 74.219 (82.266)
2025-06-02 13:49:55,084 - my_logger - INFO - Train Epoch: [8][50/391]	Time 1.336 (1.340)	Data 0.000 (0.005)	Loss 2.0156 (1.7207)	Prec@1 26.562 (38.172)	Prec@5 80.469 (84.930)
2025-06-02 13:51:01,902 - my_logger - INFO - Train Epoch: [8][100/391]	Time 1.336 (1.338)	Data 0.000 (0.003)	Loss 2.0953 (1.7156)	Prec@1 25.000 (38.224)	Prec@5 76.562 (85.256)
2025-06-02 13:52:08,809 - my_logger - INFO - Train Epoch: [8][150/391]	Time 1.341 (1.338)	Data 0.000 (0.003)	Loss 2.1740 (1.7199)	Prec@1 22.656 (37.967)	Prec@5 73.438 (85.253)
2025-06-02 13:53:15,609 - my_logger - INFO - Train Epoch: [8][200/391]	Time 1.334 (1.338)	Data 0.000 (0.002)	Loss 2.0939 (1.7142)	Prec@1 17.188 (38.102)	Prec@5 85.156 (85.562)
2025-06-02 13:54:22,434 - my_logger - INFO - Train Epoch: [8][250/391]	Time 1.336 (1.337)	Data 0.000 (0.002)	Loss 2.1170 (1.7125)	Prec@1 28.125 (38.296)	Prec@5 75.781 (85.594)
2025-06-02 13:55:29,266 - my_logger - INFO - Train Epoch: [8][300/391]	Time 1.338 (1.337)	Data 0.001 (0.002)	Loss 2.0010 (1.7086)	Prec@1 28.906 (38.458)	Prec@5 73.438 (85.702)
2025-06-02 13:56:36,099 - my_logger - INFO - Train Epoch: [8][350/391]	Time 1.336 (1.337)	Data 0.000 (0.002)	Loss 1.8918 (1.7063)	Prec@1 32.031 (38.468)	Prec@5 80.469 (85.820)
2025-06-02 13:57:29,343 - my_logger - INFO - Test: [0/79]	Time 0.181 (0.181)	Loss 1.0578 (1.0578)	Prec@1 68.750 (68.750)	Prec@5 99.219 (99.219)
2025-06-02 13:57:29,703 - my_logger - INFO - Test: [10/79]	Time 0.036 (0.049)	Loss 1.0602 (1.0552)	Prec@1 64.844 (67.685)	Prec@5 96.094 (98.153)
2025-06-02 13:57:30,059 - my_logger - INFO - Test: [20/79]	Time 0.036 (0.043)	Loss 1.0644 (1.0692)	Prec@1 61.719 (66.629)	Prec@5 98.438 (97.545)
2025-06-02 13:57:30,415 - my_logger - INFO - Test: [30/79]	Time 0.036 (0.040)	Loss 0.9640 (1.0702)	Prec@1 71.094 (66.507)	Prec@5 99.219 (97.329)
2025-06-02 13:57:30,772 - my_logger - INFO - Test: [40/79]	Time 0.036 (0.039)	Loss 1.1149 (1.0682)	Prec@1 63.281 (66.521)	Prec@5 96.094 (97.389)
2025-06-02 13:57:31,128 - my_logger - INFO - Test: [50/79]	Time 0.036 (0.039)	Loss 1.0811 (1.0736)	Prec@1 67.188 (66.376)	Prec@5 95.312 (97.151)
2025-06-02 13:57:31,484 - my_logger - INFO - Test: [60/79]	Time 0.036 (0.038)	Loss 1.0724 (1.0751)	Prec@1 72.656 (66.457)	Prec@5 94.531 (97.054)
2025-06-02 13:57:31,840 - my_logger - INFO - Test: [70/79]	Time 0.036 (0.038)	Loss 1.0016 (1.0799)	Prec@1 69.531 (66.241)	Prec@5 99.219 (97.073)
2025-06-02 13:57:32,217 - my_logger - INFO -  * Prec@1 66.340 Prec@5 97.110
2025-06-02 13:57:42,566 - my_logger - INFO - Saved best model with accuracy 66.34%
2025-06-02 13:57:42,567 - my_logger - INFO - Learning rate set to 0.00010000000000000003
2025-06-02 13:57:44,062 - my_logger - INFO - Train Epoch: [9][0/391]	Time 1.493 (1.493)	Data 0.225 (0.225)	Loss 1.9837 (1.6611)	Prec@1 31.250 (43.281)	Prec@5 82.031 (87.109)
2025-06-02 13:58:50,950 - my_logger - INFO - Train Epoch: [9][50/391]	Time 1.339 (1.341)	Data 0.000 (0.005)	Loss 2.1002 (1.7109)	Prec@1 25.000 (38.159)	Prec@5 74.219 (85.446)
2025-06-02 13:59:57,878 - my_logger - INFO - Train Epoch: [9][100/391]	Time 1.340 (1.340)	Data 0.000 (0.003)	Loss 1.9777 (1.7046)	Prec@1 23.438 (38.390)	Prec@5 85.938 (85.769)
2025-06-02 14:01:04,818 - my_logger - INFO - Train Epoch: [9][150/391]	Time 1.338 (1.339)	Data 0.000 (0.002)	Loss 1.9037 (1.6999)	Prec@1 26.562 (38.598)	Prec@5 80.469 (86.003)
2025-06-02 14:02:11,711 - my_logger - INFO - Train Epoch: [9][200/391]	Time 1.338 (1.339)	Data 0.000 (0.002)	Loss 1.8764 (1.6955)	Prec@1 32.031 (38.890)	Prec@5 78.906 (86.042)
2025-06-02 14:03:18,502 - my_logger - INFO - Train Epoch: [9][250/391]	Time 1.330 (1.338)	Data 0.000 (0.002)	Loss 2.0982 (1.6967)	Prec@1 23.438 (38.843)	Prec@5 73.438 (85.949)
2025-06-02 14:04:25,277 - my_logger - INFO - Train Epoch: [9][300/391]	Time 1.335 (1.338)	Data 0.001 (0.002)	Loss 2.1134 (1.6951)	Prec@1 21.094 (38.917)	Prec@5 76.562 (86.023)
2025-06-02 14:05:32,036 - my_logger - INFO - Train Epoch: [9][350/391]	Time 1.334 (1.338)	Data 0.000 (0.002)	Loss 1.9575 (1.6969)	Prec@1 26.562 (38.848)	Prec@5 79.688 (85.941)
2025-06-02 14:06:25,216 - my_logger - INFO - Test: [0/79]	Time 0.170 (0.170)	Loss 1.0144 (1.0144)	Prec@1 69.531 (69.531)	Prec@5 99.219 (99.219)
2025-06-02 14:06:25,574 - my_logger - INFO - Test: [10/79]	Time 0.036 (0.048)	Loss 0.9967 (1.0068)	Prec@1 64.844 (67.898)	Prec@5 96.875 (98.509)
2025-06-02 14:06:25,931 - my_logger - INFO - Test: [20/79]	Time 0.036 (0.042)	Loss 1.0188 (1.0226)	Prec@1 66.406 (67.262)	Prec@5 97.656 (97.693)
2025-06-02 14:06:26,288 - my_logger - INFO - Test: [30/79]	Time 0.036 (0.040)	Loss 0.9174 (1.0225)	Prec@1 75.000 (67.540)	Prec@5 98.438 (97.505)
2025-06-02 14:06:26,644 - my_logger - INFO - Test: [40/79]	Time 0.036 (0.039)	Loss 1.0454 (1.0199)	Prec@1 65.625 (67.626)	Prec@5 96.094 (97.561)
2025-06-02 14:06:27,003 - my_logger - INFO - Test: [50/79]	Time 0.036 (0.038)	Loss 1.0178 (1.0253)	Prec@1 67.188 (67.371)	Prec@5 96.875 (97.457)
2025-06-02 14:06:27,359 - my_logger - INFO - Test: [60/79]	Time 0.036 (0.038)	Loss 1.0543 (1.0259)	Prec@1 68.750 (67.610)	Prec@5 94.531 (97.234)
2025-06-02 14:06:27,716 - my_logger - INFO - Test: [70/79]	Time 0.036 (0.038)	Loss 0.9694 (1.0289)	Prec@1 71.875 (67.452)	Prec@5 98.438 (97.304)
2025-06-02 14:06:28,013 - my_logger - INFO -  * Prec@1 67.460 Prec@5 97.270
2025-06-02 14:06:36,540 - my_logger - INFO - Saved best model with accuracy 67.46%
2025-06-02 14:06:36,541 - my_logger - INFO - Learning rate set to 0.00010000000000000003
2025-06-02 14:06:38,028 - my_logger - INFO - Train Epoch: [10][0/391]	Time 1.486 (1.486)	Data 0.212 (0.212)	Loss 1.9211 (1.6276)	Prec@1 32.031 (42.656)	Prec@5 78.906 (85.625)
2025-06-02 14:07:44,843 - my_logger - INFO - Train Epoch: [10][50/391]	Time 1.335 (1.339)	Data 0.000 (0.005)	Loss 2.0989 (1.6960)	Prec@1 22.656 (38.523)	Prec@5 75.781 (85.934)
2025-06-02 14:08:51,632 - my_logger - INFO - Train Epoch: [10][100/391]	Time 1.341 (1.338)	Data 0.000 (0.003)	Loss 1.9663 (1.6877)	Prec@1 24.219 (38.922)	Prec@5 82.812 (86.416)
2025-06-02 14:09:58,419 - my_logger - INFO - Train Epoch: [10][150/391]	Time 1.331 (1.337)	Data 0.000 (0.002)	Loss 1.9757 (1.6969)	Prec@1 24.219 (38.806)	Prec@5 80.469 (86.086)
2025-06-02 14:11:05,189 - my_logger - INFO - Train Epoch: [10][200/391]	Time 1.329 (1.337)	Data 0.000 (0.001)	Loss 1.9766 (1.6977)	Prec@1 21.875 (38.825)	Prec@5 79.688 (86.102)
2025-06-02 14:12:12,037 - my_logger - INFO - Train Epoch: [10][250/391]	Time 1.341 (1.337)	Data 0.000 (0.002)	Loss 2.0370 (1.6952)	Prec@1 24.219 (39.001)	Prec@5 77.344 (86.112)
2025-06-02 14:13:18,769 - my_logger - INFO - Train Epoch: [10][300/391]	Time 1.333 (1.336)	Data 0.000 (0.002)	Loss 2.0651 (1.6937)	Prec@1 26.562 (39.157)	Prec@5 78.906 (86.068)
2025-06-02 14:14:25,552 - my_logger - INFO - Train Epoch: [10][350/391]	Time 1.340 (1.336)	Data 0.000 (0.002)	Loss 2.0040 (1.6944)	Prec@1 31.250 (39.155)	Prec@5 78.906 (86.100)
2025-06-02 14:15:18,725 - my_logger - INFO - Test: [0/79]	Time 0.197 (0.197)	Loss 1.0200 (1.0200)	Prec@1 67.969 (67.969)	Prec@5 97.656 (97.656)
2025-06-02 14:15:19,083 - my_logger - INFO - Test: [10/79]	Time 0.036 (0.050)	Loss 1.0100 (1.0146)	Prec@1 64.844 (67.969)	Prec@5 96.094 (98.082)
2025-06-02 14:15:19,439 - my_logger - INFO - Test: [20/79]	Time 0.036 (0.043)	Loss 1.0329 (1.0326)	Prec@1 65.625 (67.113)	Prec@5 97.656 (97.545)
2025-06-02 14:15:19,796 - my_logger - INFO - Test: [30/79]	Time 0.036 (0.041)	Loss 0.9310 (1.0334)	Prec@1 74.219 (67.465)	Prec@5 99.219 (97.404)
2025-06-02 14:15:20,153 - my_logger - INFO - Test: [40/79]	Time 0.036 (0.040)	Loss 1.0628 (1.0313)	Prec@1 64.062 (67.492)	Prec@5 96.094 (97.447)
2025-06-02 14:15:20,509 - my_logger - INFO - Test: [50/79]	Time 0.036 (0.039)	Loss 1.0149 (1.0362)	Prec@1 68.750 (67.371)	Prec@5 96.875 (97.350)
2025-06-02 14:15:20,866 - my_logger - INFO - Test: [60/79]	Time 0.036 (0.038)	Loss 1.0640 (1.0375)	Prec@1 66.406 (67.328)	Prec@5 94.531 (97.118)
2025-06-02 14:15:21,223 - my_logger - INFO - Test: [70/79]	Time 0.036 (0.038)	Loss 0.9690 (1.0401)	Prec@1 71.875 (67.353)	Prec@5 98.438 (97.172)
2025-06-02 14:15:21,521 - my_logger - INFO -  * Prec@1 67.450 Prec@5 97.140
2025-06-02 14:15:21,521 - my_logger - INFO - Learning rate set to 0.00010000000000000003
2025-06-02 14:15:22,940 - my_logger - INFO - Train Epoch: [11][0/391]	Time 1.419 (1.419)	Data 0.164 (0.164)	Loss 2.1086 (1.7769)	Prec@1 21.875 (36.016)	Prec@5 73.438 (83.125)
2025-06-02 14:16:29,787 - my_logger - INFO - Train Epoch: [11][50/391]	Time 1.333 (1.339)	Data 0.000 (0.004)	Loss 1.8264 (1.6846)	Prec@1 30.469 (39.735)	Prec@5 79.688 (86.081)
2025-06-02 14:17:36,622 - my_logger - INFO - Train Epoch: [11][100/391]	Time 1.338 (1.338)	Data 0.000 (0.002)	Loss 2.1860 (1.6798)	Prec@1 31.250 (39.913)	Prec@5 71.094 (86.220)
2025-06-02 14:18:43,421 - my_logger - INFO - Train Epoch: [11][150/391]	Time 1.331 (1.337)	Data 0.000 (0.001)	Loss 1.8527 (1.6804)	Prec@1 29.688 (39.837)	Prec@5 82.031 (86.302)
2025-06-02 14:19:50,196 - my_logger - INFO - Train Epoch: [11][200/391]	Time 1.336 (1.337)	Data 0.000 (0.001)	Loss 2.0062 (1.6826)	Prec@1 27.344 (39.625)	Prec@5 76.562 (86.280)
2025-06-02 14:20:57,051 - my_logger - INFO - Train Epoch: [11][250/391]	Time 1.333 (1.337)	Data 0.000 (0.001)	Loss 2.0641 (1.6863)	Prec@1 27.344 (39.488)	Prec@5 75.781 (86.148)
2025-06-02 14:22:03,863 - my_logger - INFO - Train Epoch: [11][300/391]	Time 1.334 (1.337)	Data 0.000 (0.001)	Loss 2.1119 (1.6850)	Prec@1 20.312 (39.474)	Prec@5 81.250 (86.240)
2025-06-02 14:23:10,581 - my_logger - INFO - Train Epoch: [11][350/391]	Time 1.335 (1.336)	Data 0.000 (0.001)	Loss 2.1250 (1.6858)	Prec@1 19.531 (39.444)	Prec@5 80.469 (86.232)
2025-06-02 14:24:03,727 - my_logger - INFO - Test: [0/79]	Time 0.170 (0.170)	Loss 1.0261 (1.0261)	Prec@1 71.875 (71.875)	Prec@5 97.656 (97.656)
2025-06-02 14:24:04,084 - my_logger - INFO - Test: [10/79]	Time 0.036 (0.048)	Loss 0.9861 (1.0113)	Prec@1 67.188 (68.466)	Prec@5 97.656 (98.295)
2025-06-02 14:24:04,441 - my_logger - INFO - Test: [20/79]	Time 0.036 (0.042)	Loss 1.0288 (1.0258)	Prec@1 65.625 (67.783)	Prec@5 98.438 (97.693)
2025-06-02 14:24:04,797 - my_logger - INFO - Test: [30/79]	Time 0.036 (0.040)	Loss 0.9098 (1.0249)	Prec@1 75.000 (67.843)	Prec@5 98.438 (97.455)
2025-06-02 14:24:05,154 - my_logger - INFO - Test: [40/79]	Time 0.036 (0.039)	Loss 1.0478 (1.0216)	Prec@1 64.844 (68.045)	Prec@5 98.438 (97.599)
2025-06-02 14:24:05,511 - my_logger - INFO - Test: [50/79]	Time 0.036 (0.038)	Loss 1.0304 (1.0266)	Prec@1 65.625 (67.846)	Prec@5 96.094 (97.472)
2025-06-02 14:24:05,867 - my_logger - INFO - Test: [60/79]	Time 0.036 (0.038)	Loss 1.0589 (1.0269)	Prec@1 69.531 (68.046)	Prec@5 95.312 (97.336)
2025-06-02 14:24:06,224 - my_logger - INFO - Test: [70/79]	Time 0.036 (0.038)	Loss 0.9703 (1.0298)	Prec@1 69.531 (67.837)	Prec@5 98.438 (97.414)
2025-06-02 14:24:06,570 - my_logger - INFO -  * Prec@1 67.890 Prec@5 97.400
2025-06-02 14:24:16,614 - my_logger - INFO - Saved best model with accuracy 67.89%
2025-06-02 14:24:16,616 - my_logger - INFO - Learning rate set to 1.0000000000000003e-05
2025-06-02 14:24:18,100 - my_logger - INFO - Train Epoch: [12][0/391]	Time 1.482 (1.482)	Data 0.209 (0.209)	Loss 2.0328 (1.6907)	Prec@1 28.906 (41.562)	Prec@5 75.781 (85.078)
2025-06-02 14:25:24,894 - my_logger - INFO - Train Epoch: [12][50/391]	Time 1.329 (1.339)	Data 0.000 (0.005)	Loss 2.1108 (1.6858)	Prec@1 24.219 (38.805)	Prec@5 77.344 (86.504)
2025-06-02 14:26:31,671 - my_logger - INFO - Train Epoch: [12][100/391]	Time 1.335 (1.337)	Data 0.000 (0.002)	Loss 1.8769 (1.6871)	Prec@1 32.812 (39.353)	Prec@5 80.469 (86.239)
2025-06-02 14:27:38,448 - my_logger - INFO - Train Epoch: [12][150/391]	Time 1.341 (1.337)	Data 0.000 (0.002)	Loss 2.0468 (1.6871)	Prec@1 25.000 (39.371)	Prec@5 77.344 (86.205)
2025-06-02 14:28:45,169 - my_logger - INFO - Train Epoch: [12][200/391]	Time 1.337 (1.336)	Data 0.000 (0.001)	Loss 2.1090 (1.6864)	Prec@1 25.781 (39.480)	Prec@5 71.875 (86.114)
2025-06-02 14:29:51,909 - my_logger - INFO - Train Epoch: [12][250/391]	Time 1.335 (1.336)	Data 0.000 (0.001)	Loss 2.0125 (1.6847)	Prec@1 22.656 (39.518)	Prec@5 78.906 (86.119)
2025-06-02 14:30:58,829 - my_logger - INFO - Train Epoch: [12][300/391]	Time 1.340 (1.336)	Data 0.000 (0.002)	Loss 2.0354 (1.6870)	Prec@1 21.094 (39.468)	Prec@5 75.781 (86.052)
2025-06-02 14:32:05,674 - my_logger - INFO - Train Epoch: [12][350/391]	Time 1.342 (1.336)	Data 0.000 (0.001)	Loss 2.1445 (1.6868)	Prec@1 22.656 (39.367)	Prec@5 75.000 (86.108)
2025-06-02 14:32:59,115 - my_logger - INFO - Test: [0/79]	Time 0.416 (0.416)	Loss 1.0053 (1.0053)	Prec@1 70.312 (70.312)	Prec@5 98.438 (98.438)
2025-06-02 14:32:59,473 - my_logger - INFO - Test: [10/79]	Time 0.036 (0.070)	Loss 0.9864 (1.0002)	Prec@1 65.625 (68.324)	Prec@5 98.438 (98.509)
2025-06-02 14:32:59,830 - my_logger - INFO - Test: [20/79]	Time 0.036 (0.054)	Loss 1.0078 (1.0170)	Prec@1 66.406 (67.597)	Prec@5 98.438 (97.731)
2025-06-02 14:33:00,188 - my_logger - INFO - Test: [30/79]	Time 0.036 (0.048)	Loss 0.9051 (1.0164)	Prec@1 76.562 (68.196)	Prec@5 98.438 (97.631)
2025-06-02 14:33:00,545 - my_logger - INFO - Test: [40/79]	Time 0.036 (0.045)	Loss 1.0342 (1.0140)	Prec@1 64.844 (68.140)	Prec@5 96.094 (97.694)
2025-06-02 14:33:00,902 - my_logger - INFO - Test: [50/79]	Time 0.036 (0.043)	Loss 1.0178 (1.0188)	Prec@1 68.750 (67.892)	Prec@5 96.094 (97.580)
2025-06-02 14:33:01,259 - my_logger - INFO - Test: [60/79]	Time 0.036 (0.042)	Loss 1.0505 (1.0197)	Prec@1 67.188 (67.943)	Prec@5 95.312 (97.477)
2025-06-02 14:33:01,615 - my_logger - INFO - Test: [70/79]	Time 0.036 (0.041)	Loss 0.9631 (1.0231)	Prec@1 71.094 (67.782)	Prec@5 98.438 (97.513)
2025-06-02 14:33:01,914 - my_logger - INFO -  * Prec@1 67.950 Prec@5 97.510
2025-06-02 14:33:10,798 - my_logger - INFO - Saved best model with accuracy 67.95%
2025-06-02 14:33:10,800 - my_logger - INFO - Learning rate set to 1.0000000000000003e-05
2025-06-02 14:33:12,280 - my_logger - INFO - Train Epoch: [13][0/391]	Time 1.478 (1.478)	Data 0.209 (0.209)	Loss 1.9756 (1.6460)	Prec@1 28.125 (41.953)	Prec@5 79.688 (86.562)
2025-06-02 14:34:19,093 - my_logger - INFO - Train Epoch: [13][50/391]	Time 1.332 (1.339)	Data 0.000 (0.005)	Loss 1.9418 (1.7010)	Prec@1 28.125 (39.017)	Prec@5 86.719 (85.650)
2025-06-02 14:35:25,838 - my_logger - INFO - Train Epoch: [13][100/391]	Time 1.337 (1.337)	Data 0.000 (0.002)	Loss 1.8967 (1.6972)	Prec@1 32.031 (38.975)	Prec@5 85.156 (85.721)
2025-06-02 14:36:32,599 - my_logger - INFO - Train Epoch: [13][150/391]	Time 1.335 (1.336)	Data 0.000 (0.002)	Loss 2.0672 (1.6936)	Prec@1 21.094 (39.082)	Prec@5 80.469 (85.949)
2025-06-02 14:37:39,437 - my_logger - INFO - Train Epoch: [13][200/391]	Time 1.334 (1.336)	Data 0.000 (0.002)	Loss 1.9477 (1.6895)	Prec@1 25.000 (39.233)	Prec@5 77.344 (86.121)
2025-06-02 14:38:46,261 - my_logger - INFO - Train Epoch: [13][250/391]	Time 1.336 (1.336)	Data 0.000 (0.002)	Loss 2.1552 (1.6897)	Prec@1 22.656 (39.287)	Prec@5 74.219 (86.146)
2025-06-02 14:39:53,152 - my_logger - INFO - Train Epoch: [13][300/391]	Time 1.337 (1.337)	Data 0.000 (0.002)	Loss 2.0405 (1.6896)	Prec@1 24.219 (39.334)	Prec@5 77.344 (86.176)
2025-06-02 14:40:59,960 - my_logger - INFO - Train Epoch: [13][350/391]	Time 1.337 (1.337)	Data 0.000 (0.002)	Loss 2.0788 (1.6878)	Prec@1 24.219 (39.282)	Prec@5 78.906 (86.272)
2025-06-02 14:41:53,162 - my_logger - INFO - Test: [0/79]	Time 0.189 (0.189)	Loss 1.0328 (1.0328)	Prec@1 70.312 (70.312)	Prec@5 97.656 (97.656)
2025-06-02 14:41:53,520 - my_logger - INFO - Test: [10/79]	Time 0.036 (0.050)	Loss 1.0061 (1.0170)	Prec@1 65.625 (68.466)	Prec@5 96.094 (98.153)
2025-06-02 14:41:53,877 - my_logger - INFO - Test: [20/79]	Time 0.036 (0.043)	Loss 1.0349 (1.0331)	Prec@1 64.844 (67.932)	Prec@5 98.438 (97.582)
2025-06-02 14:41:54,234 - my_logger - INFO - Test: [30/79]	Time 0.036 (0.041)	Loss 0.9258 (1.0322)	Prec@1 77.344 (68.397)	Prec@5 98.438 (97.354)
2025-06-02 14:41:54,591 - my_logger - INFO - Test: [40/79]	Time 0.036 (0.039)	Loss 1.0652 (1.0302)	Prec@1 66.406 (68.407)	Prec@5 96.875 (97.447)
2025-06-02 14:41:54,948 - my_logger - INFO - Test: [50/79]	Time 0.036 (0.039)	Loss 1.0264 (1.0352)	Prec@1 68.750 (68.260)	Prec@5 96.094 (97.319)
2025-06-02 14:41:55,305 - my_logger - INFO - Test: [60/79]	Time 0.036 (0.038)	Loss 1.0601 (1.0352)	Prec@1 69.531 (68.263)	Prec@5 94.531 (97.170)
2025-06-02 14:41:55,662 - my_logger - INFO - Test: [70/79]	Time 0.036 (0.038)	Loss 0.9704 (1.0366)	Prec@1 70.312 (68.156)	Prec@5 98.438 (97.238)
2025-06-02 14:41:55,960 - my_logger - INFO -  * Prec@1 68.190 Prec@5 97.190
2025-06-02 14:42:05,619 - my_logger - INFO - Saved best model with accuracy 68.19%
2025-06-02 14:42:05,621 - my_logger - INFO - Learning rate set to 1.0000000000000003e-05
2025-06-02 14:42:07,107 - my_logger - INFO - Train Epoch: [14][0/391]	Time 1.485 (1.485)	Data 0.220 (0.220)	Loss 2.0609 (1.7158)	Prec@1 25.000 (37.734)	Prec@5 82.031 (87.891)
2025-06-02 14:43:13,915 - my_logger - INFO - Train Epoch: [14][50/391]	Time 1.336 (1.339)	Data 0.001 (0.005)	Loss 1.9492 (1.6942)	Prec@1 27.344 (39.171)	Prec@5 82.812 (86.170)
2025-06-02 14:44:20,668 - my_logger - INFO - Train Epoch: [14][100/391]	Time 1.333 (1.337)	Data 0.000 (0.003)	Loss 2.0684 (1.6869)	Prec@1 28.125 (39.858)	Prec@5 79.688 (86.078)
2025-06-02 14:45:27,471 - my_logger - INFO - Train Epoch: [14][150/391]	Time 1.334 (1.337)	Data 0.000 (0.002)	Loss 1.9786 (1.6863)	Prec@1 27.344 (39.717)	Prec@5 75.781 (85.994)
2025-06-02 14:46:34,288 - my_logger - INFO - Train Epoch: [14][200/391]	Time 1.335 (1.337)	Data 0.000 (0.002)	Loss 2.2496 (1.6861)	Prec@1 16.406 (39.760)	Prec@5 72.656 (85.976)
2025-06-02 14:47:41,078 - my_logger - INFO - Train Epoch: [14][250/391]	Time 1.339 (1.336)	Data 0.000 (0.001)	Loss 2.0456 (1.6893)	Prec@1 23.438 (39.562)	Prec@5 82.812 (85.966)
2025-06-02 14:48:47,861 - my_logger - INFO - Train Epoch: [14][300/391]	Time 1.334 (1.336)	Data 0.000 (0.001)	Loss 2.0865 (1.6907)	Prec@1 21.875 (39.397)	Prec@5 78.906 (86.102)
2025-06-02 14:49:54,660 - my_logger - INFO - Train Epoch: [14][350/391]	Time 1.333 (1.336)	Data 0.000 (0.001)	Loss 2.0245 (1.6882)	Prec@1 28.906 (39.460)	Prec@5 77.344 (86.151)
2025-06-02 14:50:47,875 - my_logger - INFO - Test: [0/79]	Time 0.183 (0.183)	Loss 1.0205 (1.0205)	Prec@1 70.312 (70.312)	Prec@5 97.656 (97.656)
2025-06-02 14:50:48,233 - my_logger - INFO - Test: [10/79]	Time 0.036 (0.049)	Loss 1.0000 (1.0108)	Prec@1 66.406 (67.969)	Prec@5 96.094 (98.295)
2025-06-02 14:50:48,590 - my_logger - INFO - Test: [20/79]	Time 0.036 (0.043)	Loss 1.0252 (1.0266)	Prec@1 65.625 (67.336)	Prec@5 98.438 (97.693)
2025-06-02 14:50:48,948 - my_logger - INFO - Test: [30/79]	Time 0.036 (0.041)	Loss 0.9172 (1.0265)	Prec@1 76.562 (67.818)	Prec@5 99.219 (97.505)
2025-06-02 14:50:49,306 - my_logger - INFO - Test: [40/79]	Time 0.036 (0.039)	Loss 1.0542 (1.0241)	Prec@1 64.062 (67.893)	Prec@5 97.656 (97.599)
2025-06-02 14:50:49,663 - my_logger - INFO - Test: [50/79]	Time 0.036 (0.039)	Loss 1.0264 (1.0290)	Prec@1 67.188 (67.724)	Prec@5 96.875 (97.503)
2025-06-02 14:50:50,021 - my_logger - INFO - Test: [60/79]	Time 0.036 (0.038)	Loss 1.0521 (1.0297)	Prec@1 69.531 (67.751)	Prec@5 95.312 (97.310)
2025-06-02 14:50:50,378 - my_logger - INFO - Test: [70/79]	Time 0.036 (0.038)	Loss 0.9619 (1.0323)	Prec@1 68.750 (67.562)	Prec@5 99.219 (97.370)
2025-06-02 14:50:50,687 - my_logger - INFO -  * Prec@1 67.730 Prec@5 97.340
2025-06-02 14:50:54,670 - my_logger - INFO - Learning rate set to 1.0000000000000004e-06
2025-06-02 14:50:56,166 - my_logger - INFO - Train Epoch: [15][0/391]	Time 1.493 (1.493)	Data 0.217 (0.217)	Loss 1.9667 (1.6251)	Prec@1 29.688 (41.250)	Prec@5 78.125 (85.781)
2025-06-02 14:52:02,976 - my_logger - INFO - Train Epoch: [15][50/391]	Time 1.341 (1.339)	Data 0.000 (0.005)	Loss 2.0072 (1.6965)	Prec@1 29.688 (38.473)	Prec@5 78.125 (85.509)
2025-06-02 14:53:09,817 - my_logger - INFO - Train Epoch: [15][100/391]	Time 1.332 (1.338)	Data 0.000 (0.003)	Loss 1.9835 (1.6858)	Prec@1 25.000 (39.073)	Prec@5 82.031 (85.957)
2025-06-02 14:54:16,616 - my_logger - INFO - Train Epoch: [15][150/391]	Time 1.333 (1.337)	Data 0.000 (0.002)	Loss 1.9167 (1.6922)	Prec@1 29.688 (38.829)	Prec@5 82.031 (85.969)
2025-06-02 14:55:23,453 - my_logger - INFO - Train Epoch: [15][200/391]	Time 1.337 (1.337)	Data 0.000 (0.002)	Loss 2.1244 (1.6894)	Prec@1 28.125 (39.036)	Prec@5 77.344 (86.058)
2025-06-02 14:56:30,264 - my_logger - INFO - Train Epoch: [15][250/391]	Time 1.331 (1.337)	Data 0.000 (0.002)	Loss 2.0455 (1.6869)	Prec@1 28.125 (39.265)	Prec@5 75.000 (86.122)
2025-06-02 14:57:37,055 - my_logger - INFO - Train Epoch: [15][300/391]	Time 1.336 (1.337)	Data 0.000 (0.001)	Loss 2.1087 (1.6866)	Prec@1 23.438 (39.270)	Prec@5 75.000 (86.100)
2025-06-02 14:58:43,843 - my_logger - INFO - Train Epoch: [15][350/391]	Time 1.334 (1.337)	Data 0.000 (0.001)	Loss 1.9569 (1.6854)	Prec@1 26.562 (39.394)	Prec@5 80.469 (86.135)
2025-06-02 14:59:37,221 - my_logger - INFO - Test: [0/79]	Time 0.390 (0.390)	Loss 1.0281 (1.0281)	Prec@1 70.312 (70.312)	Prec@5 97.656 (97.656)
2025-06-02 14:59:37,579 - my_logger - INFO - Test: [10/79]	Time 0.036 (0.068)	Loss 1.0006 (1.0214)	Prec@1 64.062 (68.679)	Prec@5 96.094 (98.224)
2025-06-02 14:59:37,935 - my_logger - INFO - Test: [20/79]	Time 0.036 (0.053)	Loss 1.0438 (1.0371)	Prec@1 64.062 (67.857)	Prec@5 98.438 (97.507)
2025-06-02 14:59:38,291 - my_logger - INFO - Test: [30/79]	Time 0.036 (0.047)	Loss 0.9269 (1.0365)	Prec@1 74.219 (68.095)	Prec@5 98.438 (97.354)
2025-06-02 14:59:38,647 - my_logger - INFO - Test: [40/79]	Time 0.036 (0.044)	Loss 1.0704 (1.0346)	Prec@1 63.281 (68.026)	Prec@5 98.438 (97.466)
2025-06-02 14:59:39,003 - my_logger - INFO - Test: [50/79]	Time 0.035 (0.043)	Loss 1.0503 (1.0393)	Prec@1 67.188 (67.800)	Prec@5 96.875 (97.381)
2025-06-02 14:59:39,359 - my_logger - INFO - Test: [60/79]	Time 0.036 (0.041)	Loss 1.0442 (1.0401)	Prec@1 71.875 (67.918)	Prec@5 96.094 (97.336)
2025-06-02 14:59:39,715 - my_logger - INFO - Test: [70/79]	Time 0.035 (0.041)	Loss 0.9815 (1.0435)	Prec@1 70.312 (67.727)	Prec@5 98.438 (97.403)
2025-06-02 14:59:40,010 - my_logger - INFO -  * Prec@1 67.850 Prec@5 97.380
2025-06-02 14:59:40,010 - my_logger - INFO - Learning rate set to 1.0000000000000004e-06
2025-06-02 14:59:41,437 - my_logger - INFO - Train Epoch: [16][0/391]	Time 1.425 (1.425)	Data 0.168 (0.168)	Loss 1.9319 (1.6095)	Prec@1 29.688 (43.359)	Prec@5 78.125 (85.312)
2025-06-02 15:00:48,242 - my_logger - INFO - Train Epoch: [16][50/391]	Time 1.339 (1.338)	Data 0.000 (0.004)	Loss 2.1363 (1.6926)	Prec@1 20.312 (38.415)	Prec@5 76.562 (86.123)
2025-06-02 15:01:55,006 - my_logger - INFO - Train Epoch: [16][100/391]	Time 1.330 (1.337)	Data 0.000 (0.002)	Loss 1.9625 (1.6877)	Prec@1 27.344 (38.899)	Prec@5 73.438 (86.013)
2025-06-02 15:03:01,785 - my_logger - INFO - Train Epoch: [16][150/391]	Time 1.332 (1.336)	Data 0.000 (0.002)	Loss 2.1567 (1.6873)	Prec@1 22.656 (38.962)	Prec@5 76.562 (86.085)
2025-06-02 15:04:08,525 - my_logger - INFO - Train Epoch: [16][200/391]	Time 1.338 (1.336)	Data 0.000 (0.002)	Loss 2.0066 (1.6847)	Prec@1 27.344 (39.033)	Prec@5 80.469 (86.318)
2025-06-02 15:05:15,301 - my_logger - INFO - Train Epoch: [16][250/391]	Time 1.339 (1.336)	Data 0.000 (0.002)	Loss 2.0136 (1.6868)	Prec@1 20.312 (39.117)	Prec@5 78.906 (86.301)
2025-06-02 15:06:22,072 - my_logger - INFO - Train Epoch: [16][300/391]	Time 1.332 (1.336)	Data 0.000 (0.001)	Loss 2.0348 (1.6823)	Prec@1 29.688 (39.447)	Prec@5 75.000 (86.360)
2025-06-02 15:07:28,893 - my_logger - INFO - Train Epoch: [16][350/391]	Time 1.347 (1.336)	Data 0.000 (0.001)	Loss 2.0499 (1.6839)	Prec@1 31.250 (39.399)	Prec@5 78.125 (86.298)
2025-06-02 15:08:22,162 - my_logger - INFO - Test: [0/79]	Time 0.167 (0.167)	Loss 1.0316 (1.0316)	Prec@1 67.969 (67.969)	Prec@5 97.656 (97.656)
2025-06-02 15:08:22,520 - my_logger - INFO - Test: [10/79]	Time 0.036 (0.048)	Loss 1.0325 (1.0277)	Prec@1 62.500 (67.401)	Prec@5 96.094 (98.011)
2025-06-02 15:08:22,878 - my_logger - INFO - Test: [20/79]	Time 0.036 (0.042)	Loss 1.0443 (1.0454)	Prec@1 62.500 (66.927)	Prec@5 98.438 (97.545)
2025-06-02 15:08:23,235 - my_logger - INFO - Test: [30/79]	Time 0.036 (0.040)	Loss 0.9569 (1.0449)	Prec@1 75.000 (67.389)	Prec@5 98.438 (97.329)
2025-06-02 15:08:23,593 - my_logger - INFO - Test: [40/79]	Time 0.036 (0.039)	Loss 1.0804 (1.0435)	Prec@1 64.062 (67.302)	Prec@5 95.312 (97.428)
2025-06-02 15:08:23,950 - my_logger - INFO - Test: [50/79]	Time 0.036 (0.038)	Loss 1.0264 (1.0484)	Prec@1 68.750 (67.111)	Prec@5 96.094 (97.304)
2025-06-02 15:08:24,307 - my_logger - INFO - Test: [60/79]	Time 0.036 (0.038)	Loss 1.0652 (1.0483)	Prec@1 67.969 (67.162)	Prec@5 95.312 (97.144)
2025-06-02 15:08:24,664 - my_logger - INFO - Test: [70/79]	Time 0.036 (0.038)	Loss 0.9698 (1.0499)	Prec@1 72.656 (67.199)	Prec@5 98.438 (97.172)
2025-06-02 15:08:25,137 - my_logger - INFO -  * Prec@1 67.430 Prec@5 97.140
2025-06-02 15:08:25,137 - my_logger - INFO - Learning rate set to 1.0000000000000004e-06
2025-06-02 15:08:26,577 - my_logger - INFO - Train Epoch: [17][0/391]	Time 1.439 (1.439)	Data 0.176 (0.176)	Loss 2.0391 (1.7014)	Prec@1 26.562 (40.078)	Prec@5 78.906 (85.312)
2025-06-02 15:09:33,361 - my_logger - INFO - Train Epoch: [17][50/391]	Time 1.337 (1.338)	Data 0.000 (0.004)	Loss 1.9055 (1.6908)	Prec@1 32.812 (39.233)	Prec@5 85.938 (86.176)
2025-06-02 15:10:40,445 - my_logger - INFO - Train Epoch: [17][100/391]	Time 1.336 (1.340)	Data 0.000 (0.006)	Loss 1.9945 (1.6820)	Prec@1 31.250 (39.547)	Prec@5 78.906 (86.307)
2025-06-02 15:11:47,453 - my_logger - INFO - Train Epoch: [17][150/391]	Time 1.335 (1.340)	Data 0.000 (0.006)	Loss 2.0390 (1.6839)	Prec@1 25.781 (39.456)	Prec@5 79.688 (86.213)
2025-06-02 15:12:54,285 - my_logger - INFO - Train Epoch: [17][200/391]	Time 1.338 (1.339)	Data 0.000 (0.004)	Loss 2.3489 (1.6892)	Prec@1 20.312 (39.373)	Prec@5 65.625 (85.931)
2025-06-02 15:14:01,129 - my_logger - INFO - Train Epoch: [17][250/391]	Time 1.335 (1.339)	Data 0.000 (0.004)	Loss 2.1996 (1.6918)	Prec@1 21.094 (39.236)	Prec@5 75.000 (85.973)
2025-06-02 15:15:07,899 - my_logger - INFO - Train Epoch: [17][300/391]	Time 1.330 (1.338)	Data 0.000 (0.003)	Loss 2.0301 (1.6904)	Prec@1 29.688 (39.293)	Prec@5 79.688 (86.063)
2025-06-02 15:16:14,630 - my_logger - INFO - Train Epoch: [17][350/391]	Time 1.334 (1.338)	Data 0.000 (0.003)	Loss 2.0211 (1.6877)	Prec@1 24.219 (39.400)	Prec@5 76.562 (86.135)
2025-06-02 15:17:08,308 - my_logger - INFO - Test: [0/79]	Time 0.613 (0.613)	Loss 1.0470 (1.0470)	Prec@1 69.531 (69.531)	Prec@5 98.438 (98.438)
2025-06-02 15:17:08,666 - my_logger - INFO - Test: [10/79]	Time 0.036 (0.088)	Loss 1.0043 (1.0263)	Prec@1 66.406 (67.188)	Prec@5 96.094 (98.366)
2025-06-02 15:17:09,022 - my_logger - INFO - Test: [20/79]	Time 0.036 (0.063)	Loss 1.0484 (1.0407)	Prec@1 66.406 (67.001)	Prec@5 98.438 (97.656)
2025-06-02 15:17:09,378 - my_logger - INFO - Test: [30/79]	Time 0.036 (0.054)	Loss 0.9215 (1.0397)	Prec@1 75.000 (67.364)	Prec@5 98.438 (97.429)
2025-06-02 15:17:09,734 - my_logger - INFO - Test: [40/79]	Time 0.035 (0.050)	Loss 1.0652 (1.0372)	Prec@1 65.625 (67.473)	Prec@5 96.875 (97.466)
2025-06-02 15:17:10,091 - my_logger - INFO - Test: [50/79]	Time 0.036 (0.047)	Loss 1.0527 (1.0418)	Prec@1 63.281 (67.325)	Prec@5 96.875 (97.365)
2025-06-02 15:17:10,447 - my_logger - INFO - Test: [60/79]	Time 0.036 (0.045)	Loss 1.0618 (1.0429)	Prec@1 69.531 (67.495)	Prec@5 95.312 (97.272)
2025-06-02 15:17:10,806 - my_logger - INFO - Test: [70/79]	Time 0.036 (0.044)	Loss 0.9897 (1.0456)	Prec@1 70.312 (67.364)	Prec@5 98.438 (97.326)
2025-06-02 15:17:11,102 - my_logger - INFO -  * Prec@1 67.580 Prec@5 97.290
2025-06-02 15:17:11,102 - my_logger - INFO - Learning rate set to 1.0000000000000005e-07
2025-06-02 15:17:12,532 - my_logger - INFO - Train Epoch: [18][0/391]	Time 1.429 (1.429)	Data 0.170 (0.170)	Loss 2.0405 (1.6916)	Prec@1 21.875 (34.609)	Prec@5 79.688 (88.047)
2025-06-02 15:18:19,361 - my_logger - INFO - Train Epoch: [18][50/391]	Time 1.339 (1.338)	Data 0.000 (0.004)	Loss 1.9414 (1.6886)	Prec@1 21.875 (39.358)	Prec@5 79.688 (85.950)
2025-06-02 15:19:26,209 - my_logger - INFO - Train Epoch: [18][100/391]	Time 1.341 (1.338)	Data 0.000 (0.003)	Loss 1.8846 (1.6797)	Prec@1 30.469 (39.778)	Prec@5 79.688 (86.274)
2025-06-02 15:20:33,068 - my_logger - INFO - Train Epoch: [18][150/391]	Time 1.340 (1.338)	Data 0.000 (0.002)	Loss 2.0836 (1.6783)	Prec@1 25.781 (39.754)	Prec@5 75.000 (86.224)
2025-06-02 15:21:39,864 - my_logger - INFO - Train Epoch: [18][200/391]	Time 1.337 (1.337)	Data 0.000 (0.002)	Loss 1.9797 (1.6766)	Prec@1 28.906 (39.715)	Prec@5 78.906 (86.385)
2025-06-02 15:22:46,623 - my_logger - INFO - Train Epoch: [18][250/391]	Time 1.334 (1.337)	Data 0.000 (0.002)	Loss 2.1846 (1.6815)	Prec@1 22.656 (39.618)	Prec@5 78.906 (86.256)
2025-06-02 15:23:53,522 - my_logger - INFO - Train Epoch: [18][300/391]	Time 1.334 (1.337)	Data 0.000 (0.001)	Loss 1.9032 (1.6822)	Prec@1 32.031 (39.631)	Prec@5 84.375 (86.206)
2025-06-02 15:25:00,411 - my_logger - INFO - Train Epoch: [18][350/391]	Time 1.335 (1.337)	Data 0.000 (0.001)	Loss 2.1476 (1.6820)	Prec@1 25.000 (39.579)	Prec@5 74.219 (86.252)
2025-06-02 15:25:53,681 - my_logger - INFO - Test: [0/79]	Time 0.182 (0.182)	Loss 1.0145 (1.0145)	Prec@1 68.750 (68.750)	Prec@5 97.656 (97.656)
2025-06-02 15:25:54,040 - my_logger - INFO - Test: [10/79]	Time 0.036 (0.049)	Loss 1.0285 (1.0189)	Prec@1 64.844 (66.903)	Prec@5 97.656 (98.295)
2025-06-02 15:25:54,397 - my_logger - INFO - Test: [20/79]	Time 0.036 (0.043)	Loss 1.0243 (1.0378)	Prec@1 66.406 (66.518)	Prec@5 96.875 (97.507)
2025-06-02 15:25:54,753 - my_logger - INFO - Test: [30/79]	Time 0.036 (0.040)	Loss 0.9471 (1.0392)	Prec@1 68.750 (66.784)	Prec@5 98.438 (97.404)
2025-06-02 15:25:55,110 - my_logger - INFO - Test: [40/79]	Time 0.036 (0.039)	Loss 1.0657 (1.0374)	Prec@1 66.406 (67.016)	Prec@5 95.312 (97.428)
2025-06-02 15:25:55,467 - my_logger - INFO - Test: [50/79]	Time 0.036 (0.039)	Loss 1.0027 (1.0420)	Prec@1 67.188 (66.896)	Prec@5 96.875 (97.319)
2025-06-02 15:25:55,824 - my_logger - INFO - Test: [60/79]	Time 0.036 (0.038)	Loss 1.0726 (1.0433)	Prec@1 66.406 (66.816)	Prec@5 94.531 (97.093)
2025-06-02 15:25:56,181 - my_logger - INFO - Test: [70/79]	Time 0.036 (0.038)	Loss 0.9715 (1.0453)	Prec@1 71.875 (66.813)	Prec@5 98.438 (97.161)
2025-06-02 15:25:56,476 - my_logger - INFO -  * Prec@1 66.970 Prec@5 97.120
2025-06-02 15:25:56,476 - my_logger - INFO - Learning rate set to 1.0000000000000005e-07
2025-06-02 15:25:57,895 - my_logger - INFO - Train Epoch: [19][0/391]	Time 1.418 (1.418)	Data 0.167 (0.167)	Loss 1.9772 (1.6549)	Prec@1 31.250 (44.141)	Prec@5 77.344 (83.984)
2025-06-02 15:27:04,670 - my_logger - INFO - Train Epoch: [19][50/391]	Time 1.335 (1.337)	Data 0.001 (0.004)	Loss 2.0586 (1.6862)	Prec@1 25.781 (39.828)	Prec@5 76.562 (86.052)
2025-06-02 15:28:11,469 - my_logger - INFO - Train Epoch: [19][100/391]	Time 1.336 (1.337)	Data 0.000 (0.002)	Loss 2.0522 (1.6833)	Prec@1 25.781 (39.745)	Prec@5 76.562 (86.211)
2025-06-02 15:29:18,229 - my_logger - INFO - Train Epoch: [19][150/391]	Time 1.335 (1.336)	Data 0.000 (0.001)	Loss 2.1937 (1.6833)	Prec@1 21.875 (39.571)	Prec@5 77.344 (86.277)
2025-06-02 15:30:25,024 - my_logger - INFO - Train Epoch: [19][200/391]	Time 1.336 (1.336)	Data 0.000 (0.001)	Loss 1.9855 (1.6804)	Prec@1 25.000 (39.554)	Prec@5 82.812 (86.316)
2025-06-02 15:31:31,813 - my_logger - INFO - Train Epoch: [19][250/391]	Time 1.341 (1.336)	Data 0.000 (0.001)	Loss 1.9608 (1.6834)	Prec@1 29.688 (39.408)	Prec@5 78.906 (86.295)
2025-06-02 15:32:38,559 - my_logger - INFO - Train Epoch: [19][300/391]	Time 1.327 (1.336)	Data 0.000 (0.001)	Loss 1.9295 (1.6828)	Prec@1 23.438 (39.447)	Prec@5 89.062 (86.291)
2025-06-02 15:33:45,323 - my_logger - INFO - Train Epoch: [19][350/391]	Time 1.336 (1.336)	Data 0.000 (0.001)	Loss 2.1217 (1.6828)	Prec@1 27.344 (39.428)	Prec@5 75.000 (86.311)
2025-06-02 15:34:38,529 - my_logger - INFO - Test: [0/79]	Time 0.177 (0.177)	Loss 1.0208 (1.0208)	Prec@1 70.312 (70.312)	Prec@5 98.438 (98.438)
2025-06-02 15:34:38,886 - my_logger - INFO - Test: [10/79]	Time 0.036 (0.049)	Loss 0.9919 (1.0104)	Prec@1 66.406 (68.608)	Prec@5 96.875 (98.366)
2025-06-02 15:34:39,243 - my_logger - INFO - Test: [20/79]	Time 0.036 (0.042)	Loss 1.0290 (1.0264)	Prec@1 65.625 (67.969)	Prec@5 98.438 (97.656)
2025-06-02 15:34:39,599 - my_logger - INFO - Test: [30/79]	Time 0.036 (0.040)	Loss 0.9186 (1.0267)	Prec@1 73.438 (68.019)	Prec@5 98.438 (97.505)
2025-06-02 15:34:39,956 - my_logger - INFO - Test: [40/79]	Time 0.036 (0.039)	Loss 1.0506 (1.0245)	Prec@1 64.062 (68.102)	Prec@5 97.656 (97.580)
2025-06-02 15:34:40,312 - my_logger - INFO - Test: [50/79]	Time 0.036 (0.038)	Loss 1.0307 (1.0294)	Prec@1 66.406 (67.862)	Prec@5 96.875 (97.518)
2025-06-02 15:34:40,668 - my_logger - INFO - Test: [60/79]	Time 0.036 (0.038)	Loss 1.0430 (1.0306)	Prec@1 70.312 (67.879)	Prec@5 94.531 (97.362)
2025-06-02 15:34:41,025 - my_logger - INFO - Test: [70/79]	Time 0.036 (0.038)	Loss 0.9647 (1.0338)	Prec@1 70.312 (67.628)	Prec@5 98.438 (97.425)
2025-06-02 15:34:41,319 - my_logger - INFO -  * Prec@1 67.800 Prec@5 97.410
2025-06-02 15:34:45,626 - my_logger - INFO - Training completed!
2025-06-02 15:34:45,627 - my_logger - INFO - Best top-1 accuracy: 68.19%
