2025-05-25 02:38:25,513 - my_logger - INFO - Using 100 classes
2025-05-25 02:38:26,237 - my_logger - INFO - Learning rate set to 0.1
Using fine labels
Training for 50 epochs with 4 repeats
2025-05-25 02:38:27,733 - my_logger - INFO - Train Epoch: [0][0/391]	Time 1.495 (1.495)	Data 0.207 (0.207)	Loss 3.4175 (3.9881)	Prec@1 18.750 (16.406)	Prec@5 53.125 (39.062)
2025-05-25 02:39:08,358 - my_logger - INFO - Train Epoch: [0][50/391]	Time 0.811 (0.826)	Data 0.001 (0.005)	Loss 4.4204 (4.5324)	Prec@1 7.031 (3.745)	Prec@5 12.500 (13.565)
2025-05-25 02:39:48,996 - my_logger - INFO - Train Epoch: [0][100/391]	Time 0.815 (0.819)	Data 0.000 (0.003)	Loss 4.3509 (4.4409)	Prec@1 6.250 (4.030)	Prec@5 17.969 (15.016)
2025-05-25 02:40:29,670 - my_logger - INFO - Train Epoch: [0][150/391]	Time 0.814 (0.817)	Data 0.000 (0.002)	Loss 4.3113 (4.3822)	Prec@1 5.469 (4.556)	Prec@5 17.969 (16.468)
2025-05-25 02:41:10,361 - my_logger - INFO - Train Epoch: [0][200/391]	Time 0.809 (0.817)	Data 0.000 (0.002)	Loss 4.3852 (4.3423)	Prec@1 3.906 (4.978)	Prec@5 16.406 (17.421)
2025-05-25 02:41:51,061 - my_logger - INFO - Train Epoch: [0][250/391]	Time 0.818 (0.816)	Data 0.001 (0.001)	Loss 4.2075 (4.3098)	Prec@1 6.250 (5.409)	Prec@5 15.625 (18.218)
2025-05-25 02:42:31,768 - my_logger - INFO - Train Epoch: [0][300/391]	Time 0.812 (0.816)	Data 0.000 (0.001)	Loss 4.1675 (4.2770)	Prec@1 7.812 (5.830)	Prec@5 21.875 (19.289)
2025-05-25 02:43:12,452 - my_logger - INFO - Train Epoch: [0][350/391]	Time 0.818 (0.815)	Data 0.000 (0.001)	Loss 4.2155 (4.2493)	Prec@1 3.125 (6.124)	Prec@5 20.312 (20.201)
2025-05-25 02:43:45,080 - my_logger - INFO - Test: [0/79]	Time 0.242 (0.242)	Loss 3.8204 (3.8204)	Prec@1 10.156 (10.156)	Prec@5 36.719 (36.719)
2025-05-25 02:43:45,767 - my_logger - INFO - Test: [10/79]	Time 0.069 (0.084)	Loss 3.8295 (3.8355)	Prec@1 7.031 (11.009)	Prec@5 35.156 (33.026)
2025-05-25 02:43:46,453 - my_logger - INFO - Test: [20/79]	Time 0.069 (0.077)	Loss 3.9164 (3.8225)	Prec@1 8.594 (11.496)	Prec@5 37.500 (34.635)
2025-05-25 02:43:47,139 - my_logger - INFO - Test: [30/79]	Time 0.069 (0.074)	Loss 3.7983 (3.8228)	Prec@1 16.406 (12.122)	Prec@5 35.156 (34.602)
2025-05-25 02:43:47,825 - my_logger - INFO - Test: [40/79]	Time 0.069 (0.073)	Loss 3.9221 (3.8302)	Prec@1 10.156 (12.081)	Prec@5 28.906 (34.451)
2025-05-25 02:43:48,511 - my_logger - INFO - Test: [50/79]	Time 0.069 (0.072)	Loss 3.9891 (3.8357)	Prec@1 6.250 (11.581)	Prec@5 31.250 (33.992)
2025-05-25 02:43:49,197 - my_logger - INFO - Test: [60/79]	Time 0.069 (0.071)	Loss 3.9390 (3.8353)	Prec@1 7.812 (11.732)	Prec@5 30.469 (33.940)
2025-05-25 02:43:49,883 - my_logger - INFO - Test: [70/79]	Time 0.069 (0.071)	Loss 3.8059 (3.8332)	Prec@1 12.500 (11.686)	Prec@5 34.375 (33.715)
2025-05-25 02:43:50,437 - my_logger - INFO -  * Prec@1 11.750 Prec@5 33.690
2025-05-25 02:43:59,033 - my_logger - INFO - Saved best model with accuracy 11.75%
2025-05-25 02:43:59,034 - my_logger - INFO - Learning rate set to 0.1
2025-05-25 02:43:59,988 - my_logger - INFO - Train Epoch: [1][0/391]	Time 0.952 (0.952)	Data 0.238 (0.238)	Loss 4.0615 (3.9631)	Prec@1 9.375 (9.766)	Prec@5 32.812 (35.547)
2025-05-25 02:44:40,673 - my_logger - INFO - Train Epoch: [1][50/391]	Time 0.817 (0.816)	Data 0.000 (0.005)	Loss 4.0573 (4.0333)	Prec@1 6.250 (9.122)	Prec@5 24.219 (26.854)
2025-05-25 02:45:21,364 - my_logger - INFO - Train Epoch: [1][100/391]	Time 0.815 (0.815)	Data 0.000 (0.003)	Loss 4.0721 (4.0317)	Prec@1 7.812 (9.184)	Prec@5 25.000 (26.769)
2025-05-25 02:46:02,052 - my_logger - INFO - Train Epoch: [1][150/391]	Time 0.815 (0.815)	Data 0.000 (0.002)	Loss 4.0926 (4.0156)	Prec@1 9.375 (9.327)	Prec@5 27.344 (27.445)
2025-05-25 02:46:42,768 - my_logger - INFO - Train Epoch: [1][200/391]	Time 0.818 (0.815)	Data 0.000 (0.002)	Loss 4.2857 (4.0059)	Prec@1 7.812 (9.618)	Prec@5 24.219 (27.865)
2025-05-25 02:47:23,441 - my_logger - INFO - Train Epoch: [1][250/391]	Time 0.812 (0.814)	Data 0.000 (0.001)	Loss 4.0818 (3.9914)	Prec@1 10.938 (9.815)	Prec@5 26.562 (28.385)
2025-05-25 02:48:04,120 - my_logger - INFO - Train Epoch: [1][300/391]	Time 0.813 (0.814)	Data 0.001 (0.001)	Loss 4.0615 (3.9774)	Prec@1 9.375 (10.097)	Prec@5 25.000 (28.812)
2025-05-25 02:48:44,797 - my_logger - INFO - Train Epoch: [1][350/391]	Time 0.816 (0.814)	Data 0.001 (0.001)	Loss 3.9242 (3.9696)	Prec@1 8.594 (10.206)	Prec@5 31.250 (29.062)
2025-05-25 02:49:17,396 - my_logger - INFO - Test: [0/79]	Time 0.237 (0.237)	Loss 3.5516 (3.5516)	Prec@1 17.188 (17.188)	Prec@5 45.312 (45.312)
2025-05-25 02:49:18,082 - my_logger - INFO - Test: [10/79]	Time 0.069 (0.084)	Loss 3.5930 (3.6269)	Prec@1 14.062 (14.702)	Prec@5 39.844 (38.423)
2025-05-25 02:49:18,768 - my_logger - INFO - Test: [20/79]	Time 0.069 (0.077)	Loss 3.5864 (3.6151)	Prec@1 14.062 (14.583)	Prec@5 39.062 (38.393)
2025-05-25 02:49:19,453 - my_logger - INFO - Test: [30/79]	Time 0.069 (0.074)	Loss 3.5831 (3.6177)	Prec@1 16.406 (14.466)	Prec@5 37.500 (38.710)
2025-05-25 02:49:20,139 - my_logger - INFO - Test: [40/79]	Time 0.069 (0.073)	Loss 3.6659 (3.6185)	Prec@1 12.500 (14.729)	Prec@5 35.938 (38.834)
2025-05-25 02:49:20,825 - my_logger - INFO - Test: [50/79]	Time 0.069 (0.072)	Loss 3.6375 (3.6191)	Prec@1 14.062 (14.675)	Prec@5 40.625 (38.756)
2025-05-25 02:49:21,511 - my_logger - INFO - Test: [60/79]	Time 0.069 (0.071)	Loss 3.8037 (3.6225)	Prec@1 10.156 (14.498)	Prec@5 35.938 (38.665)
2025-05-25 02:49:22,196 - my_logger - INFO - Test: [70/79]	Time 0.068 (0.071)	Loss 3.5749 (3.6214)	Prec@1 15.625 (14.470)	Prec@5 39.062 (38.666)
2025-05-25 02:49:22,727 - my_logger - INFO -  * Prec@1 14.400 Prec@5 38.560
2025-05-25 02:49:31,607 - my_logger - INFO - Saved best model with accuracy 14.40%
2025-05-25 02:49:31,608 - my_logger - INFO - Learning rate set to 0.1
2025-05-25 02:49:32,571 - my_logger - INFO - Train Epoch: [2][0/391]	Time 0.962 (0.962)	Data 0.247 (0.247)	Loss 3.9131 (3.7763)	Prec@1 11.719 (13.867)	Prec@5 30.469 (33.203)
2025-05-25 02:50:13,236 - my_logger - INFO - Train Epoch: [2][50/391]	Time 0.813 (0.816)	Data 0.000 (0.005)	Loss 3.8841 (3.8678)	Prec@1 14.062 (11.719)	Prec@5 35.156 (32.878)
2025-05-25 02:50:53,907 - my_logger - INFO - Train Epoch: [2][100/391]	Time 0.814 (0.815)	Data 0.000 (0.003)	Loss 3.7453 (3.8503)	Prec@1 16.406 (12.057)	Prec@5 37.500 (33.157)
2025-05-25 02:51:34,580 - my_logger - INFO - Train Epoch: [2][150/391]	Time 0.813 (0.814)	Data 0.000 (0.002)	Loss 3.8520 (3.8488)	Prec@1 12.500 (12.135)	Prec@5 31.250 (33.008)
2025-05-25 02:52:15,246 - my_logger - INFO - Train Epoch: [2][200/391]	Time 0.812 (0.814)	Data 0.001 (0.002)	Loss 3.9553 (3.8355)	Prec@1 7.812 (12.291)	Prec@5 26.562 (33.228)
2025-05-25 02:52:55,914 - my_logger - INFO - Train Epoch: [2][250/391]	Time 0.809 (0.814)	Data 0.000 (0.001)	Loss 3.8960 (3.8290)	Prec@1 12.500 (12.419)	Prec@5 25.781 (33.556)
2025-05-25 02:53:36,600 - my_logger - INFO - Train Epoch: [2][300/391]	Time 0.815 (0.814)	Data 0.000 (0.001)	Loss 3.6906 (3.8225)	Prec@1 17.188 (12.530)	Prec@5 37.500 (33.691)
2025-05-25 02:54:17,276 - my_logger - INFO - Train Epoch: [2][350/391]	Time 0.813 (0.814)	Data 0.000 (0.001)	Loss 3.8771 (3.8159)	Prec@1 13.281 (12.637)	Prec@5 28.125 (33.924)
2025-05-25 02:54:49,897 - my_logger - INFO - Test: [0/79]	Time 0.240 (0.240)	Loss 3.3783 (3.3783)	Prec@1 21.094 (21.094)	Prec@5 47.656 (47.656)
2025-05-25 02:54:50,583 - my_logger - INFO - Test: [10/79]	Time 0.069 (0.084)	Loss 3.4416 (3.4239)	Prec@1 16.406 (18.182)	Prec@5 50.000 (46.094)
2025-05-25 02:54:51,269 - my_logger - INFO - Test: [20/79]	Time 0.069 (0.077)	Loss 3.4078 (3.4055)	Prec@1 18.750 (18.304)	Prec@5 50.000 (46.354)
2025-05-25 02:54:51,954 - my_logger - INFO - Test: [30/79]	Time 0.069 (0.074)	Loss 3.2990 (3.4029)	Prec@1 21.094 (18.498)	Prec@5 48.438 (46.144)
2025-05-25 02:54:52,640 - my_logger - INFO - Test: [40/79]	Time 0.069 (0.073)	Loss 3.3984 (3.4102)	Prec@1 19.531 (18.502)	Prec@5 44.531 (45.789)
2025-05-25 02:54:53,326 - my_logger - INFO - Test: [50/79]	Time 0.069 (0.072)	Loss 3.4707 (3.4131)	Prec@1 14.844 (18.199)	Prec@5 49.219 (45.496)
2025-05-25 02:54:54,011 - my_logger - INFO - Test: [60/79]	Time 0.069 (0.071)	Loss 3.6635 (3.4158)	Prec@1 15.625 (18.020)	Prec@5 40.625 (45.210)
2025-05-25 02:54:54,697 - my_logger - INFO - Test: [70/79]	Time 0.069 (0.071)	Loss 3.3925 (3.4112)	Prec@1 20.312 (18.178)	Prec@5 42.188 (45.434)
2025-05-25 02:54:55,227 - my_logger - INFO -  * Prec@1 18.310 Prec@5 45.450
2025-05-25 02:55:04,010 - my_logger - INFO - Saved best model with accuracy 18.31%
2025-05-25 02:55:04,010 - my_logger - INFO - Learning rate set to 0.1
2025-05-25 02:55:04,952 - my_logger - INFO - Train Epoch: [3][0/391]	Time 0.941 (0.941)	Data 0.229 (0.229)	Loss 3.9393 (3.7470)	Prec@1 10.156 (13.477)	Prec@5 31.250 (36.133)
2025-05-25 02:55:45,624 - my_logger - INFO - Train Epoch: [3][50/391]	Time 0.819 (0.816)	Data 0.000 (0.005)	Loss 3.9921 (3.7339)	Prec@1 8.594 (13.220)	Prec@5 26.562 (36.003)
2025-05-25 02:56:26,304 - my_logger - INFO - Train Epoch: [3][100/391]	Time 0.812 (0.815)	Data 0.000 (0.003)	Loss 4.0007 (3.7293)	Prec@1 12.500 (13.854)	Prec@5 30.469 (36.599)
2025-05-25 02:57:06,987 - my_logger - INFO - Train Epoch: [3][150/391]	Time 0.814 (0.814)	Data 0.000 (0.002)	Loss 3.8251 (3.7218)	Prec@1 14.844 (14.033)	Prec@5 35.156 (36.811)
2025-05-25 02:57:47,724 - my_logger - INFO - Train Epoch: [3][200/391]	Time 0.816 (0.814)	Data 0.000 (0.002)	Loss 3.7019 (3.7136)	Prec@1 17.188 (14.305)	Prec@5 32.031 (37.095)
2025-05-25 02:58:28,470 - my_logger - INFO - Train Epoch: [3][250/391]	Time 0.814 (0.815)	Data 0.000 (0.001)	Loss 3.9813 (3.7084)	Prec@1 13.281 (14.427)	Prec@5 26.562 (37.294)
2025-05-25 02:59:09,213 - my_logger - INFO - Train Epoch: [3][300/391]	Time 0.813 (0.815)	Data 0.000 (0.001)	Loss 3.8857 (3.7019)	Prec@1 12.500 (14.565)	Prec@5 31.250 (37.376)
2025-05-25 02:59:49,954 - my_logger - INFO - Train Epoch: [3][350/391]	Time 0.814 (0.815)	Data 0.000 (0.001)	Loss 3.8521 (3.6937)	Prec@1 13.281 (14.812)	Prec@5 40.625 (37.605)
2025-05-25 03:00:22,653 - my_logger - INFO - Test: [0/79]	Time 0.251 (0.251)	Loss 3.2433 (3.2433)	Prec@1 27.344 (27.344)	Prec@5 53.125 (53.125)
2025-05-25 03:00:23,339 - my_logger - INFO - Test: [10/79]	Time 0.069 (0.085)	Loss 3.2615 (3.2759)	Prec@1 25.781 (22.798)	Prec@5 48.438 (49.361)
2025-05-25 03:00:24,024 - my_logger - INFO - Test: [20/79]	Time 0.068 (0.077)	Loss 3.3055 (3.2338)	Prec@1 23.438 (23.103)	Prec@5 51.562 (50.558)
2025-05-25 03:00:24,709 - my_logger - INFO - Test: [30/79]	Time 0.068 (0.074)	Loss 3.1013 (3.2331)	Prec@1 25.000 (22.228)	Prec@5 57.031 (50.454)
2025-05-25 03:00:25,394 - my_logger - INFO - Test: [40/79]	Time 0.069 (0.073)	Loss 3.2107 (3.2376)	Prec@1 17.969 (21.970)	Prec@5 55.469 (50.381)
2025-05-25 03:00:26,079 - my_logger - INFO - Test: [50/79]	Time 0.068 (0.072)	Loss 3.3213 (3.2326)	Prec@1 19.531 (22.089)	Prec@5 44.531 (50.597)
2025-05-25 03:00:26,764 - my_logger - INFO - Test: [60/79]	Time 0.068 (0.072)	Loss 3.4453 (3.2296)	Prec@1 18.750 (22.323)	Prec@5 39.062 (50.384)
2025-05-25 03:00:27,449 - my_logger - INFO - Test: [70/79]	Time 0.068 (0.071)	Loss 3.2929 (3.2266)	Prec@1 21.875 (22.392)	Prec@5 48.438 (50.396)
2025-05-25 03:00:27,985 - my_logger - INFO -  * Prec@1 22.400 Prec@5 50.480
2025-05-25 03:00:36,615 - my_logger - INFO - Saved best model with accuracy 22.40%
2025-05-25 03:00:36,616 - my_logger - INFO - Learning rate set to 0.1
2025-05-25 03:00:37,579 - my_logger - INFO - Train Epoch: [4][0/391]	Time 0.962 (0.962)	Data 0.243 (0.243)	Loss 3.9934 (3.7701)	Prec@1 9.375 (11.719)	Prec@5 30.469 (36.328)
2025-05-25 03:01:18,240 - my_logger - INFO - Train Epoch: [4][50/391]	Time 0.813 (0.816)	Data 0.000 (0.005)	Loss 3.8352 (3.6241)	Prec@1 14.062 (15.502)	Prec@5 34.375 (38.955)
2025-05-25 03:01:58,984 - my_logger - INFO - Train Epoch: [4][100/391]	Time 0.814 (0.816)	Data 0.000 (0.003)	Loss 3.4191 (3.6256)	Prec@1 23.438 (15.758)	Prec@5 50.000 (39.248)
2025-05-25 03:02:39,735 - my_logger - INFO - Train Epoch: [4][150/391]	Time 0.814 (0.815)	Data 0.000 (0.002)	Loss 3.7736 (3.6136)	Prec@1 13.281 (15.763)	Prec@5 36.719 (39.572)
2025-05-25 03:03:20,463 - my_logger - INFO - Train Epoch: [4][200/391]	Time 0.819 (0.815)	Data 0.000 (0.002)	Loss 3.8441 (3.6090)	Prec@1 13.281 (15.835)	Prec@5 32.812 (39.716)
2025-05-25 03:04:01,224 - my_logger - INFO - Train Epoch: [4][250/391]	Time 0.816 (0.815)	Data 0.000 (0.001)	Loss 3.8347 (3.6070)	Prec@1 10.156 (15.931)	Prec@5 28.906 (39.791)
2025-05-25 03:04:42,004 - my_logger - INFO - Train Epoch: [4][300/391]	Time 0.815 (0.815)	Data 0.000 (0.001)	Loss 3.7932 (3.6025)	Prec@1 15.625 (16.129)	Prec@5 40.625 (39.977)
2025-05-25 03:05:22,780 - my_logger - INFO - Train Epoch: [4][350/391]	Time 0.814 (0.815)	Data 0.000 (0.001)	Loss 3.7644 (3.5984)	Prec@1 17.188 (16.286)	Prec@5 36.719 (40.143)
2025-05-25 03:05:55,475 - my_logger - INFO - Test: [0/79]	Time 0.233 (0.233)	Loss 3.0976 (3.0976)	Prec@1 26.562 (26.562)	Prec@5 56.250 (56.250)
2025-05-25 03:05:56,161 - my_logger - INFO - Test: [10/79]	Time 0.069 (0.084)	Loss 3.1143 (3.1533)	Prec@1 24.219 (23.011)	Prec@5 54.688 (50.994)
2025-05-25 03:05:56,848 - my_logger - INFO - Test: [20/79]	Time 0.069 (0.076)	Loss 3.1418 (3.1073)	Prec@1 26.562 (24.033)	Prec@5 53.906 (52.902)
2025-05-25 03:05:57,534 - my_logger - INFO - Test: [30/79]	Time 0.069 (0.074)	Loss 3.0569 (3.1202)	Prec@1 25.000 (24.194)	Prec@5 54.688 (52.621)
2025-05-25 03:05:58,220 - my_logger - INFO - Test: [40/79]	Time 0.069 (0.073)	Loss 2.8377 (3.1236)	Prec@1 30.469 (24.352)	Prec@5 58.594 (52.858)
2025-05-25 03:05:58,906 - my_logger - INFO - Test: [50/79]	Time 0.069 (0.072)	Loss 3.2538 (3.1156)	Prec@1 20.312 (24.311)	Prec@5 42.188 (52.865)
2025-05-25 03:05:59,592 - my_logger - INFO - Test: [60/79]	Time 0.069 (0.071)	Loss 3.5237 (3.1211)	Prec@1 17.969 (24.168)	Prec@5 45.312 (52.792)
2025-05-25 03:06:00,279 - my_logger - INFO - Test: [70/79]	Time 0.069 (0.071)	Loss 3.2749 (3.1210)	Prec@1 21.094 (24.219)	Prec@5 47.656 (52.685)
2025-05-25 03:06:00,811 - my_logger - INFO -  * Prec@1 24.280 Prec@5 52.770
2025-05-25 03:06:09,237 - my_logger - INFO - Saved best model with accuracy 24.28%
2025-05-25 03:06:09,238 - my_logger - INFO - Learning rate set to 0.1
2025-05-25 03:06:10,188 - my_logger - INFO - Train Epoch: [5][0/391]	Time 0.948 (0.948)	Data 0.234 (0.234)	Loss 3.6673 (3.4253)	Prec@1 18.750 (22.656)	Prec@5 39.844 (46.289)
2025-05-25 03:06:50,969 - my_logger - INFO - Train Epoch: [5][50/391]	Time 0.814 (0.818)	Data 0.000 (0.005)	Loss 3.5237 (3.5555)	Prec@1 20.312 (17.004)	Prec@5 43.750 (41.885)
2025-05-25 03:07:31,752 - my_logger - INFO - Train Epoch: [5][100/391]	Time 0.816 (0.817)	Data 0.000 (0.003)	Loss 3.6873 (3.5489)	Prec@1 17.188 (17.304)	Prec@5 40.625 (41.884)
2025-05-25 03:08:12,552 - my_logger - INFO - Train Epoch: [5][150/391]	Time 0.816 (0.817)	Data 0.000 (0.002)	Loss 3.8509 (3.5370)	Prec@1 10.156 (17.494)	Prec@5 38.281 (42.389)
2025-05-25 03:08:53,340 - my_logger - INFO - Train Epoch: [5][200/391]	Time 0.816 (0.816)	Data 0.000 (0.002)	Loss 3.5019 (3.5396)	Prec@1 18.750 (17.633)	Prec@5 42.188 (42.106)
2025-05-25 03:09:34,125 - my_logger - INFO - Train Epoch: [5][250/391]	Time 0.812 (0.816)	Data 0.000 (0.001)	Loss 3.8852 (3.5357)	Prec@1 10.938 (17.629)	Prec@5 30.469 (42.135)
2025-05-25 03:10:14,911 - my_logger - INFO - Train Epoch: [5][300/391]	Time 0.821 (0.816)	Data 0.000 (0.001)	Loss 3.8434 (3.5311)	Prec@1 9.375 (17.685)	Prec@5 33.594 (42.167)
2025-05-25 03:10:55,691 - my_logger - INFO - Train Epoch: [5][350/391]	Time 0.815 (0.816)	Data 0.000 (0.001)	Loss 3.7759 (3.5258)	Prec@1 13.281 (17.741)	Prec@5 35.156 (42.265)
2025-05-25 03:11:28,396 - my_logger - INFO - Test: [0/79]	Time 0.237 (0.237)	Loss 2.9762 (2.9762)	Prec@1 32.812 (32.812)	Prec@5 57.031 (57.031)
2025-05-25 03:11:29,083 - my_logger - INFO - Test: [10/79]	Time 0.069 (0.084)	Loss 2.8873 (2.9364)	Prec@1 36.719 (29.830)	Prec@5 58.594 (58.381)
2025-05-25 03:11:29,769 - my_logger - INFO - Test: [20/79]	Time 0.069 (0.077)	Loss 2.9970 (2.9172)	Prec@1 29.688 (28.981)	Prec@5 60.938 (59.301)
2025-05-25 03:11:30,456 - my_logger - INFO - Test: [30/79]	Time 0.069 (0.074)	Loss 2.9168 (2.9087)	Prec@1 30.469 (29.284)	Prec@5 54.688 (58.720)
2025-05-25 03:11:31,142 - my_logger - INFO - Test: [40/79]	Time 0.069 (0.073)	Loss 2.8213 (2.9286)	Prec@1 28.125 (28.963)	Prec@5 59.375 (58.270)
2025-05-25 03:11:31,828 - my_logger - INFO - Test: [50/79]	Time 0.069 (0.072)	Loss 2.9226 (2.9318)	Prec@1 32.812 (28.692)	Prec@5 53.906 (58.272)
2025-05-25 03:11:32,514 - my_logger - INFO - Test: [60/79]	Time 0.069 (0.071)	Loss 3.2945 (2.9373)	Prec@1 17.969 (28.484)	Prec@5 47.656 (58.235)
2025-05-25 03:11:33,200 - my_logger - INFO - Test: [70/79]	Time 0.069 (0.071)	Loss 2.9052 (2.9354)	Prec@1 26.562 (28.488)	Prec@5 58.594 (58.165)
2025-05-25 03:11:33,731 - my_logger - INFO -  * Prec@1 28.630 Prec@5 58.120
2025-05-25 03:11:42,596 - my_logger - INFO - Saved best model with accuracy 28.63%
2025-05-25 03:11:42,598 - my_logger - INFO - Learning rate set to 0.1
2025-05-25 03:11:43,555 - my_logger - INFO - Train Epoch: [6][0/391]	Time 0.955 (0.955)	Data 0.243 (0.243)	Loss 3.8381 (3.5718)	Prec@1 13.281 (18.164)	Prec@5 38.281 (44.336)
2025-05-25 03:12:24,339 - my_logger - INFO - Train Epoch: [6][50/391]	Time 0.815 (0.818)	Data 0.000 (0.005)	Loss 3.6519 (3.4518)	Prec@1 18.750 (18.559)	Prec@5 40.625 (44.148)
2025-05-25 03:13:05,103 - my_logger - INFO - Train Epoch: [6][100/391]	Time 0.811 (0.817)	Data 0.000 (0.003)	Loss 3.6267 (3.4659)	Prec@1 15.625 (18.756)	Prec@5 35.156 (44.046)
2025-05-25 03:13:45,840 - my_logger - INFO - Train Epoch: [6][150/391]	Time 0.810 (0.816)	Data 0.000 (0.002)	Loss 3.5348 (3.4648)	Prec@1 14.844 (19.011)	Prec@5 39.062 (44.080)
2025-05-25 03:14:26,588 - my_logger - INFO - Train Epoch: [6][200/391]	Time 0.816 (0.816)	Data 0.000 (0.002)	Loss 3.7973 (3.4701)	Prec@1 14.844 (18.863)	Prec@5 35.938 (44.002)
2025-05-25 03:15:07,351 - my_logger - INFO - Train Epoch: [6][250/391]	Time 0.815 (0.816)	Data 0.000 (0.001)	Loss 3.6337 (3.4678)	Prec@1 16.406 (18.888)	Prec@5 32.812 (44.113)
2025-05-25 03:15:48,100 - my_logger - INFO - Train Epoch: [6][300/391]	Time 0.818 (0.816)	Data 0.000 (0.001)	Loss 3.6239 (3.4637)	Prec@1 19.531 (19.052)	Prec@5 46.875 (44.291)
2025-05-25 03:16:28,857 - my_logger - INFO - Train Epoch: [6][350/391]	Time 0.812 (0.816)	Data 0.000 (0.001)	Loss 3.6132 (3.4600)	Prec@1 17.969 (19.139)	Prec@5 41.406 (44.424)
2025-05-25 03:17:01,549 - my_logger - INFO - Test: [0/79]	Time 0.235 (0.235)	Loss 2.9578 (2.9578)	Prec@1 30.469 (30.469)	Prec@5 58.594 (58.594)
2025-05-25 03:17:02,233 - my_logger - INFO - Test: [10/79]	Time 0.069 (0.083)	Loss 2.9682 (2.9691)	Prec@1 25.781 (26.491)	Prec@5 56.250 (57.173)
2025-05-25 03:17:02,919 - my_logger - INFO - Test: [20/79]	Time 0.069 (0.076)	Loss 2.9857 (2.9391)	Prec@1 30.469 (27.604)	Prec@5 57.031 (57.515)
2025-05-25 03:17:03,605 - my_logger - INFO - Test: [30/79]	Time 0.069 (0.074)	Loss 2.8712 (2.9459)	Prec@1 27.344 (27.167)	Prec@5 57.812 (57.157)
2025-05-25 03:17:04,291 - my_logger - INFO - Test: [40/79]	Time 0.069 (0.073)	Loss 2.8182 (2.9452)	Prec@1 31.250 (27.268)	Prec@5 59.375 (57.393)
2025-05-25 03:17:04,976 - my_logger - INFO - Test: [50/79]	Time 0.069 (0.072)	Loss 3.0790 (2.9417)	Prec@1 23.438 (27.083)	Prec@5 56.250 (57.353)
2025-05-25 03:17:05,662 - my_logger - INFO - Test: [60/79]	Time 0.069 (0.071)	Loss 3.2905 (2.9526)	Prec@1 20.312 (26.908)	Prec@5 50.000 (56.967)
2025-05-25 03:17:06,349 - my_logger - INFO - Test: [70/79]	Time 0.069 (0.071)	Loss 2.9997 (2.9560)	Prec@1 27.344 (26.882)	Prec@5 56.250 (56.800)
2025-05-25 03:17:06,886 - my_logger - INFO -  * Prec@1 26.900 Prec@5 56.840
2025-05-25 03:17:06,886 - my_logger - INFO - Learning rate set to 0.1
2025-05-25 03:17:07,807 - my_logger - INFO - Train Epoch: [7][0/391]	Time 0.919 (0.919)	Data 0.212 (0.212)	Loss 3.7254 (3.4932)	Prec@1 19.531 (21.875)	Prec@5 38.281 (43.750)
2025-05-25 03:17:48,555 - my_logger - INFO - Train Epoch: [7][50/391]	Time 0.816 (0.817)	Data 0.000 (0.005)	Loss 3.9039 (3.4101)	Prec@1 12.500 (19.581)	Prec@5 34.375 (45.619)
2025-05-25 03:18:29,287 - my_logger - INFO - Train Epoch: [7][100/391]	Time 0.819 (0.816)	Data 0.000 (0.003)	Loss 3.6140 (3.4060)	Prec@1 21.875 (20.013)	Prec@5 43.750 (45.763)
2025-05-25 03:19:10,008 - my_logger - INFO - Train Epoch: [7][150/391]	Time 0.818 (0.815)	Data 0.000 (0.002)	Loss 3.5015 (3.3973)	Prec@1 24.219 (20.239)	Prec@5 39.062 (45.955)
2025-05-25 03:19:50,711 - my_logger - INFO - Train Epoch: [7][200/391]	Time 0.818 (0.815)	Data 0.000 (0.001)	Loss 3.5847 (3.4020)	Prec@1 16.406 (20.167)	Prec@5 38.281 (45.839)
2025-05-25 03:20:31,409 - my_logger - INFO - Train Epoch: [7][250/391]	Time 0.817 (0.815)	Data 0.000 (0.001)	Loss 3.4195 (3.4055)	Prec@1 17.188 (19.897)	Prec@5 39.844 (45.713)
2025-05-25 03:21:12,112 - my_logger - INFO - Train Epoch: [7][300/391]	Time 0.814 (0.815)	Data 0.000 (0.001)	Loss 3.5675 (3.4064)	Prec@1 18.750 (19.836)	Prec@5 40.625 (45.621)
2025-05-25 03:21:52,817 - my_logger - INFO - Train Epoch: [7][350/391]	Time 0.814 (0.815)	Data 0.000 (0.001)	Loss 3.6530 (3.4115)	Prec@1 17.969 (19.954)	Prec@5 41.406 (45.561)
2025-05-25 03:22:25,508 - my_logger - INFO - Test: [0/79]	Time 0.240 (0.240)	Loss 2.7752 (2.7752)	Prec@1 32.031 (32.031)	Prec@5 64.062 (64.062)
2025-05-25 03:22:26,194 - my_logger - INFO - Test: [10/79]	Time 0.069 (0.084)	Loss 2.9922 (2.9135)	Prec@1 27.344 (28.693)	Prec@5 61.719 (59.375)
2025-05-25 03:22:26,879 - my_logger - INFO - Test: [20/79]	Time 0.069 (0.077)	Loss 3.1177 (2.8840)	Prec@1 28.906 (29.315)	Prec@5 51.562 (59.635)
2025-05-25 03:22:27,565 - my_logger - INFO - Test: [30/79]	Time 0.068 (0.074)	Loss 2.7613 (2.8955)	Prec@1 34.375 (29.183)	Prec@5 62.500 (58.972)
2025-05-25 03:22:28,250 - my_logger - INFO - Test: [40/79]	Time 0.069 (0.073)	Loss 2.7606 (2.9079)	Prec@1 30.469 (28.792)	Prec@5 59.375 (58.460)
2025-05-25 03:22:28,936 - my_logger - INFO - Test: [50/79]	Time 0.069 (0.072)	Loss 2.9028 (2.8969)	Prec@1 25.781 (28.615)	Prec@5 59.375 (58.563)
2025-05-25 03:22:29,621 - my_logger - INFO - Test: [60/79]	Time 0.068 (0.071)	Loss 3.2018 (2.9042)	Prec@1 23.438 (28.394)	Prec@5 53.125 (58.235)
2025-05-25 03:22:30,307 - my_logger - INFO - Test: [70/79]	Time 0.068 (0.071)	Loss 2.9239 (2.8986)	Prec@1 28.906 (28.642)	Prec@5 57.812 (58.198)
2025-05-25 03:22:30,883 - my_logger - INFO -  * Prec@1 28.670 Prec@5 58.260
2025-05-25 03:22:40,240 - my_logger - INFO - Saved best model with accuracy 28.67%
2025-05-25 03:22:40,241 - my_logger - INFO - Learning rate set to 0.1
2025-05-25 03:22:41,203 - my_logger - INFO - Train Epoch: [8][0/391]	Time 0.961 (0.961)	Data 0.244 (0.244)	Loss 3.5579 (3.2646)	Prec@1 17.969 (22.852)	Prec@5 42.969 (50.586)
2025-05-25 03:23:21,948 - my_logger - INFO - Train Epoch: [8][50/391]	Time 0.818 (0.818)	Data 0.000 (0.005)	Loss 3.6241 (3.3740)	Prec@1 11.719 (20.389)	Prec@5 42.969 (46.638)
2025-05-25 03:24:02,684 - my_logger - INFO - Train Epoch: [8][100/391]	Time 0.816 (0.816)	Data 0.000 (0.003)	Loss 3.7753 (3.3636)	Prec@1 15.625 (20.483)	Prec@5 35.938 (46.751)
2025-05-25 03:24:43,443 - my_logger - INFO - Train Epoch: [8][150/391]	Time 0.811 (0.816)	Data 0.000 (0.002)	Loss 3.6800 (3.3692)	Prec@1 19.531 (20.508)	Prec@5 39.844 (46.541)
2025-05-25 03:25:24,166 - my_logger - INFO - Train Epoch: [8][200/391]	Time 0.814 (0.816)	Data 0.000 (0.002)	Loss 3.5346 (3.3646)	Prec@1 21.094 (20.803)	Prec@5 44.531 (46.571)
2025-05-25 03:26:04,881 - my_logger - INFO - Train Epoch: [8][250/391]	Time 0.811 (0.815)	Data 0.000 (0.001)	Loss 3.6995 (3.3674)	Prec@1 13.281 (20.742)	Prec@5 35.156 (46.593)
2025-05-25 03:26:45,631 - my_logger - INFO - Train Epoch: [8][300/391]	Time 0.816 (0.815)	Data 0.000 (0.001)	Loss 3.5707 (3.3680)	Prec@1 17.969 (20.697)	Prec@5 42.188 (46.624)
2025-05-25 03:27:26,395 - my_logger - INFO - Train Epoch: [8][350/391]	Time 0.816 (0.815)	Data 0.000 (0.001)	Loss 3.4899 (3.3657)	Prec@1 19.531 (20.764)	Prec@5 41.406 (46.718)
2025-05-25 03:27:59,045 - my_logger - INFO - Test: [0/79]	Time 0.233 (0.233)	Loss 2.7204 (2.7204)	Prec@1 35.156 (35.156)	Prec@5 58.594 (58.594)
2025-05-25 03:27:59,732 - my_logger - INFO - Test: [10/79]	Time 0.069 (0.084)	Loss 2.6853 (2.7840)	Prec@1 33.594 (31.818)	Prec@5 64.844 (61.435)
2025-05-25 03:28:00,418 - my_logger - INFO - Test: [20/79]	Time 0.069 (0.076)	Loss 2.8871 (2.7659)	Prec@1 30.469 (32.366)	Prec@5 58.594 (61.421)
2025-05-25 03:28:01,104 - my_logger - INFO - Test: [30/79]	Time 0.069 (0.074)	Loss 2.7352 (2.7658)	Prec@1 32.031 (32.082)	Prec@5 59.375 (61.694)
2025-05-25 03:28:01,790 - my_logger - INFO - Test: [40/79]	Time 0.069 (0.073)	Loss 2.6096 (2.7796)	Prec@1 33.594 (32.069)	Prec@5 59.375 (61.452)
2025-05-25 03:28:02,475 - my_logger - INFO - Test: [50/79]	Time 0.069 (0.072)	Loss 2.8858 (2.7714)	Prec@1 31.250 (31.725)	Prec@5 60.156 (61.627)
2025-05-25 03:28:03,161 - my_logger - INFO - Test: [60/79]	Time 0.069 (0.071)	Loss 2.9229 (2.7748)	Prec@1 30.469 (31.583)	Prec@5 57.812 (61.668)
2025-05-25 03:28:03,847 - my_logger - INFO - Test: [70/79]	Time 0.069 (0.071)	Loss 2.8788 (2.7751)	Prec@1 25.781 (31.415)	Prec@5 56.250 (61.488)
2025-05-25 03:28:04,383 - my_logger - INFO -  * Prec@1 31.470 Prec@5 61.540
2025-05-25 03:28:13,311 - my_logger - INFO - Saved best model with accuracy 31.47%
2025-05-25 03:28:13,312 - my_logger - INFO - Learning rate set to 0.1
2025-05-25 03:28:14,276 - my_logger - INFO - Train Epoch: [9][0/391]	Time 0.963 (0.963)	Data 0.246 (0.246)	Loss 3.5848 (3.2959)	Prec@1 15.625 (21.094)	Prec@5 42.969 (47.852)
2025-05-25 03:28:55,012 - my_logger - INFO - Train Epoch: [9][50/391]	Time 0.811 (0.818)	Data 0.000 (0.005)	Loss 3.7233 (3.3146)	Prec@1 12.500 (22.017)	Prec@5 38.281 (48.058)
2025-05-25 03:29:35,720 - my_logger - INFO - Train Epoch: [9][100/391]	Time 0.813 (0.816)	Data 0.000 (0.003)	Loss 3.3176 (3.3218)	Prec@1 19.531 (21.504)	Prec@5 49.219 (47.708)
2025-05-25 03:30:16,420 - my_logger - INFO - Train Epoch: [9][150/391]	Time 0.814 (0.815)	Data 0.000 (0.002)	Loss 3.6256 (3.3238)	Prec@1 17.969 (21.380)	Prec@5 45.312 (47.733)
2025-05-25 03:30:57,138 - my_logger - INFO - Train Epoch: [9][200/391]	Time 0.819 (0.815)	Data 0.000 (0.002)	Loss 3.5291 (3.3299)	Prec@1 20.312 (21.311)	Prec@5 40.625 (47.640)
2025-05-25 03:31:37,881 - my_logger - INFO - Train Epoch: [9][250/391]	Time 0.816 (0.815)	Data 0.000 (0.001)	Loss 3.5434 (3.3317)	Prec@1 13.281 (21.351)	Prec@5 46.094 (47.629)
2025-05-25 03:32:18,611 - my_logger - INFO - Train Epoch: [9][300/391]	Time 0.815 (0.815)	Data 0.000 (0.001)	Loss 3.6849 (3.3302)	Prec@1 17.188 (21.343)	Prec@5 42.188 (47.671)
2025-05-25 03:32:59,331 - my_logger - INFO - Train Epoch: [9][350/391]	Time 0.815 (0.815)	Data 0.000 (0.001)	Loss 3.9879 (3.3310)	Prec@1 12.500 (21.358)	Prec@5 34.375 (47.573)
2025-05-25 03:33:31,989 - my_logger - INFO - Test: [0/79]	Time 0.253 (0.253)	Loss 2.8473 (2.8473)	Prec@1 34.375 (34.375)	Prec@5 61.719 (61.719)
2025-05-25 03:33:32,675 - my_logger - INFO - Test: [10/79]	Time 0.069 (0.085)	Loss 2.6976 (2.8660)	Prec@1 33.594 (31.108)	Prec@5 60.156 (59.872)
2025-05-25 03:33:33,361 - my_logger - INFO - Test: [20/79]	Time 0.068 (0.077)	Loss 2.8546 (2.8385)	Prec@1 30.469 (31.324)	Prec@5 57.812 (60.640)
2025-05-25 03:33:34,046 - my_logger - INFO - Test: [30/79]	Time 0.069 (0.075)	Loss 2.7510 (2.8481)	Prec@1 37.500 (30.948)	Prec@5 60.938 (59.879)
2025-05-25 03:33:34,733 - my_logger - INFO - Test: [40/79]	Time 0.068 (0.073)	Loss 2.6359 (2.8517)	Prec@1 35.156 (30.907)	Prec@5 64.844 (59.966)
2025-05-25 03:33:35,418 - my_logger - INFO - Test: [50/79]	Time 0.069 (0.072)	Loss 2.8308 (2.8391)	Prec@1 33.594 (31.127)	Prec@5 57.812 (60.371)
2025-05-25 03:33:36,104 - my_logger - INFO - Test: [60/79]	Time 0.068 (0.072)	Loss 3.0929 (2.8441)	Prec@1 21.875 (30.712)	Prec@5 55.469 (60.336)
2025-05-25 03:33:36,789 - my_logger - INFO - Test: [70/79]	Time 0.068 (0.071)	Loss 2.9088 (2.8414)	Prec@1 27.344 (30.590)	Prec@5 53.906 (60.321)
2025-05-25 03:33:37,322 - my_logger - INFO -  * Prec@1 30.570 Prec@5 60.270
2025-05-25 03:33:41,458 - my_logger - INFO - Learning rate set to 0.1
2025-05-25 03:33:42,407 - my_logger - INFO - Train Epoch: [10][0/391]	Time 0.947 (0.947)	Data 0.231 (0.231)	Loss 3.7292 (3.4276)	Prec@1 10.156 (16.016)	Prec@5 41.406 (47.461)
2025-05-25 03:34:23,113 - my_logger - INFO - Train Epoch: [10][50/391]	Time 0.814 (0.817)	Data 0.000 (0.005)	Loss 3.6143 (3.3140)	Prec@1 14.844 (21.714)	Prec@5 42.188 (47.698)
2025-05-25 03:35:03,817 - my_logger - INFO - Train Epoch: [10][100/391]	Time 0.814 (0.815)	Data 0.000 (0.003)	Loss 3.4504 (3.3074)	Prec@1 18.750 (21.755)	Prec@5 42.188 (47.997)
2025-05-25 03:35:44,527 - my_logger - INFO - Train Epoch: [10][150/391]	Time 0.820 (0.815)	Data 0.000 (0.002)	Loss 3.6949 (3.3065)	Prec@1 15.625 (21.988)	Prec@5 37.500 (48.033)
2025-05-25 03:36:25,229 - my_logger - INFO - Train Epoch: [10][200/391]	Time 0.814 (0.815)	Data 0.000 (0.001)	Loss 3.6281 (3.2983)	Prec@1 17.188 (22.124)	Prec@5 40.625 (48.382)
2025-05-25 03:37:05,945 - my_logger - INFO - Train Epoch: [10][250/391]	Time 0.817 (0.815)	Data 0.000 (0.001)	Loss 3.7491 (3.3021)	Prec@1 18.750 (22.056)	Prec@5 39.844 (48.301)
2025-05-25 03:37:46,644 - my_logger - INFO - Train Epoch: [10][300/391]	Time 0.818 (0.815)	Data 0.000 (0.001)	Loss 3.5713 (3.2973)	Prec@1 11.719 (22.163)	Prec@5 39.844 (48.520)
2025-05-25 03:38:27,346 - my_logger - INFO - Train Epoch: [10][350/391]	Time 0.818 (0.814)	Data 0.000 (0.001)	Loss 3.5254 (3.3000)	Prec@1 18.750 (22.088)	Prec@5 42.188 (48.434)
2025-05-25 03:39:00,004 - my_logger - INFO - Test: [0/79]	Time 0.257 (0.257)	Loss 2.5847 (2.5847)	Prec@1 39.844 (39.844)	Prec@5 63.281 (63.281)
2025-05-25 03:39:00,688 - my_logger - INFO - Test: [10/79]	Time 0.069 (0.086)	Loss 2.5318 (2.6203)	Prec@1 35.938 (35.511)	Prec@5 67.969 (64.915)
2025-05-25 03:39:01,374 - my_logger - INFO - Test: [20/79]	Time 0.069 (0.078)	Loss 2.6781 (2.5766)	Prec@1 37.500 (36.682)	Prec@5 66.406 (66.109)
2025-05-25 03:39:02,060 - my_logger - INFO - Test: [30/79]	Time 0.069 (0.075)	Loss 2.6433 (2.5795)	Prec@1 35.938 (36.013)	Prec@5 61.719 (65.801)
2025-05-25 03:39:02,746 - my_logger - INFO - Test: [40/79]	Time 0.069 (0.073)	Loss 2.4009 (2.5878)	Prec@1 33.594 (36.014)	Prec@5 68.750 (65.701)
2025-05-25 03:39:03,432 - my_logger - INFO - Test: [50/79]	Time 0.069 (0.072)	Loss 2.5780 (2.5822)	Prec@1 36.719 (36.029)	Prec@5 64.844 (66.008)
2025-05-25 03:39:04,118 - my_logger - INFO - Test: [60/79]	Time 0.069 (0.072)	Loss 2.8507 (2.5933)	Prec@1 32.812 (35.553)	Prec@5 63.281 (65.856)
2025-05-25 03:39:04,804 - my_logger - INFO - Test: [70/79]	Time 0.069 (0.071)	Loss 2.6632 (2.5959)	Prec@1 32.031 (35.640)	Prec@5 60.938 (65.867)
2025-05-25 03:39:05,342 - my_logger - INFO -  * Prec@1 35.790 Prec@5 65.900
2025-05-25 03:39:14,092 - my_logger - INFO - Saved best model with accuracy 35.79%
2025-05-25 03:39:14,092 - my_logger - INFO - Learning rate set to 0.1
2025-05-25 03:39:15,047 - my_logger - INFO - Train Epoch: [11][0/391]	Time 0.953 (0.953)	Data 0.245 (0.245)	Loss 3.6227 (3.3382)	Prec@1 18.750 (24.219)	Prec@5 34.375 (44.531)
2025-05-25 03:39:55,808 - my_logger - INFO - Train Epoch: [11][50/391]	Time 0.816 (0.818)	Data 0.000 (0.005)	Loss 3.7536 (3.2553)	Prec@1 14.844 (23.445)	Prec@5 36.719 (49.763)
2025-05-25 03:40:36,537 - my_logger - INFO - Train Epoch: [11][100/391]	Time 0.811 (0.816)	Data 0.000 (0.003)	Loss 3.6458 (3.2830)	Prec@1 17.969 (22.554)	Prec@5 40.625 (49.083)
2025-05-25 03:41:17,232 - my_logger - INFO - Train Epoch: [11][150/391]	Time 0.814 (0.815)	Data 0.000 (0.002)	Loss 3.4604 (3.2813)	Prec@1 19.531 (22.584)	Prec@5 39.844 (48.992)
2025-05-25 03:41:57,924 - my_logger - INFO - Train Epoch: [11][200/391]	Time 0.814 (0.815)	Data 0.000 (0.002)	Loss 3.3457 (3.2820)	Prec@1 30.469 (22.498)	Prec@5 49.219 (48.916)
2025-05-25 03:42:38,615 - my_logger - INFO - Train Epoch: [11][250/391]	Time 0.814 (0.815)	Data 0.000 (0.001)	Loss 3.5433 (3.2837)	Prec@1 17.188 (22.344)	Prec@5 44.531 (48.939)
2025-05-25 03:43:19,313 - my_logger - INFO - Train Epoch: [11][300/391]	Time 0.809 (0.815)	Data 0.000 (0.001)	Loss 3.4968 (3.2834)	Prec@1 22.656 (22.308)	Prec@5 42.969 (48.953)
2025-05-25 03:44:00,010 - my_logger - INFO - Train Epoch: [11][350/391]	Time 0.814 (0.815)	Data 0.000 (0.001)	Loss 3.2794 (3.2799)	Prec@1 17.969 (22.449)	Prec@5 49.219 (48.948)
2025-05-25 03:44:32,689 - my_logger - INFO - Test: [0/79]	Time 0.270 (0.270)	Loss 2.6611 (2.6611)	Prec@1 37.500 (37.500)	Prec@5 62.500 (62.500)
2025-05-25 03:44:33,374 - my_logger - INFO - Test: [10/79]	Time 0.069 (0.087)	Loss 2.6874 (2.6816)	Prec@1 36.719 (33.097)	Prec@5 62.500 (64.418)
2025-05-25 03:44:34,060 - my_logger - INFO - Test: [20/79]	Time 0.068 (0.078)	Loss 2.6982 (2.6551)	Prec@1 33.594 (34.449)	Prec@5 62.500 (64.658)
2025-05-25 03:44:34,745 - my_logger - INFO - Test: [30/79]	Time 0.068 (0.075)	Loss 2.6499 (2.6470)	Prec@1 31.250 (34.652)	Prec@5 65.625 (64.919)
2025-05-25 03:44:35,431 - my_logger - INFO - Test: [40/79]	Time 0.069 (0.073)	Loss 2.5148 (2.6601)	Prec@1 35.938 (34.566)	Prec@5 65.625 (64.425)
2025-05-25 03:44:36,116 - my_logger - INFO - Test: [50/79]	Time 0.069 (0.073)	Loss 2.6930 (2.6499)	Prec@1 30.469 (34.375)	Prec@5 63.281 (64.599)
2025-05-25 03:44:36,802 - my_logger - INFO - Test: [60/79]	Time 0.069 (0.072)	Loss 2.8647 (2.6593)	Prec@1 32.031 (33.901)	Prec@5 59.375 (64.408)
2025-05-25 03:44:37,487 - my_logger - INFO - Test: [70/79]	Time 0.068 (0.071)	Loss 2.7391 (2.6595)	Prec@1 23.438 (33.814)	Prec@5 58.594 (64.349)
2025-05-25 03:44:38,028 - my_logger - INFO -  * Prec@1 33.900 Prec@5 64.090
2025-05-25 03:44:38,029 - my_logger - INFO - Learning rate set to 0.1
2025-05-25 03:44:38,976 - my_logger - INFO - Train Epoch: [12][0/391]	Time 0.945 (0.945)	Data 0.239 (0.239)	Loss 3.4785 (3.1611)	Prec@1 18.750 (25.195)	Prec@5 44.531 (50.977)
2025-05-25 03:45:19,728 - my_logger - INFO - Train Epoch: [12][50/391]	Time 0.811 (0.818)	Data 0.000 (0.005)	Loss 3.5886 (3.2396)	Prec@1 16.406 (22.997)	Prec@5 39.062 (50.176)
