2025-05-26 15:00:11,953 - my_logger - INFO - Using 100 classes
2025-05-26 15:00:12,622 - my_logger - INFO - Learning rate set to 0.1
Using fine labels
Training for 20 epochs with 10 repeats
2025-05-26 15:00:15,560 - my_logger - INFO - Train Epoch: [0][0/391]	Time 2.937 (2.937)	Data 0.200 (0.200)	Loss 2.5250 (3.3370)	Prec@1 36.719 (25.078)	Prec@5 69.531 (52.344)
2025-05-26 15:02:16,415 - my_logger - INFO - Train Epoch: [0][50/391]	Time 2.434 (2.427)	Data 0.000 (0.004)	Loss 4.2344 (4.5339)	Prec@1 10.156 (4.645)	Prec@5 22.656 (14.965)
2025-05-26 15:04:17,562 - my_logger - INFO - Train Epoch: [0][100/391]	Time 2.418 (2.425)	Data 0.001 (0.002)	Loss 4.3294 (4.4448)	Prec@1 3.906 (4.752)	Prec@5 10.156 (15.543)
2025-05-26 15:06:18,694 - my_logger - INFO - Train Epoch: [0][150/391]	Time 2.437 (2.424)	Data 0.000 (0.002)	Loss 4.2958 (4.3933)	Prec@1 6.250 (5.103)	Prec@5 18.750 (16.598)
2025-05-26 15:08:19,799 - my_logger - INFO - Train Epoch: [0][200/391]	Time 2.422 (2.424)	Data 0.000 (0.001)	Loss 4.4636 (4.3590)	Prec@1 5.469 (5.461)	Prec@5 13.281 (17.551)
2025-05-26 15:10:20,903 - my_logger - INFO - Train Epoch: [0][250/391]	Time 2.420 (2.423)	Data 0.000 (0.001)	Loss 4.1359 (4.3362)	Prec@1 5.469 (5.768)	Prec@5 20.312 (18.151)
2025-05-26 15:12:21,988 - my_logger - INFO - Train Epoch: [0][300/391]	Time 2.425 (2.423)	Data 0.000 (0.001)	Loss 4.4218 (4.3116)	Prec@1 9.375 (6.226)	Prec@5 16.406 (18.957)
2025-05-26 15:14:23,066 - my_logger - INFO - Train Epoch: [0][350/391]	Time 2.418 (2.423)	Data 0.000 (0.001)	Loss 4.1738 (4.2956)	Prec@1 9.375 (6.340)	Prec@5 26.562 (19.525)
2025-05-26 15:15:59,426 - my_logger - INFO - Test: [0/79]	Time 0.234 (0.234)	Loss 3.9074 (3.9074)	Prec@1 5.469 (5.469)	Prec@5 34.375 (34.375)
2025-05-26 15:16:00,199 - my_logger - INFO - Test: [10/79]	Time 0.077 (0.092)	Loss 3.9254 (3.9320)	Prec@1 7.812 (9.233)	Prec@5 32.031 (31.676)
2025-05-26 15:16:00,973 - my_logger - INFO - Test: [20/79]	Time 0.077 (0.085)	Loss 3.9978 (3.9314)	Prec@1 5.469 (9.338)	Prec@5 26.562 (32.106)
2025-05-26 15:16:01,746 - my_logger - INFO - Test: [30/79]	Time 0.077 (0.082)	Loss 3.9546 (3.9285)	Prec@1 8.594 (9.703)	Prec@5 31.250 (32.006)
2025-05-26 15:16:02,519 - my_logger - INFO - Test: [40/79]	Time 0.077 (0.081)	Loss 3.9730 (3.9175)	Prec@1 9.375 (10.309)	Prec@5 27.344 (32.184)
2025-05-26 15:16:03,289 - my_logger - INFO - Test: [50/79]	Time 0.077 (0.080)	Loss 4.0459 (3.9186)	Prec@1 6.250 (10.187)	Prec@5 26.562 (31.771)
2025-05-26 15:16:04,061 - my_logger - INFO - Test: [60/79]	Time 0.077 (0.080)	Loss 4.0115 (3.9198)	Prec@1 7.031 (10.207)	Prec@5 26.562 (31.839)
2025-05-26 15:16:04,834 - my_logger - INFO - Test: [70/79]	Time 0.077 (0.079)	Loss 3.9220 (3.9156)	Prec@1 7.812 (10.277)	Prec@5 34.375 (31.987)
2025-05-26 15:16:05,469 - my_logger - INFO -  * Prec@1 10.300 Prec@5 31.950
2025-05-26 15:16:16,009 - my_logger - INFO - Saved best model with accuracy 10.30%
2025-05-26 15:16:16,009 - my_logger - INFO - Learning rate set to 0.1
2025-05-26 15:16:18,510 - my_logger - INFO - Train Epoch: [1][0/391]	Time 2.499 (2.499)	Data 0.212 (0.212)	Loss 4.0076 (4.0364)	Prec@1 9.375 (9.531)	Prec@5 27.344 (25.000)
2025-05-26 15:18:19,591 - my_logger - INFO - Train Epoch: [1][50/391]	Time 2.424 (2.423)	Data 0.000 (0.005)	Loss 4.2443 (4.1338)	Prec@1 8.594 (8.214)	Prec@5 19.531 (24.334)
2025-05-26 15:20:20,760 - my_logger - INFO - Train Epoch: [1][100/391]	Time 2.428 (2.423)	Data 0.000 (0.003)	Loss 4.1242 (4.1356)	Prec@1 7.812 (8.113)	Prec@5 25.000 (24.250)
2025-05-26 15:22:21,897 - my_logger - INFO - Train Epoch: [1][150/391]	Time 2.423 (2.423)	Data 0.000 (0.002)	Loss 4.0770 (4.1298)	Prec@1 9.375 (8.239)	Prec@5 26.562 (24.367)
2025-05-26 15:24:23,055 - my_logger - INFO - Train Epoch: [1][200/391]	Time 2.421 (2.423)	Data 0.000 (0.001)	Loss 4.1853 (4.1245)	Prec@1 8.594 (8.347)	Prec@5 17.969 (24.613)
2025-05-26 15:26:24,211 - my_logger - INFO - Train Epoch: [1][250/391]	Time 2.417 (2.423)	Data 0.000 (0.001)	Loss 4.1916 (4.1207)	Prec@1 7.812 (8.539)	Prec@5 24.219 (24.804)
2025-05-26 15:28:25,335 - my_logger - INFO - Train Epoch: [1][300/391]	Time 2.424 (2.423)	Data 0.000 (0.001)	Loss 4.0600 (4.1120)	Prec@1 10.156 (8.618)	Prec@5 23.438 (25.030)
2025-05-26 15:30:26,502 - my_logger - INFO - Train Epoch: [1][350/391]	Time 2.434 (2.423)	Data 0.000 (0.001)	Loss 4.0869 (4.1085)	Prec@1 11.719 (8.659)	Prec@5 28.125 (25.260)
2025-05-26 15:32:02,939 - my_logger - INFO - Test: [0/79]	Time 0.297 (0.297)	Loss 3.7573 (3.7573)	Prec@1 14.844 (14.844)	Prec@5 38.281 (38.281)
2025-05-26 15:32:03,713 - my_logger - INFO - Test: [10/79]	Time 0.078 (0.097)	Loss 3.7082 (3.7729)	Prec@1 14.844 (11.364)	Prec@5 42.969 (36.080)
2025-05-26 15:32:04,488 - my_logger - INFO - Test: [20/79]	Time 0.077 (0.088)	Loss 3.8270 (3.7609)	Prec@1 11.719 (11.793)	Prec@5 41.406 (36.458)
2025-05-26 15:32:05,263 - my_logger - INFO - Test: [30/79]	Time 0.078 (0.085)	Loss 3.7466 (3.7687)	Prec@1 11.719 (11.845)	Prec@5 34.375 (35.761)
2025-05-26 15:32:06,037 - my_logger - INFO - Test: [40/79]	Time 0.077 (0.083)	Loss 3.8504 (3.7744)	Prec@1 9.375 (12.100)	Prec@5 34.375 (36.147)
2025-05-26 15:32:06,814 - my_logger - INFO - Test: [50/79]	Time 0.078 (0.082)	Loss 3.8107 (3.7806)	Prec@1 9.375 (11.949)	Prec@5 35.938 (35.953)
2025-05-26 15:32:07,588 - my_logger - INFO - Test: [60/79]	Time 0.077 (0.081)	Loss 3.9476 (3.7829)	Prec@1 9.375 (11.988)	Prec@5 29.688 (35.592)
2025-05-26 15:32:08,361 - my_logger - INFO - Test: [70/79]	Time 0.077 (0.081)	Loss 3.7819 (3.7836)	Prec@1 9.375 (11.961)	Prec@5 38.281 (35.651)
2025-05-26 15:32:09,176 - my_logger - INFO -  * Prec@1 11.920 Prec@5 35.590
2025-05-26 15:32:19,348 - my_logger - INFO - Saved best model with accuracy 11.92%
2025-05-26 15:32:19,349 - my_logger - INFO - Learning rate set to 0.1
2025-05-26 15:32:21,864 - my_logger - INFO - Train Epoch: [2][0/391]	Time 2.515 (2.515)	Data 0.217 (0.217)	Loss 4.1137 (4.0963)	Prec@1 4.688 (4.531)	Prec@5 23.438 (23.672)
2025-05-26 15:34:22,906 - my_logger - INFO - Train Epoch: [2][50/391]	Time 2.423 (2.423)	Data 0.000 (0.005)	Loss 4.0055 (4.0682)	Prec@1 11.719 (9.505)	Prec@5 28.906 (26.218)
2025-05-26 15:36:24,021 - my_logger - INFO - Train Epoch: [2][100/391]	Time 2.414 (2.422)	Data 0.000 (0.002)	Loss 4.0361 (4.0535)	Prec@1 14.844 (9.657)	Prec@5 33.594 (26.762)
2025-05-26 15:38:25,157 - my_logger - INFO - Train Epoch: [2][150/391]	Time 2.414 (2.423)	Data 0.000 (0.002)	Loss 4.1305 (4.0424)	Prec@1 7.812 (9.625)	Prec@5 27.344 (27.107)
2025-05-26 15:40:26,307 - my_logger - INFO - Train Epoch: [2][200/391]	Time 2.427 (2.423)	Data 0.000 (0.001)	Loss 3.9857 (4.0335)	Prec@1 10.156 (9.816)	Prec@5 30.469 (27.521)
2025-05-26 15:42:27,419 - my_logger - INFO - Train Epoch: [2][250/391]	Time 2.422 (2.423)	Data 0.000 (0.001)	Loss 4.1144 (4.0307)	Prec@1 11.719 (9.881)	Prec@5 30.469 (27.677)
2025-05-26 15:44:28,533 - my_logger - INFO - Train Epoch: [2][300/391]	Time 2.421 (2.423)	Data 0.000 (0.001)	Loss 3.9330 (4.0264)	Prec@1 14.062 (9.949)	Prec@5 30.469 (27.798)
2025-05-26 15:46:29,676 - my_logger - INFO - Train Epoch: [2][350/391]	Time 2.421 (2.423)	Data 0.000 (0.001)	Loss 4.0842 (4.0234)	Prec@1 10.938 (9.994)	Prec@5 25.781 (27.914)
2025-05-26 15:48:06,107 - my_logger - INFO - Test: [0/79]	Time 0.260 (0.260)	Loss 3.8333 (3.8333)	Prec@1 9.375 (9.375)	Prec@5 30.469 (30.469)
2025-05-26 15:48:07,009 - my_logger - INFO - Test: [10/79]	Time 0.077 (0.106)	Loss 3.8222 (3.8295)	Prec@1 9.375 (11.861)	Prec@5 40.625 (34.588)
2025-05-26 15:48:07,783 - my_logger - INFO - Test: [20/79]	Time 0.077 (0.092)	Loss 3.9110 (3.7980)	Prec@1 8.594 (12.314)	Prec@5 35.938 (35.900)
2025-05-26 15:48:08,554 - my_logger - INFO - Test: [30/79]	Time 0.077 (0.087)	Loss 3.7173 (3.8053)	Prec@1 14.844 (12.475)	Prec@5 32.812 (35.786)
2025-05-26 15:48:09,327 - my_logger - INFO - Test: [40/79]	Time 0.077 (0.085)	Loss 3.8826 (3.8040)	Prec@1 9.375 (12.405)	Prec@5 31.250 (35.823)
2025-05-26 15:48:10,100 - my_logger - INFO - Test: [50/79]	Time 0.077 (0.083)	Loss 3.8439 (3.8018)	Prec@1 10.156 (12.485)	Prec@5 29.688 (35.677)
2025-05-26 15:48:10,873 - my_logger - INFO - Test: [60/79]	Time 0.077 (0.082)	Loss 3.9230 (3.7982)	Prec@1 10.156 (12.500)	Prec@5 32.031 (35.630)
2025-05-26 15:48:11,646 - my_logger - INFO - Test: [70/79]	Time 0.077 (0.082)	Loss 3.8244 (3.7957)	Prec@1 15.625 (12.599)	Prec@5 27.344 (35.607)
2025-05-26 15:48:12,259 - my_logger - INFO -  * Prec@1 12.750 Prec@5 35.690
2025-05-26 15:48:21,955 - my_logger - INFO - Saved best model with accuracy 12.75%
2025-05-26 15:48:21,956 - my_logger - INFO - Learning rate set to 0.010000000000000002
2025-05-26 15:48:24,497 - my_logger - INFO - Train Epoch: [3][0/391]	Time 2.541 (2.541)	Data 0.250 (0.250)	Loss 4.4194 (4.1606)	Prec@1 4.688 (5.859)	Prec@5 17.188 (25.859)
2025-05-26 15:50:25,595 - my_logger - INFO - Train Epoch: [3][50/391]	Time 2.430 (2.424)	Data 0.000 (0.005)	Loss 4.1917 (3.9916)	Prec@1 9.375 (11.083)	Prec@5 26.562 (29.283)
2025-05-26 15:52:26,739 - my_logger - INFO - Train Epoch: [3][100/391]	Time 2.423 (2.424)	Data 0.000 (0.003)	Loss 4.2363 (3.9537)	Prec@1 7.812 (11.866)	Prec@5 23.438 (30.588)
2025-05-26 15:54:27,910 - my_logger - INFO - Train Epoch: [3][150/391]	Time 2.429 (2.424)	Data 0.000 (0.002)	Loss 4.1836 (3.9195)	Prec@1 10.156 (12.335)	Prec@5 26.562 (31.606)
2025-05-26 15:56:29,041 - my_logger - INFO - Train Epoch: [3][200/391]	Time 2.416 (2.423)	Data 0.000 (0.002)	Loss 4.1105 (3.9057)	Prec@1 7.031 (12.631)	Prec@5 25.000 (31.991)
2025-05-26 15:58:30,187 - my_logger - INFO - Train Epoch: [3][250/391]	Time 2.425 (2.423)	Data 0.000 (0.001)	Loss 4.1026 (3.8943)	Prec@1 12.500 (12.833)	Prec@5 29.688 (32.353)
2025-05-26 16:00:31,322 - my_logger - INFO - Train Epoch: [3][300/391]	Time 2.426 (2.423)	Data 0.000 (0.001)	Loss 3.9605 (3.8816)	Prec@1 10.156 (13.023)	Prec@5 28.125 (32.726)
2025-05-26 16:02:32,481 - my_logger - INFO - Train Epoch: [3][350/391]	Time 2.414 (2.423)	Data 0.000 (0.001)	Loss 4.2710 (3.8720)	Prec@1 7.031 (13.182)	Prec@5 22.656 (33.059)
2025-05-26 16:04:08,921 - my_logger - INFO - Test: [0/79]	Time 0.255 (0.255)	Loss 3.0946 (3.0946)	Prec@1 28.125 (28.125)	Prec@5 56.250 (56.250)
2025-05-26 16:04:09,694 - my_logger - INFO - Test: [10/79]	Time 0.078 (0.093)	Loss 3.2115 (3.2000)	Prec@1 28.906 (25.426)	Prec@5 53.125 (53.125)
2025-05-26 16:04:10,468 - my_logger - INFO - Test: [20/79]	Time 0.077 (0.086)	Loss 3.2413 (3.1645)	Prec@1 25.000 (26.674)	Prec@5 54.688 (54.390)
2025-05-26 16:04:11,244 - my_logger - INFO - Test: [30/79]	Time 0.078 (0.083)	Loss 3.1254 (3.1692)	Prec@1 22.656 (26.336)	Prec@5 55.469 (54.209)
2025-05-26 16:04:12,016 - my_logger - INFO - Test: [40/79]	Time 0.077 (0.082)	Loss 3.1018 (3.1747)	Prec@1 26.562 (26.658)	Prec@5 52.344 (53.868)
2025-05-26 16:04:12,789 - my_logger - INFO - Test: [50/79]	Time 0.077 (0.081)	Loss 3.1941 (3.1738)	Prec@1 24.219 (26.287)	Prec@5 52.344 (53.876)
2025-05-26 16:04:13,564 - my_logger - INFO - Test: [60/79]	Time 0.077 (0.080)	Loss 3.3856 (3.1777)	Prec@1 22.656 (26.101)	Prec@5 48.438 (53.868)
2025-05-26 16:04:14,337 - my_logger - INFO - Test: [70/79]	Time 0.078 (0.080)	Loss 3.2633 (3.1776)	Prec@1 25.000 (26.188)	Prec@5 51.562 (53.807)
2025-05-26 16:04:15,070 - my_logger - INFO -  * Prec@1 26.220 Prec@5 53.780
2025-05-26 16:04:26,272 - my_logger - INFO - Saved best model with accuracy 26.22%
2025-05-26 16:04:26,273 - my_logger - INFO - Learning rate set to 0.010000000000000002
2025-05-26 16:04:28,796 - my_logger - INFO - Train Epoch: [4][0/391]	Time 2.522 (2.522)	Data 0.224 (0.224)	Loss 4.0328 (3.7582)	Prec@1 11.719 (14.922)	Prec@5 28.125 (34.844)
2025-05-26 16:06:29,906 - my_logger - INFO - Train Epoch: [4][50/391]	Time 2.422 (2.424)	Data 0.000 (0.005)	Loss 4.0422 (3.7580)	Prec@1 12.500 (15.185)	Prec@5 26.562 (36.314)
2025-05-26 16:08:31,053 - my_logger - INFO - Train Epoch: [4][100/391]	Time 2.425 (2.424)	Data 0.000 (0.003)	Loss 4.2197 (3.7700)	Prec@1 8.594 (14.806)	Prec@5 27.344 (36.361)
2025-05-26 16:10:32,186 - my_logger - INFO - Train Epoch: [4][150/391]	Time 2.430 (2.423)	Data 0.000 (0.002)	Loss 3.9197 (3.7831)	Prec@1 18.750 (14.576)	Prec@5 30.469 (35.830)
2025-05-26 16:12:33,355 - my_logger - INFO - Train Epoch: [4][200/391]	Time 2.421 (2.423)	Data 0.000 (0.001)	Loss 4.2621 (3.7855)	Prec@1 7.031 (14.553)	Prec@5 20.312 (35.709)
2025-05-26 16:14:34,528 - my_logger - INFO - Train Epoch: [4][250/391]	Time 2.425 (2.423)	Data 0.000 (0.001)	Loss 4.2777 (3.7796)	Prec@1 7.812 (14.626)	Prec@5 20.312 (35.855)
2025-05-26 16:16:35,674 - my_logger - INFO - Train Epoch: [4][300/391]	Time 2.421 (2.423)	Data 0.000 (0.001)	Loss 3.9753 (3.7778)	Prec@1 9.375 (14.636)	Prec@5 29.688 (35.854)
2025-05-26 16:18:36,837 - my_logger - INFO - Train Epoch: [4][350/391]	Time 2.425 (2.423)	Data 0.000 (0.001)	Loss 4.1757 (3.7771)	Prec@1 11.719 (14.656)	Prec@5 25.781 (35.847)
2025-05-26 16:20:13,277 - my_logger - INFO - Test: [0/79]	Time 0.264 (0.264)	Loss 2.9400 (2.9400)	Prec@1 31.250 (31.250)	Prec@5 59.375 (59.375)
2025-05-26 16:20:14,050 - my_logger - INFO - Test: [10/79]	Time 0.077 (0.094)	Loss 3.0170 (3.0486)	Prec@1 33.594 (27.344)	Prec@5 57.812 (56.534)
2025-05-26 16:20:14,823 - my_logger - INFO - Test: [20/79]	Time 0.077 (0.086)	Loss 3.0976 (3.0241)	Prec@1 28.125 (28.385)	Prec@5 58.594 (57.738)
2025-05-26 16:20:15,596 - my_logger - INFO - Test: [30/79]	Time 0.077 (0.083)	Loss 3.0104 (3.0292)	Prec@1 28.125 (27.999)	Prec@5 58.594 (57.535)
2025-05-26 16:20:16,370 - my_logger - INFO - Test: [40/79]	Time 0.078 (0.082)	Loss 2.9304 (3.0332)	Prec@1 29.688 (28.220)	Prec@5 59.375 (57.355)
2025-05-26 16:20:17,144 - my_logger - INFO - Test: [50/79]	Time 0.078 (0.081)	Loss 3.0171 (3.0287)	Prec@1 32.031 (28.079)	Prec@5 54.688 (57.230)
2025-05-26 16:20:17,919 - my_logger - INFO - Test: [60/79]	Time 0.077 (0.080)	Loss 3.2937 (3.0360)	Prec@1 22.656 (27.882)	Prec@5 53.906 (57.108)
2025-05-26 16:20:18,693 - my_logger - INFO - Test: [70/79]	Time 0.077 (0.080)	Loss 3.0189 (3.0333)	Prec@1 28.906 (27.960)	Prec@5 57.812 (57.130)
2025-05-26 16:20:19,308 - my_logger - INFO -  * Prec@1 28.000 Prec@5 57.060
2025-05-26 16:20:28,340 - my_logger - INFO - Saved best model with accuracy 28.00%
2025-05-26 16:20:28,341 - my_logger - INFO - Learning rate set to 0.010000000000000002
2025-05-26 16:20:30,909 - my_logger - INFO - Train Epoch: [5][0/391]	Time 2.567 (2.567)	Data 0.265 (0.265)	Loss 4.2200 (3.9063)	Prec@1 7.812 (10.234)	Prec@5 25.000 (31.250)
2025-05-26 16:22:32,016 - my_logger - INFO - Train Epoch: [5][50/391]	Time 2.419 (2.425)	Data 0.000 (0.006)	Loss 3.9742 (3.7282)	Prec@1 13.281 (15.509)	Prec@5 31.250 (38.082)
2025-05-26 16:24:33,177 - my_logger - INFO - Train Epoch: [5][100/391]	Time 2.425 (2.424)	Data 0.000 (0.003)	Loss 3.8844 (3.7234)	Prec@1 17.188 (15.610)	Prec@5 35.938 (37.857)
2025-05-26 16:26:34,303 - my_logger - INFO - Train Epoch: [5][150/391]	Time 2.419 (2.424)	Data 0.000 (0.002)	Loss 4.2816 (3.7172)	Prec@1 8.594 (15.721)	Prec@5 21.094 (38.001)
2025-05-26 16:28:35,445 - my_logger - INFO - Train Epoch: [5][200/391]	Time 2.426 (2.423)	Data 0.000 (0.002)	Loss 3.8439 (3.7178)	Prec@1 14.844 (15.691)	Prec@5 32.812 (37.892)
2025-05-26 16:30:36,578 - my_logger - INFO - Train Epoch: [5][250/391]	Time 2.424 (2.423)	Data 0.000 (0.001)	Loss 4.2092 (3.7175)	Prec@1 13.281 (15.678)	Prec@5 28.906 (37.827)
2025-05-26 16:32:37,683 - my_logger - INFO - Train Epoch: [5][300/391]	Time 2.412 (2.423)	Data 0.000 (0.001)	Loss 3.9802 (3.7163)	Prec@1 14.062 (15.716)	Prec@5 28.906 (37.791)
2025-05-26 16:34:38,830 - my_logger - INFO - Train Epoch: [5][350/391]	Time 2.413 (2.423)	Data 0.000 (0.001)	Loss 4.0667 (3.7147)	Prec@1 14.062 (15.791)	Prec@5 35.156 (37.782)
2025-05-26 16:36:15,238 - my_logger - INFO - Test: [0/79]	Time 0.259 (0.259)	Loss 2.8837 (2.8837)	Prec@1 30.469 (30.469)	Prec@5 62.500 (62.500)
2025-05-26 16:36:16,118 - my_logger - INFO - Test: [10/79]	Time 0.077 (0.104)	Loss 3.0459 (3.0283)	Prec@1 32.031 (27.699)	Prec@5 57.031 (55.753)
2025-05-26 16:36:16,892 - my_logger - INFO - Test: [20/79]	Time 0.077 (0.091)	Loss 3.0806 (3.0014)	Prec@1 27.344 (28.571)	Prec@5 57.031 (57.589)
2025-05-26 16:36:17,666 - my_logger - INFO - Test: [30/79]	Time 0.077 (0.087)	Loss 2.9973 (2.9968)	Prec@1 28.906 (28.805)	Prec@5 56.250 (57.409)
2025-05-26 16:36:18,438 - my_logger - INFO - Test: [40/79]	Time 0.077 (0.084)	Loss 2.8962 (3.0036)	Prec@1 28.125 (28.506)	Prec@5 57.031 (56.917)
2025-05-26 16:36:19,210 - my_logger - INFO - Test: [50/79]	Time 0.077 (0.083)	Loss 3.0222 (2.9997)	Prec@1 28.125 (28.539)	Prec@5 53.125 (56.970)
2025-05-26 16:36:19,982 - my_logger - INFO - Test: [60/79]	Time 0.077 (0.082)	Loss 3.2989 (3.0081)	Prec@1 21.094 (28.074)	Prec@5 52.344 (56.724)
2025-05-26 16:36:20,755 - my_logger - INFO - Test: [70/79]	Time 0.077 (0.081)	Loss 3.0525 (3.0079)	Prec@1 25.781 (28.004)	Prec@5 54.688 (56.635)
2025-05-26 16:36:21,368 - my_logger - INFO -  * Prec@1 28.110 Prec@5 56.570
2025-05-26 16:36:30,056 - my_logger - INFO - Saved best model with accuracy 28.11%
2025-05-26 16:36:30,057 - my_logger - INFO - Learning rate set to 0.0010000000000000002
2025-05-26 16:36:32,582 - my_logger - INFO - Train Epoch: [6][0/391]	Time 2.524 (2.524)	Data 0.244 (0.244)	Loss 4.1461 (3.7559)	Prec@1 8.594 (14.766)	Prec@5 26.562 (34.453)
2025-05-26 16:38:33,651 - my_logger - INFO - Train Epoch: [6][50/391]	Time 2.411 (2.423)	Data 0.000 (0.005)	Loss 3.9505 (3.6856)	Prec@1 14.844 (16.647)	Prec@5 32.812 (38.624)
2025-05-26 16:40:34,721 - my_logger - INFO - Train Epoch: [6][100/391]	Time 2.420 (2.422)	Data 0.000 (0.003)	Loss 4.1382 (3.6533)	Prec@1 14.844 (17.259)	Prec@5 28.906 (39.423)
2025-05-26 16:42:35,802 - my_logger - INFO - Train Epoch: [6][150/391]	Time 2.420 (2.422)	Data 0.000 (0.002)	Loss 3.9980 (3.6544)	Prec@1 7.031 (17.197)	Prec@5 34.375 (39.312)
2025-05-26 16:44:36,847 - my_logger - INFO - Train Epoch: [6][200/391]	Time 2.423 (2.422)	Data 0.000 (0.001)	Loss 4.0404 (3.6524)	Prec@1 11.719 (17.239)	Prec@5 26.562 (39.370)
2025-05-26 16:46:37,900 - my_logger - INFO - Train Epoch: [6][250/391]	Time 2.423 (2.422)	Data 0.000 (0.001)	Loss 4.1062 (3.6556)	Prec@1 10.938 (17.199)	Prec@5 32.031 (39.162)
2025-05-26 16:48:38,979 - my_logger - INFO - Train Epoch: [6][300/391]	Time 2.427 (2.422)	Data 0.000 (0.001)	Loss 3.9481 (3.6507)	Prec@1 16.406 (17.271)	Prec@5 32.031 (39.319)
2025-05-26 16:50:40,008 - my_logger - INFO - Train Epoch: [6][350/391]	Time 2.414 (2.422)	Data 0.000 (0.001)	Loss 3.9939 (3.6439)	Prec@1 7.812 (17.507)	Prec@5 31.250 (39.609)
2025-05-26 16:52:16,428 - my_logger - INFO - Test: [0/79]	Time 0.262 (0.262)	Loss 2.6621 (2.6621)	Prec@1 40.625 (40.625)	Prec@5 67.188 (67.188)
2025-05-26 16:52:17,200 - my_logger - INFO - Test: [10/79]	Time 0.077 (0.094)	Loss 2.7953 (2.8080)	Prec@1 39.844 (33.807)	Prec@5 66.406 (61.648)
2025-05-26 16:52:17,973 - my_logger - INFO - Test: [20/79]	Time 0.077 (0.086)	Loss 2.8987 (2.7782)	Prec@1 31.250 (34.673)	Prec@5 62.500 (63.281)
2025-05-26 16:52:18,744 - my_logger - INFO - Test: [30/79]	Time 0.077 (0.083)	Loss 2.7770 (2.7801)	Prec@1 33.594 (34.073)	Prec@5 63.281 (63.130)
2025-05-26 16:52:19,517 - my_logger - INFO - Test: [40/79]	Time 0.077 (0.082)	Loss 2.6541 (2.7850)	Prec@1 33.594 (33.994)	Prec@5 66.406 (62.614)
2025-05-26 16:52:20,290 - my_logger - INFO - Test: [50/79]	Time 0.077 (0.081)	Loss 2.7757 (2.7818)	Prec@1 34.375 (34.023)	Prec@5 60.938 (62.852)
2025-05-26 16:52:21,062 - my_logger - INFO - Test: [60/79]	Time 0.077 (0.080)	Loss 3.0710 (2.7897)	Prec@1 26.562 (33.824)	Prec@5 59.375 (62.538)
2025-05-26 16:52:21,835 - my_logger - INFO - Test: [70/79]	Time 0.077 (0.080)	Loss 2.8067 (2.7870)	Prec@1 32.812 (33.770)	Prec@5 64.844 (62.610)
2025-05-26 16:52:22,452 - my_logger - INFO -  * Prec@1 33.750 Prec@5 62.480
2025-05-26 16:52:33,005 - my_logger - INFO - Saved best model with accuracy 33.75%
2025-05-26 16:52:33,007 - my_logger - INFO - Learning rate set to 0.0010000000000000002
2025-05-26 16:52:35,536 - my_logger - INFO - Train Epoch: [7][0/391]	Time 2.528 (2.528)	Data 0.249 (0.249)	Loss 3.8206 (3.4542)	Prec@1 11.719 (16.406)	Prec@5 28.125 (41.875)
2025-05-26 16:54:36,593 - my_logger - INFO - Train Epoch: [7][50/391]	Time 2.424 (2.423)	Data 0.000 (0.005)	Loss 3.8699 (3.6020)	Prec@1 11.719 (18.422)	Prec@5 32.031 (40.515)
2025-05-26 16:56:37,740 - my_logger - INFO - Train Epoch: [7][100/391]	Time 2.425 (2.423)	Data 0.000 (0.003)	Loss 3.9494 (3.6129)	Prec@1 14.844 (18.214)	Prec@5 32.812 (40.220)
2025-05-26 16:58:38,829 - my_logger - INFO - Train Epoch: [7][150/391]	Time 2.416 (2.423)	Data 0.000 (0.002)	Loss 3.9951 (3.6106)	Prec@1 13.281 (18.084)	Prec@5 32.031 (40.462)
2025-05-26 17:00:39,882 - my_logger - INFO - Train Epoch: [7][200/391]	Time 2.420 (2.422)	Data 0.000 (0.002)	Loss 3.9990 (3.6124)	Prec@1 12.500 (18.056)	Prec@5 26.562 (40.448)
2025-05-26 17:02:40,973 - my_logger - INFO - Train Epoch: [7][250/391]	Time 2.421 (2.422)	Data 0.000 (0.001)	Loss 4.0458 (3.6120)	Prec@1 13.281 (17.996)	Prec@5 28.906 (40.529)
2025-05-26 17:04:42,055 - my_logger - INFO - Train Epoch: [7][300/391]	Time 2.416 (2.422)	Data 0.000 (0.001)	Loss 4.0815 (3.6090)	Prec@1 15.625 (18.029)	Prec@5 30.469 (40.537)
2025-05-26 17:06:43,119 - my_logger - INFO - Train Epoch: [7][350/391]	Time 2.421 (2.422)	Data 0.000 (0.001)	Loss 4.2270 (3.6089)	Prec@1 9.375 (18.019)	Prec@5 25.781 (40.544)
2025-05-26 17:08:19,525 - my_logger - INFO - Test: [0/79]	Time 0.296 (0.296)	Loss 2.5816 (2.5816)	Prec@1 37.500 (37.500)	Prec@5 65.625 (65.625)
2025-05-26 17:08:20,301 - my_logger - INFO - Test: [10/79]	Time 0.077 (0.097)	Loss 2.7585 (2.7717)	Prec@1 36.719 (35.227)	Prec@5 65.625 (61.151)
2025-05-26 17:08:21,075 - my_logger - INFO - Test: [20/79]	Time 0.077 (0.088)	Loss 2.8374 (2.7384)	Prec@1 36.719 (35.938)	Prec@5 64.844 (63.393)
2025-05-26 17:08:21,849 - my_logger - INFO - Test: [30/79]	Time 0.078 (0.085)	Loss 2.7075 (2.7424)	Prec@1 37.500 (35.660)	Prec@5 66.406 (63.382)
2025-05-26 17:08:22,620 - my_logger - INFO - Test: [40/79]	Time 0.077 (0.083)	Loss 2.5728 (2.7463)	Prec@1 32.031 (35.595)	Prec@5 73.438 (63.110)
2025-05-26 17:08:23,391 - my_logger - INFO - Test: [50/79]	Time 0.077 (0.082)	Loss 2.7321 (2.7429)	Prec@1 37.500 (35.417)	Prec@5 61.719 (63.266)
2025-05-26 17:08:24,162 - my_logger - INFO - Test: [60/79]	Time 0.077 (0.081)	Loss 3.0557 (2.7522)	Prec@1 28.125 (35.105)	Prec@5 59.375 (62.974)
2025-05-26 17:08:24,935 - my_logger - INFO - Test: [70/79]	Time 0.078 (0.080)	Loss 2.7660 (2.7485)	Prec@1 34.375 (35.167)	Prec@5 63.281 (63.039)
2025-05-26 17:08:25,538 - my_logger - INFO -  * Prec@1 35.070 Prec@5 63.030
2025-05-26 17:08:34,845 - my_logger - INFO - Saved best model with accuracy 35.07%
2025-05-26 17:08:34,846 - my_logger - INFO - Learning rate set to 0.0010000000000000002
2025-05-26 17:08:37,385 - my_logger - INFO - Train Epoch: [8][0/391]	Time 2.538 (2.538)	Data 0.260 (0.260)	Loss 4.0086 (3.5611)	Prec@1 14.844 (24.688)	Prec@5 35.156 (43.594)
2025-05-26 17:10:38,356 - my_logger - INFO - Train Epoch: [8][50/391]	Time 2.417 (2.422)	Data 0.000 (0.005)	Loss 3.9035 (3.5979)	Prec@1 10.938 (18.405)	Prec@5 32.031 (40.650)
2025-05-26 17:12:39,318 - my_logger - INFO - Train Epoch: [8][100/391]	Time 2.415 (2.421)	Data 0.000 (0.003)	Loss 4.1516 (3.5990)	Prec@1 13.281 (18.246)	Prec@5 29.688 (41.062)
2025-05-26 17:14:40,298 - my_logger - INFO - Train Epoch: [8][150/391]	Time 2.425 (2.420)	Data 0.000 (0.002)	Loss 4.1254 (3.5946)	Prec@1 9.375 (18.371)	Prec@5 25.781 (41.259)
2025-05-26 17:16:41,274 - my_logger - INFO - Train Epoch: [8][200/391]	Time 2.414 (2.420)	Data 0.000 (0.002)	Loss 3.8644 (3.5920)	Prec@1 12.500 (18.507)	Prec@5 36.719 (41.314)
2025-05-26 17:18:42,268 - my_logger - INFO - Train Epoch: [8][250/391]	Time 2.411 (2.420)	Data 0.000 (0.001)	Loss 3.9181 (3.5895)	Prec@1 15.625 (18.552)	Prec@5 32.031 (41.301)
2025-05-26 17:20:43,200 - my_logger - INFO - Train Epoch: [8][300/391]	Time 2.408 (2.420)	Data 0.000 (0.001)	Loss 3.9595 (3.5885)	Prec@1 11.719 (18.586)	Prec@5 31.250 (41.245)
2025-05-26 17:22:44,127 - my_logger - INFO - Train Epoch: [8][350/391]	Time 2.425 (2.420)	Data 0.000 (0.001)	Loss 3.6657 (3.5882)	Prec@1 15.625 (18.655)	Prec@5 38.281 (41.259)
2025-05-26 17:24:20,431 - my_logger - INFO - Test: [0/79]	Time 0.269 (0.269)	Loss 2.6469 (2.6469)	Prec@1 36.719 (36.719)	Prec@5 67.188 (67.188)
2025-05-26 17:24:21,203 - my_logger - INFO - Test: [10/79]	Time 0.077 (0.095)	Loss 2.7690 (2.7803)	Prec@1 35.938 (33.665)	Prec@5 69.531 (62.713)
2025-05-26 17:24:21,973 - my_logger - INFO - Test: [20/79]	Time 0.077 (0.086)	Loss 2.8412 (2.7398)	Prec@1 34.375 (35.045)	Prec@5 61.719 (63.951)
2025-05-26 17:24:22,744 - my_logger - INFO - Test: [30/79]	Time 0.077 (0.083)	Loss 2.7325 (2.7465)	Prec@1 39.062 (34.753)	Prec@5 64.062 (63.508)
2025-05-26 17:24:23,514 - my_logger - INFO - Test: [40/79]	Time 0.077 (0.082)	Loss 2.5744 (2.7522)	Prec@1 35.156 (34.718)	Prec@5 71.094 (63.396)
2025-05-26 17:24:24,284 - my_logger - INFO - Test: [50/79]	Time 0.077 (0.081)	Loss 2.7213 (2.7448)	Prec@1 37.500 (34.727)	Prec@5 62.500 (63.725)
2025-05-26 17:24:25,054 - my_logger - INFO - Test: [60/79]	Time 0.077 (0.080)	Loss 3.0747 (2.7538)	Prec@1 27.344 (34.541)	Prec@5 54.688 (63.409)
2025-05-26 17:24:25,825 - my_logger - INFO - Test: [70/79]	Time 0.077 (0.080)	Loss 2.7739 (2.7512)	Prec@1 33.594 (34.661)	Prec@5 61.719 (63.226)
2025-05-26 17:24:26,439 - my_logger - INFO -  * Prec@1 34.640 Prec@5 63.110
2025-05-26 17:24:26,439 - my_logger - INFO - Learning rate set to 0.00010000000000000003
2025-05-26 17:24:28,941 - my_logger - INFO - Train Epoch: [9][0/391]	Time 2.501 (2.501)	Data 0.236 (0.236)	Loss 3.9008 (3.4332)	Prec@1 13.281 (20.312)	Prec@5 35.938 (46.016)
2025-05-26 17:26:29,872 - my_logger - INFO - Train Epoch: [9][50/391]	Time 2.426 (2.420)	Data 0.000 (0.005)	Loss 4.1259 (3.5606)	Prec@1 12.500 (19.070)	Prec@5 30.469 (42.160)
2025-05-26 17:28:30,773 - my_logger - INFO - Train Epoch: [9][100/391]	Time 2.414 (2.419)	Data 0.000 (0.003)	Loss 4.1835 (3.5651)	Prec@1 9.375 (18.800)	Prec@5 24.219 (41.720)
2025-05-26 17:30:31,743 - my_logger - INFO - Train Epoch: [9][150/391]	Time 2.419 (2.419)	Data 0.000 (0.002)	Loss 4.1197 (3.5739)	Prec@1 8.594 (18.643)	Prec@5 23.438 (41.469)
2025-05-26 17:32:32,656 - my_logger - INFO - Train Epoch: [9][200/391]	Time 2.412 (2.419)	Data 0.000 (0.001)	Loss 3.8268 (3.5742)	Prec@1 13.281 (18.618)	Prec@5 35.156 (41.531)
2025-05-26 17:34:33,593 - my_logger - INFO - Train Epoch: [9][250/391]	Time 2.421 (2.419)	Data 0.000 (0.001)	Loss 3.9810 (3.5713)	Prec@1 10.938 (18.721)	Prec@5 25.000 (41.635)
2025-05-26 17:36:46,612 - my_logger - INFO - Train Epoch: [9][300/391]	Time 2.685 (2.459)	Data 0.000 (0.001)	Loss 4.0783 (3.5738)	Prec@1 11.719 (18.718)	Prec@5 28.125 (41.494)
2025-05-26 17:39:08,718 - my_logger - INFO - Train Epoch: [9][350/391]	Time 2.415 (2.514)	Data 0.000 (0.001)	Loss 4.1779 (3.5731)	Prec@1 10.156 (18.796)	Prec@5 31.250 (41.511)
2025-05-26 17:40:44,943 - my_logger - INFO - Test: [0/79]	Time 0.272 (0.272)	Loss 2.6212 (2.6212)	Prec@1 37.500 (37.500)	Prec@5 68.750 (68.750)
2025-05-26 17:40:45,715 - my_logger - INFO - Test: [10/79]	Time 0.077 (0.095)	Loss 2.7357 (2.7452)	Prec@1 39.062 (35.582)	Prec@5 71.094 (64.205)
2025-05-26 17:40:46,488 - my_logger - INFO - Test: [20/79]	Time 0.077 (0.087)	Loss 2.8120 (2.7105)	Prec@1 35.156 (36.496)	Prec@5 64.062 (65.327)
2025-05-26 17:40:47,258 - my_logger - INFO - Test: [30/79]	Time 0.077 (0.083)	Loss 2.6998 (2.7141)	Prec@1 39.062 (36.038)	Prec@5 64.062 (65.045)
2025-05-26 17:40:48,030 - my_logger - INFO - Test: [40/79]	Time 0.077 (0.082)	Loss 2.5560 (2.7190)	Prec@1 35.156 (36.128)	Prec@5 71.875 (64.577)
2025-05-26 17:40:48,800 - my_logger - INFO - Test: [50/79]	Time 0.077 (0.081)	Loss 2.6888 (2.7140)	Prec@1 35.938 (36.121)	Prec@5 61.719 (64.997)
2025-05-26 17:40:49,571 - my_logger - INFO - Test: [60/79]	Time 0.077 (0.080)	Loss 3.0028 (2.7226)	Prec@1 31.250 (35.873)	Prec@5 57.812 (64.575)
2025-05-26 17:40:50,342 - my_logger - INFO - Test: [70/79]	Time 0.077 (0.080)	Loss 2.7570 (2.7200)	Prec@1 31.250 (35.904)	Prec@5 64.062 (64.492)
2025-05-26 17:40:50,957 - my_logger - INFO -  * Prec@1 35.890 Prec@5 64.350
2025-05-26 17:41:00,215 - my_logger - INFO - Saved best model with accuracy 35.89%
2025-05-26 17:41:00,216 - my_logger - INFO - Learning rate set to 0.00010000000000000003
2025-05-26 17:41:02,749 - my_logger - INFO - Train Epoch: [10][0/391]	Time 2.532 (2.532)	Data 0.246 (0.246)	Loss 4.1623 (3.7105)	Prec@1 13.281 (18.438)	Prec@5 27.344 (36.250)
2025-05-26 17:43:03,740 - my_logger - INFO - Train Epoch: [10][50/391]	Time 2.419 (2.422)	Data 0.000 (0.005)	Loss 4.0511 (3.5694)	Prec@1 11.719 (19.072)	Prec@5 33.594 (41.953)
2025-05-26 17:45:04,753 - my_logger - INFO - Train Epoch: [10][100/391]	Time 2.419 (2.421)	Data 0.000 (0.003)	Loss 4.2692 (3.5703)	Prec@1 10.156 (19.106)	Prec@5 25.781 (41.737)
2025-05-26 17:47:05,748 - my_logger - INFO - Train Epoch: [10][150/391]	Time 2.418 (2.421)	Data 0.000 (0.002)	Loss 4.0520 (3.5627)	Prec@1 10.938 (19.273)	Prec@5 31.250 (41.926)
2025-05-26 17:49:06,771 - my_logger - INFO - Train Epoch: [10][200/391]	Time 2.417 (2.421)	Data 0.000 (0.002)	Loss 3.8265 (3.5629)	Prec@1 11.719 (19.106)	Prec@5 29.688 (41.838)
2025-05-26 17:51:07,812 - my_logger - INFO - Train Epoch: [10][250/391]	Time 2.417 (2.421)	Data 0.000 (0.001)	Loss 4.1149 (3.5665)	Prec@1 10.156 (19.004)	Prec@5 27.344 (41.820)
2025-05-26 17:53:08,892 - my_logger - INFO - Train Epoch: [10][300/391]	Time 2.432 (2.421)	Data 0.000 (0.001)	Loss 4.1396 (3.5652)	Prec@1 7.031 (18.965)	Prec@5 28.906 (41.838)
2025-05-26 17:55:09,967 - my_logger - INFO - Train Epoch: [10][350/391]	Time 2.420 (2.421)	Data 0.000 (0.001)	Loss 3.9721 (3.5611)	Prec@1 14.062 (19.000)	Prec@5 30.469 (41.919)
2025-05-26 17:56:46,387 - my_logger - INFO - Test: [0/79]	Time 0.303 (0.303)	Loss 2.5974 (2.5974)	Prec@1 38.281 (38.281)	Prec@5 68.750 (68.750)
2025-05-26 17:56:47,159 - my_logger - INFO - Test: [10/79]	Time 0.078 (0.098)	Loss 2.6980 (2.7229)	Prec@1 39.844 (36.009)	Prec@5 71.875 (63.636)
2025-05-26 17:56:47,933 - my_logger - INFO - Test: [20/79]	Time 0.077 (0.088)	Loss 2.7935 (2.6885)	Prec@1 33.594 (36.496)	Prec@5 65.625 (65.141)
2025-05-26 17:56:48,706 - my_logger - INFO - Test: [30/79]	Time 0.077 (0.085)	Loss 2.6827 (2.6936)	Prec@1 38.281 (35.912)	Prec@5 66.406 (64.919)
2025-05-26 17:56:49,480 - my_logger - INFO - Test: [40/79]	Time 0.078 (0.083)	Loss 2.5445 (2.7002)	Prec@1 35.156 (35.861)	Prec@5 71.875 (64.520)
2025-05-26 17:56:50,253 - my_logger - INFO - Test: [50/79]	Time 0.077 (0.082)	Loss 2.6832 (2.6956)	Prec@1 39.062 (35.846)	Prec@5 64.844 (64.798)
2025-05-26 17:56:51,026 - my_logger - INFO - Test: [60/79]	Time 0.077 (0.081)	Loss 3.0045 (2.7046)	Prec@1 31.250 (35.630)	Prec@5 58.594 (64.370)
2025-05-26 17:56:51,798 - my_logger - INFO - Test: [70/79]	Time 0.077 (0.080)	Loss 2.7243 (2.7016)	Prec@1 34.375 (35.805)	Prec@5 65.625 (64.382)
2025-05-26 17:56:52,415 - my_logger - INFO -  * Prec@1 35.790 Prec@5 64.320
2025-05-26 17:56:52,415 - my_logger - INFO - Learning rate set to 0.00010000000000000003
2025-05-26 17:56:54,938 - my_logger - INFO - Train Epoch: [11][0/391]	Time 2.522 (2.522)	Data 0.248 (0.248)	Loss 4.1326 (3.6475)	Prec@1 7.812 (13.672)	Prec@5 28.125 (42.422)
2025-05-26 17:58:55,992 - my_logger - INFO - Train Epoch: [11][50/391]	Time 2.428 (2.423)	Data 0.000 (0.005)	Loss 3.9356 (3.5732)	Prec@1 17.188 (18.592)	Prec@5 31.250 (41.351)
2025-05-26 18:00:57,108 - my_logger - INFO - Train Epoch: [11][100/391]	Time 2.426 (2.423)	Data 0.000 (0.003)	Loss 3.9883 (3.5555)	Prec@1 14.062 (19.118)	Prec@5 30.469 (41.914)
2025-05-26 18:02:58,182 - my_logger - INFO - Train Epoch: [11][150/391]	Time 2.424 (2.422)	Data 0.000 (0.002)	Loss 3.8402 (3.5611)	Prec@1 14.062 (18.914)	Prec@5 36.719 (41.832)
2025-05-26 18:04:59,291 - my_logger - INFO - Train Epoch: [11][200/391]	Time 2.422 (2.422)	Data 0.000 (0.002)	Loss 3.9569 (3.5567)	Prec@1 13.281 (18.982)	Prec@5 32.812 (41.999)
2025-05-26 18:07:00,385 - my_logger - INFO - Train Epoch: [11][250/391]	Time 2.415 (2.422)	Data 0.000 (0.001)	Loss 3.8818 (3.5559)	Prec@1 16.406 (19.060)	Prec@5 35.938 (42.060)
2025-05-26 18:09:01,471 - my_logger - INFO - Train Epoch: [11][300/391]	Time 2.413 (2.422)	Data 0.000 (0.001)	Loss 3.8916 (3.5496)	Prec@1 14.844 (19.200)	Prec@5 35.156 (42.276)
2025-05-26 18:11:02,594 - my_logger - INFO - Train Epoch: [11][350/391]	Time 2.418 (2.422)	Data 0.000 (0.001)	Loss 4.0921 (3.5530)	Prec@1 10.938 (19.144)	Prec@5 28.906 (42.096)
2025-05-26 18:12:39,028 - my_logger - INFO - Test: [0/79]	Time 0.292 (0.292)	Loss 2.5769 (2.5769)	Prec@1 36.719 (36.719)	Prec@5 68.750 (68.750)
2025-05-26 18:12:39,801 - my_logger - INFO - Test: [10/79]	Time 0.077 (0.097)	Loss 2.6751 (2.7156)	Prec@1 38.281 (35.156)	Prec@5 70.312 (63.565)
2025-05-26 18:12:40,574 - my_logger - INFO - Test: [20/79]	Time 0.077 (0.088)	Loss 2.7653 (2.6800)	Prec@1 36.719 (36.570)	Prec@5 63.281 (64.955)
2025-05-26 18:12:41,348 - my_logger - INFO - Test: [30/79]	Time 0.078 (0.084)	Loss 2.6669 (2.6848)	Prec@1 39.062 (35.988)	Prec@5 64.844 (64.667)
2025-05-26 18:12:42,121 - my_logger - INFO - Test: [40/79]	Time 0.077 (0.083)	Loss 2.4989 (2.6892)	Prec@1 37.500 (36.071)	Prec@5 74.219 (64.329)
2025-05-26 18:12:42,895 - my_logger - INFO - Test: [50/79]	Time 0.077 (0.082)	Loss 2.6726 (2.6847)	Prec@1 37.500 (35.999)	Prec@5 64.844 (64.890)
2025-05-26 18:12:43,669 - my_logger - INFO - Test: [60/79]	Time 0.078 (0.081)	Loss 2.9912 (2.6946)	Prec@1 28.125 (35.758)	Prec@5 57.812 (64.498)
2025-05-26 18:12:44,442 - my_logger - INFO - Test: [70/79]	Time 0.077 (0.080)	Loss 2.7072 (2.6911)	Prec@1 33.594 (35.761)	Prec@5 65.625 (64.459)
2025-05-26 18:12:45,064 - my_logger - INFO -  * Prec@1 35.750 Prec@5 64.290
2025-05-26 18:12:45,064 - my_logger - INFO - Learning rate set to 1.0000000000000003e-05
2025-05-26 18:12:47,596 - my_logger - INFO - Train Epoch: [12][0/391]	Time 2.531 (2.531)	Data 0.256 (0.256)	Loss 3.8966 (3.4884)	Prec@1 19.531 (24.844)	Prec@5 33.594 (41.953)
2025-05-26 18:14:48,683 - my_logger - INFO - Train Epoch: [12][50/391]	Time 2.420 (2.424)	Data 0.000 (0.005)	Loss 3.9042 (3.5739)	Prec@1 13.281 (19.393)	Prec@5 31.250 (41.768)
2025-05-26 18:16:49,778 - my_logger - INFO - Train Epoch: [12][100/391]	Time 2.428 (2.423)	Data 0.000 (0.003)	Loss 4.2445 (3.5743)	Prec@1 9.375 (19.097)	Prec@5 24.219 (41.573)
2025-05-26 18:18:50,891 - my_logger - INFO - Train Epoch: [12][150/391]	Time 2.433 (2.423)	Data 0.000 (0.002)	Loss 4.1520 (3.5666)	Prec@1 10.156 (19.228)	Prec@5 31.250 (41.682)
2025-05-26 18:20:51,999 - my_logger - INFO - Train Epoch: [12][200/391]	Time 2.420 (2.423)	Data 0.000 (0.002)	Loss 4.1027 (3.5605)	Prec@1 11.719 (19.280)	Prec@5 29.688 (41.922)
2025-05-26 18:22:53,092 - my_logger - INFO - Train Epoch: [12][250/391]	Time 2.415 (2.422)	Data 0.000 (0.001)	Loss 4.0605 (3.5641)	Prec@1 10.938 (19.152)	Prec@5 26.562 (41.870)
2025-05-26 18:24:54,212 - my_logger - INFO - Train Epoch: [12][300/391]	Time 2.430 (2.422)	Data 0.000 (0.001)	Loss 4.1160 (3.5574)	Prec@1 11.719 (19.301)	Prec@5 25.781 (42.093)
2025-05-26 18:26:55,321 - my_logger - INFO - Train Epoch: [12][350/391]	Time 2.426 (2.422)	Data 0.000 (0.001)	Loss 4.1871 (3.5547)	Prec@1 8.594 (19.314)	Prec@5 24.219 (42.169)
2025-05-26 18:28:31,735 - my_logger - INFO - Test: [0/79]	Time 0.285 (0.285)	Loss 2.5525 (2.5525)	Prec@1 40.625 (40.625)	Prec@5 68.750 (68.750)
2025-05-26 18:28:32,507 - my_logger - INFO - Test: [10/79]	Time 0.077 (0.096)	Loss 2.6763 (2.6983)	Prec@1 39.062 (36.577)	Prec@5 68.750 (63.707)
2025-05-26 18:28:33,282 - my_logger - INFO - Test: [20/79]	Time 0.077 (0.087)	Loss 2.7764 (2.6668)	Prec@1 34.375 (37.016)	Prec@5 65.625 (65.551)
2025-05-26 18:28:34,055 - my_logger - INFO - Test: [30/79]	Time 0.077 (0.084)	Loss 2.6613 (2.6697)	Prec@1 39.062 (36.719)	Prec@5 64.844 (65.247)
2025-05-26 18:28:34,829 - my_logger - INFO - Test: [40/79]	Time 0.077 (0.082)	Loss 2.5063 (2.6754)	Prec@1 36.719 (36.662)	Prec@5 71.094 (64.844)
2025-05-26 18:28:35,602 - my_logger - INFO - Test: [50/79]	Time 0.078 (0.081)	Loss 2.6595 (2.6720)	Prec@1 38.281 (36.627)	Prec@5 66.406 (65.380)
2025-05-26 18:28:36,374 - my_logger - INFO - Test: [60/79]	Time 0.077 (0.081)	Loss 2.9705 (2.6805)	Prec@1 29.688 (36.501)	Prec@5 61.719 (65.061)
2025-05-26 18:28:37,147 - my_logger - INFO - Test: [70/79]	Time 0.077 (0.080)	Loss 2.6926 (2.6774)	Prec@1 32.812 (36.444)	Prec@5 66.406 (65.064)
2025-05-26 18:28:37,769 - my_logger - INFO -  * Prec@1 36.490 Prec@5 65.010
2025-05-26 18:28:46,754 - my_logger - INFO - Saved best model with accuracy 36.49%
2025-05-26 18:28:46,755 - my_logger - INFO - Learning rate set to 1.0000000000000003e-05
2025-05-26 18:28:49,326 - my_logger - INFO - Train Epoch: [13][0/391]	Time 2.570 (2.570)	Data 0.276 (0.276)	Loss 3.9428 (3.5025)	Prec@1 16.406 (20.078)	Prec@5 31.250 (42.266)
2025-05-26 18:30:50,374 - my_logger - INFO - Train Epoch: [13][50/391]	Time 2.412 (2.424)	Data 0.000 (0.006)	Loss 3.8516 (3.5594)	Prec@1 17.188 (19.064)	Prec@5 33.594 (42.024)
2025-05-26 18:32:51,497 - my_logger - INFO - Train Epoch: [13][100/391]	Time 2.428 (2.423)	Data 0.000 (0.003)	Loss 3.8131 (3.5593)	Prec@1 14.844 (19.067)	Prec@5 30.469 (42.001)
2025-05-26 18:34:52,614 - my_logger - INFO - Train Epoch: [13][150/391]	Time 2.416 (2.423)	Data 0.000 (0.002)	Loss 4.0038 (3.5611)	Prec@1 9.375 (19.089)	Prec@5 29.688 (41.975)
2025-05-26 18:36:53,749 - my_logger - INFO - Train Epoch: [13][200/391]	Time 2.427 (2.423)	Data 0.000 (0.002)	Loss 4.1497 (3.5637)	Prec@1 10.156 (18.975)	Prec@5 29.688 (41.812)
2025-05-26 18:38:54,863 - my_logger - INFO - Train Epoch: [13][250/391]	Time 2.423 (2.423)	Data 0.000 (0.001)	Loss 4.0650 (3.5583)	Prec@1 12.500 (19.063)	Prec@5 32.031 (41.875)
2025-05-26 18:40:56,012 - my_logger - INFO - Train Epoch: [13][300/391]	Time 2.425 (2.423)	Data 0.000 (0.001)	Loss 4.1499 (3.5594)	Prec@1 11.719 (19.052)	Prec@5 27.344 (41.832)
2025-05-26 18:42:57,145 - my_logger - INFO - Train Epoch: [13][350/391]	Time 2.428 (2.423)	Data 0.000 (0.001)	Loss 3.9488 (3.5583)	Prec@1 12.500 (19.073)	Prec@5 30.469 (41.862)
2025-05-26 18:44:33,603 - my_logger - INFO - Test: [0/79]	Time 0.298 (0.298)	Loss 2.5701 (2.5701)	Prec@1 39.062 (39.062)	Prec@5 67.969 (67.969)
2025-05-26 18:44:34,377 - my_logger - INFO - Test: [10/79]	Time 0.077 (0.097)	Loss 2.6811 (2.7097)	Prec@1 39.844 (35.938)	Prec@5 69.531 (64.205)
2025-05-26 18:44:35,151 - my_logger - INFO - Test: [20/79]	Time 0.077 (0.088)	Loss 2.7793 (2.6722)	Prec@1 35.938 (36.793)	Prec@5 63.281 (65.588)
2025-05-26 18:44:35,925 - my_logger - INFO - Test: [30/79]	Time 0.077 (0.085)	Loss 2.6649 (2.6745)	Prec@1 35.938 (36.265)	Prec@5 67.188 (65.323)
2025-05-26 18:44:36,699 - my_logger - INFO - Test: [40/79]	Time 0.077 (0.083)	Loss 2.5088 (2.6792)	Prec@1 38.281 (36.357)	Prec@5 71.094 (64.939)
2025-05-26 18:44:37,474 - my_logger - INFO - Test: [50/79]	Time 0.078 (0.082)	Loss 2.6657 (2.6753)	Prec@1 39.062 (36.397)	Prec@5 63.281 (65.288)
2025-05-26 18:44:38,247 - my_logger - INFO - Test: [60/79]	Time 0.077 (0.081)	Loss 2.9748 (2.6845)	Prec@1 31.250 (36.245)	Prec@5 60.938 (64.972)
2025-05-26 18:44:39,021 - my_logger - INFO - Test: [70/79]	Time 0.077 (0.081)	Loss 2.7190 (2.6813)	Prec@1 34.375 (36.268)	Prec@5 63.281 (64.888)
2025-05-26 18:44:39,631 - my_logger - INFO -  * Prec@1 36.260 Prec@5 64.790
2025-05-26 18:44:39,631 - my_logger - INFO - Learning rate set to 1.0000000000000003e-05
2025-05-26 18:44:42,152 - my_logger - INFO - Train Epoch: [14][0/391]	Time 2.520 (2.520)	Data 0.244 (0.244)	Loss 4.1687 (3.6804)	Prec@1 12.500 (17.500)	Prec@5 25.781 (37.031)
2025-05-26 18:46:43,258 - my_logger - INFO - Train Epoch: [14][50/391]	Time 2.418 (2.424)	Data 0.000 (0.005)	Loss 3.9208 (3.5227)	Prec@1 17.188 (19.678)	Prec@5 31.250 (43.212)
2025-05-26 18:48:44,390 - my_logger - INFO - Train Epoch: [14][100/391]	Time 2.423 (2.423)	Data 0.000 (0.003)	Loss 4.1578 (3.5351)	Prec@1 12.500 (19.587)	Prec@5 28.125 (42.639)
2025-05-26 18:50:45,517 - my_logger - INFO - Train Epoch: [14][150/391]	Time 2.420 (2.423)	Data 0.000 (0.002)	Loss 4.1381 (3.5439)	Prec@1 15.625 (19.495)	Prec@5 31.250 (42.258)
2025-05-26 18:52:46,615 - my_logger - INFO - Train Epoch: [14][200/391]	Time 2.421 (2.423)	Data 0.000 (0.002)	Loss 4.1391 (3.5477)	Prec@1 6.250 (19.548)	Prec@5 28.906 (42.272)
2025-05-26 18:54:47,729 - my_logger - INFO - Train Epoch: [14][250/391]	Time 2.416 (2.423)	Data 0.000 (0.001)	Loss 4.0600 (3.5457)	Prec@1 9.375 (19.561)	Prec@5 24.219 (42.254)
2025-05-26 18:56:48,820 - my_logger - INFO - Train Epoch: [14][300/391]	Time 2.423 (2.423)	Data 0.000 (0.001)	Loss 4.0727 (3.5506)	Prec@1 10.156 (19.507)	Prec@5 28.906 (42.171)
2025-05-26 18:58:49,877 - my_logger - INFO - Train Epoch: [14][350/391]	Time 2.412 (2.422)	Data 0.000 (0.001)	Loss 3.9237 (3.5556)	Prec@1 11.719 (19.329)	Prec@5 31.250 (41.995)
2025-05-26 19:00:26,347 - my_logger - INFO - Test: [0/79]	Time 0.292 (0.292)	Loss 2.5511 (2.5511)	Prec@1 40.625 (40.625)	Prec@5 70.312 (70.312)
2025-05-26 19:00:27,120 - my_logger - INFO - Test: [10/79]	Time 0.078 (0.097)	Loss 2.6674 (2.6962)	Prec@1 40.625 (36.648)	Prec@5 66.406 (64.205)
2025-05-26 19:00:27,893 - my_logger - INFO - Test: [20/79]	Time 0.077 (0.087)	Loss 2.7639 (2.6635)	Prec@1 36.719 (37.500)	Prec@5 64.062 (66.071)
2025-05-26 19:00:28,667 - my_logger - INFO - Test: [30/79]	Time 0.078 (0.084)	Loss 2.6322 (2.6663)	Prec@1 40.625 (36.845)	Prec@5 67.188 (65.877)
2025-05-26 19:00:29,440 - my_logger - INFO - Test: [40/79]	Time 0.078 (0.083)	Loss 2.4766 (2.6709)	Prec@1 38.281 (36.795)	Prec@5 72.656 (65.396)
2025-05-26 19:00:30,214 - my_logger - INFO - Test: [50/79]	Time 0.077 (0.082)	Loss 2.6466 (2.6664)	Prec@1 41.406 (36.749)	Prec@5 66.406 (65.794)
2025-05-26 19:00:30,987 - my_logger - INFO - Test: [60/79]	Time 0.078 (0.081)	Loss 2.9319 (2.6741)	Prec@1 29.688 (36.514)	Prec@5 60.156 (65.446)
2025-05-26 19:00:31,760 - my_logger - INFO - Test: [70/79]	Time 0.077 (0.080)	Loss 2.6911 (2.6713)	Prec@1 37.500 (36.642)	Prec@5 64.062 (65.306)
2025-05-26 19:00:32,360 - my_logger - INFO -  * Prec@1 36.590 Prec@5 65.200
2025-05-26 19:00:41,591 - my_logger - INFO - Saved best model with accuracy 36.59%
2025-05-26 19:00:41,591 - my_logger - INFO - Learning rate set to 1.0000000000000004e-06
2025-05-26 19:00:44,116 - my_logger - INFO - Train Epoch: [15][0/391]	Time 2.524 (2.524)	Data 0.245 (0.245)	Loss 3.8552 (3.4121)	Prec@1 12.500 (22.578)	Prec@5 35.156 (47.969)
2025-05-26 19:02:45,200 - my_logger - INFO - Train Epoch: [15][50/391]	Time 2.432 (2.424)	Data 0.000 (0.005)	Loss 3.8104 (3.5635)	Prec@1 19.531 (18.987)	Prec@5 35.938 (41.927)
2025-05-26 19:04:46,275 - my_logger - INFO - Train Epoch: [15][100/391]	Time 2.424 (2.423)	Data 0.000 (0.003)	Loss 3.9097 (3.5690)	Prec@1 13.281 (18.957)	Prec@5 35.156 (41.694)
2025-05-26 19:06:47,372 - my_logger - INFO - Train Epoch: [15][150/391]	Time 2.426 (2.422)	Data 0.000 (0.002)	Loss 4.1335 (3.5653)	Prec@1 13.281 (19.208)	Prec@5 33.594 (41.967)
2025-05-26 19:08:48,457 - my_logger - INFO - Train Epoch: [15][200/391]	Time 2.426 (2.422)	Data 0.000 (0.002)	Loss 3.9043 (3.5668)	Prec@1 12.500 (19.137)	Prec@5 32.031 (41.905)
2025-05-26 19:10:49,547 - my_logger - INFO - Train Epoch: [15][250/391]	Time 2.419 (2.422)	Data 0.000 (0.001)	Loss 3.7090 (3.5668)	Prec@1 14.844 (19.225)	Prec@5 39.844 (41.891)
2025-05-26 19:12:50,637 - my_logger - INFO - Train Epoch: [15][300/391]	Time 2.417 (2.422)	Data 0.000 (0.001)	Loss 4.1093 (3.5623)	Prec@1 10.156 (19.269)	Prec@5 32.812 (41.942)
2025-05-26 19:14:51,715 - my_logger - INFO - Train Epoch: [15][350/391]	Time 2.426 (2.422)	Data 0.000 (0.001)	Loss 3.8370 (3.5580)	Prec@1 14.844 (19.358)	Prec@5 31.250 (42.085)
2025-05-26 19:16:28,100 - my_logger - INFO - Test: [0/79]	Time 0.287 (0.287)	Loss 2.5684 (2.5684)	Prec@1 40.625 (40.625)	Prec@5 68.750 (68.750)
2025-05-26 19:16:29,031 - my_logger - INFO - Test: [10/79]	Time 0.077 (0.111)	Loss 2.6781 (2.7080)	Prec@1 39.062 (36.932)	Prec@5 71.094 (63.352)
2025-05-26 19:16:29,804 - my_logger - INFO - Test: [20/79]	Time 0.077 (0.095)	Loss 2.7601 (2.6704)	Prec@1 35.156 (37.500)	Prec@5 66.406 (65.365)
2025-05-26 19:16:30,576 - my_logger - INFO - Test: [30/79]	Time 0.077 (0.089)	Loss 2.6544 (2.6741)	Prec@1 37.500 (36.895)	Prec@5 68.750 (65.549)
2025-05-26 19:16:31,349 - my_logger - INFO - Test: [40/79]	Time 0.077 (0.086)	Loss 2.5075 (2.6801)	Prec@1 36.719 (36.643)	Prec@5 74.219 (65.053)
2025-05-26 19:16:32,121 - my_logger - INFO - Test: [50/79]	Time 0.077 (0.084)	Loss 2.6695 (2.6761)	Prec@1 36.719 (36.520)	Prec@5 65.625 (65.365)
2025-05-26 19:16:32,894 - my_logger - INFO - Test: [60/79]	Time 0.078 (0.083)	Loss 2.9791 (2.6854)	Prec@1 29.688 (36.155)	Prec@5 62.500 (64.997)
2025-05-26 19:16:33,667 - my_logger - INFO - Test: [70/79]	Time 0.077 (0.082)	Loss 2.7168 (2.6819)	Prec@1 35.156 (36.246)	Prec@5 65.625 (65.020)
2025-05-26 19:16:34,293 - my_logger - INFO -  * Prec@1 36.280 Prec@5 64.930
2025-05-26 19:16:34,293 - my_logger - INFO - Learning rate set to 1.0000000000000004e-06
2025-05-26 19:16:36,819 - my_logger - INFO - Train Epoch: [16][0/391]	Time 2.525 (2.525)	Data 0.250 (0.250)	Loss 4.0964 (3.6569)	Prec@1 12.500 (18.438)	Prec@5 32.812 (41.406)
2025-05-26 19:18:37,916 - my_logger - INFO - Train Epoch: [16][50/391]	Time 2.422 (2.424)	Data 0.000 (0.005)	Loss 3.8557 (3.5584)	Prec@1 9.375 (18.922)	Prec@5 35.938 (42.235)
2025-05-26 19:20:38,978 - my_logger - INFO - Train Epoch: [16][100/391]	Time 2.429 (2.423)	Data 0.000 (0.003)	Loss 4.0497 (3.5702)	Prec@1 18.750 (18.957)	Prec@5 32.031 (41.944)
2025-05-26 19:22:40,074 - my_logger - INFO - Train Epoch: [16][150/391]	Time 2.427 (2.422)	Data 0.000 (0.002)	Loss 4.1756 (3.5489)	Prec@1 11.719 (19.441)	Prec@5 25.000 (42.540)
2025-05-26 19:24:41,161 - my_logger - INFO - Train Epoch: [16][200/391]	Time 2.427 (2.422)	Data 0.000 (0.002)	Loss 4.2668 (3.5487)	Prec@1 7.812 (19.391)	Prec@5 21.094 (42.438)
2025-05-26 19:26:42,259 - my_logger - INFO - Train Epoch: [16][250/391]	Time 2.421 (2.422)	Data 0.000 (0.001)	Loss 3.9509 (3.5528)	Prec@1 10.938 (19.273)	Prec@5 32.031 (42.317)
2025-05-26 19:28:43,334 - my_logger - INFO - Train Epoch: [16][300/391]	Time 2.429 (2.422)	Data 0.000 (0.001)	Loss 3.9245 (3.5519)	Prec@1 12.500 (19.270)	Prec@5 41.406 (42.333)
2025-05-26 19:30:44,392 - my_logger - INFO - Train Epoch: [16][350/391]	Time 2.425 (2.422)	Data 0.000 (0.001)	Loss 3.9628 (3.5484)	Prec@1 14.062 (19.317)	Prec@5 31.250 (42.358)
2025-05-26 19:32:20,748 - my_logger - INFO - Test: [0/79]	Time 0.290 (0.290)	Loss 2.5861 (2.5861)	Prec@1 35.938 (35.938)	Prec@5 67.188 (67.188)
2025-05-26 19:32:21,577 - my_logger - INFO - Test: [10/79]	Time 0.077 (0.102)	Loss 2.6775 (2.7132)	Prec@1 40.625 (35.085)	Prec@5 70.312 (63.139)
2025-05-26 19:32:22,351 - my_logger - INFO - Test: [20/79]	Time 0.077 (0.090)	Loss 2.7740 (2.6755)	Prec@1 35.938 (36.161)	Prec@5 63.281 (64.658)
2025-05-26 19:32:23,124 - my_logger - INFO - Test: [30/79]	Time 0.077 (0.086)	Loss 2.6707 (2.6807)	Prec@1 36.719 (35.534)	Prec@5 65.625 (64.466)
2025-05-26 19:32:23,894 - my_logger - INFO - Test: [40/79]	Time 0.077 (0.084)	Loss 2.5016 (2.6857)	Prec@1 36.719 (35.614)	Prec@5 71.875 (64.234)
2025-05-26 19:32:24,666 - my_logger - INFO - Test: [50/79]	Time 0.077 (0.083)	Loss 2.6718 (2.6812)	Prec@1 37.500 (35.509)	Prec@5 64.844 (64.737)
2025-05-26 19:32:25,439 - my_logger - INFO - Test: [60/79]	Time 0.077 (0.082)	Loss 2.9989 (2.6913)	Prec@1 32.031 (35.310)	Prec@5 57.812 (64.383)
2025-05-26 19:32:26,211 - my_logger - INFO - Test: [70/79]	Time 0.077 (0.081)	Loss 2.7137 (2.6875)	Prec@1 32.812 (35.365)	Prec@5 64.844 (64.327)
2025-05-26 19:32:26,849 - my_logger - INFO -  * Prec@1 35.470 Prec@5 64.200
2025-05-26 19:32:26,849 - my_logger - INFO - Learning rate set to 1.0000000000000004e-06
2025-05-26 19:32:29,372 - my_logger - INFO - Train Epoch: [17][0/391]	Time 2.523 (2.523)	Data 0.248 (0.248)	Loss 3.9774 (3.5363)	Prec@1 11.719 (17.578)	Prec@5 31.250 (42.344)
2025-05-26 19:34:30,452 - my_logger - INFO - Train Epoch: [17][50/391]	Time 2.413 (2.424)	Data 0.000 (0.005)	Loss 4.1406 (3.5476)	Prec@1 10.156 (19.184)	Prec@5 32.812 (42.698)
2025-05-26 19:36:31,494 - my_logger - INFO - Train Epoch: [17][100/391]	Time 2.407 (2.422)	Data 0.000 (0.003)	Loss 3.9982 (3.5660)	Prec@1 10.156 (18.916)	Prec@5 26.562 (41.983)
2025-05-26 19:38:32,538 - my_logger - INFO - Train Epoch: [17][150/391]	Time 2.421 (2.422)	Data 0.000 (0.002)	Loss 3.8580 (3.5571)	Prec@1 17.188 (19.284)	Prec@5 30.469 (42.052)
2025-05-26 19:40:33,630 - my_logger - INFO - Train Epoch: [17][200/391]	Time 2.410 (2.422)	Data 0.000 (0.002)	Loss 3.9086 (3.5567)	Prec@1 12.500 (19.204)	Prec@5 34.375 (42.031)
2025-05-26 19:42:34,661 - my_logger - INFO - Train Epoch: [17][250/391]	Time 2.408 (2.422)	Data 0.000 (0.001)	Loss 4.3096 (3.5556)	Prec@1 7.812 (19.155)	Prec@5 20.312 (41.979)
2025-05-26 19:44:35,709 - my_logger - INFO - Train Epoch: [17][300/391]	Time 2.422 (2.421)	Data 0.000 (0.001)	Loss 4.1509 (3.5584)	Prec@1 14.062 (19.069)	Prec@5 31.250 (41.908)
2025-05-26 19:46:36,763 - my_logger - INFO - Train Epoch: [17][350/391]	Time 2.425 (2.421)	Data 0.000 (0.001)	Loss 4.0003 (3.5596)	Prec@1 10.938 (19.038)	Prec@5 31.250 (41.941)
2025-05-26 19:48:13,109 - my_logger - INFO - Test: [0/79]	Time 0.307 (0.307)	Loss 2.5576 (2.5576)	Prec@1 42.188 (42.188)	Prec@5 69.531 (69.531)
2025-05-26 19:48:14,089 - my_logger - INFO - Test: [10/79]	Time 0.077 (0.117)	Loss 2.6909 (2.7109)	Prec@1 39.062 (35.795)	Prec@5 71.094 (63.352)
2025-05-26 19:48:14,861 - my_logger - INFO - Test: [20/79]	Time 0.077 (0.098)	Loss 2.7835 (2.6746)	Prec@1 35.938 (36.719)	Prec@5 61.719 (65.067)
2025-05-26 19:48:15,633 - my_logger - INFO - Test: [30/79]	Time 0.077 (0.091)	Loss 2.6635 (2.6772)	Prec@1 39.062 (36.391)	Prec@5 67.188 (65.146)
2025-05-26 19:48:16,406 - my_logger - INFO - Test: [40/79]	Time 0.077 (0.088)	Loss 2.5183 (2.6835)	Prec@1 39.062 (36.376)	Prec@5 71.875 (64.825)
2025-05-26 19:48:17,177 - my_logger - INFO - Test: [50/79]	Time 0.077 (0.086)	Loss 2.6792 (2.6804)	Prec@1 38.281 (36.397)	Prec@5 66.406 (65.119)
2025-05-26 19:48:17,948 - my_logger - INFO - Test: [60/79]	Time 0.077 (0.084)	Loss 2.9892 (2.6896)	Prec@1 28.906 (36.091)	Prec@5 60.156 (64.716)
2025-05-26 19:48:18,721 - my_logger - INFO - Test: [70/79]	Time 0.077 (0.083)	Loss 2.7260 (2.6867)	Prec@1 34.375 (36.103)	Prec@5 63.281 (64.657)
2025-05-26 19:48:19,327 - my_logger - INFO -  * Prec@1 36.070 Prec@5 64.590
2025-05-26 19:48:19,327 - my_logger - INFO - Learning rate set to 1.0000000000000005e-07
2025-05-26 19:48:21,841 - my_logger - INFO - Train Epoch: [18][0/391]	Time 2.513 (2.513)	Data 0.244 (0.244)	Loss 4.0547 (3.5655)	Prec@1 11.719 (21.953)	Prec@5 34.375 (44.375)
2025-05-26 19:50:22,835 - my_logger - INFO - Train Epoch: [18][50/391]	Time 2.433 (2.422)	Data 0.000 (0.005)	Loss 4.0022 (3.5186)	Prec@1 12.500 (19.597)	Prec@5 31.250 (43.352)
2025-05-26 19:52:23,891 - my_logger - INFO - Train Epoch: [18][100/391]	Time 2.419 (2.421)	Data 0.000 (0.003)	Loss 4.3092 (3.5273)	Prec@1 8.594 (19.603)	Prec@5 25.000 (43.028)
2025-05-26 19:54:24,930 - my_logger - INFO - Train Epoch: [18][150/391]	Time 2.421 (2.421)	Data 0.000 (0.002)	Loss 4.0108 (3.5367)	Prec@1 14.844 (19.374)	Prec@5 30.469 (42.736)
2025-05-26 19:56:25,995 - my_logger - INFO - Train Epoch: [18][200/391]	Time 2.417 (2.421)	Data 0.000 (0.001)	Loss 4.0683 (3.5381)	Prec@1 11.719 (19.189)	Prec@5 30.469 (42.624)
2025-05-26 19:58:27,067 - my_logger - INFO - Train Epoch: [18][250/391]	Time 2.409 (2.421)	Data 0.000 (0.001)	Loss 3.9180 (3.5428)	Prec@1 11.719 (19.119)	Prec@5 30.469 (42.368)
2025-05-26 20:00:28,123 - my_logger - INFO - Train Epoch: [18][300/391]	Time 2.423 (2.421)	Data 0.000 (0.001)	Loss 3.7637 (3.5480)	Prec@1 16.406 (19.027)	Prec@5 35.938 (42.264)
2025-05-26 20:02:29,139 - my_logger - INFO - Train Epoch: [18][350/391]	Time 2.419 (2.421)	Data 0.000 (0.001)	Loss 3.8841 (3.5504)	Prec@1 15.625 (19.002)	Prec@5 34.375 (42.167)
2025-05-26 20:04:05,994 - my_logger - INFO - Test: [0/79]	Time 0.763 (0.763)	Loss 2.5694 (2.5694)	Prec@1 39.062 (39.062)	Prec@5 69.531 (69.531)
2025-05-26 20:04:06,766 - my_logger - INFO - Test: [10/79]	Time 0.077 (0.139)	Loss 2.6601 (2.7085)	Prec@1 40.625 (36.506)	Prec@5 68.750 (63.352)
2025-05-26 20:04:07,539 - my_logger - INFO - Test: [20/79]	Time 0.077 (0.110)	Loss 2.7788 (2.6725)	Prec@1 35.156 (37.165)	Prec@5 64.844 (65.327)
2025-05-26 20:04:08,311 - my_logger - INFO - Test: [30/79]	Time 0.077 (0.099)	Loss 2.6419 (2.6756)	Prec@1 36.719 (36.668)	Prec@5 67.188 (65.171)
2025-05-26 20:04:09,084 - my_logger - INFO - Test: [40/79]	Time 0.077 (0.094)	Loss 2.4987 (2.6800)	Prec@1 38.281 (36.681)	Prec@5 73.438 (64.710)
2025-05-26 20:04:09,857 - my_logger - INFO - Test: [50/79]	Time 0.077 (0.091)	Loss 2.6610 (2.6755)	Prec@1 39.062 (36.688)	Prec@5 64.062 (64.951)
2025-05-26 20:04:10,629 - my_logger - INFO - Test: [60/79]	Time 0.077 (0.088)	Loss 2.9763 (2.6849)	Prec@1 32.031 (36.463)	Prec@5 58.594 (64.639)
2025-05-26 20:04:11,402 - my_logger - INFO - Test: [70/79]	Time 0.077 (0.087)	Loss 2.7055 (2.6816)	Prec@1 33.594 (36.510)	Prec@5 64.844 (64.635)
2025-05-26 20:04:12,020 - my_logger - INFO -  * Prec@1 36.490 Prec@5 64.500
2025-05-26 20:04:12,020 - my_logger - INFO - Learning rate set to 1.0000000000000005e-07
2025-05-26 20:04:14,548 - my_logger - INFO - Train Epoch: [19][0/391]	Time 2.528 (2.528)	Data 0.253 (0.253)	Loss 4.0074 (3.5679)	Prec@1 12.500 (18.984)	Prec@5 31.250 (42.188)
2025-05-26 20:06:15,612 - my_logger - INFO - Train Epoch: [19][50/391]	Time 2.417 (2.423)	Data 0.000 (0.006)	Loss 3.6963 (3.5360)	Prec@1 16.406 (19.792)	Prec@5 41.406 (42.439)
2025-05-26 20:08:16,708 - my_logger - INFO - Train Epoch: [19][100/391]	Time 2.417 (2.423)	Data 0.000 (0.003)	Loss 4.1713 (3.5478)	Prec@1 15.625 (19.455)	Prec@5 32.031 (42.230)
2025-05-26 20:10:17,802 - my_logger - INFO - Train Epoch: [19][150/391]	Time 2.413 (2.422)	Data 0.000 (0.002)	Loss 3.8983 (3.5453)	Prec@1 13.281 (19.424)	Prec@5 29.688 (42.365)
2025-05-26 20:12:18,887 - my_logger - INFO - Train Epoch: [19][200/391]	Time 2.417 (2.422)	Data 0.000 (0.002)	Loss 4.1179 (3.5517)	Prec@1 8.594 (19.263)	Prec@5 26.562 (42.334)
2025-05-26 20:14:19,966 - my_logger - INFO - Train Epoch: [19][250/391]	Time 2.421 (2.422)	Data 0.000 (0.001)	Loss 3.7390 (3.5527)	Prec@1 14.062 (19.216)	Prec@5 38.281 (42.289)
2025-05-26 20:16:21,036 - my_logger - INFO - Train Epoch: [19][300/391]	Time 2.422 (2.422)	Data 0.000 (0.001)	Loss 3.8691 (3.5583)	Prec@1 14.062 (19.082)	Prec@5 38.281 (42.112)
2025-05-26 20:18:22,111 - my_logger - INFO - Train Epoch: [19][350/391]	Time 2.415 (2.422)	Data 0.000 (0.001)	Loss 3.9682 (3.5589)	Prec@1 12.500 (19.148)	Prec@5 30.469 (42.132)
2025-05-26 20:19:58,573 - my_logger - INFO - Test: [0/79]	Time 0.294 (0.294)	Loss 2.5848 (2.5848)	Prec@1 40.625 (40.625)	Prec@5 67.969 (67.969)
2025-05-26 20:19:59,345 - my_logger - INFO - Test: [10/79]	Time 0.077 (0.097)	Loss 2.7028 (2.7299)	Prec@1 39.062 (35.724)	Prec@5 70.312 (63.068)
2025-05-26 20:20:00,119 - my_logger - INFO - Test: [20/79]	Time 0.078 (0.088)	Loss 2.8040 (2.6952)	Prec@1 35.156 (36.310)	Prec@5 62.500 (65.141)
2025-05-26 20:20:00,893 - my_logger - INFO - Test: [30/79]	Time 0.077 (0.084)	Loss 2.6975 (2.6998)	Prec@1 38.281 (36.139)	Prec@5 64.844 (64.768)
2025-05-26 20:20:01,666 - my_logger - INFO - Test: [40/79]	Time 0.077 (0.083)	Loss 2.5468 (2.7051)	Prec@1 36.719 (36.033)	Prec@5 71.094 (64.463)
2025-05-26 20:20:02,440 - my_logger - INFO - Test: [50/79]	Time 0.077 (0.082)	Loss 2.7172 (2.7027)	Prec@1 35.156 (35.876)	Prec@5 64.062 (64.782)
2025-05-26 20:20:03,212 - my_logger - INFO - Test: [60/79]	Time 0.077 (0.081)	Loss 3.0198 (2.7127)	Prec@1 26.562 (35.464)	Prec@5 59.375 (64.485)
2025-05-26 20:20:03,984 - my_logger - INFO - Test: [70/79]	Time 0.077 (0.080)	Loss 2.7362 (2.7092)	Prec@1 33.594 (35.519)	Prec@5 64.844 (64.459)
2025-05-26 20:20:04,596 - my_logger - INFO -  * Prec@1 35.550 Prec@5 64.410
2025-05-26 20:20:09,128 - my_logger - INFO - Training completed!
2025-05-26 20:20:09,128 - my_logger - INFO - Best top-1 accuracy: 36.59%
