2025-06-02 09:00:56,998 - my_logger - INFO - Using CIFAR-10 with 10 classes
2025-06-02 09:00:57,480 - my_logger - INFO - Learning rate set to 0.1
Training for 25 epochs with 8 repeats
2025-06-02 09:00:59,216 - my_logger - INFO - Train Epoch: [0][0/391]	Time 1.735 (1.735)	Data 0.185 (0.185)	Loss 1.8715 (1.8710)	Prec@1 38.281 (35.547)	Prec@5 88.281 (83.496)
2025-06-02 09:01:52,702 - my_logger - INFO - Train Epoch: [0][50/391]	Time 1.068 (1.083)	Data 0.000 (0.004)	Loss 2.2123 (2.1662)	Prec@1 11.719 (20.546)	Prec@5 73.438 (71.720)
2025-06-02 09:02:46,242 - my_logger - INFO - Train Epoch: [0][100/391]	Time 1.074 (1.077)	Data 0.000 (0.002)	Loss 2.1687 (2.1347)	Prec@1 21.875 (21.087)	Prec@5 67.188 (72.764)
2025-06-02 09:03:39,743 - my_logger - INFO - Train Epoch: [0][150/391]	Time 1.063 (1.075)	Data 0.000 (0.002)	Loss 2.1512 (2.1097)	Prec@1 23.438 (21.612)	Prec@5 71.094 (73.853)
2025-06-02 09:04:33,153 - my_logger - INFO - Train Epoch: [0][200/391]	Time 1.077 (1.073)	Data 0.000 (0.001)	Loss 2.0550 (2.0880)	Prec@1 18.750 (22.519)	Prec@5 74.219 (74.636)
2025-06-02 09:05:26,584 - my_logger - INFO - Train Epoch: [0][250/391]	Time 1.067 (1.072)	Data 0.000 (0.001)	Loss 2.2003 (2.0730)	Prec@1 20.312 (23.211)	Prec@5 72.656 (75.254)
2025-06-02 09:06:20,044 - my_logger - INFO - Train Epoch: [0][300/391]	Time 1.067 (1.072)	Data 0.000 (0.001)	Loss 2.2244 (2.0624)	Prec@1 12.500 (23.534)	Prec@5 68.750 (75.658)
2025-06-02 09:07:13,504 - my_logger - INFO - Train Epoch: [0][350/391]	Time 1.064 (1.071)	Data 0.000 (0.001)	Loss 2.1456 (2.0508)	Prec@1 19.531 (24.085)	Prec@5 75.781 (76.148)
2025-06-02 09:07:56,105 - my_logger - INFO - Test: [0/79]	Time 0.185 (0.185)	Loss 1.6052 (1.6052)	Prec@1 42.969 (42.969)	Prec@5 91.406 (91.406)
2025-06-02 09:07:56,464 - my_logger - INFO - Test: [10/79]	Time 0.036 (0.049)	Loss 1.6930 (1.6896)	Prec@1 35.156 (38.565)	Prec@5 89.844 (88.991)
2025-06-02 09:07:56,821 - my_logger - INFO - Test: [20/79]	Time 0.036 (0.043)	Loss 1.7117 (1.6959)	Prec@1 43.750 (38.504)	Prec@5 85.938 (87.388)
2025-06-02 09:07:57,178 - my_logger - INFO - Test: [30/79]	Time 0.036 (0.041)	Loss 1.6650 (1.6953)	Prec@1 34.375 (38.054)	Prec@5 88.281 (87.147)
2025-06-02 09:07:57,535 - my_logger - INFO - Test: [40/79]	Time 0.036 (0.039)	Loss 1.7345 (1.6923)	Prec@1 37.500 (37.881)	Prec@5 85.156 (87.424)
2025-06-02 09:07:57,891 - my_logger - INFO - Test: [50/79]	Time 0.036 (0.039)	Loss 1.6617 (1.6976)	Prec@1 39.062 (37.822)	Prec@5 89.062 (87.117)
2025-06-02 09:07:58,248 - my_logger - INFO - Test: [60/79]	Time 0.036 (0.038)	Loss 1.5830 (1.6949)	Prec@1 42.969 (37.987)	Prec@5 91.406 (87.193)
2025-06-02 09:07:58,605 - my_logger - INFO - Test: [70/79]	Time 0.036 (0.038)	Loss 1.6416 (1.6972)	Prec@1 37.500 (37.962)	Prec@5 89.062 (87.071)
2025-06-02 09:07:58,922 - my_logger - INFO -  * Prec@1 38.020 Prec@5 87.220
2025-06-02 09:08:07,643 - my_logger - INFO - Saved best model with accuracy 38.02%
2025-06-02 09:08:07,644 - my_logger - INFO - Learning rate set to 0.1
2025-06-02 09:08:08,853 - my_logger - INFO - Train Epoch: [1][0/391]	Time 1.207 (1.207)	Data 0.202 (0.202)	Loss 2.0774 (1.9480)	Prec@1 25.781 (30.078)	Prec@5 78.125 (82.227)
2025-06-02 09:09:02,301 - my_logger - INFO - Train Epoch: [1][50/391]	Time 1.065 (1.072)	Data 0.000 (0.004)	Loss 2.0726 (1.9865)	Prec@1 25.781 (26.616)	Prec@5 71.094 (78.740)
2025-06-02 09:09:55,735 - my_logger - INFO - Train Epoch: [1][100/391]	Time 1.070 (1.070)	Data 0.000 (0.002)	Loss 2.1057 (1.9690)	Prec@1 18.750 (27.028)	Prec@5 78.906 (79.585)
2025-06-02 09:10:49,192 - my_logger - INFO - Train Epoch: [1][150/391]	Time 1.071 (1.070)	Data 0.000 (0.002)	Loss 2.1098 (1.9639)	Prec@1 19.531 (27.320)	Prec@5 76.562 (79.776)
2025-06-02 09:11:42,653 - my_logger - INFO - Train Epoch: [1][200/391]	Time 1.071 (1.070)	Data 0.000 (0.001)	Loss 2.0345 (1.9563)	Prec@1 25.781 (27.508)	Prec@5 82.031 (80.007)
2025-06-02 09:12:36,075 - my_logger - INFO - Train Epoch: [1][250/391]	Time 1.070 (1.069)	Data 0.000 (0.001)	Loss 2.1032 (1.9526)	Prec@1 22.656 (27.743)	Prec@5 74.219 (80.254)
2025-06-02 09:13:29,507 - my_logger - INFO - Train Epoch: [1][300/391]	Time 1.064 (1.069)	Data 0.000 (0.001)	Loss 2.0134 (1.9476)	Prec@1 23.438 (28.041)	Prec@5 79.688 (80.403)
2025-06-02 09:14:22,994 - my_logger - INFO - Train Epoch: [1][350/391]	Time 1.068 (1.069)	Data 0.000 (0.001)	Loss 2.0139 (1.9442)	Prec@1 26.562 (28.271)	Prec@5 76.562 (80.502)
2025-06-02 09:15:05,631 - my_logger - INFO - Test: [0/79]	Time 0.203 (0.203)	Loss 1.6833 (1.6833)	Prec@1 42.188 (42.188)	Prec@5 84.375 (84.375)
2025-06-02 09:15:05,988 - my_logger - INFO - Test: [10/79]	Time 0.036 (0.051)	Loss 1.8432 (1.7032)	Prec@1 33.594 (37.145)	Prec@5 84.375 (87.997)
2025-06-02 09:15:06,345 - my_logger - INFO - Test: [20/79]	Time 0.036 (0.044)	Loss 1.6826 (1.7022)	Prec@1 41.406 (38.467)	Prec@5 87.500 (88.281)
2025-06-02 09:15:06,702 - my_logger - INFO - Test: [30/79]	Time 0.036 (0.041)	Loss 1.6949 (1.7046)	Prec@1 34.375 (37.853)	Prec@5 91.406 (88.332)
2025-06-02 09:15:07,059 - my_logger - INFO - Test: [40/79]	Time 0.036 (0.040)	Loss 1.7703 (1.7073)	Prec@1 37.500 (37.633)	Prec@5 86.719 (88.319)
2025-06-02 09:15:07,415 - my_logger - INFO - Test: [50/79]	Time 0.036 (0.039)	Loss 1.6165 (1.7131)	Prec@1 39.844 (37.086)	Prec@5 88.281 (88.128)
2025-06-02 09:15:07,772 - my_logger - INFO - Test: [60/79]	Time 0.036 (0.038)	Loss 1.6618 (1.7107)	Prec@1 41.406 (37.295)	Prec@5 89.062 (88.038)
2025-06-02 09:15:08,129 - my_logger - INFO - Test: [70/79]	Time 0.036 (0.038)	Loss 1.6088 (1.7109)	Prec@1 46.094 (37.412)	Prec@5 92.969 (88.017)
2025-06-02 09:15:08,426 - my_logger - INFO -  * Prec@1 37.520 Prec@5 87.950
2025-06-02 09:15:08,427 - my_logger - INFO - Learning rate set to 0.1
2025-06-02 09:15:09,600 - my_logger - INFO - Train Epoch: [2][0/391]	Time 1.173 (1.173)	Data 0.186 (0.186)	Loss 1.9408 (1.8113)	Prec@1 32.031 (35.840)	Prec@5 79.688 (82.422)
2025-06-02 09:16:02,999 - my_logger - INFO - Train Epoch: [2][50/391]	Time 1.063 (1.070)	Data 0.000 (0.004)	Loss 1.9324 (1.9196)	Prec@1 30.469 (29.521)	Prec@5 79.688 (80.959)
2025-06-02 09:16:56,361 - my_logger - INFO - Train Epoch: [2][100/391]	Time 1.062 (1.069)	Data 0.001 (0.002)	Loss 1.9519 (1.9107)	Prec@1 28.125 (29.837)	Prec@5 78.906 (81.500)
2025-06-02 09:17:49,753 - my_logger - INFO - Train Epoch: [2][150/391]	Time 1.068 (1.068)	Data 0.000 (0.002)	Loss 2.1156 (1.9118)	Prec@1 21.094 (29.774)	Prec@5 75.781 (81.400)
2025-06-02 09:18:43,139 - my_logger - INFO - Train Epoch: [2][200/391]	Time 1.069 (1.068)	Data 0.000 (0.001)	Loss 2.0815 (1.9066)	Prec@1 24.219 (29.890)	Prec@5 82.812 (81.686)
2025-06-02 09:19:36,492 - my_logger - INFO - Train Epoch: [2][250/391]	Time 1.069 (1.068)	Data 0.000 (0.001)	Loss 2.0875 (1.9032)	Prec@1 20.312 (30.096)	Prec@5 76.562 (81.771)
2025-06-02 09:20:29,854 - my_logger - INFO - Train Epoch: [2][300/391]	Time 1.065 (1.068)	Data 0.000 (0.001)	Loss 2.1584 (1.9030)	Prec@1 24.219 (30.039)	Prec@5 70.312 (81.767)
2025-06-02 09:21:23,238 - my_logger - INFO - Train Epoch: [2][350/391]	Time 1.068 (1.068)	Data 0.000 (0.001)	Loss 2.0482 (1.9024)	Prec@1 21.875 (30.127)	Prec@5 75.000 (81.735)
2025-06-02 09:22:05,841 - my_logger - INFO - Test: [0/79]	Time 0.180 (0.180)	Loss 1.5847 (1.5847)	Prec@1 42.969 (42.969)	Prec@5 93.750 (93.750)
2025-06-02 09:22:06,198 - my_logger - INFO - Test: [10/79]	Time 0.036 (0.049)	Loss 1.4442 (1.5271)	Prec@1 47.656 (47.159)	Prec@5 89.062 (91.903)
2025-06-02 09:22:06,554 - my_logger - INFO - Test: [20/79]	Time 0.036 (0.043)	Loss 1.5830 (1.5326)	Prec@1 42.188 (46.652)	Prec@5 92.188 (91.592)
2025-06-02 09:22:06,911 - my_logger - INFO - Test: [30/79]	Time 0.036 (0.040)	Loss 1.4089 (1.5225)	Prec@1 46.875 (46.749)	Prec@5 96.094 (91.457)
2025-06-02 09:22:07,267 - my_logger - INFO - Test: [40/79]	Time 0.036 (0.039)	Loss 1.5669 (1.5142)	Prec@1 40.625 (46.951)	Prec@5 89.844 (91.730)
2025-06-02 09:22:07,623 - my_logger - INFO - Test: [50/79]	Time 0.036 (0.038)	Loss 1.6050 (1.5231)	Prec@1 38.281 (46.415)	Prec@5 92.188 (91.667)
2025-06-02 09:22:07,979 - my_logger - INFO - Test: [60/79]	Time 0.036 (0.038)	Loss 1.4592 (1.5239)	Prec@1 50.781 (46.670)	Prec@5 91.406 (91.739)
2025-06-02 09:22:08,335 - my_logger - INFO - Test: [70/79]	Time 0.036 (0.038)	Loss 1.4660 (1.5316)	Prec@1 46.875 (46.226)	Prec@5 92.969 (91.604)
2025-06-02 09:22:08,636 - my_logger - INFO -  * Prec@1 46.190 Prec@5 91.660
2025-06-02 09:22:17,431 - my_logger - INFO - Saved best model with accuracy 46.19%
2025-06-02 09:22:17,432 - my_logger - INFO - Learning rate set to 0.1
2025-06-02 09:22:18,637 - my_logger - INFO - Train Epoch: [3][0/391]	Time 1.203 (1.203)	Data 0.205 (0.205)	Loss 1.9545 (1.7998)	Prec@1 25.781 (30.762)	Prec@5 82.031 (87.109)
2025-06-02 09:23:12,054 - my_logger - INFO - Train Epoch: [3][50/391]	Time 1.067 (1.071)	Data 0.000 (0.004)	Loss 2.1075 (1.8707)	Prec@1 17.188 (30.771)	Prec@5 76.562 (82.608)
2025-06-02 09:24:05,518 - my_logger - INFO - Train Epoch: [3][100/391]	Time 1.066 (1.070)	Data 0.000 (0.002)	Loss 2.0089 (1.8659)	Prec@1 24.219 (31.341)	Prec@5 78.906 (82.778)
2025-06-02 09:24:58,971 - my_logger - INFO - Train Epoch: [3][150/391]	Time 1.068 (1.070)	Data 0.000 (0.002)	Loss 2.1082 (1.8736)	Prec@1 19.531 (31.084)	Prec@5 77.344 (82.593)
2025-06-02 09:25:52,391 - my_logger - INFO - Train Epoch: [3][200/391]	Time 1.068 (1.069)	Data 0.000 (0.001)	Loss 1.9393 (1.8767)	Prec@1 25.000 (30.969)	Prec@5 83.594 (82.535)
2025-06-02 09:26:45,844 - my_logger - INFO - Train Epoch: [3][250/391]	Time 1.070 (1.069)	Data 0.000 (0.001)	Loss 1.8636 (1.8716)	Prec@1 25.781 (31.101)	Prec@5 84.375 (82.877)
2025-06-02 09:27:39,276 - my_logger - INFO - Train Epoch: [3][300/391]	Time 1.070 (1.069)	Data 0.000 (0.001)	Loss 1.9901 (1.8696)	Prec@1 22.656 (31.104)	Prec@5 76.562 (82.856)
2025-06-02 09:28:32,726 - my_logger - INFO - Train Epoch: [3][350/391]	Time 1.070 (1.069)	Data 0.000 (0.001)	Loss 1.8122 (1.8679)	Prec@1 34.375 (31.252)	Prec@5 82.812 (82.814)
2025-06-02 09:29:15,323 - my_logger - INFO - Test: [0/79]	Time 0.184 (0.184)	Loss 1.4828 (1.4828)	Prec@1 46.094 (46.094)	Prec@5 94.531 (94.531)
2025-06-02 09:29:15,680 - my_logger - INFO - Test: [10/79]	Time 0.036 (0.049)	Loss 1.5331 (1.4854)	Prec@1 40.625 (47.514)	Prec@5 89.844 (92.188)
2025-06-02 09:29:16,036 - my_logger - INFO - Test: [20/79]	Time 0.036 (0.043)	Loss 1.4710 (1.4978)	Prec@1 49.219 (46.205)	Prec@5 92.969 (92.150)
2025-06-02 09:29:16,394 - my_logger - INFO - Test: [30/79]	Time 0.036 (0.040)	Loss 1.4473 (1.4935)	Prec@1 44.531 (46.270)	Prec@5 94.531 (92.137)
2025-06-02 09:29:16,750 - my_logger - INFO - Test: [40/79]	Time 0.036 (0.039)	Loss 1.4629 (1.4891)	Prec@1 45.312 (46.246)	Prec@5 92.188 (92.397)
2025-06-02 09:29:17,106 - my_logger - INFO - Test: [50/79]	Time 0.036 (0.039)	Loss 1.4704 (1.4964)	Prec@1 42.188 (45.726)	Prec@5 92.188 (92.310)
2025-06-02 09:29:17,463 - my_logger - INFO - Test: [60/79]	Time 0.036 (0.038)	Loss 1.4690 (1.4966)	Prec@1 42.188 (45.799)	Prec@5 94.531 (92.418)
2025-06-02 09:29:17,819 - my_logger - INFO - Test: [70/79]	Time 0.036 (0.038)	Loss 1.5570 (1.5039)	Prec@1 42.188 (45.599)	Prec@5 96.875 (92.199)
2025-06-02 09:29:18,120 - my_logger - INFO -  * Prec@1 45.620 Prec@5 92.250
2025-06-02 09:29:18,121 - my_logger - INFO - Learning rate set to 0.010000000000000002
2025-06-02 09:29:19,282 - my_logger - INFO - Train Epoch: [4][0/391]	Time 1.160 (1.160)	Data 0.175 (0.175)	Loss 2.1083 (1.8530)	Prec@1 32.812 (39.160)	Prec@5 73.438 (82.129)
2025-06-02 09:30:12,728 - my_logger - INFO - Train Epoch: [4][50/391]	Time 1.068 (1.071)	Data 0.000 (0.004)	Loss 1.9993 (1.8074)	Prec@1 28.125 (34.766)	Prec@5 78.125 (84.084)
2025-06-02 09:31:06,157 - my_logger - INFO - Train Epoch: [4][100/391]	Time 1.070 (1.070)	Data 0.000 (0.002)	Loss 1.9758 (1.7814)	Prec@1 35.938 (35.365)	Prec@5 83.594 (84.846)
2025-06-02 09:31:59,593 - my_logger - INFO - Train Epoch: [4][150/391]	Time 1.070 (1.069)	Data 0.000 (0.001)	Loss 2.0478 (1.7776)	Prec@1 25.000 (35.458)	Prec@5 85.938 (84.944)
2025-06-02 09:32:52,995 - my_logger - INFO - Train Epoch: [4][200/391]	Time 1.068 (1.069)	Data 0.000 (0.001)	Loss 1.7916 (1.7693)	Prec@1 36.719 (35.666)	Prec@5 84.375 (85.178)
2025-06-02 09:33:46,359 - my_logger - INFO - Train Epoch: [4][250/391]	Time 1.065 (1.069)	Data 0.000 (0.001)	Loss 2.0357 (1.7631)	Prec@1 21.875 (36.030)	Prec@5 77.344 (85.206)
2025-06-02 09:34:39,789 - my_logger - INFO - Train Epoch: [4][300/391]	Time 1.072 (1.069)	Data 0.000 (0.001)	Loss 1.9132 (1.7558)	Prec@1 30.469 (36.303)	Prec@5 82.031 (85.404)
2025-06-02 09:35:33,215 - my_logger - INFO - Train Epoch: [4][350/391]	Time 1.067 (1.069)	Data 0.000 (0.001)	Loss 2.0037 (1.7488)	Prec@1 25.781 (36.554)	Prec@5 78.906 (85.506)
2025-06-02 09:36:15,821 - my_logger - INFO - Test: [0/79]	Time 0.179 (0.179)	Loss 1.1104 (1.1104)	Prec@1 64.844 (64.844)	Prec@5 97.656 (97.656)
2025-06-02 09:36:16,179 - my_logger - INFO - Test: [10/79]	Time 0.036 (0.049)	Loss 1.1535 (1.1423)	Prec@1 60.156 (62.500)	Prec@5 94.531 (97.443)
2025-06-02 09:36:16,536 - my_logger - INFO - Test: [20/79]	Time 0.036 (0.043)	Loss 1.1826 (1.1613)	Prec@1 59.375 (62.016)	Prec@5 92.969 (96.466)
2025-06-02 09:36:16,893 - my_logger - INFO - Test: [30/79]	Time 0.036 (0.040)	Loss 1.0671 (1.1618)	Prec@1 63.281 (62.021)	Prec@5 96.875 (96.371)
2025-06-02 09:36:17,250 - my_logger - INFO - Test: [40/79]	Time 0.036 (0.039)	Loss 1.2123 (1.1610)	Prec@1 54.688 (61.509)	Prec@5 93.750 (96.380)
2025-06-02 09:36:17,606 - my_logger - INFO - Test: [50/79]	Time 0.036 (0.039)	Loss 1.1712 (1.1670)	Prec@1 64.062 (61.382)	Prec@5 94.531 (96.216)
2025-06-02 09:36:17,963 - my_logger - INFO - Test: [60/79]	Time 0.036 (0.038)	Loss 1.1156 (1.1666)	Prec@1 62.500 (61.283)	Prec@5 95.312 (96.107)
2025-06-02 09:36:18,319 - my_logger - INFO - Test: [70/79]	Time 0.036 (0.038)	Loss 1.1034 (1.1711)	Prec@1 62.500 (61.202)	Prec@5 96.875 (96.138)
2025-06-02 09:36:18,616 - my_logger - INFO -  * Prec@1 61.460 Prec@5 96.090
2025-06-02 09:36:27,338 - my_logger - INFO - Saved best model with accuracy 61.46%
2025-06-02 09:36:27,340 - my_logger - INFO - Learning rate set to 0.010000000000000002
2025-06-02 09:36:28,559 - my_logger - INFO - Train Epoch: [5][0/391]	Time 1.217 (1.217)	Data 0.219 (0.219)	Loss 2.0200 (1.7110)	Prec@1 30.469 (39.746)	Prec@5 78.125 (85.645)
2025-06-02 09:37:22,074 - my_logger - INFO - Train Epoch: [5][50/391]	Time 1.067 (1.073)	Data 0.000 (0.005)	Loss 1.9603 (1.7240)	Prec@1 18.750 (37.697)	Prec@5 82.812 (85.390)
2025-06-02 09:38:15,628 - my_logger - INFO - Train Epoch: [5][100/391]	Time 1.072 (1.072)	Data 0.000 (0.003)	Loss 2.0547 (1.7108)	Prec@1 25.000 (38.235)	Prec@5 78.125 (85.817)
2025-06-02 09:39:09,171 - my_logger - INFO - Train Epoch: [5][150/391]	Time 1.070 (1.072)	Data 0.000 (0.002)	Loss 1.9885 (1.7070)	Prec@1 29.688 (38.273)	Prec@5 82.031 (85.967)
2025-06-02 09:40:02,700 - my_logger - INFO - Train Epoch: [5][200/391]	Time 1.073 (1.071)	Data 0.000 (0.001)	Loss 1.8913 (1.7078)	Prec@1 27.344 (38.236)	Prec@5 83.594 (85.954)
2025-06-02 09:40:56,208 - my_logger - INFO - Train Epoch: [5][250/391]	Time 1.068 (1.071)	Data 0.000 (0.001)	Loss 2.0900 (1.7041)	Prec@1 24.219 (38.164)	Prec@5 76.562 (86.068)
2025-06-02 09:41:49,726 - my_logger - INFO - Train Epoch: [5][300/391]	Time 1.073 (1.071)	Data 0.000 (0.001)	Loss 1.9999 (1.7032)	Prec@1 29.688 (38.297)	Prec@5 80.469 (86.088)
2025-06-02 09:42:43,235 - my_logger - INFO - Train Epoch: [5][350/391]	Time 1.073 (1.071)	Data 0.000 (0.001)	Loss 2.1458 (1.6995)	Prec@1 18.750 (38.458)	Prec@5 80.469 (86.155)
2025-06-02 09:43:26,052 - my_logger - INFO - Test: [0/79]	Time 0.194 (0.194)	Loss 1.1187 (1.1187)	Prec@1 63.281 (63.281)	Prec@5 97.656 (97.656)
2025-06-02 09:43:26,410 - my_logger - INFO - Test: [10/79]	Time 0.036 (0.050)	Loss 1.0965 (1.0964)	Prec@1 60.156 (63.565)	Prec@5 96.094 (97.514)
2025-06-02 09:43:26,766 - my_logger - INFO - Test: [20/79]	Time 0.036 (0.043)	Loss 1.1435 (1.1088)	Prec@1 60.156 (63.244)	Prec@5 97.656 (96.949)
2025-06-02 09:43:27,123 - my_logger - INFO - Test: [30/79]	Time 0.036 (0.041)	Loss 1.0140 (1.1139)	Prec@1 64.844 (62.878)	Prec@5 97.656 (96.850)
2025-06-02 09:43:27,479 - my_logger - INFO - Test: [40/79]	Time 0.036 (0.040)	Loss 1.1741 (1.1112)	Prec@1 55.469 (62.557)	Prec@5 95.312 (96.894)
2025-06-02 09:43:27,835 - my_logger - INFO - Test: [50/79]	Time 0.036 (0.039)	Loss 1.1233 (1.1169)	Prec@1 64.844 (62.607)	Prec@5 95.312 (96.722)
2025-06-02 09:43:28,191 - my_logger - INFO - Test: [60/79]	Time 0.036 (0.038)	Loss 1.1129 (1.1163)	Prec@1 64.844 (62.731)	Prec@5 93.750 (96.644)
2025-06-02 09:43:28,548 - my_logger - INFO - Test: [70/79]	Time 0.036 (0.038)	Loss 1.0889 (1.1188)	Prec@1 68.750 (62.698)	Prec@5 97.656 (96.644)
2025-06-02 09:43:28,848 - my_logger - INFO -  * Prec@1 62.900 Prec@5 96.630
2025-06-02 09:43:37,636 - my_logger - INFO - Saved best model with accuracy 62.90%
2025-06-02 09:43:37,637 - my_logger - INFO - Learning rate set to 0.010000000000000002
2025-06-02 09:43:38,836 - my_logger - INFO - Train Epoch: [6][0/391]	Time 1.198 (1.198)	Data 0.190 (0.190)	Loss 2.0593 (1.7310)	Prec@1 22.656 (37.598)	Prec@5 75.781 (83.398)
2025-06-02 09:44:32,406 - my_logger - INFO - Train Epoch: [6][50/391]	Time 1.071 (1.074)	Data 0.000 (0.004)	Loss 2.0096 (1.6736)	Prec@1 21.875 (39.302)	Prec@5 82.031 (86.596)
2025-06-02 09:45:25,956 - my_logger - INFO - Train Epoch: [6][100/391]	Time 1.072 (1.072)	Data 0.000 (0.002)	Loss 1.9832 (1.6731)	Prec@1 31.250 (39.319)	Prec@5 83.594 (86.706)
2025-06-02 09:46:19,535 - my_logger - INFO - Train Epoch: [6][150/391]	Time 1.069 (1.072)	Data 0.000 (0.002)	Loss 2.0826 (1.6809)	Prec@1 27.344 (39.122)	Prec@5 75.000 (86.461)
2025-06-02 09:47:13,053 - my_logger - INFO - Train Epoch: [6][200/391]	Time 1.068 (1.072)	Data 0.000 (0.001)	Loss 2.1191 (1.6817)	Prec@1 21.875 (39.068)	Prec@5 80.469 (86.532)
2025-06-02 09:48:06,630 - my_logger - INFO - Train Epoch: [6][250/391]	Time 1.072 (1.072)	Data 0.000 (0.001)	Loss 2.0649 (1.6771)	Prec@1 21.875 (39.279)	Prec@5 83.594 (86.699)
2025-06-02 09:49:00,186 - my_logger - INFO - Train Epoch: [6][300/391]	Time 1.075 (1.072)	Data 0.000 (0.001)	Loss 1.9112 (1.6692)	Prec@1 39.062 (39.633)	Prec@5 82.031 (86.843)
2025-06-02 09:49:53,745 - my_logger - INFO - Train Epoch: [6][350/391]	Time 1.071 (1.072)	Data 0.001 (0.001)	Loss 2.0998 (1.6708)	Prec@1 18.750 (39.669)	Prec@5 77.344 (86.852)
2025-06-02 09:50:36,461 - my_logger - INFO - Test: [0/79]	Time 0.182 (0.182)	Loss 1.0569 (1.0569)	Prec@1 66.406 (66.406)	Prec@5 96.875 (96.875)
2025-06-02 09:50:36,819 - my_logger - INFO - Test: [10/79]	Time 0.036 (0.049)	Loss 1.0531 (1.0541)	Prec@1 60.156 (63.707)	Prec@5 96.875 (97.585)
2025-06-02 09:50:37,176 - my_logger - INFO - Test: [20/79]	Time 0.036 (0.043)	Loss 1.0662 (1.0697)	Prec@1 67.969 (64.174)	Prec@5 95.312 (96.726)
2025-06-02 09:50:37,533 - my_logger - INFO - Test: [30/79]	Time 0.036 (0.040)	Loss 0.9800 (1.0697)	Prec@1 68.750 (65.272)	Prec@5 96.094 (96.522)
2025-06-02 09:50:37,891 - my_logger - INFO - Test: [40/79]	Time 0.036 (0.039)	Loss 1.1383 (1.0670)	Prec@1 60.156 (65.225)	Prec@5 98.438 (96.761)
2025-06-02 09:50:38,248 - my_logger - INFO - Test: [50/79]	Time 0.036 (0.039)	Loss 1.0731 (1.0723)	Prec@1 64.844 (64.936)	Prec@5 96.094 (96.844)
2025-06-02 09:50:38,605 - my_logger - INFO - Test: [60/79]	Time 0.036 (0.038)	Loss 1.0473 (1.0712)	Prec@1 67.188 (65.202)	Prec@5 96.094 (96.888)
2025-06-02 09:50:38,962 - my_logger - INFO - Test: [70/79]	Time 0.036 (0.038)	Loss 0.9948 (1.0738)	Prec@1 67.969 (65.031)	Prec@5 100.000 (97.029)
2025-06-02 09:50:39,264 - my_logger - INFO -  * Prec@1 65.110 Prec@5 97.040
2025-06-02 09:50:48,239 - my_logger - INFO - Saved best model with accuracy 65.11%
2025-06-02 09:50:48,240 - my_logger - INFO - Learning rate set to 0.010000000000000002
2025-06-02 09:50:49,462 - my_logger - INFO - Train Epoch: [7][0/391]	Time 1.221 (1.221)	Data 0.212 (0.212)	Loss 1.9736 (1.6418)	Prec@1 30.469 (44.922)	Prec@5 80.469 (86.035)
2025-06-02 09:51:43,027 - my_logger - INFO - Train Epoch: [7][50/391]	Time 1.074 (1.074)	Data 0.000 (0.004)	Loss 2.0928 (1.6491)	Prec@1 29.688 (40.366)	Prec@5 78.125 (87.431)
2025-06-02 09:52:36,593 - my_logger - INFO - Train Epoch: [7][100/391]	Time 1.070 (1.073)	Data 0.000 (0.002)	Loss 2.1245 (1.6494)	Prec@1 23.438 (40.416)	Prec@5 74.219 (87.317)
2025-06-02 09:53:30,124 - my_logger - INFO - Train Epoch: [7][150/391]	Time 1.071 (1.072)	Data 0.000 (0.002)	Loss 1.9269 (1.6522)	Prec@1 28.906 (40.151)	Prec@5 85.156 (87.356)
2025-06-02 09:54:23,585 - my_logger - INFO - Train Epoch: [7][200/391]	Time 1.064 (1.071)	Data 0.000 (0.001)	Loss 1.7433 (1.6493)	Prec@1 33.594 (40.303)	Prec@5 87.500 (87.332)
2025-06-02 09:55:17,082 - my_logger - INFO - Train Epoch: [7][250/391]	Time 1.072 (1.071)	Data 0.000 (0.001)	Loss 1.9091 (1.6509)	Prec@1 29.688 (40.336)	Prec@5 79.688 (87.339)
2025-06-02 09:56:10,577 - my_logger - INFO - Train Epoch: [7][300/391]	Time 1.069 (1.071)	Data 0.001 (0.001)	Loss 1.9722 (1.6498)	Prec@1 28.906 (40.321)	Prec@5 82.031 (87.421)
2025-06-02 09:57:04,035 - my_logger - INFO - Train Epoch: [7][350/391]	Time 1.069 (1.071)	Data 0.000 (0.001)	Loss 1.8590 (1.6480)	Prec@1 27.344 (40.430)	Prec@5 85.156 (87.425)
2025-06-02 09:57:46,723 - my_logger - INFO - Test: [0/79]	Time 0.199 (0.199)	Loss 1.0016 (1.0016)	Prec@1 64.844 (64.844)	Prec@5 99.219 (99.219)
2025-06-02 09:57:47,082 - my_logger - INFO - Test: [10/79]	Time 0.036 (0.051)	Loss 0.9832 (1.0088)	Prec@1 67.188 (65.483)	Prec@5 96.875 (98.011)
2025-06-02 09:57:47,440 - my_logger - INFO - Test: [20/79]	Time 0.036 (0.044)	Loss 1.0488 (1.0237)	Prec@1 62.500 (65.551)	Prec@5 96.094 (97.359)
2025-06-02 09:57:47,797 - my_logger - INFO - Test: [30/79]	Time 0.036 (0.041)	Loss 0.8946 (1.0283)	Prec@1 67.969 (65.499)	Prec@5 99.219 (97.127)
2025-06-02 09:57:48,155 - my_logger - INFO - Test: [40/79]	Time 0.036 (0.040)	Loss 1.0729 (1.0235)	Prec@1 62.500 (66.063)	Prec@5 96.875 (97.237)
2025-06-02 09:57:48,512 - my_logger - INFO - Test: [50/79]	Time 0.036 (0.039)	Loss 1.0257 (1.0251)	Prec@1 64.844 (66.268)	Prec@5 96.875 (97.258)
2025-06-02 09:57:48,870 - my_logger - INFO - Test: [60/79]	Time 0.036 (0.038)	Loss 1.0073 (1.0259)	Prec@1 69.531 (66.317)	Prec@5 94.531 (97.093)
2025-06-02 09:57:49,228 - my_logger - INFO - Test: [70/79]	Time 0.036 (0.038)	Loss 0.9902 (1.0294)	Prec@1 71.875 (66.406)	Prec@5 98.438 (97.117)
2025-06-02 09:57:49,527 - my_logger - INFO -  * Prec@1 66.480 Prec@5 97.090
2025-06-02 09:57:58,429 - my_logger - INFO - Saved best model with accuracy 66.48%
2025-06-02 09:57:58,430 - my_logger - INFO - Learning rate set to 0.0010000000000000002
2025-06-02 09:57:59,639 - my_logger - INFO - Train Epoch: [8][0/391]	Time 1.208 (1.208)	Data 0.206 (0.206)	Loss 1.7390 (1.4319)	Prec@1 33.594 (46.777)	Prec@5 88.281 (92.871)
2025-06-02 09:58:53,153 - my_logger - INFO - Train Epoch: [8][50/391]	Time 1.076 (1.073)	Data 0.000 (0.004)	Loss 2.1602 (1.6415)	Prec@1 24.219 (40.684)	Prec@5 74.219 (87.243)
2025-06-02 09:59:46,669 - my_logger - INFO - Train Epoch: [8][100/391]	Time 1.077 (1.072)	Data 0.000 (0.002)	Loss 2.1406 (1.6339)	Prec@1 27.344 (41.120)	Prec@5 72.656 (87.307)
2025-06-02 10:00:40,290 - my_logger - INFO - Train Epoch: [8][150/391]	Time 1.072 (1.072)	Data 0.000 (0.002)	Loss 1.9176 (1.6179)	Prec@1 32.031 (41.710)	Prec@5 82.031 (87.732)
2025-06-02 10:01:33,823 - my_logger - INFO - Train Epoch: [8][200/391]	Time 1.067 (1.072)	Data 0.000 (0.001)	Loss 1.9797 (1.6163)	Prec@1 24.219 (41.932)	Prec@5 91.406 (87.753)
2025-06-02 10:02:27,273 - my_logger - INFO - Train Epoch: [8][250/391]	Time 1.067 (1.071)	Data 0.000 (0.001)	Loss 1.8839 (1.6062)	Prec@1 32.031 (42.193)	Prec@5 82.812 (87.968)
2025-06-02 10:03:20,671 - my_logger - INFO - Train Epoch: [8][300/391]	Time 1.070 (1.071)	Data 0.000 (0.001)	Loss 1.8931 (1.6066)	Prec@1 31.250 (42.226)	Prec@5 82.031 (87.929)
2025-06-02 10:04:14,110 - my_logger - INFO - Train Epoch: [8][350/391]	Time 1.069 (1.070)	Data 0.000 (0.001)	Loss 2.1508 (1.6072)	Prec@1 21.094 (42.213)	Prec@5 80.469 (87.946)
2025-06-02 10:04:56,756 - my_logger - INFO - Test: [0/79]	Time 0.187 (0.187)	Loss 0.9050 (0.9050)	Prec@1 73.438 (73.438)	Prec@5 98.438 (98.438)
2025-06-02 10:04:57,114 - my_logger - INFO - Test: [10/79]	Time 0.036 (0.050)	Loss 0.8880 (0.9130)	Prec@1 66.406 (70.597)	Prec@5 96.875 (98.438)
2025-06-02 10:04:57,471 - my_logger - INFO - Test: [20/79]	Time 0.036 (0.043)	Loss 0.9214 (0.9257)	Prec@1 67.188 (70.647)	Prec@5 97.656 (97.917)
2025-06-02 10:04:57,828 - my_logger - INFO - Test: [30/79]	Time 0.036 (0.041)	Loss 0.8174 (0.9280)	Prec@1 79.688 (70.766)	Prec@5 99.219 (97.883)
2025-06-02 10:04:58,185 - my_logger - INFO - Test: [40/79]	Time 0.036 (0.039)	Loss 0.9456 (0.9249)	Prec@1 68.750 (70.998)	Prec@5 99.219 (97.980)
2025-06-02 10:04:58,542 - my_logger - INFO - Test: [50/79]	Time 0.036 (0.039)	Loss 0.9380 (0.9306)	Prec@1 70.312 (70.803)	Prec@5 97.656 (97.886)
2025-06-02 10:04:58,899 - my_logger - INFO - Test: [60/79]	Time 0.036 (0.038)	Loss 0.9313 (0.9298)	Prec@1 72.656 (70.940)	Prec@5 95.312 (97.784)
2025-06-02 10:04:59,257 - my_logger - INFO - Test: [70/79]	Time 0.036 (0.038)	Loss 0.8919 (0.9331)	Prec@1 73.438 (70.775)	Prec@5 99.219 (97.832)
2025-06-02 10:04:59,556 - my_logger - INFO -  * Prec@1 70.860 Prec@5 97.830
2025-06-02 10:05:08,508 - my_logger - INFO - Saved best model with accuracy 70.86%
2025-06-02 10:05:08,508 - my_logger - INFO - Learning rate set to 0.0010000000000000002
2025-06-02 10:05:09,719 - my_logger - INFO - Train Epoch: [9][0/391]	Time 1.209 (1.209)	Data 0.209 (0.209)	Loss 2.1709 (1.7364)	Prec@1 29.688 (40.918)	Prec@5 78.906 (85.547)
2025-06-02 10:06:03,240 - my_logger - INFO - Train Epoch: [9][50/391]	Time 1.070 (1.073)	Data 0.000 (0.004)	Loss 1.9129 (1.5859)	Prec@1 29.688 (43.551)	Prec@5 82.812 (88.048)
2025-06-02 10:06:56,726 - my_logger - INFO - Train Epoch: [9][100/391]	Time 1.065 (1.071)	Data 0.000 (0.002)	Loss 1.9867 (1.5812)	Prec@1 24.219 (43.761)	Prec@5 78.125 (88.207)
2025-06-02 10:07:50,339 - my_logger - INFO - Train Epoch: [9][150/391]	Time 1.069 (1.072)	Data 0.000 (0.002)	Loss 1.8769 (1.5752)	Prec@1 26.562 (43.782)	Prec@5 80.469 (88.309)
2025-06-02 10:08:43,900 - my_logger - INFO - Train Epoch: [9][200/391]	Time 1.074 (1.072)	Data 0.000 (0.001)	Loss 1.9662 (1.5721)	Prec@1 30.469 (43.861)	Prec@5 79.688 (88.427)
2025-06-02 10:09:37,510 - my_logger - INFO - Train Epoch: [9][250/391]	Time 1.069 (1.072)	Data 0.000 (0.001)	Loss 1.8877 (1.5730)	Prec@1 34.375 (43.815)	Prec@5 80.469 (88.322)
2025-06-02 10:10:31,069 - my_logger - INFO - Train Epoch: [9][300/391]	Time 1.073 (1.072)	Data 0.000 (0.001)	Loss 1.8724 (1.5738)	Prec@1 32.031 (43.857)	Prec@5 85.156 (88.312)
2025-06-02 10:11:24,605 - my_logger - INFO - Train Epoch: [9][350/391]	Time 1.075 (1.071)	Data 0.000 (0.001)	Loss 1.7717 (1.5755)	Prec@1 34.375 (43.771)	Prec@5 82.031 (88.265)
2025-06-02 10:12:07,304 - my_logger - INFO - Test: [0/79]	Time 0.181 (0.181)	Loss 0.8856 (0.8856)	Prec@1 70.312 (70.312)	Prec@5 99.219 (99.219)
2025-06-02 10:12:07,662 - my_logger - INFO - Test: [10/79]	Time 0.036 (0.049)	Loss 0.8580 (0.8797)	Prec@1 69.531 (70.597)	Prec@5 96.094 (98.651)
2025-06-02 10:12:08,019 - my_logger - INFO - Test: [20/79]	Time 0.036 (0.043)	Loss 0.8891 (0.8955)	Prec@1 66.406 (70.499)	Prec@5 98.438 (98.140)
2025-06-02 10:12:08,377 - my_logger - INFO - Test: [30/79]	Time 0.036 (0.040)	Loss 0.7982 (0.8984)	Prec@1 75.000 (70.665)	Prec@5 98.438 (98.009)
2025-06-02 10:12:08,734 - my_logger - INFO - Test: [40/79]	Time 0.036 (0.039)	Loss 0.9311 (0.8962)	Prec@1 72.656 (70.884)	Prec@5 97.656 (97.866)
2025-06-02 10:12:09,092 - my_logger - INFO - Test: [50/79]	Time 0.036 (0.039)	Loss 0.8870 (0.8997)	Prec@1 69.531 (70.757)	Prec@5 97.656 (97.809)
2025-06-02 10:12:09,449 - my_logger - INFO - Test: [60/79]	Time 0.036 (0.038)	Loss 0.9352 (0.9000)	Prec@1 69.531 (70.863)	Prec@5 96.094 (97.656)
2025-06-02 10:12:09,807 - my_logger - INFO - Test: [70/79]	Time 0.036 (0.038)	Loss 0.8427 (0.9007)	Prec@1 75.000 (70.720)	Prec@5 99.219 (97.733)
2025-06-02 10:12:10,114 - my_logger - INFO -  * Prec@1 70.890 Prec@5 97.710
2025-06-02 10:12:18,766 - my_logger - INFO - Saved best model with accuracy 70.89%
2025-06-02 10:12:18,767 - my_logger - INFO - Learning rate set to 0.0010000000000000002
2025-06-02 10:12:19,983 - my_logger - INFO - Train Epoch: [10][0/391]	Time 1.215 (1.215)	Data 0.211 (0.211)	Loss 1.9371 (1.5480)	Prec@1 28.906 (42.969)	Prec@5 79.688 (87.207)
2025-06-02 10:13:13,538 - my_logger - INFO - Train Epoch: [10][50/391]	Time 1.069 (1.074)	Data 0.000 (0.004)	Loss 1.9031 (1.5565)	Prec@1 32.812 (44.133)	Prec@5 84.375 (88.090)
2025-06-02 10:14:07,079 - my_logger - INFO - Train Epoch: [10][100/391]	Time 1.070 (1.072)	Data 0.000 (0.002)	Loss 1.9461 (1.5616)	Prec@1 29.688 (44.020)	Prec@5 82.031 (88.183)
2025-06-02 10:15:00,676 - my_logger - INFO - Train Epoch: [10][150/391]	Time 1.069 (1.072)	Data 0.000 (0.002)	Loss 1.8758 (1.5596)	Prec@1 34.375 (44.146)	Prec@5 82.031 (88.367)
2025-06-02 10:15:54,252 - my_logger - INFO - Train Epoch: [10][200/391]	Time 1.073 (1.072)	Data 0.000 (0.001)	Loss 1.8997 (1.5658)	Prec@1 32.031 (43.863)	Prec@5 82.031 (88.245)
2025-06-02 10:16:47,802 - my_logger - INFO - Train Epoch: [10][250/391]	Time 1.071 (1.072)	Data 0.000 (0.001)	Loss 1.9865 (1.5625)	Prec@1 33.594 (44.077)	Prec@5 78.125 (88.314)
2025-06-02 10:17:41,327 - my_logger - INFO - Train Epoch: [10][300/391]	Time 1.070 (1.072)	Data 0.000 (0.001)	Loss 2.0707 (1.5637)	Prec@1 29.688 (44.014)	Prec@5 82.812 (88.381)
2025-06-02 10:18:34,866 - my_logger - INFO - Train Epoch: [10][350/391]	Time 1.067 (1.071)	Data 0.000 (0.001)	Loss 1.9048 (1.5621)	Prec@1 29.688 (44.056)	Prec@5 79.688 (88.488)
2025-06-02 10:19:17,590 - my_logger - INFO - Test: [0/79]	Time 0.191 (0.191)	Loss 0.8467 (0.8467)	Prec@1 74.219 (74.219)	Prec@5 99.219 (99.219)
2025-06-02 10:19:17,948 - my_logger - INFO - Test: [10/79]	Time 0.036 (0.050)	Loss 0.8178 (0.8452)	Prec@1 74.219 (72.372)	Prec@5 96.875 (99.006)
2025-06-02 10:19:18,305 - my_logger - INFO - Test: [20/79]	Time 0.036 (0.043)	Loss 0.8476 (0.8625)	Prec@1 68.750 (72.024)	Prec@5 98.438 (98.214)
2025-06-02 10:19:18,662 - my_logger - INFO - Test: [30/79]	Time 0.036 (0.041)	Loss 0.7480 (0.8650)	Prec@1 78.125 (71.900)	Prec@5 99.219 (98.110)
2025-06-02 10:19:19,020 - my_logger - INFO - Test: [40/79]	Time 0.036 (0.040)	Loss 0.8974 (0.8616)	Prec@1 71.875 (72.104)	Prec@5 98.438 (98.056)
2025-06-02 10:19:19,377 - my_logger - INFO - Test: [50/79]	Time 0.036 (0.039)	Loss 0.8796 (0.8662)	Prec@1 72.656 (71.936)	Prec@5 96.875 (97.917)
2025-06-02 10:19:19,734 - my_logger - INFO - Test: [60/79]	Time 0.036 (0.038)	Loss 0.9120 (0.8669)	Prec@1 69.531 (71.952)	Prec@5 95.312 (97.784)
2025-06-02 10:19:20,090 - my_logger - INFO - Test: [70/79]	Time 0.036 (0.038)	Loss 0.8294 (0.8681)	Prec@1 75.781 (71.798)	Prec@5 100.000 (97.865)
2025-06-02 10:19:20,392 - my_logger - INFO -  * Prec@1 71.950 Prec@5 97.850
2025-06-02 10:19:29,290 - my_logger - INFO - Saved best model with accuracy 71.95%
2025-06-02 10:19:29,290 - my_logger - INFO - Learning rate set to 0.0010000000000000002
2025-06-02 10:19:30,504 - my_logger - INFO - Train Epoch: [11][0/391]	Time 1.212 (1.212)	Data 0.210 (0.210)	Loss 1.9712 (1.5816)	Prec@1 25.000 (42.188)	Prec@5 87.500 (91.895)
2025-06-02 10:20:24,106 - my_logger - INFO - Train Epoch: [11][50/391]	Time 1.074 (1.075)	Data 0.000 (0.005)	Loss 1.9793 (1.5608)	Prec@1 27.344 (43.871)	Prec@5 78.906 (88.729)
2025-06-02 10:21:17,679 - my_logger - INFO - Train Epoch: [11][100/391]	Time 1.070 (1.073)	Data 0.000 (0.002)	Loss 1.9892 (1.5565)	Prec@1 25.781 (44.088)	Prec@5 82.031 (88.870)
2025-06-02 10:22:11,244 - my_logger - INFO - Train Epoch: [11][150/391]	Time 1.074 (1.073)	Data 0.000 (0.002)	Loss 1.8915 (1.5488)	Prec@1 32.812 (44.381)	Prec@5 85.938 (89.031)
2025-06-02 10:23:04,825 - my_logger - INFO - Train Epoch: [11][200/391]	Time 1.074 (1.072)	Data 0.000 (0.001)	Loss 1.9470 (1.5541)	Prec@1 31.250 (44.182)	Prec@5 82.031 (88.918)
2025-06-02 10:23:58,380 - my_logger - INFO - Train Epoch: [11][250/391]	Time 1.067 (1.072)	Data 0.000 (0.001)	Loss 1.9454 (1.5560)	Prec@1 28.125 (44.188)	Prec@5 84.375 (88.803)
2025-06-02 10:24:51,932 - my_logger - INFO - Train Epoch: [11][300/391]	Time 1.074 (1.072)	Data 0.000 (0.001)	Loss 2.1294 (1.5566)	Prec@1 25.000 (44.306)	Prec@5 75.781 (88.768)
2025-06-02 10:25:45,543 - my_logger - INFO - Train Epoch: [11][350/391]	Time 1.077 (1.072)	Data 0.000 (0.001)	Loss 1.9981 (1.5548)	Prec@1 28.906 (44.375)	Prec@5 79.688 (88.804)
2025-06-02 10:26:28,294 - my_logger - INFO - Test: [0/79]	Time 0.210 (0.210)	Loss 0.8595 (0.8595)	Prec@1 74.219 (74.219)	Prec@5 99.219 (99.219)
2025-06-02 10:26:28,653 - my_logger - INFO - Test: [10/79]	Time 0.036 (0.052)	Loss 0.8147 (0.8444)	Prec@1 71.875 (72.585)	Prec@5 96.094 (98.722)
2025-06-02 10:26:29,010 - my_logger - INFO - Test: [20/79]	Time 0.036 (0.044)	Loss 0.8533 (0.8620)	Prec@1 72.656 (72.954)	Prec@5 98.438 (98.177)
2025-06-02 10:26:29,369 - my_logger - INFO - Test: [30/79]	Time 0.036 (0.041)	Loss 0.7540 (0.8647)	Prec@1 78.125 (72.933)	Prec@5 99.219 (98.135)
2025-06-02 10:26:29,727 - my_logger - INFO - Test: [40/79]	Time 0.036 (0.040)	Loss 0.8988 (0.8633)	Prec@1 69.531 (73.133)	Prec@5 97.656 (98.075)
2025-06-02 10:26:30,084 - my_logger - INFO - Test: [50/79]	Time 0.036 (0.039)	Loss 0.8949 (0.8683)	Prec@1 68.750 (72.794)	Prec@5 96.875 (98.085)
2025-06-02 10:26:30,441 - my_logger - INFO - Test: [60/79]	Time 0.036 (0.039)	Loss 0.9119 (0.8693)	Prec@1 70.312 (72.848)	Prec@5 96.875 (97.951)
2025-06-02 10:26:30,798 - my_logger - INFO - Test: [70/79]	Time 0.036 (0.038)	Loss 0.8262 (0.8704)	Prec@1 74.219 (72.821)	Prec@5 100.000 (98.008)
2025-06-02 10:26:31,091 - my_logger - INFO -  * Prec@1 72.880 Prec@5 97.990
2025-06-02 10:26:39,819 - my_logger - INFO - Saved best model with accuracy 72.88%
2025-06-02 10:26:39,819 - my_logger - INFO - Learning rate set to 0.00010000000000000003
2025-06-02 10:26:41,034 - my_logger - INFO - Train Epoch: [12][0/391]	Time 1.213 (1.213)	Data 0.206 (0.206)	Loss 2.0204 (1.5760)	Prec@1 28.906 (43.262)	Prec@5 84.375 (89.453)
2025-06-02 10:27:34,616 - my_logger - INFO - Train Epoch: [12][50/391]	Time 1.071 (1.074)	Data 0.000 (0.004)	Loss 1.9524 (1.5578)	Prec@1 28.906 (44.570)	Prec@5 85.156 (88.838)
2025-06-02 10:28:28,131 - my_logger - INFO - Train Epoch: [12][100/391]	Time 1.068 (1.072)	Data 0.000 (0.002)	Loss 1.9356 (1.5521)	Prec@1 30.469 (44.581)	Prec@5 78.906 (88.767)
2025-06-02 10:29:21,647 - my_logger - INFO - Train Epoch: [12][150/391]	Time 1.070 (1.072)	Data 0.000 (0.002)	Loss 1.9589 (1.5557)	Prec@1 28.906 (44.212)	Prec@5 84.375 (88.776)
2025-06-02 10:30:15,259 - my_logger - INFO - Train Epoch: [12][200/391]	Time 1.073 (1.072)	Data 0.000 (0.001)	Loss 2.1087 (1.5487)	Prec@1 27.344 (44.585)	Prec@5 77.344 (88.833)
2025-06-02 10:31:08,918 - my_logger - INFO - Train Epoch: [12][250/391]	Time 1.073 (1.072)	Data 0.000 (0.001)	Loss 1.7556 (1.5422)	Prec@1 30.469 (44.710)	Prec@5 87.500 (88.844)
2025-06-02 10:32:02,552 - my_logger - INFO - Train Epoch: [12][300/391]	Time 1.072 (1.072)	Data 0.000 (0.001)	Loss 1.8005 (1.5383)	Prec@1 31.250 (44.931)	Prec@5 82.031 (88.886)
2025-06-02 10:32:56,174 - my_logger - INFO - Train Epoch: [12][350/391]	Time 1.070 (1.072)	Data 0.000 (0.001)	Loss 1.9255 (1.5406)	Prec@1 32.031 (44.850)	Prec@5 85.156 (88.869)
2025-06-02 10:33:38,927 - my_logger - INFO - Test: [0/79]	Time 0.179 (0.179)	Loss 0.8325 (0.8325)	Prec@1 77.344 (77.344)	Prec@5 99.219 (99.219)
2025-06-02 10:33:39,285 - my_logger - INFO - Test: [10/79]	Time 0.036 (0.049)	Loss 0.8140 (0.8321)	Prec@1 72.656 (73.011)	Prec@5 97.656 (99.077)
2025-06-02 10:33:39,643 - my_logger - INFO - Test: [20/79]	Time 0.036 (0.043)	Loss 0.8273 (0.8502)	Prec@1 70.312 (73.065)	Prec@5 98.438 (98.363)
2025-06-02 10:33:40,000 - my_logger - INFO - Test: [30/79]	Time 0.036 (0.040)	Loss 0.7475 (0.8504)	Prec@1 77.344 (73.185)	Prec@5 99.219 (98.362)
2025-06-02 10:33:40,358 - my_logger - INFO - Test: [40/79]	Time 0.036 (0.039)	Loss 0.8825 (0.8497)	Prec@1 70.312 (73.209)	Prec@5 97.656 (98.190)
2025-06-02 10:33:40,715 - my_logger - INFO - Test: [50/79]	Time 0.036 (0.039)	Loss 0.8605 (0.8543)	Prec@1 72.656 (72.886)	Prec@5 96.875 (98.177)
2025-06-02 10:33:41,072 - my_logger - INFO - Test: [60/79]	Time 0.036 (0.038)	Loss 0.9018 (0.8555)	Prec@1 70.312 (72.887)	Prec@5 96.094 (98.015)
2025-06-02 10:33:41,429 - my_logger - INFO - Test: [70/79]	Time 0.036 (0.038)	Loss 0.8010 (0.8570)	Prec@1 75.781 (72.843)	Prec@5 100.000 (98.096)
2025-06-02 10:33:41,734 - my_logger - INFO -  * Prec@1 73.000 Prec@5 98.050
2025-06-02 10:33:50,554 - my_logger - INFO - Saved best model with accuracy 73.00%
2025-06-02 10:33:50,555 - my_logger - INFO - Learning rate set to 0.00010000000000000003
2025-06-02 10:33:51,769 - my_logger - INFO - Train Epoch: [13][0/391]	Time 1.213 (1.213)	Data 0.213 (0.213)	Loss 2.1294 (1.7017)	Prec@1 26.562 (37.500)	Prec@5 79.688 (86.426)
2025-06-02 10:34:45,325 - my_logger - INFO - Train Epoch: [13][50/391]	Time 1.071 (1.074)	Data 0.000 (0.005)	Loss 2.0000 (1.5473)	Prec@1 23.438 (44.474)	Prec@5 81.250 (88.666)
2025-06-02 10:35:38,847 - my_logger - INFO - Train Epoch: [13][100/391]	Time 1.067 (1.072)	Data 0.000 (0.002)	Loss 1.7846 (1.5346)	Prec@1 34.375 (45.073)	Prec@5 87.500 (88.771)
2025-06-02 10:36:32,374 - my_logger - INFO - Train Epoch: [13][150/391]	Time 1.068 (1.072)	Data 0.001 (0.002)	Loss 1.9421 (1.5372)	Prec@1 30.469 (44.930)	Prec@5 84.375 (88.711)
2025-06-02 10:37:25,912 - my_logger - INFO - Train Epoch: [13][200/391]	Time 1.067 (1.071)	Data 0.000 (0.001)	Loss 2.0003 (1.5330)	Prec@1 25.781 (45.261)	Prec@5 81.250 (88.849)
2025-06-02 10:38:19,470 - my_logger - INFO - Train Epoch: [13][250/391]	Time 1.073 (1.071)	Data 0.000 (0.001)	Loss 1.9560 (1.5370)	Prec@1 27.344 (45.078)	Prec@5 75.781 (88.771)
2025-06-02 10:39:13,016 - my_logger - INFO - Train Epoch: [13][300/391]	Time 1.070 (1.071)	Data 0.000 (0.001)	Loss 2.1585 (1.5395)	Prec@1 23.438 (44.896)	Prec@5 77.344 (88.743)
2025-06-02 10:40:06,557 - my_logger - INFO - Train Epoch: [13][350/391]	Time 1.070 (1.071)	Data 0.000 (0.001)	Loss 2.1829 (1.5402)	Prec@1 21.875 (44.863)	Prec@5 78.125 (88.759)
2025-06-02 10:40:49,252 - my_logger - INFO - Test: [0/79]	Time 0.196 (0.196)	Loss 0.8393 (0.8393)	Prec@1 76.562 (76.562)	Prec@5 99.219 (99.219)
2025-06-02 10:40:49,610 - my_logger - INFO - Test: [10/79]	Time 0.036 (0.050)	Loss 0.8156 (0.8360)	Prec@1 71.875 (73.011)	Prec@5 96.875 (99.006)
2025-06-02 10:40:49,969 - my_logger - INFO - Test: [20/79]	Time 0.036 (0.044)	Loss 0.8363 (0.8548)	Prec@1 70.312 (72.954)	Prec@5 97.656 (98.326)
2025-06-02 10:40:50,327 - my_logger - INFO - Test: [30/79]	Time 0.036 (0.041)	Loss 0.7449 (0.8548)	Prec@1 75.781 (73.085)	Prec@5 99.219 (98.311)
2025-06-02 10:40:50,685 - my_logger - INFO - Test: [40/79]	Time 0.036 (0.040)	Loss 0.8909 (0.8546)	Prec@1 70.312 (73.037)	Prec@5 99.219 (98.266)
2025-06-02 10:40:51,042 - my_logger - INFO - Test: [50/79]	Time 0.036 (0.039)	Loss 0.8706 (0.8590)	Prec@1 70.312 (72.825)	Prec@5 97.656 (98.238)
2025-06-02 10:40:51,399 - my_logger - INFO - Test: [60/79]	Time 0.036 (0.038)	Loss 0.9027 (0.8602)	Prec@1 71.094 (72.887)	Prec@5 96.094 (98.040)
2025-06-02 10:40:51,757 - my_logger - INFO - Test: [70/79]	Time 0.036 (0.038)	Loss 0.7995 (0.8618)	Prec@1 75.000 (72.799)	Prec@5 100.000 (98.129)
2025-06-02 10:40:52,057 - my_logger - INFO -  * Prec@1 72.990 Prec@5 98.090
2025-06-02 10:40:52,058 - my_logger - INFO - Learning rate set to 0.00010000000000000003
2025-06-02 10:40:53,236 - my_logger - INFO - Train Epoch: [14][0/391]	Time 1.177 (1.177)	Data 0.184 (0.184)	Loss 1.8672 (1.4657)	Prec@1 31.250 (49.023)	Prec@5 81.250 (92.090)
2025-06-02 10:41:46,776 - my_logger - INFO - Train Epoch: [14][50/391]	Time 1.073 (1.073)	Data 0.000 (0.004)	Loss 2.1159 (1.5276)	Prec@1 24.219 (45.186)	Prec@5 78.125 (89.246)
2025-06-02 10:42:40,309 - my_logger - INFO - Train Epoch: [14][100/391]	Time 1.068 (1.072)	Data 0.000 (0.002)	Loss 2.0229 (1.5293)	Prec@1 28.125 (45.235)	Prec@5 82.812 (89.128)
2025-06-02 10:43:33,840 - my_logger - INFO - Train Epoch: [14][150/391]	Time 1.073 (1.071)	Data 0.000 (0.002)	Loss 2.0177 (1.5394)	Prec@1 31.250 (44.834)	Prec@5 77.344 (88.866)
2025-06-02 10:44:27,362 - my_logger - INFO - Train Epoch: [14][200/391]	Time 1.071 (1.071)	Data 0.000 (0.001)	Loss 1.9462 (1.5339)	Prec@1 31.250 (45.014)	Prec@5 82.031 (88.940)
2025-06-02 10:45:20,887 - my_logger - INFO - Train Epoch: [14][250/391]	Time 1.071 (1.071)	Data 0.000 (0.001)	Loss 1.8656 (1.5374)	Prec@1 30.469 (44.907)	Prec@5 79.688 (88.896)
2025-06-02 10:46:14,398 - my_logger - INFO - Train Epoch: [14][300/391]	Time 1.073 (1.071)	Data 0.000 (0.001)	Loss 1.8350 (1.5388)	Prec@1 27.344 (44.889)	Prec@5 85.938 (88.842)
2025-06-02 10:47:07,917 - my_logger - INFO - Train Epoch: [14][350/391]	Time 1.067 (1.071)	Data 0.000 (0.001)	Loss 1.7696 (1.5376)	Prec@1 36.719 (44.942)	Prec@5 85.156 (88.893)
2025-06-02 10:47:50,618 - my_logger - INFO - Test: [0/79]	Time 0.202 (0.202)	Loss 0.8419 (0.8419)	Prec@1 75.000 (75.000)	Prec@5 100.000 (100.000)
2025-06-02 10:47:50,976 - my_logger - INFO - Test: [10/79]	Time 0.036 (0.051)	Loss 0.8416 (0.8449)	Prec@1 70.312 (72.940)	Prec@5 96.094 (98.651)
2025-06-02 10:47:51,334 - my_logger - INFO - Test: [20/79]	Time 0.036 (0.044)	Loss 0.8441 (0.8624)	Prec@1 73.438 (73.028)	Prec@5 97.656 (97.991)
2025-06-02 10:47:51,691 - my_logger - INFO - Test: [30/79]	Time 0.036 (0.041)	Loss 0.7568 (0.8627)	Prec@1 76.562 (73.110)	Prec@5 99.219 (97.933)
2025-06-02 10:47:52,049 - my_logger - INFO - Test: [40/79]	Time 0.036 (0.040)	Loss 0.9054 (0.8616)	Prec@1 74.219 (73.037)	Prec@5 96.094 (97.847)
2025-06-02 10:47:52,406 - my_logger - INFO - Test: [50/79]	Time 0.036 (0.039)	Loss 0.8460 (0.8654)	Prec@1 72.656 (72.702)	Prec@5 98.438 (97.901)
2025-06-02 10:47:52,762 - my_logger - INFO - Test: [60/79]	Time 0.036 (0.038)	Loss 0.9228 (0.8667)	Prec@1 71.094 (72.836)	Prec@5 95.312 (97.759)
2025-06-02 10:47:53,119 - my_logger - INFO - Test: [70/79]	Time 0.036 (0.038)	Loss 0.8046 (0.8665)	Prec@1 75.781 (72.887)	Prec@5 100.000 (97.854)
2025-06-02 10:47:53,421 - my_logger - INFO -  * Prec@1 72.920 Prec@5 97.810
2025-06-02 10:47:57,916 - my_logger - INFO - Learning rate set to 0.00010000000000000003
2025-06-02 10:47:59,125 - my_logger - INFO - Train Epoch: [15][0/391]	Time 1.208 (1.208)	Data 0.205 (0.205)	Loss 1.9839 (1.5644)	Prec@1 27.344 (45.215)	Prec@5 81.250 (87.109)
2025-06-02 10:48:52,639 - my_logger - INFO - Train Epoch: [15][50/391]	Time 1.068 (1.073)	Data 0.000 (0.004)	Loss 1.8560 (1.5461)	Prec@1 28.125 (44.144)	Prec@5 85.938 (89.047)
2025-06-02 10:49:46,144 - my_logger - INFO - Train Epoch: [15][100/391]	Time 1.067 (1.072)	Data 0.000 (0.002)	Loss 2.1423 (1.5451)	Prec@1 24.219 (44.429)	Prec@5 80.469 (88.958)
2025-06-02 10:50:39,621 - my_logger - INFO - Train Epoch: [15][150/391]	Time 1.071 (1.071)	Data 0.000 (0.002)	Loss 2.0949 (1.5459)	Prec@1 25.781 (44.688)	Prec@5 78.906 (88.700)
2025-06-02 10:51:33,092 - my_logger - INFO - Train Epoch: [15][200/391]	Time 1.068 (1.071)	Data 0.000 (0.001)	Loss 1.9675 (1.5428)	Prec@1 28.125 (44.848)	Prec@5 81.250 (88.714)
2025-06-02 10:52:26,575 - my_logger - INFO - Train Epoch: [15][250/391]	Time 1.073 (1.070)	Data 0.000 (0.001)	Loss 1.9127 (1.5397)	Prec@1 23.438 (45.001)	Prec@5 84.375 (88.761)
2025-06-02 10:53:20,108 - my_logger - INFO - Train Epoch: [15][300/391]	Time 1.071 (1.070)	Data 0.000 (0.001)	Loss 1.8491 (1.5413)	Prec@1 28.125 (44.948)	Prec@5 86.719 (88.746)
2025-06-02 10:54:13,675 - my_logger - INFO - Train Epoch: [15][350/391]	Time 1.071 (1.071)	Data 0.000 (0.001)	Loss 1.8154 (1.5407)	Prec@1 39.844 (45.075)	Prec@5 81.250 (88.764)
2025-06-02 10:54:56,364 - my_logger - INFO - Test: [0/79]	Time 0.190 (0.190)	Loss 0.8294 (0.8294)	Prec@1 78.125 (78.125)	Prec@5 100.000 (100.000)
2025-06-02 10:54:56,721 - my_logger - INFO - Test: [10/79]	Time 0.036 (0.050)	Loss 0.8228 (0.8316)	Prec@1 71.094 (73.509)	Prec@5 96.094 (99.006)
2025-06-02 10:54:57,079 - my_logger - INFO - Test: [20/79]	Time 0.036 (0.043)	Loss 0.8288 (0.8499)	Prec@1 71.875 (73.140)	Prec@5 98.438 (98.289)
2025-06-02 10:54:57,436 - my_logger - INFO - Test: [30/79]	Time 0.036 (0.041)	Loss 0.7432 (0.8511)	Prec@1 75.781 (73.135)	Prec@5 99.219 (98.185)
2025-06-02 10:54:57,795 - my_logger - INFO - Test: [40/79]	Time 0.036 (0.040)	Loss 0.8848 (0.8497)	Prec@1 73.438 (73.171)	Prec@5 97.656 (98.037)
2025-06-02 10:54:58,152 - my_logger - INFO - Test: [50/79]	Time 0.036 (0.039)	Loss 0.8466 (0.8538)	Prec@1 72.656 (72.917)	Prec@5 98.438 (98.055)
2025-06-02 10:54:58,509 - my_logger - INFO - Test: [60/79]	Time 0.036 (0.038)	Loss 0.9075 (0.8550)	Prec@1 71.094 (73.079)	Prec@5 95.312 (97.900)
2025-06-02 10:54:58,866 - my_logger - INFO - Test: [70/79]	Time 0.036 (0.038)	Loss 0.7896 (0.8554)	Prec@1 75.781 (72.986)	Prec@5 100.000 (97.942)
2025-06-02 10:54:59,162 - my_logger - INFO -  * Prec@1 73.160 Prec@5 97.890
2025-06-02 10:55:08,241 - my_logger - INFO - Saved best model with accuracy 73.16%
2025-06-02 10:55:08,242 - my_logger - INFO - Learning rate set to 1.0000000000000003e-05
2025-06-02 10:55:09,450 - my_logger - INFO - Train Epoch: [16][0/391]	Time 1.207 (1.207)	Data 0.204 (0.204)	Loss 1.7981 (1.4210)	Prec@1 34.375 (50.781)	Prec@5 82.812 (89.062)
2025-06-02 10:56:02,979 - my_logger - INFO - Train Epoch: [16][50/391]	Time 1.069 (1.073)	Data 0.000 (0.004)	Loss 1.8756 (1.5356)	Prec@1 34.375 (44.974)	Prec@5 84.375 (88.892)
2025-06-02 10:56:56,540 - my_logger - INFO - Train Epoch: [16][100/391]	Time 1.075 (1.072)	Data 0.000 (0.002)	Loss 1.8684 (1.5281)	Prec@1 31.250 (45.629)	Prec@5 78.906 (88.907)
2025-06-02 10:57:50,074 - my_logger - INFO - Train Epoch: [16][150/391]	Time 1.075 (1.072)	Data 0.000 (0.002)	Loss 2.0291 (1.5309)	Prec@1 27.344 (45.423)	Prec@5 81.250 (88.980)
2025-06-02 10:58:43,648 - my_logger - INFO - Train Epoch: [16][200/391]	Time 1.066 (1.072)	Data 0.000 (0.001)	Loss 1.9110 (1.5290)	Prec@1 28.906 (45.437)	Prec@5 85.938 (89.085)
2025-06-02 10:59:37,161 - my_logger - INFO - Train Epoch: [16][250/391]	Time 1.069 (1.071)	Data 0.000 (0.001)	Loss 1.8149 (1.5295)	Prec@1 27.344 (45.446)	Prec@5 85.938 (89.003)
2025-06-02 11:00:30,660 - my_logger - INFO - Train Epoch: [16][300/391]	Time 1.070 (1.071)	Data 0.000 (0.001)	Loss 1.9220 (1.5317)	Prec@1 27.344 (45.363)	Prec@5 84.375 (88.993)
2025-06-02 11:01:24,151 - my_logger - INFO - Train Epoch: [16][350/391]	Time 1.070 (1.071)	Data 0.000 (0.001)	Loss 2.0592 (1.5326)	Prec@1 28.125 (45.336)	Prec@5 76.562 (88.937)
2025-06-02 11:02:06,883 - my_logger - INFO - Test: [0/79]	Time 0.201 (0.201)	Loss 0.7900 (0.7900)	Prec@1 79.688 (79.688)	Prec@5 100.000 (100.000)
2025-06-02 11:02:07,241 - my_logger - INFO - Test: [10/79]	Time 0.036 (0.051)	Loss 0.7797 (0.7967)	Prec@1 71.875 (74.219)	Prec@5 96.094 (98.935)
2025-06-02 11:02:07,598 - my_logger - INFO - Test: [20/79]	Time 0.036 (0.044)	Loss 0.7885 (0.8148)	Prec@1 71.875 (73.624)	Prec@5 99.219 (98.438)
2025-06-02 11:02:07,955 - my_logger - INFO - Test: [30/79]	Time 0.036 (0.041)	Loss 0.7071 (0.8150)	Prec@1 78.125 (73.816)	Prec@5 99.219 (98.337)
2025-06-02 11:02:08,312 - my_logger - INFO - Test: [40/79]	Time 0.036 (0.040)	Loss 0.8445 (0.8136)	Prec@1 74.219 (73.895)	Prec@5 98.438 (98.285)
2025-06-02 11:02:08,669 - my_logger - INFO - Test: [50/79]	Time 0.036 (0.039)	Loss 0.8198 (0.8177)	Prec@1 73.438 (73.667)	Prec@5 98.438 (98.269)
2025-06-02 11:02:09,026 - my_logger - INFO - Test: [60/79]	Time 0.036 (0.038)	Loss 0.8709 (0.8180)	Prec@1 71.875 (73.860)	Prec@5 96.094 (98.117)
2025-06-02 11:02:09,383 - my_logger - INFO - Test: [70/79]	Time 0.036 (0.038)	Loss 0.7586 (0.8197)	Prec@1 77.344 (73.658)	Prec@5 100.000 (98.184)
2025-06-02 11:02:09,683 - my_logger - INFO -  * Prec@1 73.830 Prec@5 98.180
2025-06-02 11:02:18,488 - my_logger - INFO - Saved best model with accuracy 73.83%
2025-06-02 11:02:18,489 - my_logger - INFO - Learning rate set to 1.0000000000000003e-05
2025-06-02 11:02:19,701 - my_logger - INFO - Train Epoch: [17][0/391]	Time 1.210 (1.210)	Data 0.207 (0.207)	Loss 1.9699 (1.5793)	Prec@1 33.594 (46.387)	Prec@5 78.906 (85.449)
2025-06-02 11:03:13,264 - my_logger - INFO - Train Epoch: [17][50/391]	Time 1.068 (1.074)	Data 0.000 (0.004)	Loss 1.9300 (1.5516)	Prec@1 32.031 (44.617)	Prec@5 82.031 (88.519)
2025-06-02 11:04:06,846 - my_logger - INFO - Train Epoch: [17][100/391]	Time 1.075 (1.073)	Data 0.000 (0.002)	Loss 1.7997 (1.5411)	Prec@1 28.906 (44.957)	Prec@5 83.594 (88.818)
2025-06-02 11:05:00,349 - my_logger - INFO - Train Epoch: [17][150/391]	Time 1.069 (1.072)	Data 0.000 (0.002)	Loss 2.0070 (1.5393)	Prec@1 29.688 (45.130)	Prec@5 80.469 (88.794)
2025-06-02 11:05:53,860 - my_logger - INFO - Train Epoch: [17][200/391]	Time 1.071 (1.071)	Data 0.000 (0.001)	Loss 1.8948 (1.5341)	Prec@1 25.000 (45.221)	Prec@5 82.031 (88.816)
2025-06-02 11:06:47,415 - my_logger - INFO - Train Epoch: [17][250/391]	Time 1.074 (1.071)	Data 0.000 (0.001)	Loss 1.8036 (1.5356)	Prec@1 34.375 (45.265)	Prec@5 81.250 (88.727)
2025-06-02 11:07:40,950 - my_logger - INFO - Train Epoch: [17][300/391]	Time 1.068 (1.071)	Data 0.000 (0.001)	Loss 1.9095 (1.5299)	Prec@1 27.344 (45.412)	Prec@5 85.938 (88.904)
2025-06-02 11:08:34,467 - my_logger - INFO - Train Epoch: [17][350/391]	Time 1.068 (1.071)	Data 0.000 (0.001)	Loss 2.0302 (1.5319)	Prec@1 29.688 (45.371)	Prec@5 82.812 (88.895)
2025-06-02 11:09:17,186 - my_logger - INFO - Test: [0/79]	Time 0.192 (0.192)	Loss 0.8200 (0.8200)	Prec@1 78.125 (78.125)	Prec@5 100.000 (100.000)
2025-06-02 11:09:17,544 - my_logger - INFO - Test: [10/79]	Time 0.036 (0.050)	Loss 0.8078 (0.8194)	Prec@1 72.656 (73.224)	Prec@5 96.094 (99.006)
2025-06-02 11:09:17,901 - my_logger - INFO - Test: [20/79]	Time 0.036 (0.043)	Loss 0.8141 (0.8373)	Prec@1 71.094 (72.917)	Prec@5 99.219 (98.363)
2025-06-02 11:09:18,258 - my_logger - INFO - Test: [30/79]	Time 0.036 (0.041)	Loss 0.7330 (0.8380)	Prec@1 78.906 (73.110)	Prec@5 99.219 (98.286)
2025-06-02 11:09:18,615 - my_logger - INFO - Test: [40/79]	Time 0.036 (0.040)	Loss 0.8710 (0.8362)	Prec@1 74.219 (73.361)	Prec@5 98.438 (98.171)
2025-06-02 11:09:18,972 - my_logger - INFO - Test: [50/79]	Time 0.036 (0.039)	Loss 0.8299 (0.8403)	Prec@1 73.438 (73.039)	Prec@5 97.656 (98.146)
2025-06-02 11:09:19,329 - my_logger - INFO - Test: [60/79]	Time 0.036 (0.038)	Loss 0.8909 (0.8416)	Prec@1 71.875 (73.297)	Prec@5 96.094 (97.989)
2025-06-02 11:09:19,686 - my_logger - INFO - Test: [70/79]	Time 0.036 (0.038)	Loss 0.7802 (0.8427)	Prec@1 77.344 (73.261)	Prec@5 100.000 (98.052)
2025-06-02 11:09:19,988 - my_logger - INFO -  * Prec@1 73.410 Prec@5 98.030
2025-06-02 11:09:19,988 - my_logger - INFO - Learning rate set to 1.0000000000000003e-05
2025-06-02 11:09:21,170 - my_logger - INFO - Train Epoch: [18][0/391]	Time 1.181 (1.181)	Data 0.182 (0.182)	Loss 2.3589 (1.8635)	Prec@1 16.406 (32.715)	Prec@5 80.469 (87.305)
2025-06-02 11:10:14,669 - my_logger - INFO - Train Epoch: [18][50/391]	Time 1.071 (1.072)	Data 0.000 (0.004)	Loss 1.9504 (1.5422)	Prec@1 29.688 (45.041)	Prec@5 82.031 (88.852)
2025-06-02 11:11:08,158 - my_logger - INFO - Train Epoch: [18][100/391]	Time 1.069 (1.071)	Data 0.000 (0.002)	Loss 1.9543 (1.5354)	Prec@1 32.812 (44.996)	Prec@5 85.156 (89.162)
2025-06-02 11:12:01,650 - my_logger - INFO - Train Epoch: [18][150/391]	Time 1.069 (1.071)	Data 0.000 (0.002)	Loss 2.0202 (1.5366)	Prec@1 19.531 (44.970)	Prec@5 79.688 (89.060)
2025-06-02 11:12:55,131 - my_logger - INFO - Train Epoch: [18][200/391]	Time 1.069 (1.070)	Data 0.000 (0.001)	Loss 1.8985 (1.5313)	Prec@1 32.031 (45.220)	Prec@5 85.938 (89.080)
2025-06-02 11:13:48,722 - my_logger - INFO - Train Epoch: [18][250/391]	Time 1.073 (1.071)	Data 0.000 (0.001)	Loss 1.9489 (1.5299)	Prec@1 28.125 (45.172)	Prec@5 80.469 (89.150)
2025-06-02 11:14:42,314 - my_logger - INFO - Train Epoch: [18][300/391]	Time 1.071 (1.071)	Data 0.000 (0.001)	Loss 1.9324 (1.5288)	Prec@1 30.469 (45.307)	Prec@5 78.906 (89.142)
2025-06-02 11:15:35,948 - my_logger - INFO - Train Epoch: [18][350/391]	Time 1.079 (1.071)	Data 0.000 (0.001)	Loss 2.0700 (1.5307)	Prec@1 21.875 (45.202)	Prec@5 78.125 (89.044)
2025-06-02 11:16:18,705 - my_logger - INFO - Test: [0/79]	Time 0.183 (0.183)	Loss 0.8314 (0.8314)	Prec@1 77.344 (77.344)	Prec@5 99.219 (99.219)
2025-06-02 11:16:19,063 - my_logger - INFO - Test: [10/79]	Time 0.036 (0.049)	Loss 0.7978 (0.8241)	Prec@1 72.656 (73.082)	Prec@5 96.875 (99.006)
2025-06-02 11:16:19,421 - my_logger - INFO - Test: [20/79]	Time 0.036 (0.043)	Loss 0.8277 (0.8407)	Prec@1 73.438 (73.512)	Prec@5 98.438 (98.475)
2025-06-02 11:16:19,778 - my_logger - INFO - Test: [30/79]	Time 0.036 (0.041)	Loss 0.7241 (0.8410)	Prec@1 77.344 (73.513)	Prec@5 99.219 (98.311)
2025-06-02 11:16:20,135 - my_logger - INFO - Test: [40/79]	Time 0.036 (0.039)	Loss 0.8736 (0.8398)	Prec@1 68.750 (73.628)	Prec@5 98.438 (98.209)
2025-06-02 11:16:20,493 - my_logger - INFO - Test: [50/79]	Time 0.036 (0.039)	Loss 0.8675 (0.8435)	Prec@1 70.312 (73.453)	Prec@5 97.656 (98.162)
2025-06-02 11:16:20,850 - my_logger - INFO - Test: [60/79]	Time 0.036 (0.038)	Loss 0.8637 (0.8445)	Prec@1 73.438 (73.681)	Prec@5 96.875 (98.066)
2025-06-02 11:16:21,207 - my_logger - INFO - Test: [70/79]	Time 0.036 (0.038)	Loss 0.7999 (0.8472)	Prec@1 75.000 (73.493)	Prec@5 100.000 (98.118)
2025-06-02 11:16:21,510 - my_logger - INFO -  * Prec@1 73.680 Prec@5 98.140
2025-06-02 11:16:21,510 - my_logger - INFO - Learning rate set to 1.0000000000000003e-05
2025-06-02 11:16:22,684 - my_logger - INFO - Train Epoch: [19][0/391]	Time 1.173 (1.173)	Data 0.180 (0.180)	Loss 1.9555 (1.5431)	Prec@1 30.469 (45.117)	Prec@5 84.375 (90.430)
2025-06-02 11:17:16,211 - my_logger - INFO - Train Epoch: [19][50/391]	Time 1.076 (1.073)	Data 0.000 (0.004)	Loss 1.7694 (1.5365)	Prec@1 30.469 (44.324)	Prec@5 83.594 (88.905)
2025-06-02 11:18:09,746 - my_logger - INFO - Train Epoch: [19][100/391]	Time 1.068 (1.072)	Data 0.000 (0.002)	Loss 1.9894 (1.5335)	Prec@1 26.562 (44.847)	Prec@5 82.031 (88.846)
2025-06-02 11:19:03,264 - my_logger - INFO - Train Epoch: [19][150/391]	Time 1.068 (1.071)	Data 0.000 (0.002)	Loss 1.7984 (1.5313)	Prec@1 31.250 (44.885)	Prec@5 88.281 (89.094)
2025-06-02 11:19:56,775 - my_logger - INFO - Train Epoch: [19][200/391]	Time 1.069 (1.071)	Data 0.000 (0.001)	Loss 1.8370 (1.5318)	Prec@1 29.688 (44.924)	Prec@5 81.250 (89.007)
2025-06-02 11:20:50,287 - my_logger - INFO - Train Epoch: [19][250/391]	Time 1.065 (1.071)	Data 0.001 (0.001)	Loss 2.0481 (1.5338)	Prec@1 22.656 (44.922)	Prec@5 81.250 (88.961)
2025-06-02 11:21:43,810 - my_logger - INFO - Train Epoch: [19][300/391]	Time 1.070 (1.071)	Data 0.000 (0.001)	Loss 1.9299 (1.5347)	Prec@1 30.469 (44.960)	Prec@5 80.469 (88.944)
2025-06-02 11:22:37,333 - my_logger - INFO - Train Epoch: [19][350/391]	Time 1.073 (1.071)	Data 0.000 (0.001)	Loss 1.9225 (1.5331)	Prec@1 25.781 (44.992)	Prec@5 82.031 (89.004)
2025-06-02 11:23:20,048 - my_logger - INFO - Test: [0/79]	Time 0.193 (0.193)	Loss 0.8323 (0.8323)	Prec@1 78.125 (78.125)	Prec@5 100.000 (100.000)
2025-06-02 11:23:20,406 - my_logger - INFO - Test: [10/79]	Time 0.036 (0.050)	Loss 0.7921 (0.8217)	Prec@1 72.656 (73.722)	Prec@5 96.094 (99.006)
2025-06-02 11:23:20,763 - my_logger - INFO - Test: [20/79]	Time 0.036 (0.043)	Loss 0.8235 (0.8367)	Prec@1 71.875 (73.847)	Prec@5 98.438 (98.475)
2025-06-02 11:23:21,121 - my_logger - INFO - Test: [30/79]	Time 0.036 (0.041)	Loss 0.7289 (0.8371)	Prec@1 79.688 (73.765)	Prec@5 99.219 (98.337)
2025-06-02 11:23:21,478 - my_logger - INFO - Test: [40/79]	Time 0.036 (0.040)	Loss 0.8753 (0.8354)	Prec@1 73.438 (73.895)	Prec@5 99.219 (98.228)
2025-06-02 11:23:21,835 - my_logger - INFO - Test: [50/79]	Time 0.036 (0.039)	Loss 0.8545 (0.8395)	Prec@1 72.656 (73.637)	Prec@5 96.875 (98.192)
2025-06-02 11:23:22,193 - my_logger - INFO - Test: [60/79]	Time 0.036 (0.038)	Loss 0.8784 (0.8403)	Prec@1 73.438 (73.860)	Prec@5 96.875 (98.053)
2025-06-02 11:23:22,550 - my_logger - INFO - Test: [70/79]	Time 0.036 (0.038)	Loss 0.7915 (0.8416)	Prec@1 77.344 (73.812)	Prec@5 100.000 (98.107)
2025-06-02 11:23:22,852 - my_logger - INFO -  * Prec@1 73.910 Prec@5 98.110
2025-06-02 11:23:31,717 - my_logger - INFO - Saved best model with accuracy 73.91%
2025-06-02 11:23:31,717 - my_logger - INFO - Learning rate set to 1.0000000000000004e-06
2025-06-02 11:23:32,940 - my_logger - INFO - Train Epoch: [20][0/391]	Time 1.221 (1.221)	Data 0.214 (0.214)	Loss 1.8798 (1.5063)	Prec@1 35.938 (47.461)	Prec@5 78.125 (85.059)
2025-06-02 11:24:26,525 - my_logger - INFO - Train Epoch: [20][50/391]	Time 1.068 (1.075)	Data 0.000 (0.005)	Loss 1.9426 (1.5271)	Prec@1 30.469 (45.448)	Prec@5 82.812 (88.812)
2025-06-02 11:25:20,037 - my_logger - INFO - Train Epoch: [20][100/391]	Time 1.066 (1.072)	Data 0.000 (0.002)	Loss 2.0416 (1.5237)	Prec@1 28.906 (45.513)	Prec@5 76.562 (88.947)
2025-06-02 11:26:13,573 - my_logger - INFO - Train Epoch: [20][150/391]	Time 1.068 (1.072)	Data 0.000 (0.002)	Loss 1.9810 (1.5195)	Prec@1 27.344 (45.660)	Prec@5 85.156 (89.055)
2025-06-02 11:27:07,097 - my_logger - INFO - Train Epoch: [20][200/391]	Time 1.068 (1.072)	Data 0.000 (0.001)	Loss 1.7673 (1.5212)	Prec@1 32.812 (45.602)	Prec@5 86.719 (89.064)
2025-06-02 11:28:00,614 - my_logger - INFO - Train Epoch: [20][250/391]	Time 1.070 (1.071)	Data 0.000 (0.001)	Loss 2.0924 (1.5241)	Prec@1 28.125 (45.545)	Prec@5 78.125 (89.094)
2025-06-02 11:28:54,148 - my_logger - INFO - Train Epoch: [20][300/391]	Time 1.072 (1.071)	Data 0.000 (0.001)	Loss 1.8867 (1.5238)	Prec@1 31.250 (45.595)	Prec@5 85.156 (89.055)
2025-06-02 11:29:47,691 - my_logger - INFO - Train Epoch: [20][350/391]	Time 1.066 (1.071)	Data 0.000 (0.001)	Loss 1.7897 (1.5246)	Prec@1 34.375 (45.553)	Prec@5 86.719 (89.031)
2025-06-02 11:30:30,406 - my_logger - INFO - Test: [0/79]	Time 0.198 (0.198)	Loss 0.8377 (0.8377)	Prec@1 78.125 (78.125)	Prec@5 99.219 (99.219)
2025-06-02 11:30:30,764 - my_logger - INFO - Test: [10/79]	Time 0.036 (0.051)	Loss 0.7872 (0.8215)	Prec@1 72.656 (74.219)	Prec@5 98.438 (99.219)
2025-06-02 11:30:31,122 - my_logger - INFO - Test: [20/79]	Time 0.036 (0.043)	Loss 0.8207 (0.8363)	Prec@1 70.312 (74.107)	Prec@5 99.219 (98.698)
2025-06-02 11:30:31,478 - my_logger - INFO - Test: [30/79]	Time 0.036 (0.041)	Loss 0.7301 (0.8362)	Prec@1 78.906 (74.143)	Prec@5 99.219 (98.513)
2025-06-02 11:30:31,836 - my_logger - INFO - Test: [40/79]	Time 0.037 (0.040)	Loss 0.8722 (0.8348)	Prec@1 74.219 (74.409)	Prec@5 98.438 (98.399)
2025-06-02 11:30:32,193 - my_logger - INFO - Test: [50/79]	Time 0.036 (0.039)	Loss 0.8499 (0.8391)	Prec@1 73.438 (74.142)	Prec@5 97.656 (98.330)
2025-06-02 11:30:32,550 - my_logger - INFO - Test: [60/79]	Time 0.036 (0.038)	Loss 0.8743 (0.8402)	Prec@1 72.656 (74.296)	Prec@5 95.312 (98.117)
2025-06-02 11:30:32,908 - my_logger - INFO - Test: [70/79]	Time 0.036 (0.038)	Loss 0.7890 (0.8417)	Prec@1 75.000 (74.186)	Prec@5 100.000 (98.173)
2025-06-02 11:30:33,202 - my_logger - INFO -  * Prec@1 74.370 Prec@5 98.200
2025-06-02 11:30:41,982 - my_logger - INFO - Saved best model with accuracy 74.37%
2025-06-02 11:30:41,983 - my_logger - INFO - Learning rate set to 1.0000000000000004e-06
2025-06-02 11:30:43,189 - my_logger - INFO - Train Epoch: [21][0/391]	Time 1.205 (1.205)	Data 0.202 (0.202)	Loss 2.0372 (1.5868)	Prec@1 23.438 (39.062)	Prec@5 74.219 (85.547)
2025-06-02 11:31:36,757 - my_logger - INFO - Train Epoch: [21][50/391]	Time 1.073 (1.074)	Data 0.000 (0.004)	Loss 2.0841 (1.5286)	Prec@1 27.344 (45.956)	Prec@5 82.812 (88.838)
2025-06-02 11:32:30,308 - my_logger - INFO - Train Epoch: [21][100/391]	Time 1.070 (1.073)	Data 0.000 (0.002)	Loss 1.9772 (1.5332)	Prec@1 26.562 (45.452)	Prec@5 82.031 (88.644)
2025-06-02 11:33:23,860 - my_logger - INFO - Train Epoch: [21][150/391]	Time 1.067 (1.072)	Data 0.000 (0.002)	Loss 1.7571 (1.5357)	Prec@1 35.938 (45.164)	Prec@5 83.594 (88.798)
2025-06-02 11:34:17,422 - my_logger - INFO - Train Epoch: [21][200/391]	Time 1.070 (1.072)	Data 0.000 (0.001)	Loss 1.9800 (1.5337)	Prec@1 27.344 (45.307)	Prec@5 82.031 (88.922)
2025-06-02 11:35:11,021 - my_logger - INFO - Train Epoch: [21][250/391]	Time 1.071 (1.072)	Data 0.000 (0.001)	Loss 1.9759 (1.5341)	Prec@1 29.688 (45.218)	Prec@5 82.031 (88.985)
2025-06-02 11:36:04,687 - my_logger - INFO - Train Epoch: [21][300/391]	Time 1.077 (1.072)	Data 0.000 (0.001)	Loss 2.0020 (1.5352)	Prec@1 32.031 (45.217)	Prec@5 76.562 (88.869)
2025-06-02 11:36:58,365 - my_logger - INFO - Train Epoch: [21][350/391]	Time 1.073 (1.072)	Data 0.000 (0.001)	Loss 2.1241 (1.5370)	Prec@1 25.000 (45.222)	Prec@5 72.656 (88.825)
2025-06-02 11:37:41,222 - my_logger - INFO - Test: [0/79]	Time 0.199 (0.199)	Loss 0.8095 (0.8095)	Prec@1 78.125 (78.125)	Prec@5 100.000 (100.000)
2025-06-02 11:37:41,580 - my_logger - INFO - Test: [10/79]	Time 0.036 (0.051)	Loss 0.7997 (0.8165)	Prec@1 71.875 (74.290)	Prec@5 96.875 (99.006)
2025-06-02 11:37:41,939 - my_logger - INFO - Test: [20/79]	Time 0.036 (0.044)	Loss 0.8138 (0.8334)	Prec@1 69.531 (73.958)	Prec@5 99.219 (98.438)
2025-06-02 11:37:42,296 - my_logger - INFO - Test: [30/79]	Time 0.036 (0.041)	Loss 0.7286 (0.8334)	Prec@1 78.125 (74.017)	Prec@5 99.219 (98.337)
2025-06-02 11:37:42,654 - my_logger - INFO - Test: [40/79]	Time 0.036 (0.040)	Loss 0.8717 (0.8325)	Prec@1 73.438 (74.181)	Prec@5 98.438 (98.247)
2025-06-02 11:37:43,012 - my_logger - INFO - Test: [50/79]	Time 0.036 (0.039)	Loss 0.8287 (0.8365)	Prec@1 73.438 (73.928)	Prec@5 98.438 (98.269)
2025-06-02 11:37:43,370 - my_logger - INFO - Test: [60/79]	Time 0.036 (0.038)	Loss 0.8775 (0.8365)	Prec@1 72.656 (74.052)	Prec@5 96.875 (98.156)
2025-06-02 11:37:43,727 - my_logger - INFO - Test: [70/79]	Time 0.036 (0.038)	Loss 0.7747 (0.8375)	Prec@1 75.781 (74.032)	Prec@5 100.000 (98.217)
2025-06-02 11:37:44,023 - my_logger - INFO -  * Prec@1 74.150 Prec@5 98.210
2025-06-02 11:37:44,024 - my_logger - INFO - Learning rate set to 1.0000000000000004e-06
2025-06-02 11:37:45,196 - my_logger - INFO - Train Epoch: [22][0/391]	Time 1.171 (1.171)	Data 0.174 (0.174)	Loss 1.9952 (1.5476)	Prec@1 26.562 (45.410)	Prec@5 85.938 (89.551)
2025-06-02 11:38:38,870 - my_logger - INFO - Train Epoch: [22][50/391]	Time 1.070 (1.075)	Data 0.000 (0.004)	Loss 1.9758 (1.5236)	Prec@1 29.688 (45.552)	Prec@5 78.906 (89.419)
2025-06-02 11:39:32,484 - my_logger - INFO - Train Epoch: [22][100/391]	Time 1.069 (1.074)	Data 0.000 (0.002)	Loss 1.9184 (1.5296)	Prec@1 25.781 (45.467)	Prec@5 83.594 (89.215)
2025-06-02 11:40:26,184 - my_logger - INFO - Train Epoch: [22][150/391]	Time 1.071 (1.074)	Data 0.000 (0.002)	Loss 1.9535 (1.5323)	Prec@1 27.344 (45.392)	Prec@5 86.719 (89.030)
2025-06-02 11:41:19,900 - my_logger - INFO - Train Epoch: [22][200/391]	Time 1.066 (1.074)	Data 0.000 (0.001)	Loss 2.0707 (1.5291)	Prec@1 25.781 (45.396)	Prec@5 79.688 (89.096)
2025-06-02 11:42:13,776 - my_logger - INFO - Train Epoch: [22][250/391]	Time 1.074 (1.075)	Data 0.000 (0.001)	Loss 2.0395 (1.5315)	Prec@1 27.344 (45.325)	Prec@5 75.781 (88.967)
2025-06-02 11:43:07,588 - my_logger - INFO - Train Epoch: [22][300/391]	Time 1.071 (1.075)	Data 0.000 (0.001)	Loss 1.9620 (1.5332)	Prec@1 28.125 (45.265)	Prec@5 82.812 (88.997)
2025-06-02 11:44:01,455 - my_logger - INFO - Train Epoch: [22][350/391]	Time 1.081 (1.075)	Data 0.000 (0.001)	Loss 1.9694 (1.5348)	Prec@1 28.906 (45.269)	Prec@5 77.344 (88.895)
2025-06-02 11:44:44,317 - my_logger - INFO - Test: [0/79]	Time 0.176 (0.176)	Loss 0.8288 (0.8288)	Prec@1 76.562 (76.562)	Prec@5 99.219 (99.219)
2025-06-02 11:44:44,676 - my_logger - INFO - Test: [10/79]	Time 0.036 (0.049)	Loss 0.8116 (0.8247)	Prec@1 71.094 (73.295)	Prec@5 97.656 (99.148)
2025-06-02 11:44:45,035 - my_logger - INFO - Test: [20/79]	Time 0.036 (0.043)	Loss 0.8237 (0.8445)	Prec@1 72.656 (72.842)	Prec@5 98.438 (98.177)
2025-06-02 11:44:45,392 - my_logger - INFO - Test: [30/79]	Time 0.036 (0.040)	Loss 0.7420 (0.8457)	Prec@1 74.219 (72.984)	Prec@5 99.219 (98.034)
2025-06-02 11:44:45,750 - my_logger - INFO - Test: [40/79]	Time 0.036 (0.039)	Loss 0.8811 (0.8451)	Prec@1 74.219 (72.999)	Prec@5 96.875 (97.885)
2025-06-02 11:44:46,107 - my_logger - INFO - Test: [50/79]	Time 0.036 (0.039)	Loss 0.8421 (0.8488)	Prec@1 71.875 (72.733)	Prec@5 98.438 (97.947)
2025-06-02 11:44:46,465 - my_logger - INFO - Test: [60/79]	Time 0.036 (0.038)	Loss 0.9118 (0.8501)	Prec@1 71.094 (72.874)	Prec@5 96.094 (97.810)
2025-06-02 11:44:46,823 - my_logger - INFO - Test: [70/79]	Time 0.036 (0.038)	Loss 0.7866 (0.8496)	Prec@1 77.344 (72.909)	Prec@5 100.000 (97.876)
2025-06-02 11:44:47,126 - my_logger - INFO -  * Prec@1 72.960 Prec@5 97.810
2025-06-02 11:44:47,126 - my_logger - INFO - Learning rate set to 1.0000000000000004e-06
2025-06-02 11:44:48,299 - my_logger - INFO - Train Epoch: [23][0/391]	Time 1.172 (1.172)	Data 0.176 (0.176)	Loss 1.9809 (1.5713)	Prec@1 28.125 (42.871)	Prec@5 77.344 (85.840)
2025-06-02 11:45:42,025 - my_logger - INFO - Train Epoch: [23][50/391]	Time 1.070 (1.076)	Data 0.000 (0.004)	Loss 1.8655 (1.5322)	Prec@1 30.469 (45.736)	Prec@5 82.812 (88.538)
2025-06-02 11:46:35,831 - my_logger - INFO - Train Epoch: [23][100/391]	Time 1.071 (1.076)	Data 0.000 (0.002)	Loss 1.8892 (1.5288)	Prec@1 26.562 (45.787)	Prec@5 79.688 (88.831)
2025-06-02 11:47:29,589 - my_logger - INFO - Train Epoch: [23][150/391]	Time 1.074 (1.076)	Data 0.000 (0.002)	Loss 2.0381 (1.5328)	Prec@1 26.562 (45.624)	Prec@5 83.594 (88.803)
2025-06-02 11:48:23,303 - my_logger - INFO - Train Epoch: [23][200/391]	Time 1.072 (1.075)	Data 0.000 (0.001)	Loss 1.9771 (1.5349)	Prec@1 26.562 (45.463)	Prec@5 76.562 (88.736)
2025-06-02 11:49:16,989 - my_logger - INFO - Train Epoch: [23][250/391]	Time 1.075 (1.075)	Data 0.000 (0.001)	Loss 1.8738 (1.5334)	Prec@1 26.562 (45.434)	Prec@5 82.031 (88.803)
2025-06-02 11:50:10,695 - my_logger - INFO - Train Epoch: [23][300/391]	Time 1.076 (1.075)	Data 0.000 (0.001)	Loss 1.8882 (1.5342)	Prec@1 31.250 (45.297)	Prec@5 85.156 (88.861)
2025-06-02 11:51:04,378 - my_logger - INFO - Train Epoch: [23][350/391]	Time 1.072 (1.075)	Data 0.000 (0.001)	Loss 1.8754 (1.5331)	Prec@1 33.594 (45.245)	Prec@5 80.469 (88.901)
2025-06-02 11:51:47,197 - my_logger - INFO - Test: [0/79]	Time 0.204 (0.204)	Loss 0.8093 (0.8093)	Prec@1 78.125 (78.125)	Prec@5 100.000 (100.000)
2025-06-02 11:51:47,555 - my_logger - INFO - Test: [10/79]	Time 0.036 (0.051)	Loss 0.8079 (0.8155)	Prec@1 71.094 (73.580)	Prec@5 96.094 (99.006)
2025-06-02 11:51:47,914 - my_logger - INFO - Test: [20/79]	Time 0.036 (0.044)	Loss 0.8110 (0.8337)	Prec@1 72.656 (73.624)	Prec@5 99.219 (98.438)
2025-06-02 11:51:48,272 - my_logger - INFO - Test: [30/79]	Time 0.036 (0.041)	Loss 0.7321 (0.8355)	Prec@1 79.688 (73.614)	Prec@5 99.219 (98.286)
2025-06-02 11:51:48,630 - my_logger - INFO - Test: [40/79]	Time 0.036 (0.040)	Loss 0.8686 (0.8337)	Prec@1 74.219 (73.685)	Prec@5 98.438 (98.171)
2025-06-02 11:51:48,988 - my_logger - INFO - Test: [50/79]	Time 0.036 (0.039)	Loss 0.8323 (0.8377)	Prec@1 73.438 (73.422)	Prec@5 97.656 (98.146)
2025-06-02 11:51:49,346 - my_logger - INFO - Test: [60/79]	Time 0.036 (0.039)	Loss 0.8895 (0.8380)	Prec@1 72.656 (73.604)	Prec@5 96.094 (98.002)
2025-06-02 11:51:49,704 - my_logger - INFO - Test: [70/79]	Time 0.036 (0.038)	Loss 0.7771 (0.8387)	Prec@1 75.781 (73.471)	Prec@5 100.000 (98.063)
2025-06-02 11:51:50,007 - my_logger - INFO -  * Prec@1 73.620 Prec@5 98.030
2025-06-02 11:51:50,008 - my_logger - INFO - Learning rate set to 1.0000000000000005e-07
2025-06-02 11:51:51,208 - my_logger - INFO - Train Epoch: [24][0/391]	Time 1.199 (1.199)	Data 0.202 (0.202)	Loss 1.8113 (1.4546)	Prec@1 32.812 (47.363)	Prec@5 81.250 (88.770)
2025-06-02 11:52:44,764 - my_logger - INFO - Train Epoch: [24][50/391]	Time 1.068 (1.074)	Data 0.000 (0.004)	Loss 1.8378 (1.5476)	Prec@1 37.500 (44.989)	Prec@5 81.250 (88.852)
2025-06-02 11:53:38,357 - my_logger - INFO - Train Epoch: [24][100/391]	Time 1.076 (1.073)	Data 0.000 (0.002)	Loss 1.7416 (1.5413)	Prec@1 32.812 (45.266)	Prec@5 81.250 (88.941)
2025-06-02 11:54:31,959 - my_logger - INFO - Train Epoch: [24][150/391]	Time 1.070 (1.073)	Data 0.000 (0.002)	Loss 2.0395 (1.5373)	Prec@1 23.438 (45.428)	Prec@5 79.688 (88.865)
2025-06-02 11:55:25,584 - my_logger - INFO - Train Epoch: [24][200/391]	Time 1.072 (1.073)	Data 0.000 (0.001)	Loss 1.9866 (1.5388)	Prec@1 27.344 (45.361)	Prec@5 83.594 (88.786)
2025-06-02 11:56:19,295 - my_logger - INFO - Train Epoch: [24][250/391]	Time 1.073 (1.073)	Data 0.001 (0.001)	Loss 1.9568 (1.5357)	Prec@1 32.812 (45.360)	Prec@5 82.031 (88.815)
2025-06-02 11:57:13,016 - my_logger - INFO - Train Epoch: [24][300/391]	Time 1.070 (1.073)	Data 0.000 (0.001)	Loss 1.9149 (1.5333)	Prec@1 28.125 (45.330)	Prec@5 86.719 (88.822)
2025-06-02 11:58:06,746 - my_logger - INFO - Train Epoch: [24][350/391]	Time 1.073 (1.073)	Data 0.000 (0.001)	Loss 1.8410 (1.5328)	Prec@1 31.250 (45.254)	Prec@5 83.594 (88.849)
2025-06-02 11:58:49,546 - my_logger - INFO - Test: [0/79]	Time 0.187 (0.187)	Loss 0.8383 (0.8383)	Prec@1 78.125 (78.125)	Prec@5 99.219 (99.219)
2025-06-02 11:58:49,905 - my_logger - INFO - Test: [10/79]	Time 0.036 (0.050)	Loss 0.8047 (0.8288)	Prec@1 73.438 (73.722)	Prec@5 96.875 (99.077)
2025-06-02 11:58:50,264 - my_logger - INFO - Test: [20/79]	Time 0.036 (0.043)	Loss 0.8357 (0.8445)	Prec@1 69.531 (73.810)	Prec@5 97.656 (98.438)
2025-06-02 11:58:50,623 - my_logger - INFO - Test: [30/79]	Time 0.036 (0.041)	Loss 0.7320 (0.8449)	Prec@1 78.125 (73.891)	Prec@5 99.219 (98.337)
2025-06-02 11:58:50,981 - my_logger - INFO - Test: [40/79]	Time 0.036 (0.040)	Loss 0.8813 (0.8435)	Prec@1 72.656 (73.990)	Prec@5 99.219 (98.285)
2025-06-02 11:58:51,339 - my_logger - INFO - Test: [50/79]	Time 0.036 (0.039)	Loss 0.8707 (0.8477)	Prec@1 72.656 (73.683)	Prec@5 97.656 (98.208)
2025-06-02 11:58:51,697 - my_logger - INFO - Test: [60/79]	Time 0.036 (0.038)	Loss 0.8731 (0.8482)	Prec@1 75.000 (73.975)	Prec@5 97.656 (98.092)
2025-06-02 11:58:52,055 - my_logger - INFO - Test: [70/79]	Time 0.036 (0.038)	Loss 0.7953 (0.8502)	Prec@1 75.000 (73.823)	Prec@5 100.000 (98.129)
2025-06-02 11:58:52,352 - my_logger - INFO -  * Prec@1 73.970 Prec@5 98.120
2025-06-02 11:58:56,718 - my_logger - INFO - Training completed!
2025-06-02 11:58:56,718 - my_logger - INFO - Best top-1 accuracy: 74.37%
