2025-06-02 05:54:54,275 - my_logger - INFO - Using CIFAR-10 with 10 classes
2025-06-02 05:54:54,870 - my_logger - INFO - Learning rate set to 0.1
Training for 33 epochs with 6 repeats
2025-06-02 05:54:59,508 - my_logger - INFO - Train Epoch: [0][0/391]	Time 4.636 (4.636)	Data 0.351 (0.351)	Loss 1.6063 (1.8107)	Prec@1 46.094 (36.849)	Prec@5 92.969 (82.682)
2025-06-02 05:55:39,874 - my_logger - INFO - Train Epoch: [0][50/391]	Time 0.811 (0.882)	Data 0.000 (0.007)	Loss 2.1557 (2.3103)	Prec@1 17.969 (18.640)	Prec@5 71.094 (67.992)
2025-06-02 05:56:20,222 - my_logger - INFO - Train Epoch: [0][100/391]	Time 0.803 (0.845)	Data 0.000 (0.004)	Loss 2.2364 (2.2197)	Prec@1 11.719 (19.636)	Prec@5 63.281 (70.520)
2025-06-02 05:57:00,361 - my_logger - INFO - Train Epoch: [0][150/391]	Time 0.809 (0.831)	Data 0.000 (0.003)	Loss 2.0887 (2.1737)	Prec@1 30.469 (20.744)	Prec@5 72.656 (72.206)
2025-06-02 05:57:40,508 - my_logger - INFO - Train Epoch: [0][200/391]	Time 0.800 (0.824)	Data 0.000 (0.002)	Loss 2.2499 (2.1477)	Prec@1 15.625 (21.362)	Prec@5 68.750 (73.006)
2025-06-02 05:58:20,642 - my_logger - INFO - Train Epoch: [0][250/391]	Time 0.799 (0.820)	Data 0.000 (0.002)	Loss 2.0198 (2.1241)	Prec@1 23.438 (22.011)	Prec@5 79.688 (73.964)
2025-06-02 05:59:00,782 - my_logger - INFO - Train Epoch: [0][300/391]	Time 0.803 (0.817)	Data 0.000 (0.002)	Loss 2.0707 (2.1035)	Prec@1 20.312 (22.732)	Prec@5 71.094 (74.691)
2025-06-02 05:59:40,880 - my_logger - INFO - Train Epoch: [0][350/391]	Time 0.798 (0.815)	Data 0.000 (0.001)	Loss 2.1982 (2.0888)	Prec@1 17.969 (23.197)	Prec@5 74.219 (75.252)
2025-06-02 06:00:12,958 - my_logger - INFO - Test: [0/79]	Time 0.210 (0.210)	Loss 1.7483 (1.7483)	Prec@1 37.500 (37.500)	Prec@5 89.844 (89.844)
2025-06-02 06:00:13,315 - my_logger - INFO - Test: [10/79]	Time 0.036 (0.052)	Loss 1.7305 (1.7772)	Prec@1 36.719 (36.293)	Prec@5 88.281 (87.287)
2025-06-02 06:00:13,672 - my_logger - INFO - Test: [20/79]	Time 0.036 (0.044)	Loss 1.7856 (1.7751)	Prec@1 38.281 (35.751)	Prec@5 84.375 (86.682)
2025-06-02 06:00:14,029 - my_logger - INFO - Test: [30/79]	Time 0.036 (0.041)	Loss 1.6707 (1.7698)	Prec@1 43.750 (35.837)	Prec@5 89.844 (86.996)
2025-06-02 06:00:14,386 - my_logger - INFO - Test: [40/79]	Time 0.036 (0.040)	Loss 1.7969 (1.7701)	Prec@1 35.156 (35.823)	Prec@5 88.281 (87.176)
2025-06-02 06:00:14,742 - my_logger - INFO - Test: [50/79]	Time 0.036 (0.039)	Loss 1.8506 (1.7763)	Prec@1 35.156 (35.708)	Prec@5 84.375 (87.010)
2025-06-02 06:00:15,098 - my_logger - INFO - Test: [60/79]	Time 0.036 (0.039)	Loss 1.7097 (1.7771)	Prec@1 42.188 (35.656)	Prec@5 91.406 (87.103)
2025-06-02 06:00:15,455 - my_logger - INFO - Test: [70/79]	Time 0.036 (0.038)	Loss 1.7493 (1.7812)	Prec@1 36.719 (35.541)	Prec@5 89.062 (86.818)
2025-06-02 06:00:15,937 - my_logger - INFO -  * Prec@1 35.630 Prec@5 86.930
2025-06-02 06:00:24,598 - my_logger - INFO - Saved best model with accuracy 35.63%
2025-06-02 06:00:24,599 - my_logger - INFO - Learning rate set to 0.1
2025-06-02 06:00:25,545 - my_logger - INFO - Train Epoch: [1][0/391]	Time 0.945 (0.945)	Data 0.218 (0.218)	Loss 2.1887 (2.0574)	Prec@1 16.406 (21.354)	Prec@5 73.438 (77.865)
2025-06-02 06:01:05,696 - my_logger - INFO - Train Epoch: [1][50/391]	Time 0.802 (0.806)	Data 0.000 (0.005)	Loss 2.1087 (1.9646)	Prec@1 22.656 (27.599)	Prec@5 74.219 (79.984)
2025-06-02 06:01:45,815 - my_logger - INFO - Train Epoch: [1][100/391]	Time 0.801 (0.804)	Data 0.000 (0.003)	Loss 2.0788 (1.9584)	Prec@1 21.094 (28.001)	Prec@5 77.344 (79.858)
2025-06-02 06:02:25,952 - my_logger - INFO - Train Epoch: [1][150/391]	Time 0.804 (0.804)	Data 0.000 (0.002)	Loss 2.0647 (1.9509)	Prec@1 19.531 (28.292)	Prec@5 78.125 (80.228)
2025-06-02 06:03:06,074 - my_logger - INFO - Train Epoch: [1][200/391]	Time 0.798 (0.803)	Data 0.000 (0.001)	Loss 2.1758 (1.9481)	Prec@1 21.094 (28.326)	Prec@5 71.875 (80.306)
2025-06-02 06:03:46,175 - my_logger - INFO - Train Epoch: [1][250/391]	Time 0.800 (0.803)	Data 0.000 (0.001)	Loss 1.9699 (1.9432)	Prec@1 21.094 (28.604)	Prec@5 85.938 (80.487)
2025-06-02 06:04:26,291 - my_logger - INFO - Train Epoch: [1][300/391]	Time 0.803 (0.803)	Data 0.000 (0.001)	Loss 2.0427 (1.9395)	Prec@1 21.875 (28.736)	Prec@5 75.781 (80.553)
2025-06-02 06:05:06,378 - my_logger - INFO - Train Epoch: [1][350/391]	Time 0.803 (0.803)	Data 0.000 (0.001)	Loss 2.0126 (1.9348)	Prec@1 28.906 (28.915)	Prec@5 79.688 (80.676)
2025-06-02 06:05:38,419 - my_logger - INFO - Test: [0/79]	Time 0.185 (0.185)	Loss 1.5688 (1.5688)	Prec@1 43.750 (43.750)	Prec@5 90.625 (90.625)
2025-06-02 06:05:38,777 - my_logger - INFO - Test: [10/79]	Time 0.036 (0.049)	Loss 1.6069 (1.6020)	Prec@1 35.938 (40.412)	Prec@5 89.844 (91.264)
2025-06-02 06:05:39,135 - my_logger - INFO - Test: [20/79]	Time 0.036 (0.043)	Loss 1.5964 (1.6083)	Prec@1 38.281 (39.509)	Prec@5 88.281 (90.141)
2025-06-02 06:05:39,492 - my_logger - INFO - Test: [30/79]	Time 0.036 (0.041)	Loss 1.5073 (1.6080)	Prec@1 44.531 (39.592)	Prec@5 93.750 (90.171)
2025-06-02 06:05:39,849 - my_logger - INFO - Test: [40/79]	Time 0.036 (0.039)	Loss 1.6261 (1.6049)	Prec@1 35.938 (39.729)	Prec@5 91.406 (90.301)
2025-06-02 06:05:40,206 - my_logger - INFO - Test: [50/79]	Time 0.036 (0.039)	Loss 1.6148 (1.6095)	Prec@1 39.062 (39.706)	Prec@5 89.844 (90.211)
2025-06-02 06:05:40,563 - my_logger - INFO - Test: [60/79]	Time 0.036 (0.038)	Loss 1.4886 (1.6103)	Prec@1 49.219 (39.818)	Prec@5 89.062 (90.036)
2025-06-02 06:05:40,920 - my_logger - INFO - Test: [70/79]	Time 0.036 (0.038)	Loss 1.5518 (1.6176)	Prec@1 39.844 (39.360)	Prec@5 91.406 (89.998)
2025-06-02 06:05:41,209 - my_logger - INFO -  * Prec@1 39.640 Prec@5 90.100
2025-06-02 06:05:49,583 - my_logger - INFO - Saved best model with accuracy 39.64%
2025-06-02 06:05:49,584 - my_logger - INFO - Learning rate set to 0.1
2025-06-02 06:05:50,520 - my_logger - INFO - Train Epoch: [2][0/391]	Time 0.934 (0.934)	Data 0.200 (0.200)	Loss 2.0302 (1.9014)	Prec@1 24.219 (31.641)	Prec@5 78.906 (81.380)
2025-06-02 06:06:30,660 - my_logger - INFO - Train Epoch: [2][50/391]	Time 0.803 (0.805)	Data 0.001 (0.004)	Loss 2.0751 (1.8941)	Prec@1 28.125 (30.145)	Prec@5 75.781 (81.973)
2025-06-02 06:07:10,778 - my_logger - INFO - Train Epoch: [2][100/391]	Time 0.802 (0.804)	Data 0.000 (0.002)	Loss 2.0343 (1.8871)	Prec@1 29.688 (30.409)	Prec@5 82.031 (82.244)
2025-06-02 06:07:50,881 - my_logger - INFO - Train Epoch: [2][150/391]	Time 0.805 (0.803)	Data 0.000 (0.002)	Loss 1.9825 (1.8885)	Prec@1 26.562 (30.259)	Prec@5 78.906 (82.304)
2025-06-02 06:08:31,003 - my_logger - INFO - Train Epoch: [2][200/391]	Time 0.798 (0.803)	Data 0.000 (0.001)	Loss 2.0730 (1.8862)	Prec@1 19.531 (30.379)	Prec@5 78.125 (82.282)
2025-06-02 06:09:11,160 - my_logger - INFO - Train Epoch: [2][250/391]	Time 0.804 (0.803)	Data 0.000 (0.001)	Loss 1.9060 (1.8806)	Prec@1 28.906 (30.673)	Prec@5 82.031 (82.461)
2025-06-02 06:09:51,311 - my_logger - INFO - Train Epoch: [2][300/391]	Time 0.799 (0.803)	Data 0.000 (0.001)	Loss 1.9226 (1.8748)	Prec@1 30.469 (30.850)	Prec@5 84.375 (82.598)
2025-06-02 06:10:31,429 - my_logger - INFO - Train Epoch: [2][350/391]	Time 0.798 (0.803)	Data 0.000 (0.001)	Loss 2.0367 (1.8716)	Prec@1 28.906 (31.101)	Prec@5 80.469 (82.672)
2025-06-02 06:11:03,428 - my_logger - INFO - Test: [0/79]	Time 0.178 (0.178)	Loss 1.4908 (1.4908)	Prec@1 50.781 (50.781)	Prec@5 91.406 (91.406)
2025-06-02 06:11:03,787 - my_logger - INFO - Test: [10/79]	Time 0.036 (0.049)	Loss 1.5179 (1.5145)	Prec@1 42.969 (45.312)	Prec@5 90.625 (91.832)
2025-06-02 06:11:04,144 - my_logger - INFO - Test: [20/79]	Time 0.036 (0.043)	Loss 1.5203 (1.5120)	Prec@1 45.312 (45.424)	Prec@5 92.188 (91.146)
2025-06-02 06:11:04,500 - my_logger - INFO - Test: [30/79]	Time 0.036 (0.040)	Loss 1.4237 (1.5103)	Prec@1 47.656 (45.640)	Prec@5 94.531 (91.003)
2025-06-02 06:11:04,857 - my_logger - INFO - Test: [40/79]	Time 0.036 (0.039)	Loss 1.5745 (1.5133)	Prec@1 40.625 (45.027)	Prec@5 89.844 (91.120)
2025-06-02 06:11:05,214 - my_logger - INFO - Test: [50/79]	Time 0.036 (0.039)	Loss 1.5170 (1.5239)	Prec@1 41.406 (44.746)	Prec@5 90.625 (91.008)
2025-06-02 06:11:05,571 - my_logger - INFO - Test: [60/79]	Time 0.036 (0.038)	Loss 1.4946 (1.5235)	Prec@1 44.531 (44.903)	Prec@5 89.844 (90.958)
2025-06-02 06:11:05,928 - my_logger - INFO - Test: [70/79]	Time 0.036 (0.038)	Loss 1.4458 (1.5253)	Prec@1 46.875 (45.169)	Prec@5 93.750 (90.999)
2025-06-02 06:11:06,229 - my_logger - INFO -  * Prec@1 45.330 Prec@5 91.050
2025-06-02 06:11:14,595 - my_logger - INFO - Saved best model with accuracy 45.33%
2025-06-02 06:11:14,596 - my_logger - INFO - Learning rate set to 0.1
2025-06-02 06:11:15,543 - my_logger - INFO - Train Epoch: [3][0/391]	Time 0.945 (0.945)	Data 0.216 (0.216)	Loss 2.0142 (1.8630)	Prec@1 28.125 (34.766)	Prec@5 78.906 (82.682)
2025-06-02 06:11:55,645 - my_logger - INFO - Train Epoch: [3][50/391]	Time 0.797 (0.805)	Data 0.000 (0.005)	Loss 2.1721 (1.8620)	Prec@1 21.875 (30.951)	Prec@5 74.219 (83.050)
2025-06-02 06:12:35,778 - my_logger - INFO - Train Epoch: [3][100/391]	Time 0.801 (0.804)	Data 0.000 (0.002)	Loss 1.9263 (1.8458)	Prec@1 32.812 (31.932)	Prec@5 82.812 (83.565)
2025-06-02 06:13:15,939 - my_logger - INFO - Train Epoch: [3][150/391]	Time 0.808 (0.804)	Data 0.000 (0.002)	Loss 1.9304 (1.8402)	Prec@1 25.781 (32.364)	Prec@5 82.031 (83.671)
2025-06-02 06:13:56,068 - my_logger - INFO - Train Epoch: [3][200/391]	Time 0.800 (0.803)	Data 0.000 (0.001)	Loss 2.1161 (1.8408)	Prec@1 18.750 (32.303)	Prec@5 78.906 (83.590)
2025-06-02 06:14:36,176 - my_logger - INFO - Train Epoch: [3][250/391]	Time 0.809 (0.803)	Data 0.000 (0.001)	Loss 2.0921 (1.8397)	Prec@1 25.000 (32.347)	Prec@5 76.562 (83.579)
2025-06-02 06:15:16,307 - my_logger - INFO - Train Epoch: [3][300/391]	Time 0.807 (0.803)	Data 0.000 (0.001)	Loss 1.9149 (1.8354)	Prec@1 28.125 (32.456)	Prec@5 81.250 (83.647)
2025-06-02 06:15:56,420 - my_logger - INFO - Train Epoch: [3][350/391]	Time 0.802 (0.803)	Data 0.000 (0.001)	Loss 1.8426 (1.8305)	Prec@1 30.469 (32.646)	Prec@5 80.469 (83.828)
2025-06-02 06:16:28,461 - my_logger - INFO - Test: [0/79]	Time 0.180 (0.180)	Loss 1.4568 (1.4568)	Prec@1 47.656 (47.656)	Prec@5 92.188 (92.188)
2025-06-02 06:16:28,819 - my_logger - INFO - Test: [10/79]	Time 0.036 (0.049)	Loss 1.4287 (1.4402)	Prec@1 49.219 (49.645)	Prec@5 88.281 (92.259)
2025-06-02 06:16:29,178 - my_logger - INFO - Test: [20/79]	Time 0.036 (0.043)	Loss 1.5111 (1.4466)	Prec@1 46.094 (49.330)	Prec@5 89.844 (92.671)
2025-06-02 06:16:29,534 - my_logger - INFO - Test: [30/79]	Time 0.036 (0.040)	Loss 1.3662 (1.4402)	Prec@1 49.219 (49.143)	Prec@5 95.312 (93.044)
2025-06-02 06:16:29,891 - my_logger - INFO - Test: [40/79]	Time 0.036 (0.039)	Loss 1.5068 (1.4371)	Prec@1 41.406 (49.276)	Prec@5 91.406 (93.083)
2025-06-02 06:16:30,248 - my_logger - INFO - Test: [50/79]	Time 0.036 (0.039)	Loss 1.5267 (1.4451)	Prec@1 44.531 (49.004)	Prec@5 90.625 (92.662)
2025-06-02 06:16:30,605 - my_logger - INFO - Test: [60/79]	Time 0.036 (0.038)	Loss 1.3556 (1.4415)	Prec@1 51.562 (49.398)	Prec@5 91.406 (92.687)
2025-06-02 06:16:30,962 - my_logger - INFO - Test: [70/79]	Time 0.036 (0.038)	Loss 1.3612 (1.4461)	Prec@1 49.219 (49.197)	Prec@5 94.531 (92.606)
2025-06-02 06:16:31,252 - my_logger - INFO -  * Prec@1 49.500 Prec@5 92.580
2025-06-02 06:16:40,103 - my_logger - INFO - Saved best model with accuracy 49.50%
2025-06-02 06:16:40,104 - my_logger - INFO - Learning rate set to 0.1
2025-06-02 06:16:41,055 - my_logger - INFO - Train Epoch: [4][0/391]	Time 0.949 (0.949)	Data 0.218 (0.218)	Loss 1.9777 (1.8189)	Prec@1 26.562 (32.682)	Prec@5 79.688 (84.115)
2025-06-02 06:17:21,235 - my_logger - INFO - Train Epoch: [4][50/391]	Time 0.798 (0.806)	Data 0.000 (0.005)	Loss 1.8471 (1.8122)	Prec@1 34.375 (33.571)	Prec@5 81.250 (84.150)
2025-06-02 06:18:01,345 - my_logger - INFO - Train Epoch: [4][100/391]	Time 0.798 (0.804)	Data 0.000 (0.003)	Loss 1.9901 (1.8078)	Prec@1 25.781 (33.590)	Prec@5 81.250 (84.509)
2025-06-02 06:18:41,445 - my_logger - INFO - Train Epoch: [4][150/391]	Time 0.797 (0.804)	Data 0.000 (0.002)	Loss 1.9380 (1.8008)	Prec@1 28.906 (33.956)	Prec@5 85.156 (84.677)
2025-06-02 06:19:21,572 - my_logger - INFO - Train Epoch: [4][200/391]	Time 0.806 (0.803)	Data 0.000 (0.001)	Loss 2.0469 (1.7999)	Prec@1 23.438 (34.001)	Prec@5 74.219 (84.599)
2025-06-02 06:20:01,681 - my_logger - INFO - Train Epoch: [4][250/391]	Time 0.801 (0.803)	Data 0.000 (0.001)	Loss 2.0672 (1.7959)	Prec@1 22.656 (34.108)	Prec@5 82.031 (84.660)
2025-06-02 06:20:41,806 - my_logger - INFO - Train Epoch: [4][300/391]	Time 0.797 (0.803)	Data 0.000 (0.001)	Loss 1.9034 (1.7978)	Prec@1 30.469 (34.005)	Prec@5 81.250 (84.602)
2025-06-02 06:21:21,946 - my_logger - INFO - Train Epoch: [4][350/391]	Time 0.804 (0.803)	Data 0.000 (0.001)	Loss 1.8979 (1.7946)	Prec@1 31.250 (34.259)	Prec@5 81.250 (84.689)
2025-06-02 06:21:53,986 - my_logger - INFO - Test: [0/79]	Time 0.191 (0.191)	Loss 1.3712 (1.3712)	Prec@1 49.219 (49.219)	Prec@5 92.969 (92.969)
2025-06-02 06:21:54,344 - my_logger - INFO - Test: [10/79]	Time 0.036 (0.050)	Loss 1.3844 (1.4002)	Prec@1 48.438 (49.148)	Prec@5 93.750 (92.614)
2025-06-02 06:21:54,701 - my_logger - INFO - Test: [20/79]	Time 0.036 (0.043)	Loss 1.4518 (1.4199)	Prec@1 49.219 (48.698)	Prec@5 90.625 (91.890)
2025-06-02 06:21:55,057 - my_logger - INFO - Test: [30/79]	Time 0.036 (0.041)	Loss 1.2782 (1.4224)	Prec@1 47.656 (48.639)	Prec@5 96.094 (91.835)
2025-06-02 06:21:55,414 - my_logger - INFO - Test: [40/79]	Time 0.036 (0.040)	Loss 1.5265 (1.4192)	Prec@1 46.094 (48.590)	Prec@5 90.625 (91.940)
2025-06-02 06:21:55,770 - my_logger - INFO - Test: [50/79]	Time 0.036 (0.039)	Loss 1.4229 (1.4221)	Prec@1 46.875 (48.269)	Prec@5 95.312 (91.850)
2025-06-02 06:21:56,127 - my_logger - INFO - Test: [60/79]	Time 0.036 (0.038)	Loss 1.3927 (1.4264)	Prec@1 52.344 (48.117)	Prec@5 92.188 (91.931)
2025-06-02 06:21:56,483 - my_logger - INFO - Test: [70/79]	Time 0.036 (0.038)	Loss 1.4372 (1.4289)	Prec@1 46.094 (48.074)	Prec@5 92.969 (91.934)
2025-06-02 06:21:56,776 - my_logger - INFO -  * Prec@1 48.130 Prec@5 91.970
2025-06-02 06:22:01,192 - my_logger - INFO - Learning rate set to 0.010000000000000002
2025-06-02 06:22:02,130 - my_logger - INFO - Train Epoch: [5][0/391]	Time 0.936 (0.936)	Data 0.199 (0.199)	Loss 2.1636 (1.9069)	Prec@1 25.781 (32.682)	Prec@5 74.219 (80.990)
2025-06-02 06:22:42,276 - my_logger - INFO - Train Epoch: [5][50/391]	Time 0.802 (0.806)	Data 0.000 (0.004)	Loss 1.9435 (1.7157)	Prec@1 28.125 (37.571)	Prec@5 80.469 (86.103)
2025-06-02 06:23:22,407 - my_logger - INFO - Train Epoch: [5][100/391]	Time 0.806 (0.804)	Data 0.000 (0.002)	Loss 1.8873 (1.7023)	Prec@1 25.000 (38.139)	Prec@5 82.031 (86.398)
2025-06-02 06:24:02,507 - my_logger - INFO - Train Epoch: [5][150/391]	Time 0.803 (0.803)	Data 0.000 (0.002)	Loss 2.1590 (1.6895)	Prec@1 24.219 (38.874)	Prec@5 81.250 (86.652)
2025-06-02 06:24:42,594 - my_logger - INFO - Train Epoch: [5][200/391]	Time 0.802 (0.803)	Data 0.000 (0.001)	Loss 1.8903 (1.6792)	Prec@1 32.812 (39.337)	Prec@5 85.156 (86.979)
2025-06-02 06:25:22,703 - my_logger - INFO - Train Epoch: [5][250/391]	Time 0.804 (0.803)	Data 0.000 (0.001)	Loss 1.7473 (1.6716)	Prec@1 35.938 (39.555)	Prec@5 82.031 (87.076)
2025-06-02 06:26:02,763 - my_logger - INFO - Train Epoch: [5][300/391]	Time 0.802 (0.803)	Data 0.000 (0.001)	Loss 2.0063 (1.6656)	Prec@1 27.344 (39.760)	Prec@5 79.688 (87.109)
2025-06-02 06:26:42,878 - my_logger - INFO - Train Epoch: [5][350/391]	Time 0.803 (0.803)	Data 0.001 (0.001)	Loss 1.9854 (1.6602)	Prec@1 28.125 (40.043)	Prec@5 82.812 (87.195)
2025-06-02 06:27:14,923 - my_logger - INFO - Test: [0/79]	Time 0.174 (0.174)	Loss 1.0491 (1.0491)	Prec@1 64.844 (64.844)	Prec@5 98.438 (98.438)
2025-06-02 06:27:15,282 - my_logger - INFO - Test: [10/79]	Time 0.036 (0.048)	Loss 1.1118 (1.0730)	Prec@1 57.031 (61.861)	Prec@5 96.875 (97.940)
2025-06-02 06:27:15,639 - my_logger - INFO - Test: [20/79]	Time 0.036 (0.042)	Loss 1.0672 (1.0906)	Prec@1 60.938 (62.091)	Prec@5 95.312 (96.912)
2025-06-02 06:27:15,996 - my_logger - INFO - Test: [30/79]	Time 0.036 (0.040)	Loss 0.9759 (1.0873)	Prec@1 66.406 (62.525)	Prec@5 97.656 (96.749)
2025-06-02 06:27:16,353 - my_logger - INFO - Test: [40/79]	Time 0.036 (0.039)	Loss 1.0957 (1.0851)	Prec@1 59.375 (62.538)	Prec@5 95.312 (96.627)
2025-06-02 06:27:16,711 - my_logger - INFO - Test: [50/79]	Time 0.036 (0.038)	Loss 1.1225 (1.0913)	Prec@1 57.031 (62.270)	Prec@5 95.312 (96.645)
2025-06-02 06:27:17,068 - my_logger - INFO - Test: [60/79]	Time 0.036 (0.038)	Loss 1.0972 (1.0927)	Prec@1 67.188 (62.218)	Prec@5 94.531 (96.632)
2025-06-02 06:27:17,424 - my_logger - INFO - Test: [70/79]	Time 0.036 (0.038)	Loss 1.0391 (1.0990)	Prec@1 67.188 (61.862)	Prec@5 97.656 (96.644)
2025-06-02 06:27:17,712 - my_logger - INFO -  * Prec@1 62.100 Prec@5 96.620
2025-06-02 06:27:26,358 - my_logger - INFO - Saved best model with accuracy 62.10%
2025-06-02 06:27:26,359 - my_logger - INFO - Learning rate set to 0.010000000000000002
2025-06-02 06:27:27,283 - my_logger - INFO - Train Epoch: [6][0/391]	Time 0.923 (0.923)	Data 0.196 (0.196)	Loss 1.9752 (1.6917)	Prec@1 33.594 (41.406)	Prec@5 78.906 (85.286)
2025-06-02 06:28:07,400 - my_logger - INFO - Train Epoch: [6][50/391]	Time 0.800 (0.805)	Data 0.000 (0.004)	Loss 2.0207 (1.6013)	Prec@1 24.219 (42.433)	Prec@5 85.156 (88.284)
2025-06-02 06:28:47,536 - my_logger - INFO - Train Epoch: [6][100/391]	Time 0.797 (0.804)	Data 0.000 (0.002)	Loss 1.9320 (1.6092)	Prec@1 28.125 (41.845)	Prec@5 84.375 (88.253)
2025-06-02 06:29:27,638 - my_logger - INFO - Train Epoch: [6][150/391]	Time 0.797 (0.803)	Data 0.000 (0.002)	Loss 1.9548 (1.6132)	Prec@1 23.438 (41.702)	Prec@5 81.250 (88.004)
2025-06-02 06:30:07,743 - my_logger - INFO - Train Epoch: [6][200/391]	Time 0.802 (0.803)	Data 0.000 (0.001)	Loss 2.0070 (1.6166)	Prec@1 30.469 (41.655)	Prec@5 78.125 (87.947)
2025-06-02 06:30:47,853 - my_logger - INFO - Train Epoch: [6][250/391]	Time 0.805 (0.803)	Data 0.000 (0.001)	Loss 1.8652 (1.6138)	Prec@1 27.344 (41.675)	Prec@5 90.625 (88.063)
2025-06-02 06:31:27,936 - my_logger - INFO - Train Epoch: [6][300/391]	Time 0.800 (0.803)	Data 0.000 (0.001)	Loss 1.9532 (1.6090)	Prec@1 29.688 (41.868)	Prec@5 82.812 (88.152)
2025-06-02 06:32:08,008 - my_logger - INFO - Train Epoch: [6][350/391]	Time 0.796 (0.802)	Data 0.001 (0.001)	Loss 1.9414 (1.6083)	Prec@1 29.688 (41.851)	Prec@5 85.938 (88.094)
2025-06-02 06:32:40,018 - my_logger - INFO - Test: [0/79]	Time 0.161 (0.161)	Loss 0.9969 (0.9969)	Prec@1 64.062 (64.062)	Prec@5 98.438 (98.438)
2025-06-02 06:32:40,376 - my_logger - INFO - Test: [10/79]	Time 0.036 (0.047)	Loss 0.9768 (0.9837)	Prec@1 67.188 (66.903)	Prec@5 96.875 (98.153)
2025-06-02 06:32:40,733 - my_logger - INFO - Test: [20/79]	Time 0.036 (0.042)	Loss 0.9970 (0.9998)	Prec@1 65.625 (66.443)	Prec@5 98.438 (97.396)
2025-06-02 06:32:41,090 - my_logger - INFO - Test: [30/79]	Time 0.036 (0.040)	Loss 0.8644 (0.9991)	Prec@1 72.656 (66.305)	Prec@5 100.000 (97.354)
2025-06-02 06:32:41,447 - my_logger - INFO - Test: [40/79]	Time 0.036 (0.039)	Loss 0.9823 (0.9930)	Prec@1 67.188 (66.521)	Prec@5 95.312 (97.294)
2025-06-02 06:32:41,803 - my_logger - INFO - Test: [50/79]	Time 0.036 (0.038)	Loss 0.9998 (0.9990)	Prec@1 64.062 (66.360)	Prec@5 96.094 (97.151)
2025-06-02 06:32:42,160 - my_logger - INFO - Test: [60/79]	Time 0.036 (0.038)	Loss 1.0141 (0.9995)	Prec@1 67.188 (66.406)	Prec@5 93.750 (96.977)
2025-06-02 06:32:42,516 - my_logger - INFO - Test: [70/79]	Time 0.036 (0.037)	Loss 0.9401 (1.0031)	Prec@1 72.656 (66.274)	Prec@5 98.438 (97.051)
2025-06-02 06:32:42,811 - my_logger - INFO -  * Prec@1 66.320 Prec@5 97.010
2025-06-02 06:32:51,269 - my_logger - INFO - Saved best model with accuracy 66.32%
2025-06-02 06:32:51,271 - my_logger - INFO - Learning rate set to 0.010000000000000002
2025-06-02 06:32:52,192 - my_logger - INFO - Train Epoch: [7][0/391]	Time 0.919 (0.919)	Data 0.194 (0.194)	Loss 1.9219 (1.6144)	Prec@1 32.812 (44.792)	Prec@5 83.594 (87.109)
2025-06-02 06:33:32,284 - my_logger - INFO - Train Epoch: [7][50/391]	Time 0.801 (0.804)	Data 0.000 (0.004)	Loss 2.0194 (1.6030)	Prec@1 22.656 (42.290)	Prec@5 79.688 (87.947)
2025-06-02 06:34:12,367 - my_logger - INFO - Train Epoch: [7][100/391]	Time 0.800 (0.803)	Data 0.000 (0.002)	Loss 1.7736 (1.5970)	Prec@1 32.031 (42.472)	Prec@5 87.500 (88.258)
2025-06-02 06:34:52,437 - my_logger - INFO - Train Epoch: [7][150/391]	Time 0.796 (0.802)	Data 0.000 (0.002)	Loss 1.9168 (1.5869)	Prec@1 30.469 (42.890)	Prec@5 78.125 (88.517)
2025-06-02 06:35:32,511 - my_logger - INFO - Train Epoch: [7][200/391]	Time 0.802 (0.802)	Data 0.000 (0.001)	Loss 1.7855 (1.5803)	Prec@1 39.062 (43.032)	Prec@5 87.500 (88.659)
2025-06-02 06:36:12,615 - my_logger - INFO - Train Epoch: [7][250/391]	Time 0.798 (0.802)	Data 0.000 (0.001)	Loss 1.7589 (1.5796)	Prec@1 35.156 (43.091)	Prec@5 88.281 (88.670)
2025-06-02 06:36:52,725 - my_logger - INFO - Train Epoch: [7][300/391]	Time 0.809 (0.802)	Data 0.000 (0.001)	Loss 1.9632 (1.5781)	Prec@1 28.906 (43.073)	Prec@5 82.812 (88.631)
2025-06-02 06:37:32,807 - my_logger - INFO - Train Epoch: [7][350/391]	Time 0.802 (0.802)	Data 0.000 (0.001)	Loss 1.8831 (1.5768)	Prec@1 30.469 (43.094)	Prec@5 87.500 (88.622)
2025-06-02 06:38:04,800 - my_logger - INFO - Test: [0/79]	Time 0.159 (0.159)	Loss 0.9220 (0.9220)	Prec@1 69.531 (69.531)	Prec@5 96.875 (96.875)
2025-06-02 06:38:05,158 - my_logger - INFO - Test: [10/79]	Time 0.036 (0.047)	Loss 0.9158 (0.9442)	Prec@1 66.406 (68.111)	Prec@5 97.656 (98.295)
2025-06-02 06:38:05,515 - my_logger - INFO - Test: [20/79]	Time 0.036 (0.042)	Loss 0.9690 (0.9674)	Prec@1 66.406 (67.448)	Prec@5 96.875 (97.656)
2025-06-02 06:38:05,872 - my_logger - INFO - Test: [30/79]	Time 0.036 (0.040)	Loss 0.8681 (0.9663)	Prec@1 71.875 (67.616)	Prec@5 99.219 (97.757)
2025-06-02 06:38:06,229 - my_logger - INFO - Test: [40/79]	Time 0.036 (0.039)	Loss 1.0222 (0.9622)	Prec@1 62.500 (67.569)	Prec@5 95.312 (97.732)
2025-06-02 06:38:06,587 - my_logger - INFO - Test: [50/79]	Time 0.036 (0.038)	Loss 0.9868 (0.9672)	Prec@1 67.969 (67.479)	Prec@5 96.094 (97.626)
2025-06-02 06:38:06,944 - my_logger - INFO - Test: [60/79]	Time 0.036 (0.038)	Loss 1.0125 (0.9672)	Prec@1 65.625 (67.354)	Prec@5 96.094 (97.567)
2025-06-02 06:38:07,301 - my_logger - INFO - Test: [70/79]	Time 0.036 (0.037)	Loss 0.9033 (0.9708)	Prec@1 71.094 (67.221)	Prec@5 98.438 (97.513)
2025-06-02 06:38:07,596 - my_logger - INFO -  * Prec@1 67.510 Prec@5 97.510
2025-06-02 06:38:16,371 - my_logger - INFO - Saved best model with accuracy 67.51%
2025-06-02 06:38:16,372 - my_logger - INFO - Learning rate set to 0.010000000000000002
2025-06-02 06:38:17,313 - my_logger - INFO - Train Epoch: [8][0/391]	Time 0.940 (0.940)	Data 0.208 (0.208)	Loss 2.0279 (1.6923)	Prec@1 21.875 (40.495)	Prec@5 73.438 (83.333)
2025-06-02 06:38:57,418 - my_logger - INFO - Train Epoch: [8][50/391]	Time 0.801 (0.805)	Data 0.000 (0.004)	Loss 1.6784 (1.5560)	Prec@1 34.375 (43.569)	Prec@5 90.625 (89.114)
2025-06-02 06:39:37,509 - my_logger - INFO - Train Epoch: [8][100/391]	Time 0.809 (0.803)	Data 0.000 (0.002)	Loss 2.0484 (1.5553)	Prec@1 25.781 (43.871)	Prec@5 78.125 (89.035)
2025-06-02 06:40:17,671 - my_logger - INFO - Train Epoch: [8][150/391]	Time 0.801 (0.803)	Data 0.000 (0.002)	Loss 1.7000 (1.5584)	Prec@1 39.062 (43.832)	Prec@5 82.812 (88.864)
2025-06-02 06:40:57,832 - my_logger - INFO - Train Epoch: [8][200/391]	Time 0.803 (0.803)	Data 0.000 (0.001)	Loss 1.9635 (1.5530)	Prec@1 29.688 (43.953)	Prec@5 79.688 (88.982)
2025-06-02 06:41:38,006 - my_logger - INFO - Train Epoch: [8][250/391]	Time 0.804 (0.803)	Data 0.000 (0.001)	Loss 1.8438 (1.5528)	Prec@1 28.125 (43.907)	Prec@5 84.375 (89.094)
2025-06-02 06:42:18,143 - my_logger - INFO - Train Epoch: [8][300/391]	Time 0.803 (0.803)	Data 0.000 (0.001)	Loss 1.8500 (1.5529)	Prec@1 34.375 (43.936)	Prec@5 84.375 (89.127)
2025-06-02 06:42:58,309 - my_logger - INFO - Train Epoch: [8][350/391]	Time 0.803 (0.803)	Data 0.000 (0.001)	Loss 2.0014 (1.5531)	Prec@1 30.469 (43.950)	Prec@5 80.469 (89.073)
2025-06-02 06:43:30,396 - my_logger - INFO - Test: [0/79]	Time 0.187 (0.187)	Loss 0.9373 (0.9373)	Prec@1 73.438 (73.438)	Prec@5 98.438 (98.438)
2025-06-02 06:43:30,754 - my_logger - INFO - Test: [10/79]	Time 0.036 (0.050)	Loss 0.8827 (0.9145)	Prec@1 68.750 (69.886)	Prec@5 96.875 (98.509)
2025-06-02 06:43:31,111 - my_logger - INFO - Test: [20/79]	Time 0.036 (0.043)	Loss 0.9332 (0.9289)	Prec@1 68.750 (69.382)	Prec@5 98.438 (98.103)
2025-06-02 06:43:31,468 - my_logger - INFO - Test: [30/79]	Time 0.036 (0.041)	Loss 0.8432 (0.9315)	Prec@1 72.656 (69.456)	Prec@5 98.438 (97.757)
2025-06-02 06:43:31,824 - my_logger - INFO - Test: [40/79]	Time 0.036 (0.039)	Loss 0.9689 (0.9277)	Prec@1 66.406 (69.550)	Prec@5 97.656 (97.732)
2025-06-02 06:43:32,180 - my_logger - INFO - Test: [50/79]	Time 0.036 (0.039)	Loss 0.9356 (0.9345)	Prec@1 66.406 (69.301)	Prec@5 96.875 (97.702)
2025-06-02 06:43:32,537 - my_logger - INFO - Test: [60/79]	Time 0.036 (0.038)	Loss 0.9747 (0.9349)	Prec@1 70.312 (69.160)	Prec@5 96.094 (97.554)
2025-06-02 06:43:32,894 - my_logger - INFO - Test: [70/79]	Time 0.036 (0.038)	Loss 0.8522 (0.9362)	Prec@1 71.875 (69.278)	Prec@5 99.219 (97.535)
2025-06-02 06:43:33,179 - my_logger - INFO -  * Prec@1 69.540 Prec@5 97.570
2025-06-02 06:43:41,944 - my_logger - INFO - Saved best model with accuracy 69.54%
2025-06-02 06:43:41,944 - my_logger - INFO - Learning rate set to 0.010000000000000002
2025-06-02 06:43:42,868 - my_logger - INFO - Train Epoch: [9][0/391]	Time 0.923 (0.923)	Data 0.183 (0.183)	Loss 1.9484 (1.6442)	Prec@1 30.469 (43.880)	Prec@5 80.469 (84.635)
2025-06-02 06:44:23,025 - my_logger - INFO - Train Epoch: [9][50/391]	Time 0.801 (0.805)	Data 0.000 (0.004)	Loss 1.8353 (1.5533)	Prec@1 35.938 (44.644)	Prec@5 81.250 (88.628)
2025-06-02 06:45:03,120 - my_logger - INFO - Train Epoch: [9][100/391]	Time 0.806 (0.804)	Data 0.000 (0.002)	Loss 1.8678 (1.5445)	Prec@1 34.375 (44.356)	Prec@5 82.031 (88.761)
2025-06-02 06:45:43,216 - my_logger - INFO - Train Epoch: [9][150/391]	Time 0.803 (0.803)	Data 0.000 (0.002)	Loss 1.7493 (1.5411)	Prec@1 39.844 (44.308)	Prec@5 82.812 (89.034)
2025-06-02 06:46:23,303 - my_logger - INFO - Train Epoch: [9][200/391]	Time 0.801 (0.803)	Data 0.000 (0.001)	Loss 1.9560 (1.5461)	Prec@1 34.375 (44.203)	Prec@5 79.688 (88.891)
2025-06-02 06:47:03,424 - my_logger - INFO - Train Epoch: [9][250/391]	Time 0.808 (0.803)	Data 0.000 (0.001)	Loss 1.8200 (1.5465)	Prec@1 35.938 (44.160)	Prec@5 86.719 (88.960)
2025-06-02 06:47:43,514 - my_logger - INFO - Train Epoch: [9][300/391]	Time 0.801 (0.803)	Data 0.000 (0.001)	Loss 1.7515 (1.5476)	Prec@1 27.344 (44.188)	Prec@5 90.625 (88.966)
2025-06-02 06:48:23,569 - my_logger - INFO - Train Epoch: [9][350/391]	Time 0.802 (0.802)	Data 0.000 (0.001)	Loss 1.7709 (1.5445)	Prec@1 32.031 (44.319)	Prec@5 82.031 (89.026)
2025-06-02 06:48:55,576 - my_logger - INFO - Test: [0/79]	Time 0.179 (0.179)	Loss 0.9331 (0.9331)	Prec@1 71.094 (71.094)	Prec@5 99.219 (99.219)
2025-06-02 06:48:55,935 - my_logger - INFO - Test: [10/79]	Time 0.036 (0.049)	Loss 0.8710 (0.9003)	Prec@1 67.188 (69.105)	Prec@5 97.656 (98.580)
2025-06-02 06:48:56,292 - my_logger - INFO - Test: [20/79]	Time 0.036 (0.043)	Loss 0.8753 (0.9212)	Prec@1 71.875 (68.713)	Prec@5 98.438 (97.991)
2025-06-02 06:48:56,649 - my_logger - INFO - Test: [30/79]	Time 0.036 (0.040)	Loss 0.8238 (0.9214)	Prec@1 72.656 (69.178)	Prec@5 99.219 (97.883)
2025-06-02 06:48:57,006 - my_logger - INFO - Test: [40/79]	Time 0.036 (0.039)	Loss 0.9256 (0.9222)	Prec@1 70.312 (69.131)	Prec@5 97.656 (97.809)
2025-06-02 06:48:57,363 - my_logger - INFO - Test: [50/79]	Time 0.036 (0.039)	Loss 0.9699 (0.9238)	Prec@1 67.188 (69.347)	Prec@5 97.656 (97.748)
2025-06-02 06:48:57,720 - my_logger - INFO - Test: [60/79]	Time 0.036 (0.038)	Loss 0.9343 (0.9254)	Prec@1 68.750 (69.121)	Prec@5 95.312 (97.592)
2025-06-02 06:48:58,077 - my_logger - INFO - Test: [70/79]	Time 0.036 (0.038)	Loss 0.8222 (0.9286)	Prec@1 75.781 (69.201)	Prec@5 97.656 (97.601)
2025-06-02 06:48:58,368 - my_logger - INFO -  * Prec@1 69.250 Prec@5 97.610
2025-06-02 06:49:02,717 - my_logger - INFO - Learning rate set to 0.0010000000000000002
2025-06-02 06:49:03,648 - my_logger - INFO - Train Epoch: [10][0/391]	Time 0.929 (0.929)	Data 0.193 (0.193)	Loss 1.8837 (1.5429)	Prec@1 29.688 (45.443)	Prec@5 82.812 (87.500)
2025-06-02 06:49:43,739 - my_logger - INFO - Train Epoch: [10][50/391]	Time 0.800 (0.804)	Data 0.001 (0.004)	Loss 1.7979 (1.5237)	Prec@1 33.594 (45.121)	Prec@5 80.469 (89.259)
2025-06-02 06:50:23,817 - my_logger - INFO - Train Epoch: [10][100/391]	Time 0.797 (0.803)	Data 0.000 (0.002)	Loss 1.8193 (1.5117)	Prec@1 32.031 (45.713)	Prec@5 86.719 (89.577)
2025-06-02 06:51:03,919 - my_logger - INFO - Train Epoch: [10][150/391]	Time 0.807 (0.803)	Data 0.000 (0.002)	Loss 2.0315 (1.4950)	Prec@1 30.469 (46.380)	Prec@5 77.344 (89.874)
2025-06-02 06:51:44,031 - my_logger - INFO - Train Epoch: [10][200/391]	Time 0.802 (0.803)	Data 0.000 (0.001)	Loss 1.9482 (1.4907)	Prec@1 25.000 (46.473)	Prec@5 79.688 (89.909)
2025-06-02 06:52:24,180 - my_logger - INFO - Train Epoch: [10][250/391]	Time 0.804 (0.803)	Data 0.000 (0.001)	Loss 1.8009 (1.4902)	Prec@1 30.469 (46.519)	Prec@5 85.156 (89.834)
2025-06-02 06:53:04,321 - my_logger - INFO - Train Epoch: [10][300/391]	Time 0.805 (0.803)	Data 0.000 (0.001)	Loss 1.9121 (1.4912)	Prec@1 33.594 (46.475)	Prec@5 85.156 (89.850)
2025-06-02 06:53:44,436 - my_logger - INFO - Train Epoch: [10][350/391]	Time 0.807 (0.803)	Data 0.000 (0.001)	Loss 1.7456 (1.4873)	Prec@1 31.250 (46.660)	Prec@5 86.719 (89.879)
2025-06-02 06:54:16,463 - my_logger - INFO - Test: [0/79]	Time 0.162 (0.162)	Loss 0.8026 (0.8026)	Prec@1 78.125 (78.125)	Prec@5 99.219 (99.219)
2025-06-02 06:54:16,821 - my_logger - INFO - Test: [10/79]	Time 0.036 (0.047)	Loss 0.7695 (0.7899)	Prec@1 70.312 (73.793)	Prec@5 98.438 (99.361)
2025-06-02 06:54:17,178 - my_logger - INFO - Test: [20/79]	Time 0.036 (0.042)	Loss 0.7888 (0.8121)	Prec@1 77.344 (73.661)	Prec@5 98.438 (98.512)
2025-06-02 06:54:17,535 - my_logger - INFO - Test: [30/79]	Time 0.036 (0.040)	Loss 0.6991 (0.8112)	Prec@1 82.031 (73.816)	Prec@5 99.219 (98.412)
2025-06-02 06:54:17,893 - my_logger - INFO - Test: [40/79]	Time 0.036 (0.039)	Loss 0.8324 (0.8073)	Prec@1 72.656 (74.009)	Prec@5 97.656 (98.342)
2025-06-02 06:54:18,250 - my_logger - INFO - Test: [50/79]	Time 0.036 (0.038)	Loss 0.8147 (0.8106)	Prec@1 70.312 (73.912)	Prec@5 98.438 (98.300)
2025-06-02 06:54:18,606 - my_logger - INFO - Test: [60/79]	Time 0.036 (0.038)	Loss 0.8934 (0.8126)	Prec@1 71.094 (73.963)	Prec@5 96.875 (98.207)
2025-06-02 06:54:18,963 - my_logger - INFO - Test: [70/79]	Time 0.036 (0.037)	Loss 0.7523 (0.8141)	Prec@1 77.344 (73.823)	Prec@5 99.219 (98.261)
2025-06-02 06:54:19,254 - my_logger - INFO -  * Prec@1 73.930 Prec@5 98.220
2025-06-02 06:54:27,806 - my_logger - INFO - Saved best model with accuracy 73.93%
2025-06-02 06:54:27,807 - my_logger - INFO - Learning rate set to 0.0010000000000000002
2025-06-02 06:54:28,742 - my_logger - INFO - Train Epoch: [11][0/391]	Time 0.934 (0.934)	Data 0.194 (0.194)	Loss 1.7040 (1.3891)	Prec@1 33.594 (47.135)	Prec@5 85.156 (91.276)
2025-06-02 06:55:08,880 - my_logger - INFO - Train Epoch: [11][50/391]	Time 0.804 (0.805)	Data 0.000 (0.004)	Loss 1.9697 (1.4558)	Prec@1 29.688 (48.318)	Prec@5 78.125 (90.490)
2025-06-02 06:55:48,993 - my_logger - INFO - Train Epoch: [11][100/391]	Time 0.807 (0.804)	Data 0.000 (0.002)	Loss 1.8438 (1.4604)	Prec@1 33.594 (47.723)	Prec@5 83.594 (90.319)
2025-06-02 06:56:29,098 - my_logger - INFO - Train Epoch: [11][150/391]	Time 0.803 (0.803)	Data 0.000 (0.002)	Loss 1.8119 (1.4625)	Prec@1 32.031 (47.573)	Prec@5 85.938 (90.259)
2025-06-02 06:57:09,197 - my_logger - INFO - Train Epoch: [11][200/391]	Time 0.801 (0.803)	Data 0.000 (0.001)	Loss 1.9547 (1.4644)	Prec@1 32.031 (47.540)	Prec@5 79.688 (90.321)
2025-06-02 06:57:49,268 - my_logger - INFO - Train Epoch: [11][250/391]	Time 0.799 (0.803)	Data 0.000 (0.001)	Loss 1.7080 (1.4657)	Prec@1 36.719 (47.651)	Prec@5 90.625 (90.252)
2025-06-02 06:58:29,329 - my_logger - INFO - Train Epoch: [11][300/391]	Time 0.799 (0.802)	Data 0.000 (0.001)	Loss 1.8068 (1.4672)	Prec@1 30.469 (47.654)	Prec@5 86.719 (90.152)
2025-06-02 06:59:09,421 - my_logger - INFO - Train Epoch: [11][350/391]	Time 0.797 (0.802)	Data 0.000 (0.001)	Loss 1.8605 (1.4679)	Prec@1 33.594 (47.655)	Prec@5 85.938 (90.118)
2025-06-02 06:59:41,459 - my_logger - INFO - Test: [0/79]	Time 0.168 (0.168)	Loss 0.7699 (0.7699)	Prec@1 75.781 (75.781)	Prec@5 99.219 (99.219)
2025-06-02 06:59:41,817 - my_logger - INFO - Test: [10/79]	Time 0.036 (0.048)	Loss 0.7317 (0.7579)	Prec@1 73.438 (75.355)	Prec@5 97.656 (99.361)
2025-06-02 06:59:42,174 - my_logger - INFO - Test: [20/79]	Time 0.036 (0.042)	Loss 0.7600 (0.7795)	Prec@1 77.344 (75.000)	Prec@5 99.219 (98.661)
2025-06-02 06:59:42,531 - my_logger - INFO - Test: [30/79]	Time 0.036 (0.040)	Loss 0.6777 (0.7807)	Prec@1 84.375 (75.000)	Prec@5 99.219 (98.538)
2025-06-02 06:59:42,888 - my_logger - INFO - Test: [40/79]	Time 0.036 (0.039)	Loss 0.8013 (0.7776)	Prec@1 71.875 (75.114)	Prec@5 98.438 (98.533)
2025-06-02 06:59:43,245 - my_logger - INFO - Test: [50/79]	Time 0.036 (0.038)	Loss 0.7966 (0.7805)	Prec@1 70.312 (74.816)	Prec@5 98.438 (98.499)
2025-06-02 06:59:43,601 - my_logger - INFO - Test: [60/79]	Time 0.036 (0.038)	Loss 0.8375 (0.7820)	Prec@1 72.656 (74.885)	Prec@5 97.656 (98.335)
2025-06-02 06:59:43,957 - my_logger - INFO - Test: [70/79]	Time 0.036 (0.038)	Loss 0.7392 (0.7845)	Prec@1 78.906 (74.846)	Prec@5 99.219 (98.382)
2025-06-02 06:59:44,242 - my_logger - INFO -  * Prec@1 75.010 Prec@5 98.340
2025-06-02 06:59:54,573 - my_logger - INFO - Saved best model with accuracy 75.01%
2025-06-02 06:59:54,574 - my_logger - INFO - Learning rate set to 0.0010000000000000002
2025-06-02 06:59:55,519 - my_logger - INFO - Train Epoch: [12][0/391]	Time 0.943 (0.943)	Data 0.212 (0.212)	Loss 1.5902 (1.2939)	Prec@1 41.406 (54.167)	Prec@5 86.719 (91.667)
2025-06-02 07:00:35,642 - my_logger - INFO - Train Epoch: [12][50/391]	Time 0.799 (0.805)	Data 0.000 (0.005)	Loss 1.7901 (1.4573)	Prec@1 36.719 (48.098)	Prec@5 85.938 (89.874)
2025-06-02 07:01:15,786 - my_logger - INFO - Train Epoch: [12][100/391]	Time 0.803 (0.804)	Data 0.000 (0.002)	Loss 1.8161 (1.4464)	Prec@1 34.375 (48.667)	Prec@5 80.469 (90.138)
2025-06-02 07:01:55,909 - my_logger - INFO - Train Epoch: [12][150/391]	Time 0.801 (0.804)	Data 0.000 (0.002)	Loss 1.7634 (1.4504)	Prec@1 37.500 (48.430)	Prec@5 88.281 (90.112)
2025-06-02 07:02:36,027 - my_logger - INFO - Train Epoch: [12][200/391]	Time 0.798 (0.803)	Data 0.000 (0.001)	Loss 1.7803 (1.4500)	Prec@1 40.625 (48.483)	Prec@5 86.719 (90.076)
2025-06-02 07:03:16,192 - my_logger - INFO - Train Epoch: [12][250/391]	Time 0.801 (0.803)	Data 0.000 (0.001)	Loss 1.7986 (1.4512)	Prec@1 30.469 (48.332)	Prec@5 85.938 (90.103)
2025-06-02 07:03:56,311 - my_logger - INFO - Train Epoch: [12][300/391]	Time 0.802 (0.803)	Data 0.000 (0.001)	Loss 1.7279 (1.4514)	Prec@1 35.938 (48.276)	Prec@5 87.500 (90.161)
2025-06-02 07:04:36,457 - my_logger - INFO - Train Epoch: [12][350/391]	Time 0.802 (0.803)	Data 0.001 (0.001)	Loss 1.7931 (1.4506)	Prec@1 35.938 (48.246)	Prec@5 86.719 (90.161)
2025-06-02 07:05:08,513 - my_logger - INFO - Test: [0/79]	Time 0.163 (0.163)	Loss 0.7624 (0.7624)	Prec@1 78.125 (78.125)	Prec@5 99.219 (99.219)
2025-06-02 07:05:08,871 - my_logger - INFO - Test: [10/79]	Time 0.036 (0.047)	Loss 0.7311 (0.7524)	Prec@1 77.344 (75.355)	Prec@5 97.656 (99.077)
2025-06-02 07:05:09,228 - my_logger - INFO - Test: [20/79]	Time 0.036 (0.042)	Loss 0.7388 (0.7754)	Prec@1 76.562 (74.628)	Prec@5 100.000 (98.549)
2025-06-02 07:05:09,585 - my_logger - INFO - Test: [30/79]	Time 0.036 (0.040)	Loss 0.6987 (0.7758)	Prec@1 79.688 (74.748)	Prec@5 99.219 (98.362)
2025-06-02 07:05:09,942 - my_logger - INFO - Test: [40/79]	Time 0.036 (0.039)	Loss 0.7987 (0.7733)	Prec@1 74.219 (75.229)	Prec@5 98.438 (98.285)
2025-06-02 07:05:10,299 - my_logger - INFO - Test: [50/79]	Time 0.036 (0.038)	Loss 0.7588 (0.7763)	Prec@1 73.438 (74.939)	Prec@5 98.438 (98.254)
2025-06-02 07:05:10,656 - my_logger - INFO - Test: [60/79]	Time 0.036 (0.038)	Loss 0.8455 (0.7788)	Prec@1 74.219 (74.834)	Prec@5 96.875 (98.130)
2025-06-02 07:05:11,013 - my_logger - INFO - Test: [70/79]	Time 0.036 (0.038)	Loss 0.7099 (0.7789)	Prec@1 78.125 (74.934)	Prec@5 100.000 (98.217)
2025-06-02 07:05:11,309 - my_logger - INFO -  * Prec@1 74.940 Prec@5 98.260
2025-06-02 07:05:11,310 - my_logger - INFO - Learning rate set to 0.0010000000000000002
2025-06-02 07:05:12,189 - my_logger - INFO - Train Epoch: [13][0/391]	Time 0.878 (0.878)	Data 0.152 (0.152)	Loss 1.9164 (1.5489)	Prec@1 31.250 (45.312)	Prec@5 81.250 (87.370)
2025-06-02 07:05:52,286 - my_logger - INFO - Train Epoch: [13][50/391]	Time 0.798 (0.803)	Data 0.000 (0.003)	Loss 1.8157 (1.4507)	Prec@1 36.719 (48.527)	Prec@5 84.375 (90.056)
2025-06-02 07:06:32,366 - my_logger - INFO - Train Epoch: [13][100/391]	Time 0.800 (0.803)	Data 0.000 (0.002)	Loss 1.7326 (1.4395)	Prec@1 41.406 (48.826)	Prec@5 82.812 (90.210)
2025-06-02 07:07:12,458 - my_logger - INFO - Train Epoch: [13][150/391]	Time 0.800 (0.802)	Data 0.000 (0.001)	Loss 1.8494 (1.4436)	Prec@1 33.594 (48.647)	Prec@5 83.594 (90.267)
2025-06-02 07:07:52,554 - my_logger - INFO - Train Epoch: [13][200/391]	Time 0.797 (0.802)	Data 0.000 (0.001)	Loss 1.9086 (1.4405)	Prec@1 29.688 (48.537)	Prec@5 80.469 (90.381)
2025-06-02 07:08:32,668 - my_logger - INFO - Train Epoch: [13][250/391]	Time 0.802 (0.802)	Data 0.000 (0.001)	Loss 1.8892 (1.4358)	Prec@1 32.031 (48.719)	Prec@5 85.156 (90.438)
2025-06-02 07:09:12,801 - my_logger - INFO - Train Epoch: [13][300/391]	Time 0.806 (0.802)	Data 0.000 (0.001)	Loss 1.6432 (1.4372)	Prec@1 41.406 (48.596)	Prec@5 90.625 (90.516)
2025-06-02 07:09:52,908 - my_logger - INFO - Train Epoch: [13][350/391]	Time 0.806 (0.802)	Data 0.000 (0.001)	Loss 1.7649 (1.4382)	Prec@1 37.500 (48.594)	Prec@5 81.250 (90.478)
2025-06-02 07:10:24,930 - my_logger - INFO - Test: [0/79]	Time 0.158 (0.158)	Loss 0.7710 (0.7710)	Prec@1 76.562 (76.562)	Prec@5 98.438 (98.438)
2025-06-02 07:10:25,288 - my_logger - INFO - Test: [10/79]	Time 0.036 (0.047)	Loss 0.7176 (0.7472)	Prec@1 72.656 (74.787)	Prec@5 98.438 (99.219)
2025-06-02 07:10:25,645 - my_logger - INFO - Test: [20/79]	Time 0.036 (0.042)	Loss 0.7362 (0.7682)	Prec@1 79.688 (75.037)	Prec@5 100.000 (98.884)
2025-06-02 07:10:26,003 - my_logger - INFO - Test: [30/79]	Time 0.036 (0.040)	Loss 0.6761 (0.7670)	Prec@1 84.375 (75.101)	Prec@5 99.219 (98.639)
2025-06-02 07:10:26,360 - my_logger - INFO - Test: [40/79]	Time 0.036 (0.039)	Loss 0.7845 (0.7643)	Prec@1 75.781 (75.438)	Prec@5 97.656 (98.628)
2025-06-02 07:10:26,716 - my_logger - INFO - Test: [50/79]	Time 0.036 (0.038)	Loss 0.7930 (0.7675)	Prec@1 71.875 (75.184)	Prec@5 98.438 (98.606)
2025-06-02 07:10:27,073 - my_logger - INFO - Test: [60/79]	Time 0.036 (0.038)	Loss 0.8332 (0.7694)	Prec@1 72.656 (75.179)	Prec@5 96.875 (98.450)
2025-06-02 07:10:27,430 - my_logger - INFO - Test: [70/79]	Time 0.036 (0.037)	Loss 0.7159 (0.7715)	Prec@1 78.125 (75.297)	Prec@5 100.000 (98.504)
2025-06-02 07:10:27,718 - my_logger - INFO -  * Prec@1 75.410 Prec@5 98.470
2025-06-02 07:10:36,414 - my_logger - INFO - Saved best model with accuracy 75.41%
2025-06-02 07:10:36,415 - my_logger - INFO - Learning rate set to 0.0010000000000000002
2025-06-02 07:10:37,332 - my_logger - INFO - Train Epoch: [14][0/391]	Time 0.916 (0.916)	Data 0.185 (0.185)	Loss 1.5772 (1.2627)	Prec@1 43.750 (57.422)	Prec@5 89.062 (92.448)
2025-06-02 07:11:17,455 - my_logger - INFO - Train Epoch: [14][50/391]	Time 0.803 (0.805)	Data 0.000 (0.004)	Loss 1.7612 (1.4420)	Prec@1 35.156 (48.535)	Prec@5 85.938 (90.668)
2025-06-02 07:11:57,688 - my_logger - INFO - Train Epoch: [14][100/391]	Time 0.803 (0.805)	Data 0.000 (0.002)	Loss 1.8301 (1.4434)	Prec@1 28.906 (48.333)	Prec@5 82.812 (90.666)
2025-06-02 07:12:37,908 - my_logger - INFO - Train Epoch: [14][150/391]	Time 0.804 (0.805)	Data 0.000 (0.002)	Loss 1.8409 (1.4335)	Prec@1 32.031 (48.674)	Prec@5 85.156 (90.637)
2025-06-02 07:13:18,034 - my_logger - INFO - Train Epoch: [14][200/391]	Time 0.800 (0.804)	Data 0.000 (0.001)	Loss 1.9155 (1.4383)	Prec@1 28.125 (48.435)	Prec@5 82.812 (90.475)
2025-06-02 07:13:58,142 - my_logger - INFO - Train Epoch: [14][250/391]	Time 0.803 (0.804)	Data 0.000 (0.001)	Loss 1.8860 (1.4370)	Prec@1 32.812 (48.683)	Prec@5 89.062 (90.377)
2025-06-02 07:14:38,249 - my_logger - INFO - Train Epoch: [14][300/391]	Time 0.807 (0.803)	Data 0.000 (0.001)	Loss 1.9258 (1.4343)	Prec@1 32.812 (48.755)	Prec@5 81.250 (90.477)
2025-06-02 07:15:18,340 - my_logger - INFO - Train Epoch: [14][350/391]	Time 0.806 (0.803)	Data 0.000 (0.001)	Loss 1.6727 (1.4355)	Prec@1 43.750 (48.771)	Prec@5 85.156 (90.459)
2025-06-02 07:15:50,361 - my_logger - INFO - Test: [0/79]	Time 0.181 (0.181)	Loss 0.7325 (0.7325)	Prec@1 80.469 (80.469)	Prec@5 98.438 (98.438)
2025-06-02 07:15:50,719 - my_logger - INFO - Test: [10/79]	Time 0.036 (0.049)	Loss 0.7206 (0.7302)	Prec@1 75.781 (75.568)	Prec@5 96.875 (99.148)
2025-06-02 07:15:51,077 - my_logger - INFO - Test: [20/79]	Time 0.036 (0.043)	Loss 0.7357 (0.7510)	Prec@1 78.125 (75.558)	Prec@5 100.000 (98.735)
2025-06-02 07:15:51,434 - my_logger - INFO - Test: [30/79]	Time 0.036 (0.040)	Loss 0.6724 (0.7505)	Prec@1 78.906 (76.159)	Prec@5 99.219 (98.589)
2025-06-02 07:15:51,791 - my_logger - INFO - Test: [40/79]	Time 0.036 (0.039)	Loss 0.7802 (0.7494)	Prec@1 75.781 (76.353)	Prec@5 98.438 (98.514)
2025-06-02 07:15:52,148 - my_logger - INFO - Test: [50/79]	Time 0.036 (0.039)	Loss 0.7711 (0.7529)	Prec@1 75.000 (76.026)	Prec@5 99.219 (98.514)
2025-06-02 07:15:52,505 - my_logger - INFO - Test: [60/79]	Time 0.036 (0.038)	Loss 0.8109 (0.7560)	Prec@1 73.438 (75.858)	Prec@5 96.875 (98.399)
2025-06-02 07:15:52,861 - my_logger - INFO - Test: [70/79]	Time 0.036 (0.038)	Loss 0.6991 (0.7568)	Prec@1 78.906 (75.880)	Prec@5 100.000 (98.526)
2025-06-02 07:15:53,155 - my_logger - INFO -  * Prec@1 75.980 Prec@5 98.530
2025-06-02 07:16:01,881 - my_logger - INFO - Saved best model with accuracy 75.98%
2025-06-02 07:16:01,882 - my_logger - INFO - Learning rate set to 0.00010000000000000003
2025-06-02 07:16:02,815 - my_logger - INFO - Train Epoch: [15][0/391]	Time 0.931 (0.931)	Data 0.198 (0.198)	Loss 1.8312 (1.4375)	Prec@1 36.719 (49.870)	Prec@5 82.812 (88.411)
2025-06-02 07:16:42,940 - my_logger - INFO - Train Epoch: [15][50/391]	Time 0.801 (0.805)	Data 0.000 (0.004)	Loss 1.8167 (1.4185)	Prec@1 40.625 (49.533)	Prec@5 80.469 (90.482)
2025-06-02 07:17:23,074 - my_logger - INFO - Train Epoch: [15][100/391]	Time 0.804 (0.804)	Data 0.000 (0.002)	Loss 1.6494 (1.4206)	Prec@1 33.594 (49.381)	Prec@5 88.281 (90.695)
2025-06-02 07:18:03,194 - my_logger - INFO - Train Epoch: [15][150/391]	Time 0.803 (0.803)	Data 0.000 (0.002)	Loss 1.7866 (1.4186)	Prec@1 37.500 (49.293)	Prec@5 85.156 (90.847)
2025-06-02 07:18:43,303 - my_logger - INFO - Train Epoch: [15][200/391]	Time 0.803 (0.803)	Data 0.000 (0.001)	Loss 1.5349 (1.4185)	Prec@1 39.062 (49.196)	Prec@5 90.625 (90.710)
2025-06-02 07:19:23,393 - my_logger - INFO - Train Epoch: [15][250/391]	Time 0.797 (0.803)	Data 0.000 (0.001)	Loss 1.9187 (1.4182)	Prec@1 29.688 (49.187)	Prec@5 84.375 (90.716)
2025-06-02 07:20:03,510 - my_logger - INFO - Train Epoch: [15][300/391]	Time 0.807 (0.803)	Data 0.000 (0.001)	Loss 1.6346 (1.4206)	Prec@1 42.188 (49.083)	Prec@5 86.719 (90.751)
2025-06-02 07:20:43,633 - my_logger - INFO - Train Epoch: [15][350/391]	Time 0.802 (0.803)	Data 0.000 (0.001)	Loss 1.7978 (1.4193)	Prec@1 32.812 (49.254)	Prec@5 84.375 (90.699)
2025-06-02 07:21:15,697 - my_logger - INFO - Test: [0/79]	Time 0.174 (0.174)	Loss 0.7369 (0.7369)	Prec@1 77.344 (77.344)	Prec@5 97.656 (97.656)
2025-06-02 07:21:16,056 - my_logger - INFO - Test: [10/79]	Time 0.036 (0.048)	Loss 0.7020 (0.7256)	Prec@1 76.562 (75.284)	Prec@5 96.094 (98.864)
2025-06-02 07:21:16,413 - my_logger - INFO - Test: [20/79]	Time 0.036 (0.042)	Loss 0.7371 (0.7450)	Prec@1 76.562 (75.670)	Prec@5 99.219 (98.512)
2025-06-02 07:21:16,770 - my_logger - INFO - Test: [30/79]	Time 0.036 (0.040)	Loss 0.6501 (0.7448)	Prec@1 82.812 (76.058)	Prec@5 100.000 (98.412)
2025-06-02 07:21:17,127 - my_logger - INFO - Test: [40/79]	Time 0.036 (0.039)	Loss 0.7717 (0.7420)	Prec@1 77.344 (76.239)	Prec@5 98.438 (98.399)
2025-06-02 07:21:17,484 - my_logger - INFO - Test: [50/79]	Time 0.036 (0.038)	Loss 0.7660 (0.7446)	Prec@1 74.219 (75.980)	Prec@5 98.438 (98.438)
2025-06-02 07:21:17,841 - my_logger - INFO - Test: [60/79]	Time 0.036 (0.038)	Loss 0.7952 (0.7472)	Prec@1 73.438 (76.012)	Prec@5 97.656 (98.348)
2025-06-02 07:21:18,198 - my_logger - INFO - Test: [70/79]	Time 0.036 (0.038)	Loss 0.6949 (0.7478)	Prec@1 78.125 (76.012)	Prec@5 100.000 (98.426)
2025-06-02 07:21:18,495 - my_logger - INFO -  * Prec@1 76.050 Prec@5 98.430
2025-06-02 07:21:27,147 - my_logger - INFO - Saved best model with accuracy 76.05%
2025-06-02 07:21:27,148 - my_logger - INFO - Learning rate set to 0.00010000000000000003
2025-06-02 07:21:28,066 - my_logger - INFO - Train Epoch: [16][0/391]	Time 0.917 (0.917)	Data 0.188 (0.188)	Loss 1.7303 (1.3579)	Prec@1 34.375 (49.089)	Prec@5 89.062 (93.880)
2025-06-02 07:22:08,238 - my_logger - INFO - Train Epoch: [16][50/391]	Time 0.806 (0.806)	Data 0.000 (0.004)	Loss 1.6574 (1.4349)	Prec@1 37.500 (49.063)	Prec@5 89.062 (89.964)
2025-06-02 07:22:48,483 - my_logger - INFO - Train Epoch: [16][100/391]	Time 0.805 (0.805)	Data 0.000 (0.002)	Loss 1.6113 (1.4251)	Prec@1 39.062 (49.257)	Prec@5 89.062 (90.326)
2025-06-02 07:23:28,692 - my_logger - INFO - Train Epoch: [16][150/391]	Time 0.802 (0.805)	Data 0.000 (0.002)	Loss 1.8535 (1.4243)	Prec@1 39.844 (49.228)	Prec@5 87.500 (90.451)
2025-06-02 07:24:08,900 - my_logger - INFO - Train Epoch: [16][200/391]	Time 0.805 (0.805)	Data 0.000 (0.001)	Loss 1.8057 (1.4276)	Prec@1 29.688 (49.137)	Prec@5 84.375 (90.354)
2025-06-02 07:24:49,130 - my_logger - INFO - Train Epoch: [16][250/391]	Time 0.804 (0.805)	Data 0.000 (0.001)	Loss 1.7360 (1.4239)	Prec@1 39.062 (49.224)	Prec@5 86.719 (90.364)
2025-06-02 07:25:29,338 - my_logger - INFO - Train Epoch: [16][300/391]	Time 0.805 (0.805)	Data 0.000 (0.001)	Loss 1.8674 (1.4256)	Prec@1 35.156 (49.153)	Prec@5 85.156 (90.389)
2025-06-02 07:26:09,562 - my_logger - INFO - Train Epoch: [16][350/391]	Time 0.805 (0.805)	Data 0.000 (0.001)	Loss 1.7499 (1.4254)	Prec@1 38.281 (49.145)	Prec@5 87.500 (90.444)
2025-06-02 07:26:41,671 - my_logger - INFO - Test: [0/79]	Time 0.164 (0.164)	Loss 0.7330 (0.7330)	Prec@1 79.688 (79.688)	Prec@5 98.438 (98.438)
2025-06-02 07:26:42,030 - my_logger - INFO - Test: [10/79]	Time 0.036 (0.048)	Loss 0.7030 (0.7225)	Prec@1 75.000 (75.923)	Prec@5 97.656 (99.290)
2025-06-02 07:26:42,388 - my_logger - INFO - Test: [20/79]	Time 0.036 (0.042)	Loss 0.7285 (0.7407)	Prec@1 78.125 (75.818)	Prec@5 100.000 (98.735)
2025-06-02 07:26:42,745 - my_logger - INFO - Test: [30/79]	Time 0.036 (0.040)	Loss 0.6461 (0.7406)	Prec@1 84.375 (76.310)	Prec@5 99.219 (98.538)
2025-06-02 07:26:43,102 - my_logger - INFO - Test: [40/79]	Time 0.036 (0.039)	Loss 0.7648 (0.7380)	Prec@1 77.344 (76.410)	Prec@5 98.438 (98.438)
2025-06-02 07:26:43,459 - my_logger - INFO - Test: [50/79]	Time 0.036 (0.038)	Loss 0.7549 (0.7408)	Prec@1 73.438 (76.088)	Prec@5 99.219 (98.422)
2025-06-02 07:26:43,815 - my_logger - INFO - Test: [60/79]	Time 0.036 (0.038)	Loss 0.8018 (0.7430)	Prec@1 74.219 (76.153)	Prec@5 97.656 (98.309)
2025-06-02 07:26:44,173 - my_logger - INFO - Test: [70/79]	Time 0.036 (0.038)	Loss 0.6904 (0.7438)	Prec@1 78.125 (76.276)	Prec@5 100.000 (98.415)
2025-06-02 07:26:44,464 - my_logger - INFO -  * Prec@1 76.390 Prec@5 98.450
2025-06-02 07:26:52,770 - my_logger - INFO - Saved best model with accuracy 76.39%
2025-06-02 07:26:52,771 - my_logger - INFO - Learning rate set to 0.00010000000000000003
2025-06-02 07:26:53,709 - my_logger - INFO - Train Epoch: [17][0/391]	Time 0.936 (0.936)	Data 0.201 (0.201)	Loss 1.7479 (1.4090)	Prec@1 34.375 (46.224)	Prec@5 84.375 (91.406)
2025-06-02 07:27:33,915 - my_logger - INFO - Train Epoch: [17][50/391]	Time 0.803 (0.807)	Data 0.001 (0.004)	Loss 1.6958 (1.4198)	Prec@1 38.281 (49.505)	Prec@5 88.281 (90.548)
2025-06-02 07:28:14,011 - my_logger - INFO - Train Epoch: [17][100/391]	Time 0.801 (0.804)	Data 0.000 (0.002)	Loss 1.8783 (1.4123)	Prec@1 25.781 (49.504)	Prec@5 79.688 (90.838)
2025-06-02 07:28:54,136 - my_logger - INFO - Train Epoch: [17][150/391]	Time 0.804 (0.804)	Data 0.000 (0.002)	Loss 1.7209 (1.4151)	Prec@1 39.844 (49.532)	Prec@5 87.500 (90.720)
2025-06-02 07:29:34,231 - my_logger - INFO - Train Epoch: [17][200/391]	Time 0.798 (0.803)	Data 0.000 (0.001)	Loss 1.7440 (1.4177)	Prec@1 39.062 (49.416)	Prec@5 85.156 (90.680)
2025-06-02 07:30:14,320 - my_logger - INFO - Train Epoch: [17][250/391]	Time 0.803 (0.803)	Data 0.000 (0.001)	Loss 1.7896 (1.4209)	Prec@1 34.375 (49.347)	Prec@5 82.031 (90.662)
2025-06-02 07:30:54,416 - my_logger - INFO - Train Epoch: [17][300/391]	Time 0.804 (0.803)	Data 0.000 (0.001)	Loss 1.9620 (1.4216)	Prec@1 29.688 (49.231)	Prec@5 82.812 (90.693)
2025-06-02 07:31:34,516 - my_logger - INFO - Train Epoch: [17][350/391]	Time 0.799 (0.803)	Data 0.000 (0.001)	Loss 2.1074 (1.4188)	Prec@1 21.875 (49.436)	Prec@5 74.219 (90.621)
2025-06-02 07:32:06,532 - my_logger - INFO - Test: [0/79]	Time 0.162 (0.162)	Loss 0.7393 (0.7393)	Prec@1 81.250 (81.250)	Prec@5 98.438 (98.438)
2025-06-02 07:32:06,891 - my_logger - INFO - Test: [10/79]	Time 0.036 (0.047)	Loss 0.7056 (0.7239)	Prec@1 77.344 (76.207)	Prec@5 97.656 (99.219)
2025-06-02 07:32:07,249 - my_logger - INFO - Test: [20/79]	Time 0.036 (0.042)	Loss 0.7268 (0.7455)	Prec@1 76.562 (75.930)	Prec@5 100.000 (98.735)
2025-06-02 07:32:07,606 - my_logger - INFO - Test: [30/79]	Time 0.036 (0.040)	Loss 0.6615 (0.7454)	Prec@1 79.688 (76.084)	Prec@5 99.219 (98.564)
2025-06-02 07:32:07,963 - my_logger - INFO - Test: [40/79]	Time 0.036 (0.039)	Loss 0.7727 (0.7442)	Prec@1 75.781 (76.296)	Prec@5 98.438 (98.495)
2025-06-02 07:32:08,321 - my_logger - INFO - Test: [50/79]	Time 0.036 (0.038)	Loss 0.7553 (0.7469)	Prec@1 73.438 (75.980)	Prec@5 98.438 (98.499)
2025-06-02 07:32:08,680 - my_logger - INFO - Test: [60/79]	Time 0.036 (0.038)	Loss 0.8009 (0.7494)	Prec@1 73.438 (75.973)	Prec@5 96.875 (98.386)
2025-06-02 07:32:09,037 - my_logger - INFO - Test: [70/79]	Time 0.036 (0.038)	Loss 0.6953 (0.7494)	Prec@1 76.562 (75.990)	Prec@5 100.000 (98.449)
2025-06-02 07:32:09,327 - my_logger - INFO -  * Prec@1 76.140 Prec@5 98.450
2025-06-02 07:32:09,328 - my_logger - INFO - Learning rate set to 0.00010000000000000003
2025-06-02 07:32:10,208 - my_logger - INFO - Train Epoch: [18][0/391]	Time 0.879 (0.879)	Data 0.155 (0.155)	Loss 1.9136 (1.4963)	Prec@1 37.500 (49.870)	Prec@5 76.562 (86.719)
2025-06-02 07:32:50,395 - my_logger - INFO - Train Epoch: [18][50/391]	Time 0.804 (0.805)	Data 0.000 (0.003)	Loss 1.7231 (1.4193)	Prec@1 36.719 (49.594)	Prec@5 86.719 (90.686)
2025-06-02 07:33:30,585 - my_logger - INFO - Train Epoch: [18][100/391]	Time 0.799 (0.805)	Data 0.000 (0.002)	Loss 1.7807 (1.4211)	Prec@1 34.375 (49.270)	Prec@5 87.500 (90.736)
2025-06-02 07:34:10,719 - my_logger - INFO - Train Epoch: [18][150/391]	Time 0.798 (0.804)	Data 0.000 (0.001)	Loss 1.8630 (1.4156)	Prec@1 36.719 (49.410)	Prec@5 86.719 (90.765)
2025-06-02 07:34:50,867 - my_logger - INFO - Train Epoch: [18][200/391]	Time 0.807 (0.804)	Data 0.000 (0.001)	Loss 1.8141 (1.4225)	Prec@1 34.375 (49.225)	Prec@5 81.250 (90.539)
2025-06-02 07:35:30,940 - my_logger - INFO - Train Epoch: [18][250/391]	Time 0.801 (0.803)	Data 0.000 (0.001)	Loss 1.7701 (1.4216)	Prec@1 32.812 (49.372)	Prec@5 89.844 (90.596)
2025-06-02 07:36:11,067 - my_logger - INFO - Train Epoch: [18][300/391]	Time 0.799 (0.803)	Data 0.000 (0.001)	Loss 1.7772 (1.4198)	Prec@1 33.594 (49.365)	Prec@5 84.375 (90.622)
2025-06-02 07:36:51,220 - my_logger - INFO - Train Epoch: [18][350/391]	Time 0.804 (0.803)	Data 0.000 (0.001)	Loss 1.8384 (1.4192)	Prec@1 33.594 (49.425)	Prec@5 87.500 (90.647)
2025-06-02 07:37:23,262 - my_logger - INFO - Test: [0/79]	Time 0.162 (0.162)	Loss 0.7416 (0.7416)	Prec@1 79.688 (79.688)	Prec@5 99.219 (99.219)
2025-06-02 07:37:23,620 - my_logger - INFO - Test: [10/79]	Time 0.036 (0.047)	Loss 0.7059 (0.7178)	Prec@1 78.125 (76.918)	Prec@5 98.438 (99.361)
2025-06-02 07:37:23,978 - my_logger - INFO - Test: [20/79]	Time 0.036 (0.042)	Loss 0.7281 (0.7376)	Prec@1 78.125 (76.488)	Prec@5 100.000 (98.735)
2025-06-02 07:37:24,336 - my_logger - INFO - Test: [30/79]	Time 0.036 (0.040)	Loss 0.6490 (0.7373)	Prec@1 84.375 (76.815)	Prec@5 100.000 (98.589)
2025-06-02 07:37:24,693 - my_logger - INFO - Test: [40/79]	Time 0.036 (0.039)	Loss 0.7633 (0.7354)	Prec@1 74.219 (76.905)	Prec@5 98.438 (98.533)
2025-06-02 07:37:25,050 - my_logger - INFO - Test: [50/79]	Time 0.036 (0.038)	Loss 0.7532 (0.7380)	Prec@1 73.438 (76.547)	Prec@5 98.438 (98.545)
2025-06-02 07:37:25,406 - my_logger - INFO - Test: [60/79]	Time 0.036 (0.038)	Loss 0.7738 (0.7402)	Prec@1 74.219 (76.614)	Prec@5 97.656 (98.450)
2025-06-02 07:37:25,762 - my_logger - INFO - Test: [70/79]	Time 0.036 (0.037)	Loss 0.6855 (0.7417)	Prec@1 78.125 (76.651)	Prec@5 99.219 (98.504)
2025-06-02 07:37:26,051 - my_logger - INFO -  * Prec@1 76.830 Prec@5 98.500
2025-06-02 07:37:34,607 - my_logger - INFO - Saved best model with accuracy 76.83%
2025-06-02 07:37:34,608 - my_logger - INFO - Learning rate set to 0.00010000000000000003
2025-06-02 07:37:35,536 - my_logger - INFO - Train Epoch: [19][0/391]	Time 0.927 (0.927)	Data 0.194 (0.194)	Loss 1.8719 (1.5202)	Prec@1 33.594 (43.620)	Prec@5 81.250 (86.979)
2025-06-02 07:38:15,673 - my_logger - INFO - Train Epoch: [19][50/391]	Time 0.800 (0.805)	Data 0.000 (0.004)	Loss 1.7252 (1.4276)	Prec@1 42.969 (49.027)	Prec@5 82.812 (90.336)
2025-06-02 07:38:55,829 - my_logger - INFO - Train Epoch: [19][100/391]	Time 0.805 (0.804)	Data 0.000 (0.002)	Loss 1.6762 (1.4208)	Prec@1 32.812 (49.234)	Prec@5 87.500 (90.589)
2025-06-02 07:39:35,948 - my_logger - INFO - Train Epoch: [19][150/391]	Time 0.799 (0.804)	Data 0.000 (0.002)	Loss 2.0236 (1.4208)	Prec@1 31.250 (49.300)	Prec@5 81.250 (90.565)
2025-06-02 07:40:16,027 - my_logger - INFO - Train Epoch: [19][200/391]	Time 0.803 (0.803)	Data 0.000 (0.001)	Loss 1.8903 (1.4150)	Prec@1 32.812 (49.514)	Prec@5 78.906 (90.585)
2025-06-02 07:40:56,128 - my_logger - INFO - Train Epoch: [19][250/391]	Time 0.802 (0.803)	Data 0.000 (0.001)	Loss 1.7513 (1.4151)	Prec@1 32.812 (49.412)	Prec@5 87.500 (90.629)
2025-06-02 07:41:36,246 - my_logger - INFO - Train Epoch: [19][300/391]	Time 0.801 (0.803)	Data 0.000 (0.001)	Loss 1.8632 (1.4138)	Prec@1 32.812 (49.465)	Prec@5 82.031 (90.664)
2025-06-02 07:42:16,345 - my_logger - INFO - Train Epoch: [19][350/391]	Time 0.802 (0.803)	Data 0.000 (0.001)	Loss 1.6843 (1.4142)	Prec@1 35.938 (49.405)	Prec@5 85.938 (90.651)
2025-06-02 07:42:48,364 - my_logger - INFO - Test: [0/79]	Time 0.175 (0.175)	Loss 0.7319 (0.7319)	Prec@1 78.125 (78.125)	Prec@5 98.438 (98.438)
2025-06-02 07:42:48,721 - my_logger - INFO - Test: [10/79]	Time 0.036 (0.048)	Loss 0.6963 (0.7193)	Prec@1 78.125 (76.065)	Prec@5 98.438 (99.290)
2025-06-02 07:42:49,078 - my_logger - INFO - Test: [20/79]	Time 0.036 (0.042)	Loss 0.7294 (0.7387)	Prec@1 77.344 (76.153)	Prec@5 99.219 (98.772)
2025-06-02 07:42:49,435 - my_logger - INFO - Test: [30/79]	Time 0.036 (0.040)	Loss 0.6420 (0.7377)	Prec@1 84.375 (76.462)	Prec@5 100.000 (98.614)
2025-06-02 07:42:49,792 - my_logger - INFO - Test: [40/79]	Time 0.036 (0.039)	Loss 0.7578 (0.7353)	Prec@1 75.000 (76.620)	Prec@5 99.219 (98.590)
2025-06-02 07:42:50,148 - my_logger - INFO - Test: [50/79]	Time 0.036 (0.038)	Loss 0.7622 (0.7381)	Prec@1 75.000 (76.333)	Prec@5 98.438 (98.621)
2025-06-02 07:42:50,506 - my_logger - INFO - Test: [60/79]	Time 0.036 (0.038)	Loss 0.7905 (0.7404)	Prec@1 74.219 (76.447)	Prec@5 97.656 (98.502)
2025-06-02 07:42:50,863 - my_logger - INFO - Test: [70/79]	Time 0.036 (0.038)	Loss 0.6913 (0.7413)	Prec@1 78.125 (76.496)	Prec@5 100.000 (98.570)
2025-06-02 07:42:51,155 - my_logger - INFO -  * Prec@1 76.630 Prec@5 98.610
2025-06-02 07:42:55,538 - my_logger - INFO - Learning rate set to 1.0000000000000003e-05
2025-06-02 07:42:56,466 - my_logger - INFO - Train Epoch: [20][0/391]	Time 0.926 (0.926)	Data 0.200 (0.200)	Loss 1.7759 (1.3769)	Prec@1 35.156 (50.260)	Prec@5 83.594 (89.583)
2025-06-02 07:43:36,619 - my_logger - INFO - Train Epoch: [20][50/391]	Time 0.808 (0.805)	Data 0.000 (0.004)	Loss 1.7580 (1.4257)	Prec@1 36.719 (49.124)	Prec@5 82.031 (90.260)
2025-06-02 07:44:16,806 - my_logger - INFO - Train Epoch: [20][100/391]	Time 0.804 (0.805)	Data 0.000 (0.002)	Loss 1.8712 (1.4252)	Prec@1 31.250 (48.752)	Prec@5 87.500 (90.606)
2025-06-02 07:44:56,983 - my_logger - INFO - Train Epoch: [20][150/391]	Time 0.798 (0.804)	Data 0.000 (0.002)	Loss 1.8448 (1.4227)	Prec@1 23.438 (48.916)	Prec@5 88.281 (90.575)
2025-06-02 07:45:37,203 - my_logger - INFO - Train Epoch: [20][200/391]	Time 0.807 (0.804)	Data 0.000 (0.001)	Loss 1.9955 (1.4249)	Prec@1 35.156 (49.046)	Prec@5 81.250 (90.504)
2025-06-02 07:46:17,424 - my_logger - INFO - Train Epoch: [20][250/391]	Time 0.805 (0.804)	Data 0.000 (0.001)	Loss 1.8642 (1.4222)	Prec@1 34.375 (49.243)	Prec@5 82.031 (90.544)
2025-06-02 07:46:57,641 - my_logger - INFO - Train Epoch: [20][300/391]	Time 0.804 (0.804)	Data 0.000 (0.001)	Loss 1.8006 (1.4205)	Prec@1 32.031 (49.306)	Prec@5 82.031 (90.584)
2025-06-02 07:47:37,839 - my_logger - INFO - Train Epoch: [20][350/391]	Time 0.803 (0.804)	Data 0.000 (0.001)	Loss 1.6741 (1.4193)	Prec@1 35.938 (49.393)	Prec@5 85.156 (90.612)
2025-06-02 07:48:09,944 - my_logger - INFO - Test: [0/79]	Time 0.161 (0.161)	Loss 0.7317 (0.7317)	Prec@1 80.469 (80.469)	Prec@5 97.656 (97.656)
2025-06-02 07:48:10,302 - my_logger - INFO - Test: [10/79]	Time 0.036 (0.047)	Loss 0.6991 (0.7131)	Prec@1 76.562 (75.923)	Prec@5 97.656 (99.077)
2025-06-02 07:48:10,659 - my_logger - INFO - Test: [20/79]	Time 0.036 (0.042)	Loss 0.7210 (0.7338)	Prec@1 77.344 (75.967)	Prec@5 100.000 (98.698)
2025-06-02 07:48:11,016 - my_logger - INFO - Test: [30/79]	Time 0.036 (0.040)	Loss 0.6484 (0.7334)	Prec@1 84.375 (76.361)	Prec@5 99.219 (98.564)
2025-06-02 07:48:11,373 - my_logger - INFO - Test: [40/79]	Time 0.036 (0.039)	Loss 0.7611 (0.7321)	Prec@1 76.562 (76.620)	Prec@5 99.219 (98.533)
2025-06-02 07:48:11,729 - my_logger - INFO - Test: [50/79]	Time 0.036 (0.038)	Loss 0.7460 (0.7346)	Prec@1 75.000 (76.317)	Prec@5 98.438 (98.575)
2025-06-02 07:48:12,087 - my_logger - INFO - Test: [60/79]	Time 0.036 (0.038)	Loss 0.7850 (0.7369)	Prec@1 75.781 (76.422)	Prec@5 97.656 (98.438)
2025-06-02 07:48:12,444 - my_logger - INFO - Test: [70/79]	Time 0.036 (0.037)	Loss 0.6709 (0.7366)	Prec@1 78.125 (76.452)	Prec@5 100.000 (98.482)
2025-06-02 07:48:12,740 - my_logger - INFO -  * Prec@1 76.530 Prec@5 98.500
2025-06-02 07:48:12,740 - my_logger - INFO - Learning rate set to 1.0000000000000003e-05
2025-06-02 07:48:13,634 - my_logger - INFO - Train Epoch: [21][0/391]	Time 0.893 (0.893)	Data 0.165 (0.165)	Loss 1.8581 (1.4629)	Prec@1 34.375 (49.740)	Prec@5 85.156 (90.365)
2025-06-02 07:48:53,866 - my_logger - INFO - Train Epoch: [21][50/391]	Time 0.801 (0.806)	Data 0.000 (0.004)	Loss 1.7488 (1.4287)	Prec@1 35.156 (48.632)	Prec@5 86.719 (90.745)
2025-06-02 07:49:34,095 - my_logger - INFO - Train Epoch: [21][100/391]	Time 0.807 (0.805)	Data 0.000 (0.002)	Loss 2.0374 (1.4198)	Prec@1 23.438 (49.107)	Prec@5 82.812 (90.531)
2025-06-02 07:50:14,299 - my_logger - INFO - Train Epoch: [21][150/391]	Time 0.803 (0.805)	Data 0.000 (0.001)	Loss 1.7779 (1.4146)	Prec@1 39.844 (49.532)	Prec@5 81.250 (90.594)
2025-06-02 07:50:54,512 - my_logger - INFO - Train Epoch: [21][200/391]	Time 0.806 (0.805)	Data 0.000 (0.001)	Loss 1.9450 (1.4167)	Prec@1 27.344 (49.428)	Prec@5 82.031 (90.740)
2025-06-02 07:51:34,732 - my_logger - INFO - Train Epoch: [21][250/391]	Time 0.800 (0.805)	Data 0.000 (0.001)	Loss 1.9352 (1.4133)	Prec@1 30.469 (49.587)	Prec@5 83.594 (90.695)
2025-06-02 07:52:14,960 - my_logger - INFO - Train Epoch: [21][300/391]	Time 0.807 (0.805)	Data 0.000 (0.001)	Loss 1.7705 (1.4140)	Prec@1 33.594 (49.618)	Prec@5 89.062 (90.672)
2025-06-02 07:52:55,163 - my_logger - INFO - Train Epoch: [21][350/391]	Time 0.802 (0.805)	Data 0.000 (0.001)	Loss 1.5780 (1.4127)	Prec@1 39.844 (49.659)	Prec@5 91.406 (90.718)
2025-06-02 07:53:27,288 - my_logger - INFO - Test: [0/79]	Time 0.181 (0.181)	Loss 0.7488 (0.7488)	Prec@1 78.125 (78.125)	Prec@5 98.438 (98.438)
2025-06-02 07:53:27,646 - my_logger - INFO - Test: [10/79]	Time 0.036 (0.049)	Loss 0.7042 (0.7313)	Prec@1 75.781 (76.349)	Prec@5 98.438 (99.290)
2025-06-02 07:53:28,004 - my_logger - INFO - Test: [20/79]	Time 0.036 (0.043)	Loss 0.7321 (0.7477)	Prec@1 78.906 (76.339)	Prec@5 100.000 (98.847)
2025-06-02 07:53:28,361 - my_logger - INFO - Test: [30/79]	Time 0.036 (0.040)	Loss 0.6524 (0.7464)	Prec@1 84.375 (76.487)	Prec@5 100.000 (98.715)
2025-06-02 07:53:28,717 - my_logger - INFO - Test: [40/79]	Time 0.036 (0.039)	Loss 0.7670 (0.7438)	Prec@1 76.562 (76.677)	Prec@5 98.438 (98.647)
2025-06-02 07:53:29,074 - my_logger - INFO - Test: [50/79]	Time 0.036 (0.039)	Loss 0.7692 (0.7469)	Prec@1 72.656 (76.333)	Prec@5 99.219 (98.606)
2025-06-02 07:53:29,430 - my_logger - INFO - Test: [60/79]	Time 0.036 (0.038)	Loss 0.7888 (0.7487)	Prec@1 75.781 (76.537)	Prec@5 97.656 (98.514)
2025-06-02 07:53:29,787 - my_logger - INFO - Test: [70/79]	Time 0.036 (0.038)	Loss 0.6989 (0.7508)	Prec@1 78.125 (76.518)	Prec@5 100.000 (98.570)
2025-06-02 07:53:30,076 - my_logger - INFO -  * Prec@1 76.640 Prec@5 98.570
2025-06-02 07:53:30,077 - my_logger - INFO - Learning rate set to 1.0000000000000003e-05
2025-06-02 07:53:30,962 - my_logger - INFO - Train Epoch: [22][0/391]	Time 0.884 (0.884)	Data 0.157 (0.157)	Loss 1.7427 (1.4064)	Prec@1 37.500 (50.130)	Prec@5 87.500 (91.536)
2025-06-02 07:54:11,171 - my_logger - INFO - Train Epoch: [22][50/391]	Time 0.805 (0.806)	Data 0.000 (0.003)	Loss 1.7412 (1.4259)	Prec@1 38.281 (48.864)	Prec@5 83.594 (90.776)
2025-06-02 07:54:51,381 - my_logger - INFO - Train Epoch: [22][100/391]	Time 0.803 (0.805)	Data 0.000 (0.002)	Loss 1.6111 (1.4329)	Prec@1 39.844 (48.786)	Prec@5 90.625 (90.475)
2025-06-02 07:55:31,579 - my_logger - INFO - Train Epoch: [22][150/391]	Time 0.802 (0.805)	Data 0.000 (0.001)	Loss 1.5250 (1.4209)	Prec@1 42.969 (49.339)	Prec@5 91.406 (90.642)
2025-06-02 07:56:11,794 - my_logger - INFO - Train Epoch: [22][200/391]	Time 0.806 (0.805)	Data 0.001 (0.001)	Loss 1.8556 (1.4223)	Prec@1 36.719 (49.238)	Prec@5 82.812 (90.587)
2025-06-02 07:56:52,009 - my_logger - INFO - Train Epoch: [22][250/391]	Time 0.804 (0.805)	Data 0.000 (0.001)	Loss 1.7937 (1.4179)	Prec@1 38.281 (49.464)	Prec@5 80.469 (90.577)
2025-06-02 07:57:32,213 - my_logger - INFO - Train Epoch: [22][300/391]	Time 0.804 (0.804)	Data 0.000 (0.001)	Loss 1.8201 (1.4197)	Prec@1 35.156 (49.397)	Prec@5 82.031 (90.554)
2025-06-02 07:58:12,429 - my_logger - INFO - Train Epoch: [22][350/391]	Time 0.805 (0.804)	Data 0.000 (0.001)	Loss 1.6029 (1.4172)	Prec@1 36.719 (49.468)	Prec@5 90.625 (90.556)
2025-06-02 07:58:44,554 - my_logger - INFO - Test: [0/79]	Time 0.168 (0.168)	Loss 0.7218 (0.7218)	Prec@1 80.469 (80.469)	Prec@5 98.438 (98.438)
2025-06-02 07:58:44,912 - my_logger - INFO - Test: [10/79]	Time 0.036 (0.048)	Loss 0.6939 (0.7064)	Prec@1 76.562 (76.989)	Prec@5 98.438 (99.290)
2025-06-02 07:58:45,270 - my_logger - INFO - Test: [20/79]	Time 0.036 (0.042)	Loss 0.7089 (0.7277)	Prec@1 76.562 (76.600)	Prec@5 100.000 (98.810)
2025-06-02 07:58:45,627 - my_logger - INFO - Test: [30/79]	Time 0.036 (0.040)	Loss 0.6374 (0.7272)	Prec@1 83.594 (76.890)	Prec@5 99.219 (98.614)
2025-06-02 07:58:45,984 - my_logger - INFO - Test: [40/79]	Time 0.036 (0.039)	Loss 0.7490 (0.7255)	Prec@1 75.781 (76.963)	Prec@5 98.438 (98.552)
2025-06-02 07:58:46,341 - my_logger - INFO - Test: [50/79]	Time 0.036 (0.038)	Loss 0.7423 (0.7280)	Prec@1 73.438 (76.578)	Prec@5 99.219 (98.575)
2025-06-02 07:58:46,699 - my_logger - INFO - Test: [60/79]	Time 0.036 (0.038)	Loss 0.7771 (0.7304)	Prec@1 75.000 (76.627)	Prec@5 96.875 (98.476)
2025-06-02 07:58:47,056 - my_logger - INFO - Test: [70/79]	Time 0.036 (0.038)	Loss 0.6736 (0.7310)	Prec@1 78.125 (76.717)	Prec@5 100.000 (98.537)
2025-06-02 07:58:47,345 - my_logger - INFO -  * Prec@1 76.870 Prec@5 98.560
2025-06-02 07:58:55,958 - my_logger - INFO - Saved best model with accuracy 76.87%
2025-06-02 07:58:55,959 - my_logger - INFO - Learning rate set to 1.0000000000000003e-05
2025-06-02 07:58:56,896 - my_logger - INFO - Train Epoch: [23][0/391]	Time 0.936 (0.936)	Data 0.193 (0.193)	Loss 1.8066 (1.4050)	Prec@1 33.594 (49.349)	Prec@5 82.812 (90.495)
2025-06-02 07:59:37,094 - my_logger - INFO - Train Epoch: [23][50/391]	Time 0.807 (0.807)	Data 0.001 (0.004)	Loss 1.7505 (1.4200)	Prec@1 35.156 (49.400)	Prec@5 83.594 (90.760)
2025-06-02 08:00:17,315 - my_logger - INFO - Train Epoch: [23][100/391]	Time 0.802 (0.805)	Data 0.000 (0.002)	Loss 1.6778 (1.4193)	Prec@1 42.969 (49.725)	Prec@5 83.594 (90.680)
2025-06-02 08:00:57,519 - my_logger - INFO - Train Epoch: [23][150/391]	Time 0.801 (0.805)	Data 0.000 (0.002)	Loss 1.8688 (1.4224)	Prec@1 32.812 (49.549)	Prec@5 84.375 (90.656)
2025-06-02 08:01:37,725 - my_logger - INFO - Train Epoch: [23][200/391]	Time 0.803 (0.805)	Data 0.000 (0.001)	Loss 1.8082 (1.4130)	Prec@1 33.594 (49.743)	Prec@5 83.594 (90.846)
2025-06-02 08:02:17,930 - my_logger - INFO - Train Epoch: [23][250/391]	Time 0.807 (0.805)	Data 0.000 (0.001)	Loss 1.7799 (1.4160)	Prec@1 37.500 (49.683)	Prec@5 86.719 (90.843)
2025-06-02 08:02:58,136 - my_logger - INFO - Train Epoch: [23][300/391]	Time 0.804 (0.805)	Data 0.000 (0.001)	Loss 1.7589 (1.4169)	Prec@1 37.500 (49.633)	Prec@5 83.594 (90.814)
2025-06-02 08:03:38,346 - my_logger - INFO - Train Epoch: [23][350/391]	Time 0.804 (0.805)	Data 0.000 (0.001)	Loss 1.5944 (1.4143)	Prec@1 39.062 (49.658)	Prec@5 89.062 (90.862)
2025-06-02 08:04:10,472 - my_logger - INFO - Test: [0/79]	Time 0.180 (0.180)	Loss 0.7366 (0.7366)	Prec@1 78.906 (78.906)	Prec@5 99.219 (99.219)
2025-06-02 08:04:10,831 - my_logger - INFO - Test: [10/79]	Time 0.036 (0.049)	Loss 0.6967 (0.7237)	Prec@1 75.000 (75.710)	Prec@5 98.438 (99.361)
2025-06-02 08:04:11,188 - my_logger - INFO - Test: [20/79]	Time 0.036 (0.043)	Loss 0.7252 (0.7423)	Prec@1 78.125 (75.856)	Prec@5 100.000 (98.921)
2025-06-02 08:04:11,546 - my_logger - INFO - Test: [30/79]	Time 0.036 (0.040)	Loss 0.6492 (0.7413)	Prec@1 84.375 (76.285)	Prec@5 100.000 (98.690)
2025-06-02 08:04:11,902 - my_logger - INFO - Test: [40/79]	Time 0.036 (0.039)	Loss 0.7620 (0.7388)	Prec@1 76.562 (76.543)	Prec@5 98.438 (98.628)
2025-06-02 08:04:12,259 - my_logger - INFO - Test: [50/79]	Time 0.036 (0.039)	Loss 0.7513 (0.7415)	Prec@1 73.438 (76.271)	Prec@5 99.219 (98.621)
2025-06-02 08:04:12,616 - my_logger - INFO - Test: [60/79]	Time 0.036 (0.038)	Loss 0.7944 (0.7436)	Prec@1 75.000 (76.409)	Prec@5 97.656 (98.540)
2025-06-02 08:04:12,973 - my_logger - INFO - Test: [70/79]	Time 0.036 (0.038)	Loss 0.6941 (0.7450)	Prec@1 76.562 (76.419)	Prec@5 100.000 (98.603)
2025-06-02 08:04:13,262 - my_logger - INFO -  * Prec@1 76.560 Prec@5 98.600
2025-06-02 08:04:13,262 - my_logger - INFO - Learning rate set to 1.0000000000000003e-05
2025-06-02 08:04:14,142 - my_logger - INFO - Train Epoch: [24][0/391]	Time 0.879 (0.879)	Data 0.152 (0.152)	Loss 1.9450 (1.5315)	Prec@1 33.594 (44.531)	Prec@5 85.156 (91.276)
2025-06-02 08:04:54,372 - my_logger - INFO - Train Epoch: [24][50/391]	Time 0.803 (0.806)	Data 0.000 (0.003)	Loss 1.5854 (1.4214)	Prec@1 44.531 (49.288)	Prec@5 88.281 (90.390)
2025-06-02 08:05:34,597 - my_logger - INFO - Train Epoch: [24][100/391]	Time 0.804 (0.805)	Data 0.000 (0.002)	Loss 1.8000 (1.4077)	Prec@1 33.594 (49.702)	Prec@5 78.906 (90.637)
2025-06-02 08:06:14,808 - my_logger - INFO - Train Epoch: [24][150/391]	Time 0.803 (0.805)	Data 0.000 (0.001)	Loss 1.7337 (1.4139)	Prec@1 39.844 (49.418)	Prec@5 89.062 (90.684)
2025-06-02 08:06:55,029 - my_logger - INFO - Train Epoch: [24][200/391]	Time 0.807 (0.805)	Data 0.000 (0.001)	Loss 1.8162 (1.4111)	Prec@1 32.812 (49.526)	Prec@5 81.250 (90.704)
2025-06-02 08:07:35,244 - my_logger - INFO - Train Epoch: [24][250/391]	Time 0.799 (0.805)	Data 0.000 (0.001)	Loss 1.6658 (1.4115)	Prec@1 32.031 (49.575)	Prec@5 89.062 (90.677)
2025-06-02 08:08:15,447 - my_logger - INFO - Train Epoch: [24][300/391]	Time 0.805 (0.805)	Data 0.000 (0.001)	Loss 1.6882 (1.4110)	Prec@1 35.156 (49.602)	Prec@5 86.719 (90.662)
2025-06-02 08:08:55,629 - my_logger - INFO - Train Epoch: [24][350/391]	Time 0.803 (0.804)	Data 0.000 (0.001)	Loss 1.5874 (1.4091)	Prec@1 39.062 (49.719)	Prec@5 91.406 (90.715)
2025-06-02 08:09:27,723 - my_logger - INFO - Test: [0/79]	Time 0.176 (0.176)	Loss 0.7409 (0.7409)	Prec@1 78.906 (78.906)	Prec@5 98.438 (98.438)
2025-06-02 08:09:28,081 - my_logger - INFO - Test: [10/79]	Time 0.036 (0.049)	Loss 0.7109 (0.7248)	Prec@1 75.000 (76.278)	Prec@5 98.438 (99.219)
2025-06-02 08:09:28,440 - my_logger - INFO - Test: [20/79]	Time 0.036 (0.043)	Loss 0.7318 (0.7447)	Prec@1 77.344 (76.079)	Prec@5 100.000 (98.698)
2025-06-02 08:09:28,796 - my_logger - INFO - Test: [30/79]	Time 0.036 (0.040)	Loss 0.6569 (0.7445)	Prec@1 82.031 (76.235)	Prec@5 99.219 (98.513)
2025-06-02 08:09:29,153 - my_logger - INFO - Test: [40/79]	Time 0.036 (0.039)	Loss 0.7708 (0.7425)	Prec@1 76.562 (76.524)	Prec@5 98.438 (98.457)
2025-06-02 08:09:29,509 - my_logger - INFO - Test: [50/79]	Time 0.036 (0.038)	Loss 0.7457 (0.7449)	Prec@1 73.438 (76.164)	Prec@5 99.219 (98.468)
2025-06-02 08:09:29,866 - my_logger - INFO - Test: [60/79]	Time 0.036 (0.038)	Loss 0.7971 (0.7473)	Prec@1 74.219 (76.191)	Prec@5 97.656 (98.386)
2025-06-02 08:09:30,223 - my_logger - INFO - Test: [70/79]	Time 0.036 (0.038)	Loss 0.6900 (0.7477)	Prec@1 77.344 (76.199)	Prec@5 100.000 (98.449)
2025-06-02 08:09:30,514 - my_logger - INFO -  * Prec@1 76.330 Prec@5 98.460
2025-06-02 08:09:34,978 - my_logger - INFO - Learning rate set to 1.0000000000000004e-06
2025-06-02 08:09:35,917 - my_logger - INFO - Train Epoch: [25][0/391]	Time 0.937 (0.937)	Data 0.196 (0.196)	Loss 1.6970 (1.3489)	Prec@1 35.938 (51.823)	Prec@5 82.812 (88.672)
2025-06-02 08:10:16,129 - my_logger - INFO - Train Epoch: [25][50/391]	Time 0.804 (0.807)	Data 0.000 (0.004)	Loss 1.8500 (1.4144)	Prec@1 32.031 (49.551)	Prec@5 84.375 (90.541)
2025-06-02 08:10:56,346 - my_logger - INFO - Train Epoch: [25][100/391]	Time 0.805 (0.806)	Data 0.000 (0.002)	Loss 1.7649 (1.4152)	Prec@1 33.594 (49.586)	Prec@5 84.375 (90.586)
2025-06-02 08:11:36,557 - my_logger - INFO - Train Epoch: [25][150/391]	Time 0.803 (0.805)	Data 0.000 (0.002)	Loss 1.8073 (1.4122)	Prec@1 33.594 (49.783)	Prec@5 91.406 (90.599)
2025-06-02 08:12:16,759 - my_logger - INFO - Train Epoch: [25][200/391]	Time 0.802 (0.805)	Data 0.000 (0.001)	Loss 1.9372 (1.4082)	Prec@1 30.469 (49.936)	Prec@5 85.156 (90.758)
2025-06-02 08:12:56,967 - my_logger - INFO - Train Epoch: [25][250/391]	Time 0.803 (0.805)	Data 0.000 (0.001)	Loss 1.7322 (1.4069)	Prec@1 39.062 (50.062)	Prec@5 83.594 (90.759)
2025-06-02 08:13:37,178 - my_logger - INFO - Train Epoch: [25][300/391]	Time 0.804 (0.805)	Data 0.000 (0.001)	Loss 1.9465 (1.4066)	Prec@1 30.469 (49.990)	Prec@5 79.688 (90.751)
2025-06-02 08:14:17,358 - my_logger - INFO - Train Epoch: [25][350/391]	Time 0.804 (0.804)	Data 0.000 (0.001)	Loss 1.7291 (1.4081)	Prec@1 39.844 (49.942)	Prec@5 88.281 (90.739)
2025-06-02 08:14:49,454 - my_logger - INFO - Test: [0/79]	Time 0.158 (0.158)	Loss 0.7523 (0.7523)	Prec@1 79.688 (79.688)	Prec@5 98.438 (98.438)
2025-06-02 08:14:49,811 - my_logger - INFO - Test: [10/79]	Time 0.036 (0.047)	Loss 0.7015 (0.7225)	Prec@1 77.344 (76.705)	Prec@5 97.656 (99.219)
2025-06-02 08:14:50,168 - my_logger - INFO - Test: [20/79]	Time 0.036 (0.042)	Loss 0.7234 (0.7414)	Prec@1 78.125 (76.376)	Prec@5 100.000 (98.698)
2025-06-02 08:14:50,525 - my_logger - INFO - Test: [30/79]	Time 0.036 (0.040)	Loss 0.6536 (0.7402)	Prec@1 83.594 (76.638)	Prec@5 99.219 (98.538)
2025-06-02 08:14:50,882 - my_logger - INFO - Test: [40/79]	Time 0.036 (0.039)	Loss 0.7668 (0.7388)	Prec@1 75.000 (77.001)	Prec@5 98.438 (98.495)
2025-06-02 08:14:51,239 - my_logger - INFO - Test: [50/79]	Time 0.036 (0.038)	Loss 0.7551 (0.7415)	Prec@1 75.000 (76.670)	Prec@5 98.438 (98.514)
2025-06-02 08:14:51,596 - my_logger - INFO - Test: [60/79]	Time 0.036 (0.038)	Loss 0.7914 (0.7437)	Prec@1 74.219 (76.691)	Prec@5 97.656 (98.425)
2025-06-02 08:14:51,953 - my_logger - INFO - Test: [70/79]	Time 0.036 (0.037)	Loss 0.6894 (0.7440)	Prec@1 78.906 (76.816)	Prec@5 100.000 (98.504)
2025-06-02 08:14:52,237 - my_logger - INFO -  * Prec@1 76.910 Prec@5 98.530
2025-06-02 08:15:06,084 - my_logger - INFO - Saved best model with accuracy 76.91%
2025-06-02 08:15:06,085 - my_logger - INFO - Learning rate set to 1.0000000000000004e-06
2025-06-02 08:15:07,024 - my_logger - INFO - Train Epoch: [26][0/391]	Time 0.937 (0.937)	Data 0.200 (0.200)	Loss 1.8615 (1.4699)	Prec@1 30.469 (46.224)	Prec@5 83.594 (89.583)
2025-06-02 08:15:47,270 - my_logger - INFO - Train Epoch: [26][50/391]	Time 0.805 (0.808)	Data 0.000 (0.004)	Loss 1.5611 (1.4177)	Prec@1 46.094 (49.696)	Prec@5 90.625 (90.574)
2025-06-02 08:16:27,499 - my_logger - INFO - Train Epoch: [26][100/391]	Time 0.802 (0.806)	Data 0.000 (0.002)	Loss 1.9219 (1.4222)	Prec@1 29.688 (49.426)	Prec@5 81.250 (90.282)
2025-06-02 08:17:07,710 - my_logger - INFO - Train Epoch: [26][150/391]	Time 0.804 (0.805)	Data 0.000 (0.002)	Loss 1.8357 (1.4114)	Prec@1 36.719 (49.624)	Prec@5 81.250 (90.676)
2025-06-02 08:17:47,942 - my_logger - INFO - Train Epoch: [26][200/391]	Time 0.805 (0.805)	Data 0.000 (0.001)	Loss 1.6548 (1.4117)	Prec@1 35.156 (49.613)	Prec@5 89.844 (90.782)
2025-06-02 08:18:28,152 - my_logger - INFO - Train Epoch: [26][250/391]	Time 0.804 (0.805)	Data 0.000 (0.001)	Loss 1.8239 (1.4108)	Prec@1 33.594 (49.711)	Prec@5 78.125 (90.717)
2025-06-02 08:19:08,375 - my_logger - INFO - Train Epoch: [26][300/391]	Time 0.807 (0.805)	Data 0.000 (0.001)	Loss 1.9205 (1.4111)	Prec@1 32.812 (49.751)	Prec@5 82.031 (90.744)
2025-06-02 08:19:48,581 - my_logger - INFO - Train Epoch: [26][350/391]	Time 0.803 (0.805)	Data 0.000 (0.001)	Loss 1.8370 (1.4124)	Prec@1 35.156 (49.741)	Prec@5 82.031 (90.703)
2025-06-02 08:20:20,825 - my_logger - INFO - Test: [0/79]	Time 0.313 (0.313)	Loss 0.7342 (0.7342)	Prec@1 77.344 (77.344)	Prec@5 98.438 (98.438)
2025-06-02 08:20:21,183 - my_logger - INFO - Test: [10/79]	Time 0.036 (0.061)	Loss 0.7013 (0.7216)	Prec@1 75.781 (75.781)	Prec@5 97.656 (99.148)
2025-06-02 08:20:21,541 - my_logger - INFO - Test: [20/79]	Time 0.036 (0.049)	Loss 0.7249 (0.7405)	Prec@1 78.906 (76.004)	Prec@5 99.219 (98.698)
2025-06-02 08:20:21,898 - my_logger - INFO - Test: [30/79]	Time 0.036 (0.045)	Loss 0.6387 (0.7400)	Prec@1 83.594 (76.310)	Prec@5 100.000 (98.589)
2025-06-02 08:20:22,255 - my_logger - INFO - Test: [40/79]	Time 0.036 (0.043)	Loss 0.7630 (0.7371)	Prec@1 75.781 (76.448)	Prec@5 99.219 (98.533)
2025-06-02 08:20:22,612 - my_logger - INFO - Test: [50/79]	Time 0.036 (0.041)	Loss 0.7572 (0.7402)	Prec@1 75.000 (76.164)	Prec@5 98.438 (98.545)
2025-06-02 08:20:22,968 - my_logger - INFO - Test: [60/79]	Time 0.036 (0.040)	Loss 0.7896 (0.7421)	Prec@1 74.219 (76.268)	Prec@5 97.656 (98.450)
2025-06-02 08:20:23,325 - my_logger - INFO - Test: [70/79]	Time 0.036 (0.040)	Loss 0.6878 (0.7432)	Prec@1 77.344 (76.221)	Prec@5 100.000 (98.515)
2025-06-02 08:20:23,767 - my_logger - INFO -  * Prec@1 76.390 Prec@5 98.540
2025-06-02 08:20:23,767 - my_logger - INFO - Learning rate set to 1.0000000000000004e-06
2025-06-02 08:20:24,656 - my_logger - INFO - Train Epoch: [27][0/391]	Time 0.887 (0.887)	Data 0.164 (0.164)	Loss 1.6810 (1.3379)	Prec@1 34.375 (51.432)	Prec@5 89.844 (94.531)
2025-06-02 08:21:04,868 - my_logger - INFO - Train Epoch: [27][50/391]	Time 0.807 (0.806)	Data 0.000 (0.004)	Loss 1.7484 (1.4256)	Prec@1 32.031 (49.155)	Prec@5 85.156 (90.408)
2025-06-02 08:21:45,062 - my_logger - INFO - Train Epoch: [27][100/391]	Time 0.804 (0.805)	Data 0.000 (0.002)	Loss 1.6915 (1.4304)	Prec@1 38.281 (49.376)	Prec@5 85.156 (90.368)
2025-06-02 08:22:25,269 - my_logger - INFO - Train Epoch: [27][150/391]	Time 0.804 (0.805)	Data 0.000 (0.001)	Loss 1.8656 (1.4281)	Prec@1 32.031 (49.358)	Prec@5 87.500 (90.346)
2025-06-02 08:23:05,484 - my_logger - INFO - Train Epoch: [27][200/391]	Time 0.804 (0.805)	Data 0.000 (0.001)	Loss 1.8296 (1.4242)	Prec@1 36.719 (49.400)	Prec@5 82.812 (90.545)
2025-06-02 08:23:45,706 - my_logger - INFO - Train Epoch: [27][250/391]	Time 0.805 (0.805)	Data 0.000 (0.001)	Loss 1.8113 (1.4209)	Prec@1 32.031 (49.567)	Prec@5 85.938 (90.539)
2025-06-02 08:24:25,918 - my_logger - INFO - Train Epoch: [27][300/391]	Time 0.806 (0.804)	Data 0.000 (0.001)	Loss 1.7845 (1.4205)	Prec@1 32.031 (49.553)	Prec@5 81.250 (90.581)
2025-06-02 08:25:06,110 - my_logger - INFO - Train Epoch: [27][350/391]	Time 0.806 (0.804)	Data 0.000 (0.001)	Loss 1.6879 (1.4170)	Prec@1 34.375 (49.666)	Prec@5 87.500 (90.551)
2025-06-02 08:25:38,388 - my_logger - INFO - Test: [0/79]	Time 0.352 (0.352)	Loss 0.7269 (0.7269)	Prec@1 79.688 (79.688)	Prec@5 98.438 (98.438)
2025-06-02 08:25:38,745 - my_logger - INFO - Test: [10/79]	Time 0.036 (0.065)	Loss 0.6933 (0.7151)	Prec@1 76.562 (76.562)	Prec@5 98.438 (99.290)
2025-06-02 08:25:39,101 - my_logger - INFO - Test: [20/79]	Time 0.036 (0.051)	Loss 0.7189 (0.7349)	Prec@1 77.344 (76.414)	Prec@5 99.219 (98.921)
2025-06-02 08:25:39,458 - my_logger - INFO - Test: [30/79]	Time 0.036 (0.046)	Loss 0.6357 (0.7340)	Prec@1 84.375 (76.588)	Prec@5 100.000 (98.765)
2025-06-02 08:25:39,814 - my_logger - INFO - Test: [40/79]	Time 0.036 (0.043)	Loss 0.7524 (0.7310)	Prec@1 75.781 (76.677)	Prec@5 98.438 (98.723)
2025-06-02 08:25:40,170 - my_logger - INFO - Test: [50/79]	Time 0.036 (0.042)	Loss 0.7531 (0.7340)	Prec@1 71.875 (76.302)	Prec@5 99.219 (98.713)
2025-06-02 08:25:40,526 - my_logger - INFO - Test: [60/79]	Time 0.036 (0.041)	Loss 0.7791 (0.7363)	Prec@1 75.000 (76.345)	Prec@5 97.656 (98.591)
2025-06-02 08:25:40,882 - my_logger - INFO - Test: [70/79]	Time 0.036 (0.040)	Loss 0.6866 (0.7385)	Prec@1 77.344 (76.287)	Prec@5 100.000 (98.603)
2025-06-02 08:25:41,250 - my_logger - INFO -  * Prec@1 76.370 Prec@5 98.600
2025-06-02 08:25:41,251 - my_logger - INFO - Learning rate set to 1.0000000000000004e-06
2025-06-02 08:25:42,141 - my_logger - INFO - Train Epoch: [28][0/391]	Time 0.889 (0.889)	Data 0.161 (0.161)	Loss 1.7115 (1.3524)	Prec@1 40.625 (57.422)	Prec@5 84.375 (89.714)
2025-06-02 08:26:22,349 - my_logger - INFO - Train Epoch: [28][50/391]	Time 0.804 (0.806)	Data 0.000 (0.003)	Loss 1.7371 (1.4152)	Prec@1 39.844 (49.780)	Prec@5 89.844 (90.520)
2025-06-02 08:27:02,548 - my_logger - INFO - Train Epoch: [28][100/391]	Time 0.803 (0.805)	Data 0.000 (0.002)	Loss 1.7765 (1.4197)	Prec@1 35.156 (49.559)	Prec@5 88.281 (90.439)
2025-06-02 08:27:42,767 - my_logger - INFO - Train Epoch: [28][150/391]	Time 0.805 (0.805)	Data 0.000 (0.001)	Loss 1.7811 (1.4166)	Prec@1 39.844 (49.655)	Prec@5 85.156 (90.634)
2025-06-02 08:28:22,991 - my_logger - INFO - Train Epoch: [28][200/391]	Time 0.806 (0.805)	Data 0.000 (0.001)	Loss 1.8186 (1.4161)	Prec@1 30.469 (49.655)	Prec@5 89.062 (90.655)
2025-06-02 08:29:03,137 - my_logger - INFO - Train Epoch: [28][250/391]	Time 0.805 (0.804)	Data 0.000 (0.001)	Loss 1.8104 (1.4142)	Prec@1 29.688 (49.797)	Prec@5 87.500 (90.615)
2025-06-02 08:29:43,350 - my_logger - INFO - Train Epoch: [28][300/391]	Time 0.804 (0.804)	Data 0.000 (0.001)	Loss 1.7003 (1.4127)	Prec@1 38.281 (49.817)	Prec@5 83.594 (90.641)
2025-06-02 08:30:23,541 - my_logger - INFO - Train Epoch: [28][350/391]	Time 0.804 (0.804)	Data 0.000 (0.001)	Loss 1.7279 (1.4108)	Prec@1 32.031 (49.919)	Prec@5 91.406 (90.718)
2025-06-02 08:30:55,659 - my_logger - INFO - Test: [0/79]	Time 0.173 (0.173)	Loss 0.7295 (0.7295)	Prec@1 78.125 (78.125)	Prec@5 99.219 (99.219)
2025-06-02 08:30:56,017 - my_logger - INFO - Test: [10/79]	Time 0.036 (0.048)	Loss 0.7046 (0.7171)	Prec@1 75.781 (76.349)	Prec@5 97.656 (99.219)
2025-06-02 08:30:56,373 - my_logger - INFO - Test: [20/79]	Time 0.036 (0.042)	Loss 0.7215 (0.7374)	Prec@1 77.344 (76.004)	Prec@5 100.000 (98.772)
2025-06-02 08:30:56,729 - my_logger - INFO - Test: [30/79]	Time 0.035 (0.040)	Loss 0.6507 (0.7378)	Prec@1 82.031 (76.336)	Prec@5 99.219 (98.589)
2025-06-02 08:30:57,085 - my_logger - INFO - Test: [40/79]	Time 0.036 (0.039)	Loss 0.7624 (0.7353)	Prec@1 75.781 (76.505)	Prec@5 98.438 (98.552)
2025-06-02 08:30:57,441 - my_logger - INFO - Test: [50/79]	Time 0.036 (0.038)	Loss 0.7440 (0.7380)	Prec@1 73.438 (76.210)	Prec@5 99.219 (98.575)
2025-06-02 08:30:57,797 - my_logger - INFO - Test: [60/79]	Time 0.035 (0.038)	Loss 0.7938 (0.7399)	Prec@1 74.219 (76.268)	Prec@5 97.656 (98.489)
2025-06-02 08:30:58,153 - my_logger - INFO - Test: [70/79]	Time 0.036 (0.038)	Loss 0.6877 (0.7407)	Prec@1 77.344 (76.254)	Prec@5 100.000 (98.526)
2025-06-02 08:30:58,447 - my_logger - INFO -  * Prec@1 76.340 Prec@5 98.540
2025-06-02 08:30:58,448 - my_logger - INFO - Learning rate set to 1.0000000000000004e-06
2025-06-02 08:30:59,336 - my_logger - INFO - Train Epoch: [29][0/391]	Time 0.887 (0.887)	Data 0.158 (0.158)	Loss 1.5844 (1.2403)	Prec@1 40.625 (58.724)	Prec@5 86.719 (92.057)
2025-06-02 08:31:39,517 - my_logger - INFO - Train Epoch: [29][50/391]	Time 0.806 (0.805)	Data 0.000 (0.003)	Loss 1.9129 (1.4036)	Prec@1 29.688 (49.816)	Prec@5 82.812 (90.967)
2025-06-02 08:32:19,709 - my_logger - INFO - Train Epoch: [29][100/391]	Time 0.804 (0.805)	Data 0.000 (0.002)	Loss 1.5559 (1.3948)	Prec@1 35.938 (50.380)	Prec@5 88.281 (90.982)
2025-06-02 08:32:59,879 - my_logger - INFO - Train Epoch: [29][150/391]	Time 0.804 (0.804)	Data 0.000 (0.001)	Loss 1.7303 (1.4036)	Prec@1 38.281 (49.800)	Prec@5 85.156 (91.041)
2025-06-02 08:33:40,061 - my_logger - INFO - Train Epoch: [29][200/391]	Time 0.804 (0.804)	Data 0.000 (0.001)	Loss 1.7934 (1.4060)	Prec@1 31.250 (49.783)	Prec@5 85.938 (90.947)
2025-06-02 08:34:20,257 - my_logger - INFO - Train Epoch: [29][250/391]	Time 0.805 (0.804)	Data 0.000 (0.001)	Loss 1.7941 (1.4076)	Prec@1 35.938 (49.715)	Prec@5 85.938 (90.891)
2025-06-02 08:35:00,510 - my_logger - INFO - Train Epoch: [29][300/391]	Time 0.808 (0.804)	Data 0.000 (0.001)	Loss 1.7863 (1.4081)	Prec@1 39.844 (49.729)	Prec@5 81.250 (90.877)
2025-06-02 08:35:40,805 - my_logger - INFO - Train Epoch: [29][350/391]	Time 0.804 (0.804)	Data 0.000 (0.001)	Loss 1.6370 (1.4090)	Prec@1 41.406 (49.653)	Prec@5 89.062 (90.800)
2025-06-02 08:36:13,447 - my_logger - INFO - Test: [0/79]	Time 0.641 (0.641)	Loss 0.7335 (0.7335)	Prec@1 78.125 (78.125)	Prec@5 99.219 (99.219)
2025-06-02 08:36:13,805 - my_logger - INFO - Test: [10/79]	Time 0.036 (0.091)	Loss 0.6965 (0.7203)	Prec@1 77.344 (76.207)	Prec@5 98.438 (99.361)
2025-06-02 08:36:14,163 - my_logger - INFO - Test: [20/79]	Time 0.036 (0.065)	Loss 0.7265 (0.7396)	Prec@1 78.125 (76.265)	Prec@5 99.219 (98.884)
2025-06-02 08:36:14,520 - my_logger - INFO - Test: [30/79]	Time 0.036 (0.055)	Loss 0.6443 (0.7397)	Prec@1 82.031 (76.411)	Prec@5 99.219 (98.715)
2025-06-02 08:36:14,877 - my_logger - INFO - Test: [40/79]	Time 0.036 (0.050)	Loss 0.7609 (0.7366)	Prec@1 74.219 (76.562)	Prec@5 98.438 (98.666)
2025-06-02 08:36:15,234 - my_logger - INFO - Test: [50/79]	Time 0.036 (0.048)	Loss 0.7597 (0.7391)	Prec@1 73.438 (76.302)	Prec@5 99.219 (98.683)
2025-06-02 08:36:15,591 - my_logger - INFO - Test: [60/79]	Time 0.036 (0.046)	Loss 0.7863 (0.7408)	Prec@1 73.438 (76.383)	Prec@5 97.656 (98.540)
2025-06-02 08:36:15,948 - my_logger - INFO - Test: [70/79]	Time 0.036 (0.044)	Loss 0.6934 (0.7425)	Prec@1 79.688 (76.364)	Prec@5 99.219 (98.581)
2025-06-02 08:36:16,238 - my_logger - INFO -  * Prec@1 76.580 Prec@5 98.600
2025-06-02 08:36:20,143 - my_logger - INFO - Learning rate set to 1.0000000000000005e-07
2025-06-02 08:36:21,091 - my_logger - INFO - Train Epoch: [30][0/391]	Time 0.947 (0.947)	Data 0.212 (0.212)	Loss 2.0390 (1.5779)	Prec@1 28.906 (45.443)	Prec@5 82.031 (89.193)
2025-06-02 08:37:01,346 - my_logger - INFO - Train Epoch: [30][50/391]	Time 0.805 (0.808)	Data 0.000 (0.004)	Loss 1.8457 (1.4249)	Prec@1 30.469 (49.152)	Prec@5 86.719 (90.541)
2025-06-02 08:37:41,567 - my_logger - INFO - Train Epoch: [30][100/391]	Time 0.802 (0.806)	Data 0.000 (0.002)	Loss 1.4265 (1.4266)	Prec@1 47.656 (49.028)	Prec@5 92.969 (90.557)
2025-06-02 08:38:21,712 - my_logger - INFO - Train Epoch: [30][150/391]	Time 0.805 (0.805)	Data 0.000 (0.002)	Loss 1.8521 (1.4150)	Prec@1 34.375 (49.512)	Prec@5 86.719 (90.860)
2025-06-02 08:39:01,927 - my_logger - INFO - Train Epoch: [30][200/391]	Time 0.808 (0.805)	Data 0.000 (0.001)	Loss 1.7578 (1.4157)	Prec@1 36.719 (49.398)	Prec@5 83.594 (90.851)
2025-06-02 08:39:42,144 - my_logger - INFO - Train Epoch: [30][250/391]	Time 0.807 (0.805)	Data 0.000 (0.001)	Loss 1.7808 (1.4111)	Prec@1 35.156 (49.551)	Prec@5 85.156 (90.841)
2025-06-02 08:40:22,354 - my_logger - INFO - Train Epoch: [30][300/391]	Time 0.801 (0.805)	Data 0.000 (0.001)	Loss 1.7476 (1.4109)	Prec@1 32.031 (49.517)	Prec@5 86.719 (90.773)
2025-06-02 08:41:02,550 - my_logger - INFO - Train Epoch: [30][350/391]	Time 0.804 (0.805)	Data 0.000 (0.001)	Loss 1.8764 (1.4110)	Prec@1 31.250 (49.624)	Prec@5 81.250 (90.700)
2025-06-02 08:41:34,642 - my_logger - INFO - Test: [0/79]	Time 0.163 (0.163)	Loss 0.7258 (0.7258)	Prec@1 78.125 (78.125)	Prec@5 99.219 (99.219)
2025-06-02 08:41:34,999 - my_logger - INFO - Test: [10/79]	Time 0.036 (0.047)	Loss 0.6896 (0.7105)	Prec@1 77.344 (76.207)	Prec@5 98.438 (99.361)
2025-06-02 08:41:35,356 - my_logger - INFO - Test: [20/79]	Time 0.036 (0.042)	Loss 0.7194 (0.7311)	Prec@1 76.562 (76.302)	Prec@5 99.219 (98.735)
2025-06-02 08:41:35,713 - my_logger - INFO - Test: [30/79]	Time 0.036 (0.040)	Loss 0.6372 (0.7311)	Prec@1 81.250 (76.436)	Prec@5 99.219 (98.589)
2025-06-02 08:41:36,070 - my_logger - INFO - Test: [40/79]	Time 0.036 (0.039)	Loss 0.7515 (0.7289)	Prec@1 75.781 (76.639)	Prec@5 98.438 (98.571)
2025-06-02 08:41:36,428 - my_logger - INFO - Test: [50/79]	Time 0.036 (0.038)	Loss 0.7613 (0.7314)	Prec@1 72.656 (76.363)	Prec@5 98.438 (98.606)
2025-06-02 08:41:36,784 - my_logger - INFO - Test: [60/79]	Time 0.036 (0.038)	Loss 0.7814 (0.7338)	Prec@1 75.000 (76.447)	Prec@5 97.656 (98.476)
2025-06-02 08:41:37,142 - my_logger - INFO - Test: [70/79]	Time 0.036 (0.038)	Loss 0.6855 (0.7349)	Prec@1 78.906 (76.507)	Prec@5 100.000 (98.537)
2025-06-02 08:41:37,431 - my_logger - INFO -  * Prec@1 76.720 Prec@5 98.540
2025-06-02 08:41:37,431 - my_logger - INFO - Learning rate set to 1.0000000000000005e-07
2025-06-02 08:41:38,322 - my_logger - INFO - Train Epoch: [31][0/391]	Time 0.890 (0.890)	Data 0.163 (0.163)	Loss 1.7516 (1.3921)	Prec@1 32.812 (50.391)	Prec@5 85.156 (90.495)
2025-06-02 08:42:18,516 - my_logger - INFO - Train Epoch: [31][50/391]	Time 0.805 (0.806)	Data 0.000 (0.004)	Loss 1.7354 (1.4091)	Prec@1 34.375 (49.676)	Prec@5 85.938 (90.479)
2025-06-02 08:42:58,699 - my_logger - INFO - Train Epoch: [31][100/391]	Time 0.801 (0.805)	Data 0.000 (0.002)	Loss 1.7117 (1.4108)	Prec@1 35.938 (49.611)	Prec@5 85.156 (90.630)
2025-06-02 08:43:38,909 - my_logger - INFO - Train Epoch: [31][150/391]	Time 0.802 (0.804)	Data 0.000 (0.001)	Loss 1.6098 (1.4036)	Prec@1 40.625 (49.996)	Prec@5 91.406 (90.803)
2025-06-02 08:44:19,116 - my_logger - INFO - Train Epoch: [31][200/391]	Time 0.802 (0.804)	Data 0.000 (0.001)	Loss 1.6836 (1.4061)	Prec@1 32.031 (49.942)	Prec@5 88.281 (90.728)
2025-06-02 08:44:59,310 - my_logger - INFO - Train Epoch: [31][250/391]	Time 0.802 (0.804)	Data 0.000 (0.001)	Loss 1.7459 (1.4081)	Prec@1 35.938 (49.835)	Prec@5 84.375 (90.677)
2025-06-02 08:45:39,492 - my_logger - INFO - Train Epoch: [31][300/391]	Time 0.802 (0.804)	Data 0.000 (0.001)	Loss 1.8812 (1.4102)	Prec@1 34.375 (49.700)	Prec@5 82.812 (90.701)
2025-06-02 08:46:19,694 - my_logger - INFO - Train Epoch: [31][350/391]	Time 0.805 (0.804)	Data 0.000 (0.001)	Loss 1.6797 (1.4109)	Prec@1 40.625 (49.705)	Prec@5 88.281 (90.644)
2025-06-02 08:46:51,973 - my_logger - INFO - Test: [0/79]	Time 0.347 (0.347)	Loss 0.7241 (0.7241)	Prec@1 78.906 (78.906)	Prec@5 98.438 (98.438)
2025-06-02 08:46:52,331 - my_logger - INFO - Test: [10/79]	Time 0.036 (0.064)	Loss 0.6766 (0.7037)	Prec@1 77.344 (76.634)	Prec@5 98.438 (99.290)
2025-06-02 08:46:52,688 - my_logger - INFO - Test: [20/79]	Time 0.036 (0.051)	Loss 0.7038 (0.7244)	Prec@1 77.344 (76.339)	Prec@5 99.219 (98.810)
2025-06-02 08:46:53,045 - my_logger - INFO - Test: [30/79]	Time 0.036 (0.046)	Loss 0.6298 (0.7233)	Prec@1 83.594 (76.689)	Prec@5 100.000 (98.690)
2025-06-02 08:46:53,402 - my_logger - INFO - Test: [40/79]	Time 0.036 (0.043)	Loss 0.7507 (0.7214)	Prec@1 75.000 (76.944)	Prec@5 98.438 (98.552)
2025-06-02 08:46:53,759 - my_logger - INFO - Test: [50/79]	Time 0.036 (0.042)	Loss 0.7323 (0.7246)	Prec@1 73.438 (76.547)	Prec@5 98.438 (98.514)
2025-06-02 08:46:54,116 - my_logger - INFO - Test: [60/79]	Time 0.036 (0.041)	Loss 0.7820 (0.7269)	Prec@1 75.000 (76.550)	Prec@5 98.438 (98.425)
2025-06-02 08:46:54,473 - my_logger - INFO - Test: [70/79]	Time 0.036 (0.040)	Loss 0.6751 (0.7274)	Prec@1 80.469 (76.717)	Prec@5 100.000 (98.493)
2025-06-02 08:46:54,767 - my_logger - INFO -  * Prec@1 76.780 Prec@5 98.520
2025-06-02 08:46:54,767 - my_logger - INFO - Learning rate set to 1.0000000000000005e-07
2025-06-02 08:46:55,667 - my_logger - INFO - Train Epoch: [32][0/391]	Time 0.899 (0.899)	Data 0.173 (0.173)	Loss 1.7760 (1.4221)	Prec@1 35.938 (47.526)	Prec@5 85.156 (89.323)
2025-06-02 08:47:35,876 - my_logger - INFO - Train Epoch: [32][50/391]	Time 0.805 (0.806)	Data 0.000 (0.004)	Loss 1.7720 (1.4101)	Prec@1 28.906 (50.023)	Prec@5 90.625 (91.064)
2025-06-02 08:48:16,086 - my_logger - INFO - Train Epoch: [32][100/391]	Time 0.804 (0.805)	Data 0.000 (0.002)	Loss 1.8885 (1.4073)	Prec@1 24.219 (49.906)	Prec@5 85.156 (91.062)
2025-06-02 08:48:56,300 - my_logger - INFO - Train Epoch: [32][150/391]	Time 0.802 (0.805)	Data 0.000 (0.001)	Loss 1.8572 (1.4077)	Prec@1 37.500 (49.822)	Prec@5 82.031 (91.034)
2025-06-02 08:49:36,518 - my_logger - INFO - Train Epoch: [32][200/391]	Time 0.804 (0.805)	Data 0.000 (0.001)	Loss 1.7542 (1.4067)	Prec@1 39.062 (49.814)	Prec@5 82.812 (90.926)
2025-06-02 08:50:16,742 - my_logger - INFO - Train Epoch: [32][250/391]	Time 0.805 (0.805)	Data 0.000 (0.001)	Loss 1.6541 (1.4060)	Prec@1 44.531 (49.788)	Prec@5 90.625 (90.973)
2025-06-02 08:50:56,951 - my_logger - INFO - Train Epoch: [32][300/391]	Time 0.803 (0.805)	Data 0.000 (0.001)	Loss 1.8427 (1.4050)	Prec@1 39.062 (49.749)	Prec@5 81.250 (90.977)
2025-06-02 08:51:37,144 - my_logger - INFO - Train Epoch: [32][350/391]	Time 0.814 (0.804)	Data 0.000 (0.001)	Loss 1.8458 (1.4062)	Prec@1 30.469 (49.720)	Prec@5 87.500 (90.924)
2025-06-02 08:52:09,246 - my_logger - INFO - Test: [0/79]	Time 0.175 (0.175)	Loss 0.7120 (0.7120)	Prec@1 78.906 (78.906)	Prec@5 98.438 (98.438)
2025-06-02 08:52:09,604 - my_logger - INFO - Test: [10/79]	Time 0.036 (0.048)	Loss 0.6835 (0.7028)	Prec@1 77.344 (76.491)	Prec@5 98.438 (99.290)
2025-06-02 08:52:09,960 - my_logger - INFO - Test: [20/79]	Time 0.036 (0.042)	Loss 0.7063 (0.7246)	Prec@1 78.125 (76.339)	Prec@5 100.000 (98.772)
2025-06-02 08:52:10,317 - my_logger - INFO - Test: [30/79]	Time 0.036 (0.040)	Loss 0.6338 (0.7248)	Prec@1 82.812 (76.663)	Prec@5 99.219 (98.639)
2025-06-02 08:52:10,673 - my_logger - INFO - Test: [40/79]	Time 0.036 (0.039)	Loss 0.7438 (0.7222)	Prec@1 75.781 (76.886)	Prec@5 99.219 (98.590)
2025-06-02 08:52:11,030 - my_logger - INFO - Test: [50/79]	Time 0.036 (0.038)	Loss 0.7351 (0.7244)	Prec@1 74.219 (76.639)	Prec@5 99.219 (98.652)
2025-06-02 08:52:11,388 - my_logger - INFO - Test: [60/79]	Time 0.036 (0.038)	Loss 0.7854 (0.7258)	Prec@1 74.219 (76.755)	Prec@5 97.656 (98.514)
2025-06-02 08:52:11,745 - my_logger - INFO - Test: [70/79]	Time 0.036 (0.038)	Loss 0.6733 (0.7263)	Prec@1 78.125 (76.816)	Prec@5 100.000 (98.570)
2025-06-02 08:52:12,042 - my_logger - INFO -  * Prec@1 76.950 Prec@5 98.570
2025-06-02 08:52:21,012 - my_logger - INFO - Saved best model with accuracy 76.95%
2025-06-02 08:52:21,013 - my_logger - INFO - Training completed!
2025-06-02 08:52:21,013 - my_logger - INFO - Best top-1 accuracy: 76.95%
